{"numTotalTestSuites":12,"numPassedTestSuites":12,"numFailedTestSuites":0,"numPendingTestSuites":0,"numTotalTests":73,"numPassedTests":73,"numFailedTests":0,"numPendingTests":0,"numTodoTests":0,"snapshot":{"added":0,"failure":false,"filesAdded":0,"filesRemoved":0,"filesRemovedList":[],"filesUnmatched":0,"filesUpdated":0,"matched":0,"total":0,"unchecked":0,"uncheckedKeysByFile":[],"unmatched":0,"updated":0,"didUpdate":false},"startTime":1788656515935,"success":true,"testResults":[{"assertionResults":[{"ancestorTitles":["Sprint 184 m07 B2 legacy-input compatibility disclosure"],"fullName":"Sprint 184 m07 B2 legacy-input compatibility disclosure retains the Product/detail 'html' typed gap as 'OODS-V007'","status":"passed","title":"retains the Product/detail 'html' typed gap as 'OODS-V007'","duration":79.73766599999999,"failureMessages":[],"meta":{}},{"ancestorTitles":["Sprint 184 m07 B2 legacy-input compatibility disclosure"],"fullName":"Sprint 184 m07 B2 legacy-input compatibility disclosure retains the Product/detail 'react' typed gap as 'OODS-N015'","status":"passed","title":"retains the Product/detail 'react' typed gap as 'OODS-N015'","duration":8.07650000000001,"failureMessages":[],"meta":{}},{"ancestorTitles":["Sprint 184 m07 B2 legacy-input compatibility disclosure"],"fullName":"Sprint 184 m07 B2 legacy-input compatibility disclosure retains the Product/detail 'vue' typed gap as 'OODS-N015'","status":"passed","title":"retains the Product/detail 'vue' typed gap as 'OODS-N015'","duration":10.038250000000062,"failureMessages":[],"meta":{}},{"ancestorTitles":["Sprint 184 m07 B2 legacy-input compatibility disclosure"],"fullName":"Sprint 184 m07 B2 legacy-input compatibility disclosure retains OODS-V162 for Product/card/HTML at release without evidence","status":"passed","title":"retains OODS-V162 for Product/card/HTML at release without evidence","duration":10.60329200000001,"failureMessages":[],"meta":{}},{"ancestorTitles":["Sprint 184 m07 B2 legacy-input compatibility disclosure"],"fullName":"Sprint 184 m07 B2 legacy-input compatibility disclosure returns a typed OODS-V007 error on the no-context Product/HTML save path","status":"passed","title":"returns a typed OODS-V007 error on the no-context Product/HTML save path","duration":9.36641700000007,"failureMessages":[],"meta":{}},{"ancestorTitles":["Sprint 184 m07 B2 legacy-input compatibility disclosure"],"fullName":"Sprint 184 m07 B2 legacy-input compatibility disclosure binds all 13 retained repoints to a source selector and a non-empty reason","status":"passed","title":"binds all 13 retained repoints to a source selector and a non-empty reason","duration":248.94108299999994,"failureMessages":[],"meta":{}},{"ancestorTitles":["Sprint 184 m07 B2 legacy-input compatibility disclosure"],"fullName":"Sprint 184 m07 B2 legacy-input compatibility disclosure binds the machine-readable typed outcomes to the live historical operands","status":"passed","title":"binds the machine-readable typed outcomes to the live historical operands","duration":35.91337499999986,"failureMessages":[],"meta":{}}],"startTime":1788656548615,"endTime":1788656549018.9133,"status":"passed","message":"","name":"/Users/systemsystems/.codex/worktrees/s185-proof/OODS-Forge/packages/mcp-server/test/product-reality/b2-legacy-inputs.s184.spec.ts"},{"assertionResults":[{"ancestorTitles":["Sprint 184 m03 contract-resolution closeout"],"fullName":"Sprint 184 m03 contract-resolution closeout retains the exact independently reconstructed 2/6/0 red control","status":"passed","title":"retains the exact independently reconstructed 2/6/0 red control","duration":1.7914999999999992,"failureMessages":[],"meta":{}},{"ancestorTitles":["Sprint 184 m03 contract-resolution closeout"],"fullName":"Sprint 184 m03 contract-resolution closeout holds all six live target/schema cells at zero issues","status":"passed","title":"holds all six live target/schema cells at zero issues","duration":2.834541999999999,"failureMessages":[],"meta":{}},{"ancestorTitles":["Sprint 184 m03 contract-resolution closeout"],"fullName":"Sprint 184 m03 contract-resolution closeout keeps all three saved-schema operands byte-exact and absent from the sprint diff","status":"passed","title":"keeps all three saved-schema operands byte-exact and absent from the sprint diff","duration":17.649375000000006,"failureMessages":[],"meta":{}},{"ancestorTitles":["Sprint 184 m03 contract-resolution closeout"],"fullName":"Sprint 184 m03 contract-resolution closeout versions exactly Select, Stack, and Text at 1.1.0 without moving the nucleus key set","status":"passed","title":"versions exactly Select, Stack, and Text at 1.1.0 without moving the nucleus key set","duration":0.3217920000000163,"failureMessages":[],"meta":{}},{"ancestorTitles":["Sprint 184 m03 contract-resolution closeout"],"fullName":"Sprint 184 m03 contract-resolution closeout derives the exact advertised implementation movers in both directions for m07","status":"passed","title":"derives the exact advertised implementation movers in both directions for m07","duration":17.946583000000004,"failureMessages":[],"meta":{}},{"ancestorTitles":["Sprint 184 m03 contract-resolution closeout"],"fullName":"Sprint 184 m03 contract-resolution closeout preserves the historical readiness manifests while all 178 live refs resolve","status":"passed","title":"preserves the historical readiness manifests while all 178 live refs resolve","duration":269.83025,"failureMessages":[],"meta":{}},{"ancestorTitles":["Sprint 184 m03 contract-resolution closeout"],"fullName":"Sprint 184 m03 contract-resolution closeout retains seven discriminating and byte-restored mutation controls","status":"passed","title":"retains seven discriminating and byte-restored mutation controls","duration":1.0253339999999866,"failureMessages":[],"meta":{}},{"ancestorTitles":["Sprint 184 m03 contract-resolution closeout"],"fullName":"Sprint 184 m03 contract-resolution closeout summarizes every m03 gate as passed with no silently omitted check","status":"passed","title":"summarizes every m03 gate as passed with no silently omitted check","duration":0.694500000000005,"failureMessages":[],"meta":{}},{"ancestorTitles":["Sprint 184 m03 contract-resolution closeout"],"fullName":"Sprint 184 m03 contract-resolution closeout publishes the closeout records from the retained evidence directory","status":"passed","title":"publishes the closeout records from the retained evidence directory","duration":0.3099579999999946,"failureMessages":[],"meta":{}}],"startTime":1788656549170,"endTime":1788656549483.31,"status":"passed","message":"","name":"/Users/systemsystems/.codex/worktrees/s185-proof/OODS-Forge/packages/mcp-server/test/product-reality/contract-resolution.s184.spec.ts"},{"assertionResults":[{"ancestorTitles":["Sprint 184 m03 target contract and emitter movement"],"fullName":"Sprint 184 m03 target contract and emitter movement clears every nucleus contract issue in both immutable Subscription schemas and the tier-1 control on react","status":"passed","title":"clears every nucleus contract issue in both immutable Subscription schemas and the tier-1 control on react","duration":2.9457920000000968,"failureMessages":[],"meta":{}},{"ancestorTitles":["Sprint 184 m03 target contract and emitter movement"],"fullName":"Sprint 184 m03 target contract and emitter movement clears every nucleus contract issue in both immutable Subscription schemas and the tier-1 control on vue","status":"passed","title":"clears every nucleus contract issue in both immutable Subscription schemas and the tier-1 control on vue","duration":0.6594169999999622,"failureMessages":[],"meta":{}},{"ancestorTitles":["Sprint 184 m03 target contract and emitter movement"],"fullName":"Sprint 184 m03 target contract and emitter movement accepts only the declared boolean Select and array Text bindings on react","status":"passed","title":"accepts only the declared boolean Select and array Text bindings on react","duration":0.1711249999999609,"failureMessages":[],"meta":{}},{"ancestorTitles":["Sprint 184 m03 target contract and emitter movement"],"fullName":"Sprint 184 m03 target contract and emitter movement accepts only the declared boolean Select and array Text bindings on vue","status":"passed","title":"accepts only the declared boolean Select and array Text bindings on vue","duration":0.07204199999989669,"failureMessages":[],"meta":{}},{"ancestorTitles":["Sprint 184 m03 target contract and emitter movement"],"fullName":"Sprint 184 m03 target contract and emitter movement emits explicit React coercion and joining expressions that strict-check against the built package","status":"passed","title":"emits explicit React coercion and joining expressions that strict-check against the built package","duration":1990.752666,"failureMessages":[],"meta":{}},{"ancestorTitles":["Sprint 184 m03 target contract and emitter movement"],"fullName":"Sprint 184 m03 target contract and emitter movement emits readonly-safe Vue coercion and joining expressions that strict-check against the built package","status":"passed","title":"emits readonly-safe Vue coercion and joining expressions that strict-check against the built package","duration":3503.6213750000006,"failureMessages":[],"meta":{}},{"ancestorTitles":["Sprint 184 m03 target contract and emitter movement"],"fullName":"Sprint 184 m03 target contract and emitter movement keeps both HTML field bindings visible without stringifying an array object","status":"passed","title":"keeps both HTML field bindings visible without stringifying an array object","duration":4.191333000000668,"failureMessages":[],"meta":{}},{"ancestorTitles":["Sprint 184 m03 target contract and emitter movement"],"fullName":"Sprint 184 m03 target contract and emitter movement executes the fields directive as an actual StatusTimeline on react even without authored children","status":"passed","title":"executes the fields directive as an actual StatusTimeline on react even without authored children","duration":0.6465840000000753,"failureMessages":[],"meta":{}},{"ancestorTitles":["Sprint 184 m03 target contract and emitter movement"],"fullName":"Sprint 184 m03 target contract and emitter movement executes the fields directive as an actual StatusTimeline on vue even without authored children","status":"passed","title":"executes the fields directive as an actual StatusTimeline on vue even without authored children","duration":0.45333300000038435,"failureMessages":[],"meta":{}},{"ancestorTitles":["Sprint 184 m03 target contract and emitter movement"],"fullName":"Sprint 184 m03 target contract and emitter movement executes the fields directive as an actual StatusTimeline on html even without authored children","status":"passed","title":"executes the fields directive as an actual StatusTimeline on html even without authored children","duration":1.0658750000002328,"failureMessages":[],"meta":{}},{"ancestorTitles":["Sprint 184 m03 target contract and emitter movement"],"fullName":"Sprint 184 m03 target contract and emitter movement lowers the saved directive to the exact named pattern and authored field order","status":"passed","title":"lowers the saved directive to the exact named pattern and authored field order","duration":1.1802499999994325,"failureMessages":[],"meta":{}},{"ancestorTitles":["Sprint 184 m03 target contract and emitter movement"],"fullName":"Sprint 184 m03 target contract and emitter movement executes the directive through the direct tree renderer and repl.render document path","status":"passed","title":"executes the directive through the direct tree renderer and repl.render document path","duration":7.145000000000437,"failureMessages":[],"meta":{}},{"ancestorTitles":["Sprint 184 m03 target contract and emitter movement"],"fullName":"Sprint 184 m03 target contract and emitter movement preserves the saved directive node and its two visible field bindings on react","status":"passed","title":"preserves the saved directive node and its two visible field bindings on react","duration":2.504374999999527,"failureMessages":[],"meta":{}},{"ancestorTitles":["Sprint 184 m03 target contract and emitter movement"],"fullName":"Sprint 184 m03 target contract and emitter movement preserves the saved directive node and its two visible field bindings on vue","status":"passed","title":"preserves the saved directive node and its two visible field bindings on vue","duration":1.7040420000002996,"failureMessages":[],"meta":{}},{"ancestorTitles":["Sprint 184 m03 target contract and emitter movement"],"fullName":"Sprint 184 m03 target contract and emitter movement preserves the saved directive node and its two visible field bindings on html","status":"passed","title":"preserves the saved directive node and its two visible field bindings on html","duration":2.282791000000543,"failureMessages":[],"meta":{}},{"ancestorTitles":["Sprint 184 m03 target contract and emitter movement"],"fullName":"Sprint 184 m03 target contract and emitter movement pins the invalid-prop companion matrix at four cases for each target","status":"passed","title":"pins the invalid-prop companion matrix at four cases for each target","duration":0.5722500000001673,"failureMessages":[],"meta":{}},{"ancestorTitles":["Sprint 184 m03 target contract and emitter movement"],"fullName":"Sprint 184 m03 target contract and emitter movement keeps react Select invalid input blocked after the bounded widening","status":"passed","title":"keeps react Select invalid input blocked after the bounded widening","duration":1.3934159999998883,"failureMessages":[],"meta":{}},{"ancestorTitles":["Sprint 184 m03 target contract and emitter movement"],"fullName":"Sprint 184 m03 target contract and emitter movement keeps react Stack invalid input blocked after the bounded widening","status":"passed","title":"keeps react Stack invalid input blocked after the bounded widening","duration":0.24695799999972223,"failureMessages":[],"meta":{}},{"ancestorTitles":["Sprint 184 m03 target contract and emitter movement"],"fullName":"Sprint 184 m03 target contract and emitter movement keeps react Text invalid input blocked after the bounded widening","status":"passed","title":"keeps react Text invalid input blocked after the bounded widening","duration":0.23099999999976717,"failureMessages":[],"meta":{}},{"ancestorTitles":["Sprint 184 m03 target contract and emitter movement"],"fullName":"Sprint 184 m03 target contract and emitter movement keeps react Select invalid input blocked after the bounded widening","status":"passed","title":"keeps react Select invalid input blocked after the bounded widening","duration":0.23445799999990413,"failureMessages":[],"meta":{}},{"ancestorTitles":["Sprint 184 m03 target contract and emitter movement"],"fullName":"Sprint 184 m03 target contract and emitter movement keeps vue Select invalid input blocked after the bounded widening","status":"passed","title":"keeps vue Select invalid input blocked after the bounded widening","duration":0.27837499999986903,"failureMessages":[],"meta":{}},{"ancestorTitles":["Sprint 184 m03 target contract and emitter movement"],"fullName":"Sprint 184 m03 target contract and emitter movement keeps vue Stack invalid input blocked after the bounded widening","status":"passed","title":"keeps vue Stack invalid input blocked after the bounded widening","duration":0.333332999999584,"failureMessages":[],"meta":{}},{"ancestorTitles":["Sprint 184 m03 target contract and emitter movement"],"fullName":"Sprint 184 m03 target contract and emitter movement keeps vue Text invalid input blocked after the bounded widening","status":"passed","title":"keeps vue Text invalid input blocked after the bounded widening","duration":0.21500000000014552,"failureMessages":[],"meta":{}},{"ancestorTitles":["Sprint 184 m03 target contract and emitter movement"],"fullName":"Sprint 184 m03 target contract and emitter movement keeps vue Select invalid input blocked after the bounded widening","status":"passed","title":"keeps vue Select invalid input blocked after the bounded widening","duration":0.17462499999965075,"failureMessages":[],"meta":{}},{"ancestorTitles":["Sprint 184 m03 target contract and emitter movement"],"fullName":"Sprint 184 m03 target contract and emitter movement fails a react directive closed when a named composition field is absent","status":"passed","title":"fails a react directive closed when a named composition field is absent","duration":0.16570799999954033,"failureMessages":[],"meta":{}},{"ancestorTitles":["Sprint 184 m03 target contract and emitter movement"],"fullName":"Sprint 184 m03 target contract and emitter movement fails a vue directive closed when a named composition field is absent","status":"passed","title":"fails a vue directive closed when a named composition field is absent","duration":0.10095799999999144,"failureMessages":[],"meta":{}}],"startTime":1788656534289,"endTime":1788656539813.1746,"status":"passed","message":"","name":"/Users/systemsystems/.codex/worktrees/s185-proof/OODS-Forge/packages/mcp-server/test/product-reality/emitter-directives.s184.spec.ts"},{"assertionResults":[{"ancestorTitles":["Sprint 184 m04 frozen-surface accounting"],"fullName":"Sprint 184 m04 frozen-surface accounting rehashes every m01 inventory row by class with only the two declared m03 transitions","status":"passed","title":"rehashes every m01 inventory row by class with only the two declared m03 transitions","duration":32.524249999999995,"failureMessages":[],"meta":{}},{"ancestorTitles":["Sprint 184 m04 frozen-surface accounting"],"fullName":"Sprint 184 m04 frozen-surface accounting keeps every named frozen surface and ID-list pin byte-identical to the m04 base","status":"passed","title":"keeps every named frozen surface and ID-list pin byte-identical to the m04 base","duration":318.463667,"failureMessages":[],"meta":{}},{"ancestorTitles":["Sprint 184 m04 frozen-surface accounting"],"fullName":"Sprint 184 m04 frozen-surface accounting leaves foundation-v1 at 14 components and 28 promoted cells without a new approval call","status":"passed","title":"leaves foundation-v1 at 14 components and 28 promoted cells without a new approval call","duration":191.866875,"failureMessages":[],"meta":{}},{"ancestorTitles":["Sprint 184 m04 frozen-surface accounting"],"fullName":"Sprint 184 m04 frozen-surface accounting keeps the capability baseline structurally byte-exact and check-promotion clean with no writes","status":"passed","title":"keeps the capability baseline structurally byte-exact and check-promotion clean with no writes","duration":277.78754200000003,"failureMessages":[],"meta":{}}],"startTime":1788656547116,"endTime":1788656547936.7876,"status":"passed","message":"","name":"/Users/systemsystems/.codex/worktrees/s185-proof/OODS-Forge/packages/mcp-server/test/product-reality/ported-freeze.s184.spec.ts"},{"assertionResults":[{"ancestorTitles":["Sprint 184 m04 ported Subscription workflow"],"fullName":"Sprint 184 m04 ported Subscription workflow retains the four-cell m04 proof while current live outputs remain green","status":"passed","title":"retains the four-cell m04 proof while current live outputs remain green","duration":10.007207999999991,"failureMessages":[],"meta":{}},{"ancestorTitles":["Sprint 184 m04 ported Subscription workflow"],"fullName":"Sprint 184 m04 ported Subscription workflow strict-checks every generated React and Vue artifact against the built packages","status":"passed","title":"strict-checks every generated React and Vue artifact against the built packages","duration":16244.913917,"failureMessages":[],"meta":{}},{"ancestorTitles":["Sprint 184 m04 ported Subscription workflow"],"fullName":"Sprint 184 m04 ported Subscription workflow resolves every emitted named import from its actual built package subpath","status":"passed","title":"resolves every emitted named import from its actual built package subpath","duration":83.16349999999875,"failureMessages":[],"meta":{}},{"ancestorTitles":["Sprint 184 m04 ported Subscription workflow"],"fullName":"Sprint 184 m04 ported Subscription workflow records an empty current tier-three census after enumerating the pre-fix facts","status":"passed","title":"records an empty current tier-three census after enumerating the pre-fix facts","duration":2.9795839999969758,"failureMessages":[],"meta":{}},{"ancestorTitles":["Sprint 184 m04 ported Subscription workflow"],"fullName":"Sprint 184 m04 ported Subscription workflow keeps the 109-row baseline separate from the exact eight-row, 24-cell overlay","status":"passed","title":"keeps the 109-row baseline separate from the exact eight-row, 24-cell overlay","duration":1.7134580000019923,"failureMessages":[],"meta":{}}],"startTime":1788656517256,"endTime":1788656533603.7134,"status":"passed","message":"","name":"/Users/systemsystems/.codex/worktrees/s185-proof/OODS-Forge/packages/mcp-server/test/product-reality/ported-workflow.s184.spec.ts"},{"assertionResults":[{"ancestorTitles":["Sprint 184 m05 workflow state axis"],"fullName":"Sprint 184 m05 workflow state axis 'react' builds a non-empty 'loading' artifact at build confidence","status":"passed","title":"'react' builds a non-empty 'loading' artifact at build confidence","duration":1.383082999999715,"failureMessages":[],"meta":{}},{"ancestorTitles":["Sprint 184 m05 workflow state axis"],"fullName":"Sprint 184 m05 workflow state axis 'vue' builds a non-empty 'loading' artifact at build confidence","status":"passed","title":"'vue' builds a non-empty 'loading' artifact at build confidence","duration":0.13816599999972823,"failureMessages":[],"meta":{}},{"ancestorTitles":["Sprint 184 m05 workflow state axis"],"fullName":"Sprint 184 m05 workflow state axis 'react' builds a non-empty 'empty' artifact at build confidence","status":"passed","title":"'react' builds a non-empty 'empty' artifact at build confidence","duration":0.10658299999977316,"failureMessages":[],"meta":{}},{"ancestorTitles":["Sprint 184 m05 workflow state axis"],"fullName":"Sprint 184 m05 workflow state axis 'vue' builds a non-empty 'empty' artifact at build confidence","status":"passed","title":"'vue' builds a non-empty 'empty' artifact at build confidence","duration":0.08287500000005821,"failureMessages":[],"meta":{}},{"ancestorTitles":["Sprint 184 m05 workflow state axis"],"fullName":"Sprint 184 m05 workflow state axis 'react' builds a non-empty 'error' artifact at build confidence","status":"passed","title":"'react' builds a non-empty 'error' artifact at build confidence","duration":0.09829100000024482,"failureMessages":[],"meta":{}},{"ancestorTitles":["Sprint 184 m05 workflow state axis"],"fullName":"Sprint 184 m05 workflow state axis 'vue' builds a non-empty 'error' artifact at build confidence","status":"passed","title":"'vue' builds a non-empty 'error' artifact at build confidence","duration":0.09854100000029575,"failureMessages":[],"meta":{}},{"ancestorTitles":["Sprint 184 m05 workflow state axis"],"fullName":"Sprint 184 m05 workflow state axis 'react' builds a non-empty 'success' artifact at build confidence","status":"passed","title":"'react' builds a non-empty 'success' artifact at build confidence","duration":0.10241700000005949,"failureMessages":[],"meta":{}},{"ancestorTitles":["Sprint 184 m05 workflow state axis"],"fullName":"Sprint 184 m05 workflow state axis 'vue' builds a non-empty 'success' artifact at build confidence","status":"passed","title":"'vue' builds a non-empty 'success' artifact at build confidence","duration":0.08516699999927368,"failureMessages":[],"meta":{}},{"ancestorTitles":["Sprint 184 m05 workflow state axis"],"fullName":"Sprint 184 m05 workflow state axis react emits exactly one ordered branch per declaration","status":"passed","title":"react emits exactly one ordered branch per declaration","duration":0.2852080000002388,"failureMessages":[],"meta":{}},{"ancestorTitles":["Sprint 184 m05 workflow state axis"],"fullName":"Sprint 184 m05 workflow state axis vue emits exactly one ordered branch per declaration","status":"passed","title":"vue emits exactly one ordered branch per declaration","duration":0.12091700000019046,"failureMessages":[],"meta":{}},{"ancestorTitles":["Sprint 184 m05 workflow state axis"],"fullName":"Sprint 184 m05 workflow state axis computes zero cross-target marker or visible-text differences","status":"passed","title":"computes zero cross-target marker or visible-text differences","duration":0.8241250000000946,"failureMessages":[],"meta":{}},{"ancestorTitles":["Sprint 184 m05 workflow state axis"],"fullName":"Sprint 184 m05 workflow state axis 'react'/'loading' mutation reds exactly its selected target-state cell","status":"passed","title":"'react'/'loading' mutation reds exactly its selected target-state cell","duration":0.1273750000000291,"failureMessages":[],"meta":{}},{"ancestorTitles":["Sprint 184 m05 workflow state axis"],"fullName":"Sprint 184 m05 workflow state axis 'react'/'empty' mutation reds exactly its selected target-state cell","status":"passed","title":"'react'/'empty' mutation reds exactly its selected target-state cell","duration":0.07212499999968713,"failureMessages":[],"meta":{}},{"ancestorTitles":["Sprint 184 m05 workflow state axis"],"fullName":"Sprint 184 m05 workflow state axis 'react'/'error' mutation reds exactly its selected target-state cell","status":"passed","title":"'react'/'error' mutation reds exactly its selected target-state cell","duration":0.08349999999973079,"failureMessages":[],"meta":{}},{"ancestorTitles":["Sprint 184 m05 workflow state axis"],"fullName":"Sprint 184 m05 workflow state axis 'react'/'success' mutation reds exactly its selected target-state cell","status":"passed","title":"'react'/'success' mutation reds exactly its selected target-state cell","duration":0.06558300000051531,"failureMessages":[],"meta":{}},{"ancestorTitles":["Sprint 184 m05 workflow state axis"],"fullName":"Sprint 184 m05 workflow state axis 'vue'/'loading' mutation reds exactly its selected target-state cell","status":"passed","title":"'vue'/'loading' mutation reds exactly its selected target-state cell","duration":0.07191700000021228,"failureMessages":[],"meta":{}},{"ancestorTitles":["Sprint 184 m05 workflow state axis"],"fullName":"Sprint 184 m05 workflow state axis 'vue'/'empty' mutation reds exactly its selected target-state cell","status":"passed","title":"'vue'/'empty' mutation reds exactly its selected target-state cell","duration":0.06749999999919964,"failureMessages":[],"meta":{}},{"ancestorTitles":["Sprint 184 m05 workflow state axis"],"fullName":"Sprint 184 m05 workflow state axis 'vue'/'error' mutation reds exactly its selected target-state cell","status":"passed","title":"'vue'/'error' mutation reds exactly its selected target-state cell","duration":0.06345800000053714,"failureMessages":[],"meta":{}},{"ancestorTitles":["Sprint 184 m05 workflow state axis"],"fullName":"Sprint 184 m05 workflow state axis 'vue'/'success' mutation reds exactly its selected target-state cell","status":"passed","title":"'vue'/'success' mutation reds exactly its selected target-state cell","duration":0.0712919999996302,"failureMessages":[],"meta":{}},{"ancestorTitles":["Sprint 184 m05 workflow state axis"],"fullName":"Sprint 184 m05 workflow state axis restores the exact emitted bytes and all eight runtime cells after the mutation matrix","status":"passed","title":"restores the exact emitted bytes and all eight runtime cells after the mutation matrix","duration":692.9362080000001,"failureMessages":[],"meta":{}},{"ancestorTitles":["Sprint 184 m05 workflow state axis"],"fullName":"Sprint 184 m05 workflow state axis react preserves both measured red/inert controls","status":"passed","title":"react preserves both measured red/inert controls","duration":1.2383749999999054,"failureMessages":[],"meta":{}},{"ancestorTitles":["Sprint 184 m05 workflow state axis"],"fullName":"Sprint 184 m05 workflow state axis vue preserves both measured red/inert controls","status":"passed","title":"vue preserves both measured red/inert controls","duration":0.36587499999950523,"failureMessages":[],"meta":{}}],"startTime":1788656546251,"endTime":1788656546950.366,"status":"passed","message":"","name":"/Users/systemsystems/.codex/worktrees/s185-proof/OODS-Forge/packages/mcp-server/test/product-reality/state-axis.s184.spec.ts"}]}