{"numTotalTestSuites":5,"numPassedTestSuites":5,"numFailedTestSuites":0,"numPendingTestSuites":0,"numTotalTests":11,"numPassedTests":11,"numFailedTests":0,"numPendingTests":0,"numTodoTests":0,"snapshot":{"added":0,"failure":false,"filesAdded":0,"filesRemoved":0,"filesRemovedList":[],"filesUnmatched":0,"filesUpdated":0,"matched":0,"total":0,"unchecked":0,"uncheckedKeysByFile":[],"unmatched":0,"updated":0,"didUpdate":false},"startTime":1789174303571,"success":true,"testResults":[{"assertionResults":[{"ancestorTitles":["vega-lite-adapter — OODS categorical palette bake (s138 m02; mutation guard s143 m03)"],"fullName":"vega-lite-adapter — OODS categorical palette bake (s138 m02; mutation guard s143 m03) multi-series: a nominal color encoding bakes the fixed-6 OODS palette into encoding.color.scale.range","status":"passed","title":"multi-series: a nominal color encoding bakes the fixed-6 OODS palette into encoding.color.scale.range","duration":4.9953330000000165,"failureMessages":[],"meta":{}},{"ancestorTitles":["vega-lite-adapter — OODS categorical palette bake (s138 m02; mutation guard s143 m03)"],"fullName":"vega-lite-adapter — OODS categorical palette bake (s138 m02; mutation guard s143 m03) s149 #853a: an EMPTY range:[] on a nominal color channel still bakes the palette (no dead-zone)","status":"passed","title":"s149 #853a: an EMPTY range:[] on a nominal color channel still bakes the palette (no dead-zone)","duration":0.3154169999999681,"failureMessages":[],"meta":{}},{"ancestorTitles":["vega-lite-adapter — OODS categorical palette bake (s138 m02; mutation guard s143 m03)"],"fullName":"vega-lite-adapter — OODS categorical palette bake (s138 m02; mutation guard s143 m03) single-series: NO color encoding bakes categorical-01 as mark.color","status":"passed","title":"single-series: NO color encoding bakes categorical-01 as mark.color","duration":0.2987499999999841,"failureMessages":[],"meta":{}},{"ancestorTitles":["vega-lite-adapter — OODS categorical palette bake (s138 m02; mutation guard s143 m03)"],"fullName":"vega-lite-adapter — OODS categorical palette bake (s138 m02; mutation guard s143 m03) a continuous (quantitative) color channel is a gradient — NOT baked (role-B exempt)","status":"passed","title":"a continuous (quantitative) color channel is a gradient — NOT baked (role-B exempt)","duration":0.2663329999999746,"failureMessages":[],"meta":{}},{"ancestorTitles":["vega-lite-adapter — OODS chrome config bake (s144 m02; mutation guard s144 m03)"],"fullName":"vega-lite-adapter — OODS chrome config bake (s144 m02; mutation guard s144 m03) a cartesian spec carries the OODS chrome config (background/axis/font/gridlines/view)","status":"passed","title":"a cartesian spec carries the OODS chrome config (background/axis/font/gridlines/view)","duration":0.49933300000003555,"failureMessages":[],"meta":{}},{"ancestorTitles":["vega-lite-adapter — OODS chrome config bake (s144 m02; mutation guard s144 m03)"],"fullName":"vega-lite-adapter — OODS chrome config bake (s144 m02; mutation guard s144 m03) chrome-only guardrail: the bake emits NO series-color surface (config.mark / config.range)","status":"passed","title":"chrome-only guardrail: the bake emits NO series-color surface (config.mark / config.range)","duration":0.2100409999999897,"failureMessages":[],"meta":{}},{"ancestorTitles":["vega-lite-adapter — OODS chrome config bake (s144 m02; mutation guard s144 m03)"],"fullName":"vega-lite-adapter — OODS chrome config bake (s144 m02; mutation guard s144 m03) backward-compat (#84): a caller's config.mark survives the merge alongside the chrome","status":"passed","title":"backward-compat (#84): a caller's config.mark survives the merge alongside the chrome","duration":0.18558400000000574,"failureMessages":[],"meta":{}},{"ancestorTitles":["vega-lite-adapter — item #16 datasets slot resolves Mark.from (s151 m03)"],"fullName":"vega-lite-adapter — item #16 datasets slot resolves Mark.from (s151 m03) emits the top-level datasets map + the layer data:{name} that resolves against it (fails at HEAD: no top-level datasets)","status":"passed","title":"emits the top-level datasets map + the layer data:{name} that resolves against it (fails at HEAD: no top-level datasets)","duration":0.20395800000000008,"failureMessages":[],"meta":{}},{"ancestorTitles":["vega-lite-adapter — item #16 datasets slot resolves Mark.from (s151 m03)"],"fullName":"vega-lite-adapter — item #16 datasets slot resolves Mark.from (s151 m03) primary (inline) layer data path is byte-UNCHANGED by the datasets slot (mixed-spec contract)","status":"passed","title":"primary (inline) layer data path is byte-UNCHANGED by the datasets slot (mixed-spec contract)","duration":0.25995899999998073,"failureMessages":[],"meta":{}},{"ancestorTitles":["vega-lite-adapter — item #16 datasets slot resolves Mark.from (s151 m03)"],"fullName":"vega-lite-adapter — item #16 datasets slot resolves Mark.from (s151 m03) OMITS top-level datasets when spec.datasets is absent → no datasets key (gate-leak guard)","status":"passed","title":"OMITS top-level datasets when spec.datasets is absent → no datasets key (gate-leak guard)","duration":0.11037499999997635,"failureMessages":[],"meta":{}},{"ancestorTitles":["vega-lite-adapter — diverging color scale (s156 m04)"],"fullName":"vega-lite-adapter — diverging color scale (s156 m04) bakes the OODS diverging range + domainMid:0 and types the color quantitative (fails at HEAD: nominal, no range)","status":"passed","title":"bakes the OODS diverging range + domainMid:0 and types the color quantitative (fails at HEAD: nominal, no range)","duration":0.335708000000011,"failureMessages":[],"meta":{}}],"startTime":1789174304088,"endTime":1789174304096.3357,"status":"passed","message":"","name":"/Users/systemsystems/.codex/worktrees/s195/OODS-Forge/packages/viz-core/src/adapters/vega-lite-adapter.spec.ts"}]}