{"numTotalTestSuites":2,"numPassedTestSuites":2,"numFailedTestSuites":0,"numPendingTestSuites":0,"numTotalTests":7,"numPassedTests":7,"numFailedTests":0,"numPendingTests":0,"numTodoTests":0,"snapshot":{"added":0,"failure":false,"filesAdded":0,"filesRemoved":0,"filesRemovedList":[],"filesUnmatched":0,"filesUpdated":0,"matched":0,"total":0,"unchecked":0,"uncheckedKeysByFile":[],"unmatched":0,"updated":0,"didUpdate":false},"startTime":1788729448593,"success":true,"testResults":[{"assertionResults":[{"ancestorTitles":["s181 portable-runtime publish boundary"],"fullName":"s181 portable-runtime publish boundary keeps the runtime component schema byte-identical to the planning producer output","status":"passed","title":"keeps the runtime component schema byte-identical to the planning producer output","duration":2.2521659999999883,"failureMessages":[],"meta":{}},{"ancestorTitles":["s181 portable-runtime publish boundary"],"fullName":"s181 portable-runtime publish boundary B-12 starts from dist plus package metadata only and answers degraded health without planning data","status":"passed","title":"B-12 starts from dist plus package metadata only and answers degraded health without planning data","duration":1542.9931659999997,"failureMessages":[],"meta":{}},{"ancestorTitles":["s181 portable-runtime publish boundary"],"fullName":"s181 portable-runtime publish boundary B-12 proves the relocated schema is load-bearing by deleting it from the staged dist","status":"passed","title":"B-12 proves the relocated schema is load-bearing by deleting it from the staged dist","duration":1294.415833,"failureMessages":[],"meta":{}},{"ancestorTitles":["s181 portable-runtime publish boundary"],"fullName":"s181 portable-runtime publish boundary allows declared-data provenance but forbids quoted cmos path segments in executable dist JavaScript","status":"passed","title":"allows declared-data provenance but forbids quoted cmos path segments in executable dist JavaScript","duration":31.48070800000005,"failureMessages":[],"meta":{}},{"ancestorTitles":["s181 portable-runtime publish boundary"],"fullName":"s181 portable-runtime publish boundary pins the Sprint-182 manifest-present structuredData, map, and registry products deterministically","status":"passed","title":"pins the Sprint-182 manifest-present structuredData, map, and registry products deterministically","duration":29.613292,"failureMessages":[],"meta":{}},{"ancestorTitles":["s181 portable-runtime publish boundary"],"fullName":"s181 portable-runtime publish boundary B-19 keeps the runtime data schema out of generated.ts","status":"passed","title":"B-19 keeps the runtime data schema out of generated.ts","duration":2.7200000000002547,"failureMessages":[],"meta":{}},{"ancestorTitles":["s181 portable-runtime publish boundary"],"fullName":"s181 portable-runtime publish boundary derives the adapter wire version from package.json and no longer stages planning files for fresh installs","status":"passed","title":"derives the adapter wire version from package.json and no longer stages planning files for fresh installs","duration":228.5182080000004,"failureMessages":[],"meta":{}}],"startTime":1788729449656,"endTime":1788729452788.5183,"status":"passed","message":"","name":"/Users/systemsystems/.codex/worktrees/s186/OODS-Forge/packages/mcp-server/test/contracts/portable-boundary.s181.spec.ts"}]}