{"numTotalTestSuites":2,"numPassedTestSuites":2,"numFailedTestSuites":0,"numPendingTestSuites":0,"numTotalTests":33,"numPassedTests":33,"numFailedTests":0,"numPendingTests":0,"numTodoTests":0,"snapshot":{"added":0,"failure":false,"filesAdded":0,"filesRemoved":0,"filesRemovedList":[],"filesUnmatched":0,"filesUpdated":0,"matched":0,"total":0,"unchecked":0,"uncheckedKeysByFile":[],"unmatched":0,"updated":0,"didUpdate":false},"startTime":1788729341143,"success":true,"testResults":[{"assertionResults":[{"ancestorTitles":["Sprint 183 M02 typed action protocol"],"fullName":"Sprint 183 M02 typed action protocol closes every binding for 'react'/'inline'/typescript=false","status":"passed","title":"closes every binding for 'react'/'inline'/typescript=false","duration":57.092583000000104,"failureMessages":[],"meta":{}},{"ancestorTitles":["Sprint 183 M02 typed action protocol"],"fullName":"Sprint 183 M02 typed action protocol closes every binding for 'react'/'inline'/typescript=true","status":"passed","title":"closes every binding for 'react'/'inline'/typescript=true","duration":5.5070840000003045,"failureMessages":[],"meta":{}},{"ancestorTitles":["Sprint 183 M02 typed action protocol"],"fullName":"Sprint 183 M02 typed action protocol closes every binding for 'react'/'tailwind'/typescript=false","status":"passed","title":"closes every binding for 'react'/'tailwind'/typescript=false","duration":7.090208000000075,"failureMessages":[],"meta":{}},{"ancestorTitles":["Sprint 183 M02 typed action protocol"],"fullName":"Sprint 183 M02 typed action protocol closes every binding for 'react'/'tailwind'/typescript=true","status":"passed","title":"closes every binding for 'react'/'tailwind'/typescript=true","duration":3.0259580000001733,"failureMessages":[],"meta":{}},{"ancestorTitles":["Sprint 183 M02 typed action protocol"],"fullName":"Sprint 183 M02 typed action protocol closes every binding for 'react'/'tokens'/typescript=false","status":"passed","title":"closes every binding for 'react'/'tokens'/typescript=false","duration":2.9100830000002134,"failureMessages":[],"meta":{}},{"ancestorTitles":["Sprint 183 M02 typed action protocol"],"fullName":"Sprint 183 M02 typed action protocol closes every binding for 'react'/'tokens'/typescript=true","status":"passed","title":"closes every binding for 'react'/'tokens'/typescript=true","duration":1.9199160000002848,"failureMessages":[],"meta":{}},{"ancestorTitles":["Sprint 183 M02 typed action protocol"],"fullName":"Sprint 183 M02 typed action protocol closes every binding for 'vue'/'inline'/typescript=false","status":"passed","title":"closes every binding for 'vue'/'inline'/typescript=false","duration":9.092291999999816,"failureMessages":[],"meta":{}},{"ancestorTitles":["Sprint 183 M02 typed action protocol"],"fullName":"Sprint 183 M02 typed action protocol closes every binding for 'vue'/'inline'/typescript=true","status":"passed","title":"closes every binding for 'vue'/'inline'/typescript=true","duration":12.550709000000097,"failureMessages":[],"meta":{}},{"ancestorTitles":["Sprint 183 M02 typed action protocol"],"fullName":"Sprint 183 M02 typed action protocol closes every binding for 'vue'/'tailwind'/typescript=false","status":"passed","title":"closes every binding for 'vue'/'tailwind'/typescript=false","duration":4.336917000000085,"failureMessages":[],"meta":{}},{"ancestorTitles":["Sprint 183 M02 typed action protocol"],"fullName":"Sprint 183 M02 typed action protocol closes every binding for 'vue'/'tailwind'/typescript=true","status":"passed","title":"closes every binding for 'vue'/'tailwind'/typescript=true","duration":2.5230000000001382,"failureMessages":[],"meta":{}},{"ancestorTitles":["Sprint 183 M02 typed action protocol"],"fullName":"Sprint 183 M02 typed action protocol closes every binding for 'vue'/'tokens'/typescript=false","status":"passed","title":"closes every binding for 'vue'/'tokens'/typescript=false","duration":3.1984590000001845,"failureMessages":[],"meta":{}},{"ancestorTitles":["Sprint 183 M02 typed action protocol"],"fullName":"Sprint 183 M02 typed action protocol closes every binding for 'vue'/'tokens'/typescript=true","status":"passed","title":"closes every binding for 'vue'/'tokens'/typescript=true","duration":2.0670829999999114,"failureMessages":[],"meta":{}},{"ancestorTitles":["Sprint 183 M02 typed action protocol"],"fullName":"Sprint 183 M02 typed action protocol react keeps screen actions typed but off the Stack API","status":"passed","title":"react keeps screen actions typed but off the Stack API","duration":1.2182089999996606,"failureMessages":[],"meta":{}},{"ancestorTitles":["Sprint 183 M02 typed action protocol"],"fullName":"Sprint 183 M02 typed action protocol vue keeps screen actions typed but off the Stack API","status":"passed","title":"vue keeps screen actions typed but off the Stack API","duration":0.8249999999998181,"failureMessages":[],"meta":{}},{"ancestorTitles":["Sprint 183 M02 typed action protocol"],"fullName":"Sprint 183 M02 typed action protocol react rejects an empty local handler after a hash-consistent mutation","status":"passed","title":"react rejects an empty local handler after a hash-consistent mutation","duration":2.5882919999999103,"failureMessages":[],"meta":{}},{"ancestorTitles":["Sprint 183 M02 typed action protocol"],"fullName":"Sprint 183 M02 typed action protocol vue rejects an empty local handler after a hash-consistent mutation","status":"passed","title":"vue rejects an empty local handler after a hash-consistent mutation","duration":3.3792499999999563,"failureMessages":[],"meta":{}},{"ancestorTitles":["Sprint 183 M02 typed action protocol"],"fullName":"Sprint 183 M02 typed action protocol react rejects action metadata removed while its binding remains","status":"passed","title":"react rejects action metadata removed while its binding remains","duration":2.064709000000221,"failureMessages":[],"meta":{}},{"ancestorTitles":["Sprint 183 M02 typed action protocol"],"fullName":"Sprint 183 M02 typed action protocol vue rejects action metadata removed while its binding remains","status":"passed","title":"vue rejects action metadata removed while its binding remains","duration":2.724917000000005,"failureMessages":[],"meta":{}},{"ancestorTitles":["Sprint 183 M02 typed action protocol"],"fullName":"Sprint 183 M02 typed action protocol react requires injected actions to be own properties at runtime","status":"passed","title":"react requires injected actions to be own properties at runtime","duration":1.9819159999997282,"failureMessages":[],"meta":{}},{"ancestorTitles":["Sprint 183 M02 typed action protocol"],"fullName":"Sprint 183 M02 typed action protocol vue requires injected actions to be own properties at runtime","status":"passed","title":"vue requires injected actions to be own properties at runtime","duration":0.8199579999995876,"failureMessages":[],"meta":{}},{"ancestorTitles":["Sprint 183 M02 typed action protocol"],"fullName":"Sprint 183 M02 typed action protocol Vue preserves the declared onChange timing while controlling local state","status":"passed","title":"Vue preserves the declared onChange timing while controlling local state","duration":1.1812089999998534,"failureMessages":[],"meta":{}},{"ancestorTitles":["Sprint 183 M02 typed action protocol"],"fullName":"Sprint 183 M02 typed action protocol Vue preserves the declared onInput timing while controlling local state","status":"passed","title":"Vue preserves the declared onInput timing while controlling local state","duration":0.6364589999998316,"failureMessages":[],"meta":{}},{"ancestorTitles":["Sprint 183 M02 typed action protocol"],"fullName":"Sprint 183 M02 typed action protocol Vue preserves the declared onUpdate timing while controlling local state","status":"passed","title":"Vue preserves the declared onUpdate timing while controlling local state","duration":0.5050830000000133,"failureMessages":[],"meta":{}},{"ancestorTitles":["Sprint 183 M02 typed action protocol"],"fullName":"Sprint 183 M02 typed action protocol coerces numeric object fields before initializing string-semantic local state","status":"passed","title":"coerces numeric object fields before initializing string-semantic local state","duration":9343.331792,"failureMessages":[],"meta":{}},{"ancestorTitles":["Sprint 183 M02 typed action protocol"],"fullName":"Sprint 183 M02 typed action protocol React typescript=$typescript requires every injected action","status":"passed","title":"React typescript=$typescript requires every injected action","duration":1740.079749999999,"failureMessages":[],"meta":{}},{"ancestorTitles":["Sprint 183 M02 typed action protocol"],"fullName":"Sprint 183 M02 typed action protocol React typescript=$typescript requires every injected action","status":"passed","title":"React typescript=$typescript requires every injected action","duration":1905.5919999999987,"failureMessages":[],"meta":{}},{"ancestorTitles":["Sprint 183 M02 typed action protocol"],"fullName":"Sprint 183 M02 typed action protocol React TypeScript rejects each individually omitted domain action","status":"passed","title":"React TypeScript rejects each individually omitted domain action","duration":3267.2288750000007,"failureMessages":[],"meta":{}},{"ancestorTitles":["Sprint 183 M02 typed action protocol"],"fullName":"Sprint 183 M02 typed action protocol Vue typescript=$typescript requires every injected action","status":"passed","title":"Vue typescript=$typescript requires every injected action","duration":7102.895958000001,"failureMessages":[],"meta":{}},{"ancestorTitles":["Sprint 183 M02 typed action protocol"],"fullName":"Sprint 183 M02 typed action protocol Vue typescript=$typescript requires every injected action","status":"passed","title":"Vue typescript=$typescript requires every injected action","duration":7731.702000000001,"failureMessages":[],"meta":{}},{"ancestorTitles":["Sprint 183 M02 typed action protocol"],"fullName":"Sprint 183 M02 typed action protocol Vue TypeScript rejects each individually omitted domain action: handleActivate","status":"passed","title":"Vue TypeScript rejects each individually omitted domain action: handleActivate","duration":5607.568416000002,"failureMessages":[],"meta":{}},{"ancestorTitles":["Sprint 183 M02 typed action protocol"],"fullName":"Sprint 183 M02 typed action protocol Vue TypeScript rejects each individually omitted domain action: handleRowActivate","status":"passed","title":"Vue TypeScript rejects each individually omitted domain action: handleRowActivate","duration":6491.666791999996,"failureMessages":[],"meta":{}},{"ancestorTitles":["Sprint 183 M02 typed action protocol"],"fullName":"Sprint 183 M02 typed action protocol Vue TypeScript rejects each individually omitted domain action: handleSecondaryActivate","status":"passed","title":"Vue TypeScript rejects each individually omitted domain action: handleSecondaryActivate","duration":6592.057333000004,"failureMessages":[],"meta":{}},{"ancestorTitles":["Sprint 183 M02 typed action protocol"],"fullName":"Sprint 183 M02 typed action protocol Vue JavaScript rejects each omitted action at runtime","status":"passed","title":"Vue JavaScript rejects each omitted action at runtime","duration":4551.222125,"failureMessages":[],"meta":{}}],"startTime":1788729343351,"endTime":1788729397820.2222,"status":"passed","message":"","name":"/Users/systemsystems/.codex/worktrees/s186/OODS-Forge/packages/mcp-server/test/product-reality/typed-action-protocol.s183.spec.ts"}]}