{"numTotalTestSuites":2,"numPassedTestSuites":2,"numFailedTestSuites":0,"numPendingTestSuites":0,"numTotalTests":31,"numPassedTests":31,"numFailedTests":0,"numPendingTests":0,"numTodoTests":0,"snapshot":{"added":0,"failure":false,"filesAdded":0,"filesRemoved":0,"filesRemovedList":[],"filesUnmatched":0,"filesUpdated":0,"matched":0,"total":0,"unchecked":0,"uncheckedKeysByFile":[],"unmatched":0,"updated":0,"didUpdate":false},"startTime":1788729000850,"success":true,"testResults":[{"assertionResults":[{"ancestorTitles":["Sprint 183 M02 typed action protocol"],"fullName":"Sprint 183 M02 typed action protocol closes every binding for 'react'/'inline'/typescript=false","status":"passed","title":"closes every binding for 'react'/'inline'/typescript=false","duration":154.7301669999997,"failureMessages":[],"meta":{}},{"ancestorTitles":["Sprint 183 M02 typed action protocol"],"fullName":"Sprint 183 M02 typed action protocol closes every binding for 'react'/'inline'/typescript=true","status":"passed","title":"closes every binding for 'react'/'inline'/typescript=true","duration":10.644540999999663,"failureMessages":[],"meta":{}},{"ancestorTitles":["Sprint 183 M02 typed action protocol"],"fullName":"Sprint 183 M02 typed action protocol closes every binding for 'react'/'tailwind'/typescript=false","status":"passed","title":"closes every binding for 'react'/'tailwind'/typescript=false","duration":12.249624999999469,"failureMessages":[],"meta":{}},{"ancestorTitles":["Sprint 183 M02 typed action protocol"],"fullName":"Sprint 183 M02 typed action protocol closes every binding for 'react'/'tailwind'/typescript=true","status":"passed","title":"closes every binding for 'react'/'tailwind'/typescript=true","duration":9.240791999999601,"failureMessages":[],"meta":{}},{"ancestorTitles":["Sprint 183 M02 typed action protocol"],"fullName":"Sprint 183 M02 typed action protocol closes every binding for 'react'/'tokens'/typescript=false","status":"passed","title":"closes every binding for 'react'/'tokens'/typescript=false","duration":7.190207999999984,"failureMessages":[],"meta":{}},{"ancestorTitles":["Sprint 183 M02 typed action protocol"],"fullName":"Sprint 183 M02 typed action protocol closes every binding for 'react'/'tokens'/typescript=true","status":"passed","title":"closes every binding for 'react'/'tokens'/typescript=true","duration":4.82104100000015,"failureMessages":[],"meta":{}},{"ancestorTitles":["Sprint 183 M02 typed action protocol"],"fullName":"Sprint 183 M02 typed action protocol closes every binding for 'vue'/'inline'/typescript=false","status":"passed","title":"closes every binding for 'vue'/'inline'/typescript=false","duration":15.533500000000458,"failureMessages":[],"meta":{}},{"ancestorTitles":["Sprint 183 M02 typed action protocol"],"fullName":"Sprint 183 M02 typed action protocol closes every binding for 'vue'/'inline'/typescript=true","status":"passed","title":"closes every binding for 'vue'/'inline'/typescript=true","duration":25.00379199999952,"failureMessages":[],"meta":{}},{"ancestorTitles":["Sprint 183 M02 typed action protocol"],"fullName":"Sprint 183 M02 typed action protocol closes every binding for 'vue'/'tailwind'/typescript=false","status":"passed","title":"closes every binding for 'vue'/'tailwind'/typescript=false","duration":41.182333000000654,"failureMessages":[],"meta":{}},{"ancestorTitles":["Sprint 183 M02 typed action protocol"],"fullName":"Sprint 183 M02 typed action protocol closes every binding for 'vue'/'tailwind'/typescript=true","status":"passed","title":"closes every binding for 'vue'/'tailwind'/typescript=true","duration":6.279708000000028,"failureMessages":[],"meta":{}},{"ancestorTitles":["Sprint 183 M02 typed action protocol"],"fullName":"Sprint 183 M02 typed action protocol closes every binding for 'vue'/'tokens'/typescript=false","status":"passed","title":"closes every binding for 'vue'/'tokens'/typescript=false","duration":4.487666999999419,"failureMessages":[],"meta":{}},{"ancestorTitles":["Sprint 183 M02 typed action protocol"],"fullName":"Sprint 183 M02 typed action protocol closes every binding for 'vue'/'tokens'/typescript=true","status":"passed","title":"closes every binding for 'vue'/'tokens'/typescript=true","duration":5.636167000000569,"failureMessages":[],"meta":{}},{"ancestorTitles":["Sprint 183 M02 typed action protocol"],"fullName":"Sprint 183 M02 typed action protocol react keeps screen actions typed but off the Stack API","status":"passed","title":"react keeps screen actions typed but off the Stack API","duration":5.566957999999431,"failureMessages":[],"meta":{}},{"ancestorTitles":["Sprint 183 M02 typed action protocol"],"fullName":"Sprint 183 M02 typed action protocol vue keeps screen actions typed but off the Stack API","status":"passed","title":"vue keeps screen actions typed but off the Stack API","duration":4.969207999998616,"failureMessages":[],"meta":{}},{"ancestorTitles":["Sprint 183 M02 typed action protocol"],"fullName":"Sprint 183 M02 typed action protocol react rejects an empty local handler after a hash-consistent mutation","status":"passed","title":"react rejects an empty local handler after a hash-consistent mutation","duration":6.111624999999549,"failureMessages":[],"meta":{}},{"ancestorTitles":["Sprint 183 M02 typed action protocol"],"fullName":"Sprint 183 M02 typed action protocol vue rejects an empty local handler after a hash-consistent mutation","status":"passed","title":"vue rejects an empty local handler after a hash-consistent mutation","duration":5.286125000000538,"failureMessages":[],"meta":{}},{"ancestorTitles":["Sprint 183 M02 typed action protocol"],"fullName":"Sprint 183 M02 typed action protocol react rejects action metadata removed while its binding remains","status":"passed","title":"react rejects action metadata removed while its binding remains","duration":4.44629200000054,"failureMessages":[],"meta":{}},{"ancestorTitles":["Sprint 183 M02 typed action protocol"],"fullName":"Sprint 183 M02 typed action protocol vue rejects action metadata removed while its binding remains","status":"passed","title":"vue rejects action metadata removed while its binding remains","duration":4.770499999998719,"failureMessages":[],"meta":{}},{"ancestorTitles":["Sprint 183 M02 typed action protocol"],"fullName":"Sprint 183 M02 typed action protocol react requires injected actions to be own properties at runtime","status":"passed","title":"react requires injected actions to be own properties at runtime","duration":5.847874999999476,"failureMessages":[],"meta":{}},{"ancestorTitles":["Sprint 183 M02 typed action protocol"],"fullName":"Sprint 183 M02 typed action protocol vue requires injected actions to be own properties at runtime","status":"passed","title":"vue requires injected actions to be own properties at runtime","duration":7.817000000000917,"failureMessages":[],"meta":{}},{"ancestorTitles":["Sprint 183 M02 typed action protocol"],"fullName":"Sprint 183 M02 typed action protocol Vue preserves the declared onChange timing while controlling local state","status":"passed","title":"Vue preserves the declared onChange timing while controlling local state","duration":5.287249999999403,"failureMessages":[],"meta":{}},{"ancestorTitles":["Sprint 183 M02 typed action protocol"],"fullName":"Sprint 183 M02 typed action protocol Vue preserves the declared onInput timing while controlling local state","status":"passed","title":"Vue preserves the declared onInput timing while controlling local state","duration":1.7002080000002024,"failureMessages":[],"meta":{}},{"ancestorTitles":["Sprint 183 M02 typed action protocol"],"fullName":"Sprint 183 M02 typed action protocol Vue preserves the declared onUpdate timing while controlling local state","status":"passed","title":"Vue preserves the declared onUpdate timing while controlling local state","duration":1.4659999999985303,"failureMessages":[],"meta":{}},{"ancestorTitles":["Sprint 183 M02 typed action protocol"],"fullName":"Sprint 183 M02 typed action protocol coerces numeric object fields before initializing string-semantic local state","status":"passed","title":"coerces numeric object fields before initializing string-semantic local state","duration":56729.212292000004,"failureMessages":[],"meta":{}},{"ancestorTitles":["Sprint 183 M02 typed action protocol"],"fullName":"Sprint 183 M02 typed action protocol React typescript=$typescript requires every injected action","status":"passed","title":"React typescript=$typescript requires every injected action","duration":17436.010333,"failureMessages":[],"meta":{}},{"ancestorTitles":["Sprint 183 M02 typed action protocol"],"fullName":"Sprint 183 M02 typed action protocol React typescript=$typescript requires every injected action","status":"passed","title":"React typescript=$typescript requires every injected action","duration":9764.518542000005,"failureMessages":[],"meta":{}},{"ancestorTitles":["Sprint 183 M02 typed action protocol"],"fullName":"Sprint 183 M02 typed action protocol React TypeScript rejects each individually omitted domain action","status":"passed","title":"React TypeScript rejects each individually omitted domain action","duration":15592.063374999998,"failureMessages":[],"meta":{}},{"ancestorTitles":["Sprint 183 M02 typed action protocol"],"fullName":"Sprint 183 M02 typed action protocol Vue typescript=$typescript requires every injected action","status":"passed","title":"Vue typescript=$typescript requires every injected action","duration":60398.02191699999,"failureMessages":[],"meta":{}},{"ancestorTitles":["Sprint 183 M02 typed action protocol"],"fullName":"Sprint 183 M02 typed action protocol Vue typescript=$typescript requires every injected action","status":"passed","title":"Vue typescript=$typescript requires every injected action","duration":70722.683375,"failureMessages":[],"meta":{}},{"ancestorTitles":["Sprint 183 M02 typed action protocol"],"fullName":"Sprint 183 M02 typed action protocol Vue TypeScript rejects each individually omitted domain action","status":"passed","title":"Vue TypeScript rejects each individually omitted domain action","duration":31511.50099999999,"failureMessages":[],"meta":{}},{"ancestorTitles":["Sprint 183 M02 typed action protocol"],"fullName":"Sprint 183 M02 typed action protocol Vue JavaScript rejects each omitted action at runtime","status":"passed","title":"Vue JavaScript rejects each omitted action at runtime","duration":5130.3264999999665,"failureMessages":[],"meta":{}}],"startTime":1788729009106,"endTime":1788729276775.3264,"status":"passed","message":"","name":"/Users/systemsystems/.codex/worktrees/s186/OODS-Forge/packages/mcp-server/test/product-reality/typed-action-protocol.s183.spec.ts"}]}