{"total": {"lines":{"total":47786,"covered":35051,"skipped":0,"pct":73.34},"statements":{"total":47786,"covered":35051,"skipped":0,"pct":73.34},"functions":{"total":2359,"covered":2002,"skipped":0,"pct":84.86},"branches":{"total":9698,"covered":7113,"skipped":0,"pct":73.34},"branchesTrue":{"total":0,"covered":0,"skipped":0,"pct":100}}
,"/home/runner/work/OODS-Forge/OODS-Forge/src/ViewContextProvider.d.ts": {"lines":{"total":79,"covered":0,"skipped":0,"pct":0},"functions":{"total":1,"covered":0,"skipped":0,"pct":0},"statements":{"total":79,"covered":0,"skipped":0,"pct":0},"branches":{"total":1,"covered":0,"skipped":0,"pct":0}}
,"/home/runner/work/OODS-Forge/OODS-Forge/src/index.ts": {"lines":{"total":11,"covered":0,"skipped":0,"pct":0},"functions":{"total":1,"covered":1,"skipped":0,"pct":100},"statements":{"total":11,"covered":0,"skipped":0,"pct":0},"branches":{"total":1,"covered":1,"skipped":0,"pct":100}}
,"/home/runner/work/OODS-Forge/OODS-Forge/src/components/OODS.ts": {"lines":{"total":9,"covered":0,"skipped":0,"pct":0},"functions":{"total":1,"covered":0,"skipped":0,"pct":0},"statements":{"total":9,"covered":0,"skipped":0,"pct":0},"branches":{"total":1,"covered":0,"skipped":0,"pct":0}}
,"/home/runner/work/OODS-Forge/OODS-Forge/src/components/RenderObject.tsx": {"lines":{"total":141,"covered":122,"skipped":0,"pct":86.52},"functions":{"total":5,"covered":5,"skipped":0,"pct":100},"statements":{"total":141,"covered":122,"skipped":0,"pct":86.52},"branches":{"total":23,"covered":21,"skipped":0,"pct":91.3}}
,"/home/runner/work/OODS-Forge/OODS-Forge/src/components/renderReport.ts": {"lines":{"total":64,"covered":63,"skipped":0,"pct":98.43},"functions":{"total":3,"covered":3,"skipped":0,"pct":100},"statements":{"total":64,"covered":63,"skipped":0,"pct":98.43},"branches":{"total":15,"covered":12,"skipped":0,"pct":80}}
,"/home/runner/work/OODS-Forge/OODS-Forge/src/components/ContextPanelDrawer/ContextPanelDrawer.tsx": {"lines":{"total":39,"covered":39,"skipped":0,"pct":100},"functions":{"total":2,"covered":2,"skipped":0,"pct":100},"statements":{"total":39,"covered":39,"skipped":0,"pct":100},"branches":{"total":7,"covered":6,"skipped":0,"pct":85.71}}
,"/home/runner/work/OODS-Forge/OODS-Forge/src/components/ContextPanelDrawer/index.ts": {"lines":{"total":2,"covered":2,"skipped":0,"pct":100},"functions":{"total":0,"covered":0,"skipped":0,"pct":100},"statements":{"total":2,"covered":2,"skipped":0,"pct":100},"branches":{"total":0,"covered":0,"skipped":0,"pct":100}}
,"/home/runner/work/OODS-Forge/OODS-Forge/src/components/ContextPanelDrawer/useContainerNarrow.ts": {"lines":{"total":42,"covered":34,"skipped":0,"pct":80.95},"functions":{"total":1,"covered":1,"skipped":0,"pct":100},"statements":{"total":42,"covered":34,"skipped":0,"pct":80.95},"branches":{"total":17,"covered":13,"skipped":0,"pct":76.47}}
,"/home/runner/work/OODS-Forge/OODS-Forge/src/components/Dialog/Dialog.tsx": {"lines":{"total":79,"covered":75,"skipped":0,"pct":94.93},"functions":{"total":2,"covered":1,"skipped":0,"pct":50},"statements":{"total":79,"covered":75,"skipped":0,"pct":94.93},"branches":{"total":11,"covered":4,"skipped":0,"pct":36.36}}
,"/home/runner/work/OODS-Forge/OODS-Forge/src/components/Dialog/index.ts": {"lines":{"total":1,"covered":0,"skipped":0,"pct":0},"functions":{"total":1,"covered":0,"skipped":0,"pct":0},"statements":{"total":1,"covered":0,"skipped":0,"pct":0},"branches":{"total":1,"covered":0,"skipped":0,"pct":0}}
,"/home/runner/work/OODS-Forge/OODS-Forge/src/components/Popover/Popover.tsx": {"lines":{"total":90,"covered":87,"skipped":0,"pct":96.66},"functions":{"total":7,"covered":7,"skipped":0,"pct":100},"statements":{"total":90,"covered":87,"skipped":0,"pct":96.66},"branches":{"total":27,"covered":19,"skipped":0,"pct":70.37}}
,"/home/runner/work/OODS-Forge/OODS-Forge/src/components/Sheet/Sheet.tsx": {"lines":{"total":60,"covered":60,"skipped":0,"pct":100},"functions":{"total":2,"covered":1,"skipped":0,"pct":50},"statements":{"total":60,"covered":60,"skipped":0,"pct":100},"branches":{"total":8,"covered":6,"skipped":0,"pct":75}}
,"/home/runner/work/OODS-Forge/OODS-Forge/src/components/Sheet/index.ts": {"lines":{"total":1,"covered":0,"skipped":0,"pct":0},"functions":{"total":1,"covered":0,"skipped":0,"pct":0},"statements":{"total":1,"covered":0,"skipped":0,"pct":0},"branches":{"total":1,"covered":0,"skipped":0,"pct":0}}
,"/home/runner/work/OODS-Forge/OODS-Forge/src/components/Tooltip/index.ts": {"lines":{"total":1,"covered":1,"skipped":0,"pct":100},"functions":{"total":0,"covered":0,"skipped":0,"pct":100},"statements":{"total":1,"covered":1,"skipped":0,"pct":100},"branches":{"total":0,"covered":0,"skipped":0,"pct":100}}
,"/home/runner/work/OODS-Forge/OODS-Forge/src/components/addresses/address-display.tsx": {"lines":{"total":125,"covered":118,"skipped":0,"pct":94.4},"functions":{"total":5,"covered":5,"skipped":0,"pct":100},"statements":{"total":125,"covered":118,"skipped":0,"pct":94.4},"branches":{"total":36,"covered":30,"skipped":0,"pct":83.33}}
,"/home/runner/work/OODS-Forge/OODS-Forge/src/components/addresses/address-field-set.tsx": {"lines":{"total":326,"covered":268,"skipped":0,"pct":82.2},"functions":{"total":14,"covered":9,"skipped":0,"pct":64.28},"statements":{"total":326,"covered":268,"skipped":0,"pct":82.2},"branches":{"total":68,"covered":49,"skipped":0,"pct":72.05}}
,"/home/runner/work/OODS-Forge/OODS-Forge/src/components/addresses/address-form.tsx": {"lines":{"total":203,"covered":168,"skipped":0,"pct":82.75},"functions":{"total":9,"covered":8,"skipped":0,"pct":88.88},"statements":{"total":203,"covered":168,"skipped":0,"pct":82.75},"branches":{"total":41,"covered":25,"skipped":0,"pct":60.97}}
,"/home/runner/work/OODS-Forge/OODS-Forge/src/components/addresses/address-types.ts": {"lines":{"total":99,"covered":73,"skipped":0,"pct":73.73},"functions":{"total":8,"covered":6,"skipped":0,"pct":75},"statements":{"total":99,"covered":73,"skipped":0,"pct":73.73},"branches":{"total":23,"covered":15,"skipped":0,"pct":65.21}}
,"/home/runner/work/OODS-Forge/OODS-Forge/src/components/addresses/index.ts": {"lines":{"total":6,"covered":0,"skipped":0,"pct":0},"functions":{"total":1,"covered":0,"skipped":0,"pct":0},"statements":{"total":6,"covered":0,"skipped":0,"pct":0},"branches":{"total":1,"covered":0,"skipped":0,"pct":0}}
,"/home/runner/work/OODS-Forge/OODS-Forge/src/components/addresses/role-selector.tsx": {"lines":{"total":89,"covered":53,"skipped":0,"pct":59.55},"functions":{"total":5,"covered":1,"skipped":0,"pct":20},"statements":{"total":89,"covered":53,"skipped":0,"pct":59.55},"branches":{"total":6,"covered":3,"skipped":0,"pct":50}}
,"/home/runner/work/OODS-Forge/OODS-Forge/src/components/addresses/validation-status-badge.tsx": {"lines":{"total":76,"covered":72,"skipped":0,"pct":94.73},"functions":{"total":2,"covered":2,"skipped":0,"pct":100},"statements":{"total":76,"covered":72,"skipped":0,"pct":94.73},"branches":{"total":21,"covered":11,"skipped":0,"pct":52.38}}
,"/home/runner/work/OODS-Forge/OODS-Forge/src/components/authz/MembershipManager.tsx": {"lines":{"total":239,"covered":197,"skipped":0,"pct":82.42},"functions":{"total":10,"covered":8,"skipped":0,"pct":80},"statements":{"total":239,"covered":197,"skipped":0,"pct":82.42},"branches":{"total":40,"covered":17,"skipped":0,"pct":42.5}}
,"/home/runner/work/OODS-Forge/OODS-Forge/src/components/authz/PermissionChecker.tsx": {"lines":{"total":134,"covered":0,"skipped":0,"pct":0},"functions":{"total":1,"covered":0,"skipped":0,"pct":0},"statements":{"total":134,"covered":0,"skipped":0,"pct":0},"branches":{"total":1,"covered":0,"skipped":0,"pct":0}}
,"/home/runner/work/OODS-Forge/OODS-Forge/src/components/authz/RolePermissionMatrix.tsx": {"lines":{"total":190,"covered":161,"skipped":0,"pct":84.73},"functions":{"total":5,"covered":5,"skipped":0,"pct":100},"statements":{"total":190,"covered":161,"skipped":0,"pct":84.73},"branches":{"total":44,"covered":26,"skipped":0,"pct":59.09}}
,"/home/runner/work/OODS-Forge/OODS-Forge/src/components/authz/SoDPolicyEditor.tsx": {"lines":{"total":239,"covered":0,"skipped":0,"pct":0},"functions":{"total":1,"covered":0,"skipped":0,"pct":0},"statements":{"total":239,"covered":0,"skipped":0,"pct":0},"branches":{"total":1,"covered":0,"skipped":0,"pct":0}}
,"/home/runner/work/OODS-Forge/OODS-Forge/src/components/authz/index.ts": {"lines":{"total":4,"covered":0,"skipped":0,"pct":0},"functions":{"total":1,"covered":0,"skipped":0,"pct":0},"statements":{"total":4,"covered":0,"skipped":0,"pct":0},"branches":{"total":1,"covered":0,"skipped":0,"pct":0}}
,"/home/runner/work/OODS-Forge/OODS-Forge/src/components/base/Badge.tsx": {"lines":{"total":1,"covered":1,"skipped":0,"pct":100},"functions":{"total":0,"covered":0,"skipped":0,"pct":100},"statements":{"total":1,"covered":1,"skipped":0,"pct":100},"branches":{"total":0,"covered":0,"skipped":0,"pct":100}}
,"/home/runner/work/OODS-Forge/OODS-Forge/src/components/base/Banner.tsx": {"lines":{"total":1,"covered":1,"skipped":0,"pct":100},"functions":{"total":0,"covered":0,"skipped":0,"pct":100},"statements":{"total":1,"covered":1,"skipped":0,"pct":100},"branches":{"total":0,"covered":0,"skipped":0,"pct":100}}
,"/home/runner/work/OODS-Forge/OODS-Forge/src/components/base/Button.tsx": {"lines":{"total":1,"covered":1,"skipped":0,"pct":100},"functions":{"total":0,"covered":0,"skipped":0,"pct":100},"statements":{"total":1,"covered":1,"skipped":0,"pct":100},"branches":{"total":0,"covered":0,"skipped":0,"pct":100}}
,"/home/runner/work/OODS-Forge/OODS-Forge/src/components/base/Card.tsx": {"lines":{"total":1,"covered":1,"skipped":0,"pct":100},"functions":{"total":0,"covered":0,"skipped":0,"pct":100},"statements":{"total":1,"covered":1,"skipped":0,"pct":100},"branches":{"total":0,"covered":0,"skipped":0,"pct":100}}
,"/home/runner/work/OODS-Forge/OODS-Forge/src/components/base/Checkbox.tsx": {"lines":{"total":1,"covered":1,"skipped":0,"pct":100},"functions":{"total":0,"covered":0,"skipped":0,"pct":100},"statements":{"total":1,"covered":1,"skipped":0,"pct":100},"branches":{"total":0,"covered":0,"skipped":0,"pct":100}}
,"/home/runner/work/OODS-Forge/OODS-Forge/src/components/base/DatePicker.tsx": {"lines":{"total":1,"covered":1,"skipped":0,"pct":100},"functions":{"total":0,"covered":0,"skipped":0,"pct":100},"statements":{"total":1,"covered":1,"skipped":0,"pct":100},"branches":{"total":0,"covered":0,"skipped":0,"pct":100}}
,"/home/runner/work/OODS-Forge/OODS-Forge/src/components/base/Grid.tsx": {"lines":{"total":1,"covered":0,"skipped":0,"pct":0},"functions":{"total":1,"covered":1,"skipped":0,"pct":100},"statements":{"total":1,"covered":0,"skipped":0,"pct":0},"branches":{"total":1,"covered":1,"skipped":0,"pct":100}}
,"/home/runner/work/OODS-Forge/OODS-Forge/src/components/base/Input.tsx": {"lines":{"total":1,"covered":0,"skipped":0,"pct":0},"functions":{"total":1,"covered":1,"skipped":0,"pct":100},"statements":{"total":1,"covered":0,"skipped":0,"pct":0},"branches":{"total":1,"covered":1,"skipped":0,"pct":100}}
,"/home/runner/work/OODS-Forge/OODS-Forge/src/components/base/Select.tsx": {"lines":{"total":1,"covered":1,"skipped":0,"pct":100},"functions":{"total":0,"covered":0,"skipped":0,"pct":100},"statements":{"total":1,"covered":1,"skipped":0,"pct":100},"branches":{"total":0,"covered":0,"skipped":0,"pct":100}}
,"/home/runner/work/OODS-Forge/OODS-Forge/src/components/base/Stack.tsx": {"lines":{"total":1,"covered":0,"skipped":0,"pct":0},"functions":{"total":1,"covered":1,"skipped":0,"pct":100},"statements":{"total":1,"covered":0,"skipped":0,"pct":0},"branches":{"total":1,"covered":1,"skipped":0,"pct":100}}
,"/home/runner/work/OODS-Forge/OODS-Forge/src/components/base/Table.tsx": {"lines":{"total":8,"covered":8,"skipped":0,"pct":100},"functions":{"total":0,"covered":0,"skipped":0,"pct":100},"statements":{"total":8,"covered":8,"skipped":0,"pct":100},"branches":{"total":0,"covered":0,"skipped":0,"pct":100}}
,"/home/runner/work/OODS-Forge/OODS-Forge/src/components/base/Text.tsx": {"lines":{"total":1,"covered":1,"skipped":0,"pct":100},"functions":{"total":0,"covered":0,"skipped":0,"pct":100},"statements":{"total":1,"covered":1,"skipped":0,"pct":100},"branches":{"total":0,"covered":0,"skipped":0,"pct":100}}
,"/home/runner/work/OODS-Forge/OODS-Forge/src/components/base/TextField.tsx": {"lines":{"total":1,"covered":1,"skipped":0,"pct":100},"functions":{"total":0,"covered":0,"skipped":0,"pct":100},"statements":{"total":1,"covered":1,"skipped":0,"pct":100},"branches":{"total":0,"covered":0,"skipped":0,"pct":100}}
,"/home/runner/work/OODS-Forge/OODS-Forge/src/components/base/Textarea.tsx": {"lines":{"total":1,"covered":1,"skipped":0,"pct":100},"functions":{"total":0,"covered":0,"skipped":0,"pct":100},"statements":{"total":1,"covered":1,"skipped":0,"pct":100},"branches":{"total":0,"covered":0,"skipped":0,"pct":100}}
,"/home/runner/work/OODS-Forge/OODS-Forge/src/components/base/Toast.tsx": {"lines":{"total":169,"covered":158,"skipped":0,"pct":93.49},"functions":{"total":7,"covered":6,"skipped":0,"pct":85.71},"statements":{"total":169,"covered":158,"skipped":0,"pct":93.49},"branches":{"total":52,"covered":42,"skipped":0,"pct":80.76}}
,"/home/runner/work/OODS-Forge/OODS-Forge/src/components/base/fieldUtils.ts": {"lines":{"total":45,"covered":30,"skipped":0,"pct":66.66},"functions":{"total":2,"covered":1,"skipped":0,"pct":50},"statements":{"total":45,"covered":30,"skipped":0,"pct":66.66},"branches":{"total":12,"covered":4,"skipped":0,"pct":33.33}}
,"/home/runner/work/OODS-Forge/OODS-Forge/src/components/breadcrumbs/Breadcrumbs.tsx": {"lines":{"total":330,"covered":291,"skipped":0,"pct":88.18},"functions":{"total":10,"covered":8,"skipped":0,"pct":80},"statements":{"total":330,"covered":291,"skipped":0,"pct":88.18},"branches":{"total":82,"covered":63,"skipped":0,"pct":76.82}}
,"/home/runner/work/OODS-Forge/OODS-Forge/src/components/breadcrumbs/index.ts": {"lines":{"total":2,"covered":0,"skipped":0,"pct":0},"functions":{"total":1,"covered":1,"skipped":0,"pct":100},"statements":{"total":2,"covered":0,"skipped":0,"pct":0},"branches":{"total":1,"covered":1,"skipped":0,"pct":100}}
,"/home/runner/work/OODS-Forge/OODS-Forge/src/components/breadcrumbs/tokens.ts": {"lines":{"total":19,"covered":19,"skipped":0,"pct":100},"functions":{"total":1,"covered":1,"skipped":0,"pct":100},"statements":{"total":19,"covered":19,"skipped":0,"pct":100},"branches":{"total":1,"covered":1,"skipped":0,"pct":100}}
,"/home/runner/work/OODS-Forge/OODS-Forge/src/components/breadcrumbs/types.ts": {"lines":{"total":0,"covered":0,"skipped":0,"pct":0},"functions":{"total":1,"covered":1,"skipped":0,"pct":0},"statements":{"total":0,"covered":0,"skipped":0,"pct":0},"branches":{"total":1,"covered":1,"skipped":0,"pct":0}}
,"/home/runner/work/OODS-Forge/OODS-Forge/src/components/classification/CategoryBreadcrumb.tsx": {"lines":{"total":41,"covered":33,"skipped":0,"pct":80.48},"functions":{"total":2,"covered":1,"skipped":0,"pct":50},"statements":{"total":41,"covered":33,"skipped":0,"pct":80.48},"branches":{"total":7,"covered":2,"skipped":0,"pct":28.57}}
,"/home/runner/work/OODS-Forge/OODS-Forge/src/components/classification/CategoryNode.tsx": {"lines":{"total":122,"covered":114,"skipped":0,"pct":93.44},"functions":{"total":3,"covered":2,"skipped":0,"pct":66.66},"statements":{"total":122,"covered":114,"skipped":0,"pct":93.44},"branches":{"total":36,"covered":30,"skipped":0,"pct":83.33}}
,"/home/runner/work/OODS-Forge/OODS-Forge/src/components/classification/CategoryPicker.tsx": {"lines":{"total":184,"covered":171,"skipped":0,"pct":92.93},"functions":{"total":6,"covered":3,"skipped":0,"pct":50},"statements":{"total":184,"covered":171,"skipped":0,"pct":92.93},"branches":{"total":31,"covered":23,"skipped":0,"pct":74.19}}
,"/home/runner/work/OODS-Forge/OODS-Forge/src/components/classification/CategoryTree.tsx": {"lines":{"total":208,"covered":188,"skipped":0,"pct":90.38},"functions":{"total":7,"covered":5,"skipped":0,"pct":71.42},"statements":{"total":208,"covered":188,"skipped":0,"pct":90.38},"branches":{"total":43,"covered":29,"skipped":0,"pct":67.44}}
,"/home/runner/work/OODS-Forge/OODS-Forge/src/components/classification/TagAutocomplete.tsx": {"lines":{"total":67,"covered":62,"skipped":0,"pct":92.53},"functions":{"total":5,"covered":3,"skipped":0,"pct":60},"statements":{"total":67,"covered":62,"skipped":0,"pct":92.53},"branches":{"total":15,"covered":13,"skipped":0,"pct":86.66}}
,"/home/runner/work/OODS-Forge/OODS-Forge/src/components/classification/TagGovernanceDashboard.tsx": {"lines":{"total":147,"covered":0,"skipped":0,"pct":0},"functions":{"total":1,"covered":0,"skipped":0,"pct":0},"statements":{"total":147,"covered":0,"skipped":0,"pct":0},"branches":{"total":1,"covered":0,"skipped":0,"pct":0}}
,"/home/runner/work/OODS-Forge/OODS-Forge/src/components/classification/TagInput.tsx": {"lines":{"total":342,"covered":262,"skipped":0,"pct":76.6},"functions":{"total":14,"covered":11,"skipped":0,"pct":78.57},"statements":{"total":342,"covered":262,"skipped":0,"pct":76.6},"branches":{"total":70,"covered":38,"skipped":0,"pct":54.28}}
,"/home/runner/work/OODS-Forge/OODS-Forge/src/components/classification/TagList.tsx": {"lines":{"total":56,"covered":0,"skipped":0,"pct":0},"functions":{"total":1,"covered":0,"skipped":0,"pct":0},"statements":{"total":56,"covered":0,"skipped":0,"pct":0},"branches":{"total":1,"covered":0,"skipped":0,"pct":0}}
,"/home/runner/work/OODS-Forge/OODS-Forge/src/components/classification/TagPill.tsx": {"lines":{"total":68,"covered":42,"skipped":0,"pct":61.76},"functions":{"total":3,"covered":1,"skipped":0,"pct":33.33},"statements":{"total":68,"covered":42,"skipped":0,"pct":61.76},"branches":{"total":9,"covered":1,"skipped":0,"pct":11.11}}
,"/home/runner/work/OODS-Forge/OODS-Forge/src/components/classification/index.ts": {"lines":{"total":8,"covered":0,"skipped":0,"pct":0},"functions":{"total":1,"covered":0,"skipped":0,"pct":0},"statements":{"total":8,"covered":0,"skipped":0,"pct":0},"branches":{"total":1,"covered":0,"skipped":0,"pct":0}}
,"/home/runner/work/OODS-Forge/OODS-Forge/src/components/communication/ChannelPlanEditor.tsx": {"lines":{"total":205,"covered":155,"skipped":0,"pct":75.6},"functions":{"total":2,"covered":2,"skipped":0,"pct":100},"statements":{"total":205,"covered":155,"skipped":0,"pct":75.6},"branches":{"total":9,"covered":4,"skipped":0,"pct":44.44}}
,"/home/runner/work/OODS-Forge/OODS-Forge/src/components/communication/ConversationThread.tsx": {"lines":{"total":107,"covered":102,"skipped":0,"pct":95.32},"functions":{"total":4,"covered":4,"skipped":0,"pct":100},"statements":{"total":107,"covered":102,"skipped":0,"pct":95.32},"branches":{"total":21,"covered":18,"skipped":0,"pct":85.71}}
,"/home/runner/work/OODS-Forge/OODS-Forge/src/components/communication/DeliveryHealthWidget.tsx": {"lines":{"total":124,"covered":112,"skipped":0,"pct":90.32},"functions":{"total":5,"covered":5,"skipped":0,"pct":100},"statements":{"total":124,"covered":112,"skipped":0,"pct":90.32},"branches":{"total":19,"covered":7,"skipped":0,"pct":36.84}}
,"/home/runner/work/OODS-Forge/OODS-Forge/src/components/communication/MessageTimeline.tsx": {"lines":{"total":166,"covered":145,"skipped":0,"pct":87.34},"functions":{"total":12,"covered":11,"skipped":0,"pct":91.66},"statements":{"total":166,"covered":145,"skipped":0,"pct":87.34},"branches":{"total":46,"covered":33,"skipped":0,"pct":71.73}}
,"/home/runner/work/OODS-Forge/OODS-Forge/src/components/empty-state/EmptyState.tsx": {"lines":{"total":132,"covered":132,"skipped":0,"pct":100},"functions":{"total":0,"covered":0,"skipped":0,"pct":100},"statements":{"total":132,"covered":132,"skipped":0,"pct":100},"branches":{"total":33,"covered":31,"skipped":0,"pct":93.93}}
,"/home/runner/work/OODS-Forge/OODS-Forge/src/components/empty-state/index.ts": {"lines":{"total":2,"covered":0,"skipped":0,"pct":0},"functions":{"total":1,"covered":0,"skipped":0,"pct":0},"statements":{"total":2,"covered":0,"skipped":0,"pct":0},"branches":{"total":1,"covered":0,"skipped":0,"pct":0}}
,"/home/runner/work/OODS-Forge/OODS-Forge/src/components/empty-state/tokens.ts": {"lines":{"total":32,"covered":32,"skipped":0,"pct":100},"functions":{"total":1,"covered":1,"skipped":0,"pct":100},"statements":{"total":32,"covered":32,"skipped":0,"pct":100},"branches":{"total":1,"covered":1,"skipped":0,"pct":100}}
,"/home/runner/work/OODS-Forge/OODS-Forge/src/components/navigation/a11y.ts": {"lines":{"total":69,"covered":0,"skipped":0,"pct":0},"functions":{"total":1,"covered":1,"skipped":0,"pct":100},"statements":{"total":69,"covered":0,"skipped":0,"pct":0},"branches":{"total":1,"covered":1,"skipped":0,"pct":100}}
,"/home/runner/work/OODS-Forge/OODS-Forge/src/components/page/PageHeader.tsx": {"lines":{"total":95,"covered":92,"skipped":0,"pct":96.84},"functions":{"total":2,"covered":2,"skipped":0,"pct":100},"statements":{"total":95,"covered":92,"skipped":0,"pct":96.84},"branches":{"total":22,"covered":18,"skipped":0,"pct":81.81}}
,"/home/runner/work/OODS-Forge/OODS-Forge/src/components/pagination/Pagination.tsx": {"lines":{"total":169,"covered":166,"skipped":0,"pct":98.22},"functions":{"total":6,"covered":6,"skipped":0,"pct":100},"statements":{"total":169,"covered":166,"skipped":0,"pct":98.22},"branches":{"total":37,"covered":33,"skipped":0,"pct":89.18}}
,"/home/runner/work/OODS-Forge/OODS-Forge/src/components/pagination/index.ts": {"lines":{"total":2,"covered":0,"skipped":0,"pct":0},"functions":{"total":1,"covered":1,"skipped":0,"pct":100},"statements":{"total":2,"covered":0,"skipped":0,"pct":0},"branches":{"total":1,"covered":1,"skipped":0,"pct":100}}
,"/home/runner/work/OODS-Forge/OODS-Forge/src/components/pagination/tokens.ts": {"lines":{"total":23,"covered":23,"skipped":0,"pct":100},"functions":{"total":1,"covered":1,"skipped":0,"pct":100},"statements":{"total":23,"covered":23,"skipped":0,"pct":100},"branches":{"total":1,"covered":1,"skipped":0,"pct":100}}
,"/home/runner/work/OODS-Forge/OODS-Forge/src/components/pagination/types.ts": {"lines":{"total":0,"covered":0,"skipped":0,"pct":0},"functions":{"total":1,"covered":1,"skipped":0,"pct":0},"statements":{"total":0,"covered":0,"skipped":0,"pct":0},"branches":{"total":1,"covered":1,"skipped":0,"pct":0}}
,"/home/runner/work/OODS-Forge/OODS-Forge/src/components/pagination/usePagination.ts": {"lines":{"total":168,"covered":164,"skipped":0,"pct":97.61},"functions":{"total":7,"covered":7,"skipped":0,"pct":100},"statements":{"total":168,"covered":164,"skipped":0,"pct":97.61},"branches":{"total":48,"covered":43,"skipped":0,"pct":89.58}}
,"/home/runner/work/OODS-Forge/OODS-Forge/src/components/preferences/ChannelToggle.tsx": {"lines":{"total":51,"covered":49,"skipped":0,"pct":96.07},"functions":{"total":1,"covered":1,"skipped":0,"pct":100},"statements":{"total":51,"covered":49,"skipped":0,"pct":96.07},"branches":{"total":11,"covered":8,"skipped":0,"pct":72.72}}
,"/home/runner/work/OODS-Forge/OODS-Forge/src/components/preferences/NotificationMatrix.tsx": {"lines":{"total":154,"covered":148,"skipped":0,"pct":96.1},"functions":{"total":3,"covered":3,"skipped":0,"pct":100},"statements":{"total":154,"covered":148,"skipped":0,"pct":96.1},"branches":{"total":31,"covered":26,"skipped":0,"pct":83.87}}
,"/home/runner/work/OODS-Forge/OODS-Forge/src/components/preferences/PreferenceForm.tsx": {"lines":{"total":130,"covered":123,"skipped":0,"pct":94.61},"functions":{"total":3,"covered":3,"skipped":0,"pct":100},"statements":{"total":130,"covered":123,"skipped":0,"pct":94.61},"branches":{"total":26,"covered":14,"skipped":0,"pct":53.84}}
,"/home/runner/work/OODS-Forge/OODS-Forge/src/components/preferences/PreferencePreview.tsx": {"lines":{"total":138,"covered":0,"skipped":0,"pct":0},"functions":{"total":1,"covered":0,"skipped":0,"pct":0},"statements":{"total":138,"covered":0,"skipped":0,"pct":0},"branches":{"total":1,"covered":0,"skipped":0,"pct":0}}
,"/home/runner/work/OODS-Forge/OODS-Forge/src/components/preferences/index.ts": {"lines":{"total":5,"covered":0,"skipped":0,"pct":0},"functions":{"total":1,"covered":0,"skipped":0,"pct":0},"statements":{"total":5,"covered":0,"skipped":0,"pct":0},"branches":{"total":1,"covered":0,"skipped":0,"pct":0}}
,"/home/runner/work/OODS-Forge/OODS-Forge/src/components/preferences/oods-rjsf-theme.tsx": {"lines":{"total":340,"covered":295,"skipped":0,"pct":86.76},"functions":{"total":29,"covered":18,"skipped":0,"pct":62.06},"statements":{"total":340,"covered":295,"skipped":0,"pct":86.76},"branches":{"total":65,"covered":47,"skipped":0,"pct":72.3}}
,"/home/runner/work/OODS-Forge/OODS-Forge/src/components/progress/ProgressCircular.tsx": {"lines":{"total":104,"covered":103,"skipped":0,"pct":99.03},"functions":{"total":0,"covered":0,"skipped":0,"pct":100},"statements":{"total":104,"covered":103,"skipped":0,"pct":99.03},"branches":{"total":16,"covered":15,"skipped":0,"pct":93.75}}
,"/home/runner/work/OODS-Forge/OODS-Forge/src/components/progress/ProgressLinear.tsx": {"lines":{"total":84,"covered":83,"skipped":0,"pct":98.8},"functions":{"total":0,"covered":0,"skipped":0,"pct":100},"statements":{"total":84,"covered":83,"skipped":0,"pct":98.8},"branches":{"total":16,"covered":15,"skipped":0,"pct":93.75}}
,"/home/runner/work/OODS-Forge/OODS-Forge/src/components/progress/index.ts": {"lines":{"total":2,"covered":0,"skipped":0,"pct":0},"functions":{"total":1,"covered":1,"skipped":0,"pct":100},"statements":{"total":2,"covered":0,"skipped":0,"pct":0},"branches":{"total":1,"covered":1,"skipped":0,"pct":100}}
,"/home/runner/work/OODS-Forge/OODS-Forge/src/components/progress/tokens.ts": {"lines":{"total":17,"covered":17,"skipped":0,"pct":100},"functions":{"total":1,"covered":1,"skipped":0,"pct":100},"statements":{"total":17,"covered":17,"skipped":0,"pct":100},"branches":{"total":2,"covered":1,"skipped":0,"pct":50}}
,"/home/runner/work/OODS-Forge/OODS-Forge/src/components/progress/types.ts": {"lines":{"total":0,"covered":0,"skipped":0,"pct":0},"functions":{"total":1,"covered":1,"skipped":0,"pct":0},"statements":{"total":0,"covered":0,"skipped":0,"pct":0},"branches":{"total":1,"covered":1,"skipped":0,"pct":0}}
,"/home/runner/work/OODS-Forge/OODS-Forge/src/components/statusables/statusGlyph.ts": {"lines":{"total":1,"covered":1,"skipped":0,"pct":100},"functions":{"total":0,"covered":0,"skipped":0,"pct":100},"statements":{"total":1,"covered":1,"skipped":0,"pct":100},"branches":{"total":0,"covered":0,"skipped":0,"pct":100}}
,"/home/runner/work/OODS-Forge/OODS-Forge/src/components/statusables/statusRegistry.ts": {"lines":{"total":1,"covered":1,"skipped":0,"pct":100},"functions":{"total":0,"covered":0,"skipped":0,"pct":100},"statements":{"total":1,"covered":1,"skipped":0,"pct":100},"branches":{"total":0,"covered":0,"skipped":0,"pct":100}}
,"/home/runner/work/OODS-Forge/OODS-Forge/src/components/stepper/Stepper.tsx": {"lines":{"total":202,"covered":190,"skipped":0,"pct":94.05},"functions":{"total":3,"covered":1,"skipped":0,"pct":33.33},"statements":{"total":202,"covered":190,"skipped":0,"pct":94.05},"branches":{"total":55,"covered":52,"skipped":0,"pct":94.54}}
,"/home/runner/work/OODS-Forge/OODS-Forge/src/components/stepper/index.ts": {"lines":{"total":1,"covered":0,"skipped":0,"pct":0},"functions":{"total":1,"covered":1,"skipped":0,"pct":100},"statements":{"total":1,"covered":0,"skipped":0,"pct":0},"branches":{"total":1,"covered":1,"skipped":0,"pct":100}}
,"/home/runner/work/OODS-Forge/OODS-Forge/src/components/stepper/types.ts": {"lines":{"total":0,"covered":0,"skipped":0,"pct":0},"functions":{"total":1,"covered":1,"skipped":0,"pct":0},"statements":{"total":0,"covered":0,"skipped":0,"pct":0},"branches":{"total":1,"covered":1,"skipped":0,"pct":0}}
,"/home/runner/work/OODS-Forge/OODS-Forge/src/components/tabs/Tabs.tsx": {"lines":{"total":1,"covered":1,"skipped":0,"pct":100},"functions":{"total":0,"covered":0,"skipped":0,"pct":100},"statements":{"total":1,"covered":1,"skipped":0,"pct":100},"branches":{"total":0,"covered":0,"skipped":0,"pct":100}}
,"/home/runner/work/OODS-Forge/OODS-Forge/src/components/tabs/index.ts": {"lines":{"total":3,"covered":0,"skipped":0,"pct":0},"functions":{"total":1,"covered":1,"skipped":0,"pct":100},"statements":{"total":3,"covered":0,"skipped":0,"pct":0},"branches":{"total":1,"covered":1,"skipped":0,"pct":100}}
,"/home/runner/work/OODS-Forge/OODS-Forge/src/components/tabs/tokens.ts": {"lines":{"total":24,"covered":0,"skipped":0,"pct":0},"functions":{"total":1,"covered":1,"skipped":0,"pct":100},"statements":{"total":24,"covered":0,"skipped":0,"pct":0},"branches":{"total":1,"covered":1,"skipped":0,"pct":100}}
,"/home/runner/work/OODS-Forge/OODS-Forge/src/components/tabs/types.ts": {"lines":{"total":1,"covered":0,"skipped":0,"pct":0},"functions":{"total":1,"covered":1,"skipped":0,"pct":100},"statements":{"total":1,"covered":0,"skipped":0,"pct":0},"branches":{"total":1,"covered":1,"skipped":0,"pct":100}}
,"/home/runner/work/OODS-Forge/OODS-Forge/src/components/tabs/useOverflowMenu.ts": {"lines":{"total":113,"covered":0,"skipped":0,"pct":0},"functions":{"total":1,"covered":1,"skipped":0,"pct":100},"statements":{"total":113,"covered":0,"skipped":0,"pct":0},"branches":{"total":1,"covered":1,"skipped":0,"pct":100}}
,"/home/runner/work/OODS-Forge/OODS-Forge/src/components/tabs/useTabs.ts": {"lines":{"total":176,"covered":0,"skipped":0,"pct":0},"functions":{"total":1,"covered":1,"skipped":0,"pct":100},"statements":{"total":176,"covered":0,"skipped":0,"pct":0},"branches":{"total":1,"covered":1,"skipped":0,"pct":100}}
,"/home/runner/work/OODS-Forge/OODS-Forge/src/components/toast/ToastPortal.tsx": {"lines":{"total":124,"covered":109,"skipped":0,"pct":87.9},"functions":{"total":4,"covered":3,"skipped":0,"pct":75},"statements":{"total":124,"covered":109,"skipped":0,"pct":87.9},"branches":{"total":22,"covered":15,"skipped":0,"pct":68.18}}
,"/home/runner/work/OODS-Forge/OODS-Forge/src/components/toast/toastService.ts": {"lines":{"total":137,"covered":135,"skipped":0,"pct":98.54},"functions":{"total":25,"covered":25,"skipped":0,"pct":100},"statements":{"total":137,"covered":135,"skipped":0,"pct":98.54},"branches":{"total":45,"covered":43,"skipped":0,"pct":95.55}}
,"/home/runner/work/OODS-Forge/OODS-Forge/src/components/viz/AccessibleTable.tsx": {"lines":{"total":83,"covered":79,"skipped":0,"pct":95.18},"functions":{"total":2,"covered":2,"skipped":0,"pct":100},"statements":{"total":83,"covered":79,"skipped":0,"pct":95.18},"branches":{"total":20,"covered":16,"skipped":0,"pct":80}}
,"/home/runner/work/OODS-Forge/OODS-Forge/src/components/viz/AreaChart.tsx": {"lines":{"total":461,"covered":347,"skipped":0,"pct":75.27},"functions":{"total":20,"covered":16,"skipped":0,"pct":80},"statements":{"total":461,"covered":347,"skipped":0,"pct":75.27},"branches":{"total":115,"covered":72,"skipped":0,"pct":62.6}}
,"/home/runner/work/OODS-Forge/OODS-Forge/src/components/viz/BarChart.tsx": {"lines":{"total":82,"covered":59,"skipped":0,"pct":71.95},"functions":{"total":1,"covered":1,"skipped":0,"pct":100},"statements":{"total":82,"covered":59,"skipped":0,"pct":71.95},"branches":{"total":15,"covered":12,"skipped":0,"pct":80}}
,"/home/runner/work/OODS-Forge/OODS-Forge/src/components/viz/BubbleChart.tsx": {"lines":{"total":4,"covered":0,"skipped":0,"pct":0},"functions":{"total":1,"covered":1,"skipped":0,"pct":100},"statements":{"total":4,"covered":0,"skipped":0,"pct":0},"branches":{"total":1,"covered":1,"skipped":0,"pct":100}}
,"/home/runner/work/OODS-Forge/OODS-Forge/src/components/viz/ChartDescription.tsx": {"lines":{"total":25,"covered":24,"skipped":0,"pct":96},"functions":{"total":1,"covered":1,"skipped":0,"pct":100},"statements":{"total":25,"covered":24,"skipped":0,"pct":96},"branches":{"total":6,"covered":2,"skipped":0,"pct":33.33}}
,"/home/runner/work/OODS-Forge/OODS-Forge/src/components/viz/ForceGraph.tsx": {"lines":{"total":193,"covered":155,"skipped":0,"pct":80.31},"functions":{"total":3,"covered":3,"skipped":0,"pct":100},"statements":{"total":193,"covered":155,"skipped":0,"pct":80.31},"branches":{"total":31,"covered":16,"skipped":0,"pct":51.61}}
,"/home/runner/work/OODS-Forge/OODS-Forge/src/components/viz/Heatmap.tsx": {"lines":{"total":645,"covered":513,"skipped":0,"pct":79.53},"functions":{"total":25,"covered":24,"skipped":0,"pct":96},"statements":{"total":645,"covered":513,"skipped":0,"pct":79.53},"branches":{"total":150,"covered":99,"skipped":0,"pct":66}}
,"/home/runner/work/OODS-Forge/OODS-Forge/src/components/viz/LineChart.tsx": {"lines":{"total":197,"covered":147,"skipped":0,"pct":74.61},"functions":{"total":4,"covered":4,"skipped":0,"pct":100},"statements":{"total":197,"covered":147,"skipped":0,"pct":74.61},"branches":{"total":56,"covered":44,"skipped":0,"pct":78.57}}
,"/home/runner/work/OODS-Forge/OODS-Forge/src/components/viz/Sankey.tsx": {"lines":{"total":190,"covered":165,"skipped":0,"pct":86.84},"functions":{"total":3,"covered":3,"skipped":0,"pct":100},"statements":{"total":190,"covered":165,"skipped":0,"pct":86.84},"branches":{"total":34,"covered":22,"skipped":0,"pct":64.7}}
,"/home/runner/work/OODS-Forge/OODS-Forge/src/components/viz/ScatterChart.tsx": {"lines":{"total":282,"covered":209,"skipped":0,"pct":74.11},"functions":{"total":10,"covered":9,"skipped":0,"pct":90},"statements":{"total":282,"covered":209,"skipped":0,"pct":74.11},"branches":{"total":62,"covered":44,"skipped":0,"pct":70.96}}
,"/home/runner/work/OODS-Forge/OODS-Forge/src/components/viz/SharedLegend.tsx": {"lines":{"total":91,"covered":75,"skipped":0,"pct":82.41},"functions":{"total":4,"covered":4,"skipped":0,"pct":100},"statements":{"total":91,"covered":75,"skipped":0,"pct":82.41},"branches":{"total":25,"covered":15,"skipped":0,"pct":60}}
,"/home/runner/work/OODS-Forge/OODS-Forge/src/components/viz/Sunburst.tsx": {"lines":{"total":149,"covered":117,"skipped":0,"pct":78.52},"functions":{"total":3,"covered":3,"skipped":0,"pct":100},"statements":{"total":149,"covered":117,"skipped":0,"pct":78.52},"branches":{"total":26,"covered":17,"skipped":0,"pct":65.38}}
,"/home/runner/work/OODS-Forge/OODS-Forge/src/components/viz/Treemap.tsx": {"lines":{"total":156,"covered":124,"skipped":0,"pct":79.48},"functions":{"total":3,"covered":3,"skipped":0,"pct":100},"statements":{"total":156,"covered":124,"skipped":0,"pct":79.48},"branches":{"total":30,"covered":18,"skipped":0,"pct":60}}
,"/home/runner/work/OODS-Forge/OODS-Forge/src/components/viz/VizContainer.tsx": {"lines":{"total":56,"covered":56,"skipped":0,"pct":100},"functions":{"total":2,"covered":2,"skipped":0,"pct":100},"statements":{"total":56,"covered":56,"skipped":0,"pct":100},"branches":{"total":18,"covered":10,"skipped":0,"pct":55.55}}
,"/home/runner/work/OODS-Forge/OODS-Forge/src/components/viz/VizFacetGrid.tsx": {"lines":{"total":241,"covered":208,"skipped":0,"pct":86.3},"functions":{"total":8,"covered":7,"skipped":0,"pct":87.5},"statements":{"total":241,"covered":208,"skipped":0,"pct":86.3},"branches":{"total":54,"covered":49,"skipped":0,"pct":90.74}}
,"/home/runner/work/OODS-Forge/OODS-Forge/src/components/viz/VizLayeredView.tsx": {"lines":{"total":181,"covered":148,"skipped":0,"pct":81.76},"functions":{"total":6,"covered":5,"skipped":0,"pct":83.33},"statements":{"total":181,"covered":148,"skipped":0,"pct":81.76},"branches":{"total":45,"covered":33,"skipped":0,"pct":73.33}}
,"/home/runner/work/OODS-Forge/OODS-Forge/src/components/viz/index.ts": {"lines":{"total":12,"covered":0,"skipped":0,"pct":0},"functions":{"total":1,"covered":0,"skipped":0,"pct":0},"statements":{"total":12,"covered":0,"skipped":0,"pct":0},"branches":{"total":1,"covered":0,"skipped":0,"pct":0}}
,"/home/runner/work/OODS-Forge/OODS-Forge/src/components/viz/network-index.ts": {"lines":{"total":8,"covered":0,"skipped":0,"pct":0},"functions":{"total":1,"covered":1,"skipped":0,"pct":100},"statements":{"total":8,"covered":0,"skipped":0,"pct":0},"branches":{"total":1,"covered":1,"skipped":0,"pct":100}}
,"/home/runner/work/OODS-Forge/OODS-Forge/src/components/viz/a11y/GraphA11yFallback.tsx": {"lines":{"total":147,"covered":147,"skipped":0,"pct":100},"functions":{"total":2,"covered":2,"skipped":0,"pct":100},"statements":{"total":147,"covered":147,"skipped":0,"pct":100},"branches":{"total":17,"covered":15,"skipped":0,"pct":88.23}}
,"/home/runner/work/OODS-Forge/OODS-Forge/src/components/viz/a11y/SankeyA11yFallback.tsx": {"lines":{"total":164,"covered":164,"skipped":0,"pct":100},"functions":{"total":3,"covered":3,"skipped":0,"pct":100},"statements":{"total":164,"covered":164,"skipped":0,"pct":100},"branches":{"total":20,"covered":18,"skipped":0,"pct":90}}
,"/home/runner/work/OODS-Forge/OODS-Forge/src/components/viz/a11y/SunburstA11yFallback.tsx": {"lines":{"total":139,"covered":132,"skipped":0,"pct":94.96},"functions":{"total":5,"covered":4,"skipped":0,"pct":80},"statements":{"total":139,"covered":132,"skipped":0,"pct":94.96},"branches":{"total":26,"covered":17,"skipped":0,"pct":65.38}}
,"/home/runner/work/OODS-Forge/OODS-Forge/src/components/viz/a11y/TreemapA11yFallback.tsx": {"lines":{"total":115,"covered":115,"skipped":0,"pct":100},"functions":{"total":4,"covered":4,"skipped":0,"pct":100},"statements":{"total":115,"covered":115,"skipped":0,"pct":100},"branches":{"total":19,"covered":16,"skipped":0,"pct":84.21}}
,"/home/runner/work/OODS-Forge/OODS-Forge/src/components/viz/a11y/format-compact.ts": {"lines":{"total":9,"covered":9,"skipped":0,"pct":100},"functions":{"total":1,"covered":1,"skipped":0,"pct":100},"statements":{"total":9,"covered":9,"skipped":0,"pct":100},"branches":{"total":5,"covered":5,"skipped":0,"pct":100}}
,"/home/runner/work/OODS-Forge/OODS-Forge/src/components/viz/a11y/index.ts": {"lines":{"total":4,"covered":0,"skipped":0,"pct":0},"functions":{"total":1,"covered":1,"skipped":0,"pct":100},"statements":{"total":4,"covered":0,"skipped":0,"pct":0},"branches":{"total":1,"covered":1,"skipped":0,"pct":100}}
,"/home/runner/work/OODS-Forge/OODS-Forge/src/components/viz/spatial/AccessibleMapFallback.stories.tsx": {"lines":{"total":134,"covered":0,"skipped":0,"pct":0},"functions":{"total":1,"covered":1,"skipped":0,"pct":100},"statements":{"total":134,"covered":0,"skipped":0,"pct":0},"branches":{"total":1,"covered":1,"skipped":0,"pct":100}}
,"/home/runner/work/OODS-Forge/OODS-Forge/src/components/viz/spatial/AccessibleMapFallback.tsx": {"lines":{"total":183,"covered":157,"skipped":0,"pct":85.79},"functions":{"total":8,"covered":7,"skipped":0,"pct":87.5},"statements":{"total":183,"covered":157,"skipped":0,"pct":85.79},"branches":{"total":67,"covered":47,"skipped":0,"pct":70.14}}
,"/home/runner/work/OODS-Forge/OODS-Forge/src/components/viz/spatial/BubbleMap.stories.tsx": {"lines":{"total":453,"covered":0,"skipped":0,"pct":0},"functions":{"total":1,"covered":1,"skipped":0,"pct":100},"statements":{"total":453,"covered":0,"skipped":0,"pct":0},"branches":{"total":1,"covered":1,"skipped":0,"pct":100}}
,"/home/runner/work/OODS-Forge/OODS-Forge/src/components/viz/spatial/BubbleMap.tsx": {"lines":{"total":673,"covered":607,"skipped":0,"pct":90.19},"functions":{"total":18,"covered":15,"skipped":0,"pct":83.33},"statements":{"total":673,"covered":607,"skipped":0,"pct":90.19},"branches":{"total":210,"covered":150,"skipped":0,"pct":71.42}}
,"/home/runner/work/OODS-Forge/OODS-Forge/src/components/viz/spatial/BubbleMapCluster.tsx": {"lines":{"total":76,"covered":68,"skipped":0,"pct":89.47},"functions":{"total":1,"covered":1,"skipped":0,"pct":100},"statements":{"total":76,"covered":68,"skipped":0,"pct":89.47},"branches":{"total":3,"covered":2,"skipped":0,"pct":66.66}}
,"/home/runner/work/OODS-Forge/OODS-Forge/src/components/viz/spatial/BubbleMapPoint.tsx": {"lines":{"total":74,"covered":73,"skipped":0,"pct":98.64},"functions":{"total":1,"covered":1,"skipped":0,"pct":100},"statements":{"total":74,"covered":73,"skipped":0,"pct":98.64},"branches":{"total":15,"covered":13,"skipped":0,"pct":86.66}}
,"/home/runner/work/OODS-Forge/OODS-Forge/src/components/viz/spatial/ChoroplethMap.stories.tsx": {"lines":{"total":404,"covered":0,"skipped":0,"pct":0},"functions":{"total":1,"covered":1,"skipped":0,"pct":100},"statements":{"total":404,"covered":0,"skipped":0,"pct":0},"branches":{"total":1,"covered":1,"skipped":0,"pct":100}}
,"/home/runner/work/OODS-Forge/OODS-Forge/src/components/viz/spatial/ChoroplethMap.tsx": {"lines":{"total":609,"covered":482,"skipped":0,"pct":79.14},"functions":{"total":21,"covered":14,"skipped":0,"pct":66.66},"statements":{"total":609,"covered":482,"skipped":0,"pct":79.14},"branches":{"total":134,"covered":91,"skipped":0,"pct":67.91}}
,"/home/runner/work/OODS-Forge/OODS-Forge/src/components/viz/spatial/ChoroplethMapRegion.tsx": {"lines":{"total":157,"covered":152,"skipped":0,"pct":96.81},"functions":{"total":8,"covered":8,"skipped":0,"pct":100},"statements":{"total":157,"covered":152,"skipped":0,"pct":96.81},"branches":{"total":56,"covered":38,"skipped":0,"pct":67.85}}
,"/home/runner/work/OODS-Forge/OODS-Forge/src/components/viz/spatial/MapControls.stories.tsx": {"lines":{"total":118,"covered":0,"skipped":0,"pct":0},"functions":{"total":1,"covered":1,"skipped":0,"pct":100},"statements":{"total":118,"covered":0,"skipped":0,"pct":0},"branches":{"total":1,"covered":1,"skipped":0,"pct":100}}
,"/home/runner/work/OODS-Forge/OODS-Forge/src/components/viz/spatial/MapControls.tsx": {"lines":{"total":144,"covered":142,"skipped":0,"pct":98.61},"functions":{"total":7,"covered":7,"skipped":0,"pct":100},"statements":{"total":144,"covered":142,"skipped":0,"pct":98.61},"branches":{"total":34,"covered":29,"skipped":0,"pct":85.29}}
,"/home/runner/work/OODS-Forge/OODS-Forge/src/components/viz/spatial/MapLegend.stories.tsx": {"lines":{"total":134,"covered":0,"skipped":0,"pct":0},"functions":{"total":1,"covered":1,"skipped":0,"pct":100},"statements":{"total":134,"covered":0,"skipped":0,"pct":0},"branches":{"total":1,"covered":1,"skipped":0,"pct":100}}
,"/home/runner/work/OODS-Forge/OODS-Forge/src/components/viz/spatial/MapLegend.tsx": {"lines":{"total":218,"covered":198,"skipped":0,"pct":90.82},"functions":{"total":5,"covered":5,"skipped":0,"pct":100},"statements":{"total":218,"covered":198,"skipped":0,"pct":90.82},"branches":{"total":74,"covered":62,"skipped":0,"pct":83.78}}
,"/home/runner/work/OODS-Forge/OODS-Forge/src/components/viz/spatial/SpatialContainer.stories.tsx": {"lines":{"total":353,"covered":0,"skipped":0,"pct":0},"functions":{"total":1,"covered":1,"skipped":0,"pct":100},"statements":{"total":353,"covered":0,"skipped":0,"pct":0},"branches":{"total":1,"covered":1,"skipped":0,"pct":100}}
,"/home/runner/work/OODS-Forge/OODS-Forge/src/components/viz/spatial/SpatialContainer.tsx": {"lines":{"total":337,"covered":311,"skipped":0,"pct":92.28},"functions":{"total":10,"covered":8,"skipped":0,"pct":80},"statements":{"total":337,"covered":311,"skipped":0,"pct":92.28},"branches":{"total":94,"covered":71,"skipped":0,"pct":75.53}}
,"/home/runner/work/OODS-Forge/OODS-Forge/src/components/viz/spatial/SpatialContext.tsx": {"lines":{"total":15,"covered":13,"skipped":0,"pct":86.66},"functions":{"total":3,"covered":3,"skipped":0,"pct":100},"statements":{"total":15,"covered":13,"skipped":0,"pct":86.66},"branches":{"total":4,"covered":3,"skipped":0,"pct":75}}
,"/home/runner/work/OODS-Forge/OODS-Forge/src/components/viz/spatial/index.ts": {"lines":{"total":12,"covered":0,"skipped":0,"pct":0},"functions":{"total":1,"covered":1,"skipped":0,"pct":100},"statements":{"total":12,"covered":0,"skipped":0,"pct":0},"branches":{"total":1,"covered":1,"skipped":0,"pct":100}}
,"/home/runner/work/OODS-Forge/OODS-Forge/src/components/viz/spatial/utils/choropleth-utils.ts": {"lines":{"total":137,"covered":51,"skipped":0,"pct":37.22},"functions":{"total":5,"covered":3,"skipped":0,"pct":60},"statements":{"total":137,"covered":51,"skipped":0,"pct":37.22},"branches":{"total":20,"covered":16,"skipped":0,"pct":80}}
,"/home/runner/work/OODS-Forge/OODS-Forge/src/components/viz/spatial/utils/clustering-utils.ts": {"lines":{"total":72,"covered":62,"skipped":0,"pct":86.11},"functions":{"total":3,"covered":3,"skipped":0,"pct":100},"statements":{"total":72,"covered":62,"skipped":0,"pct":86.11},"branches":{"total":21,"covered":19,"skipped":0,"pct":90.47}}
,"/home/runner/work/OODS-Forge/OODS-Forge/src/components/viz/spatial/utils/color-scale-utils.ts": {"lines":{"total":95,"covered":67,"skipped":0,"pct":70.52},"functions":{"total":11,"covered":8,"skipped":0,"pct":72.72},"statements":{"total":95,"covered":67,"skipped":0,"pct":70.52},"branches":{"total":24,"covered":17,"skipped":0,"pct":70.83}}
,"/home/runner/work/OODS-Forge/OODS-Forge/src/components/viz/spatial/utils/keyboard-nav-utils.ts": {"lines":{"total":94,"covered":77,"skipped":0,"pct":81.91},"functions":{"total":6,"covered":5,"skipped":0,"pct":83.33},"statements":{"total":94,"covered":77,"skipped":0,"pct":81.91},"branches":{"total":39,"covered":29,"skipped":0,"pct":74.35}}
,"/home/runner/work/OODS-Forge/OODS-Forge/src/components/viz/spatial/utils/layer-utils.ts": {"lines":{"total":57,"covered":51,"skipped":0,"pct":89.47},"functions":{"total":3,"covered":3,"skipped":0,"pct":100},"statements":{"total":57,"covered":51,"skipped":0,"pct":89.47},"branches":{"total":16,"covered":13,"skipped":0,"pct":81.25}}
,"/home/runner/work/OODS-Forge/OODS-Forge/src/components/viz/spatial/utils/projection-utils.ts": {"lines":{"total":99,"covered":89,"skipped":0,"pct":89.89},"functions":{"total":3,"covered":3,"skipped":0,"pct":100},"statements":{"total":99,"covered":89,"skipped":0,"pct":89.89},"branches":{"total":33,"covered":25,"skipped":0,"pct":75.75}}
,"/home/runner/work/OODS-Forge/OODS-Forge/src/components/viz/spatial/utils/screen-reader-utils.ts": {"lines":{"total":104,"covered":79,"skipped":0,"pct":75.96},"functions":{"total":7,"covered":7,"skipped":0,"pct":100},"statements":{"total":104,"covered":79,"skipped":0,"pct":75.96},"branches":{"total":31,"covered":20,"skipped":0,"pct":64.51}}
,"/home/runner/work/OODS-Forge/OODS-Forge/src/components/viz/spatial/utils/size-scale-utils.ts": {"lines":{"total":78,"covered":49,"skipped":0,"pct":62.82},"functions":{"total":8,"covered":7,"skipped":0,"pct":87.5},"statements":{"total":78,"covered":49,"skipped":0,"pct":62.82},"branches":{"total":14,"covered":7,"skipped":0,"pct":50}}
,"/home/runner/work/OODS-Forge/OODS-Forge/src/compositor/composeDebug.ts": {"lines":{"total":19,"covered":19,"skipped":0,"pct":100},"functions":{"total":1,"covered":1,"skipped":0,"pct":100},"statements":{"total":19,"covered":19,"skipped":0,"pct":100},"branches":{"total":3,"covered":3,"skipped":0,"pct":100}}
,"/home/runner/work/OODS-Forge/OODS-Forge/src/compositor/composeExtensions.ts": {"lines":{"total":209,"covered":189,"skipped":0,"pct":90.43},"functions":{"total":12,"covered":12,"skipped":0,"pct":100},"statements":{"total":209,"covered":189,"skipped":0,"pct":90.43},"branches":{"total":61,"covered":53,"skipped":0,"pct":86.88}}
,"/home/runner/work/OODS-Forge/OODS-Forge/src/compositor/tests/purityHarness.ts": {"lines":{"total":73,"covered":56,"skipped":0,"pct":76.71},"functions":{"total":4,"covered":4,"skipped":0,"pct":100},"statements":{"total":73,"covered":56,"skipped":0,"pct":76.71},"branches":{"total":26,"covered":19,"skipped":0,"pct":73.07}}
,"/home/runner/work/OODS-Forge/OODS-Forge/src/context/buildRenderContext.ts": {"lines":{"total":28,"covered":28,"skipped":0,"pct":100},"functions":{"total":1,"covered":1,"skipped":0,"pct":100},"statements":{"total":28,"covered":28,"skipped":0,"pct":100},"branches":{"total":1,"covered":1,"skipped":0,"pct":100}}
,"/home/runner/work/OODS-Forge/OODS-Forge/src/contexts/CardView.tsx": {"lines":{"total":27,"covered":27,"skipped":0,"pct":100},"functions":{"total":1,"covered":1,"skipped":0,"pct":100},"statements":{"total":27,"covered":27,"skipped":0,"pct":100},"branches":{"total":2,"covered":1,"skipped":0,"pct":50}}
,"/home/runner/work/OODS-Forge/OODS-Forge/src/contexts/ChartView.tsx": {"lines":{"total":48,"covered":48,"skipped":0,"pct":100},"functions":{"total":1,"covered":1,"skipped":0,"pct":100},"statements":{"total":48,"covered":48,"skipped":0,"pct":100},"branches":{"total":1,"covered":1,"skipped":0,"pct":100}}
,"/home/runner/work/OODS-Forge/OODS-Forge/src/contexts/DashboardView.tsx": {"lines":{"total":56,"covered":56,"skipped":0,"pct":100},"functions":{"total":2,"covered":2,"skipped":0,"pct":100},"statements":{"total":56,"covered":56,"skipped":0,"pct":100},"branches":{"total":7,"covered":7,"skipped":0,"pct":100}}
,"/home/runner/work/OODS-Forge/OODS-Forge/src/contexts/DetailView.tsx": {"lines":{"total":47,"covered":47,"skipped":0,"pct":100},"functions":{"total":1,"covered":1,"skipped":0,"pct":100},"statements":{"total":47,"covered":47,"skipped":0,"pct":100},"branches":{"total":2,"covered":2,"skipped":0,"pct":100}}
,"/home/runner/work/OODS-Forge/OODS-Forge/src/contexts/FormView.tsx": {"lines":{"total":47,"covered":47,"skipped":0,"pct":100},"functions":{"total":1,"covered":1,"skipped":0,"pct":100},"statements":{"total":47,"covered":47,"skipped":0,"pct":100},"branches":{"total":1,"covered":1,"skipped":0,"pct":100}}
,"/home/runner/work/OODS-Forge/OODS-Forge/src/contexts/InlineView.tsx": {"lines":{"total":35,"covered":35,"skipped":0,"pct":100},"functions":{"total":1,"covered":1,"skipped":0,"pct":100},"statements":{"total":35,"covered":35,"skipped":0,"pct":100},"branches":{"total":5,"covered":5,"skipped":0,"pct":100}}
,"/home/runner/work/OODS-Forge/OODS-Forge/src/contexts/ListView.tsx": {"lines":{"total":50,"covered":50,"skipped":0,"pct":100},"functions":{"total":1,"covered":1,"skipped":0,"pct":100},"statements":{"total":50,"covered":50,"skipped":0,"pct":100},"branches":{"total":1,"covered":1,"skipped":0,"pct":100}}
,"/home/runner/work/OODS-Forge/OODS-Forge/src/contexts/TimelineView.tsx": {"lines":{"total":54,"covered":54,"skipped":0,"pct":100},"functions":{"total":1,"covered":1,"skipped":0,"pct":100},"statements":{"total":54,"covered":54,"skipped":0,"pct":100},"branches":{"total":3,"covered":3,"skipped":0,"pct":100}}
,"/home/runner/work/OODS-Forge/OODS-Forge/src/contexts/index.ts": {"lines":{"total":28,"covered":24,"skipped":0,"pct":85.71},"functions":{"total":2,"covered":1,"skipped":0,"pct":50},"statements":{"total":28,"covered":24,"skipped":0,"pct":85.71},"branches":{"total":2,"covered":1,"skipped":0,"pct":50}}
,"/home/runner/work/OODS-Forge/OODS-Forge/src/contexts/region-slot.tsx": {"lines":{"total":21,"covered":21,"skipped":0,"pct":100},"functions":{"total":1,"covered":1,"skipped":0,"pct":100},"statements":{"total":21,"covered":21,"skipped":0,"pct":100},"branches":{"total":10,"covered":9,"skipped":0,"pct":90}}
,"/home/runner/work/OODS-Forge/OODS-Forge/src/contexts/regions/chart-regions.tsx": {"lines":{"total":118,"covered":115,"skipped":0,"pct":97.45},"functions":{"total":8,"covered":8,"skipped":0,"pct":100},"statements":{"total":118,"covered":115,"skipped":0,"pct":97.45},"branches":{"total":20,"covered":16,"skipped":0,"pct":80}}
,"/home/runner/work/OODS-Forge/OODS-Forge/src/core/collision-resolver.ts": {"lines":{"total":257,"covered":181,"skipped":0,"pct":70.42},"functions":{"total":9,"covered":8,"skipped":0,"pct":88.88},"statements":{"total":257,"covered":181,"skipped":0,"pct":70.42},"branches":{"total":83,"covered":46,"skipped":0,"pct":55.42}}
,"/home/runner/work/OODS-Forge/OODS-Forge/src/core/composed-object.ts": {"lines":{"total":45,"covered":45,"skipped":0,"pct":100},"functions":{"total":4,"covered":4,"skipped":0,"pct":100},"statements":{"total":45,"covered":45,"skipped":0,"pct":100},"branches":{"total":4,"covered":4,"skipped":0,"pct":100}}
,"/home/runner/work/OODS-Forge/OODS-Forge/src/core/compositor.ts": {"lines":{"total":299,"covered":228,"skipped":0,"pct":76.25},"functions":{"total":6,"covered":5,"skipped":0,"pct":83.33},"statements":{"total":299,"covered":228,"skipped":0,"pct":76.25},"branches":{"total":66,"covered":55,"skipped":0,"pct":83.33}}
,"/home/runner/work/OODS-Forge/OODS-Forge/src/core/dependency-graph.ts": {"lines":{"total":198,"covered":184,"skipped":0,"pct":92.92},"functions":{"total":19,"covered":17,"skipped":0,"pct":89.47},"statements":{"total":198,"covered":184,"skipped":0,"pct":92.92},"branches":{"total":53,"covered":45,"skipped":0,"pct":84.9}}
,"/home/runner/work/OODS-Forge/OODS-Forge/src/core/dependency-validator.ts": {"lines":{"total":178,"covered":125,"skipped":0,"pct":70.22},"functions":{"total":11,"covered":8,"skipped":0,"pct":72.72},"statements":{"total":178,"covered":125,"skipped":0,"pct":70.22},"branches":{"total":36,"covered":31,"skipped":0,"pct":86.11}}
,"/home/runner/work/OODS-Forge/OODS-Forge/src/core/index.ts": {"lines":{"total":8,"covered":8,"skipped":0,"pct":100},"functions":{"total":0,"covered":0,"skipped":0,"pct":100},"statements":{"total":8,"covered":8,"skipped":0,"pct":100},"branches":{"total":0,"covered":0,"skipped":0,"pct":100}}
,"/home/runner/work/OODS-Forge/OODS-Forge/src/core/topological-sort.ts": {"lines":{"total":143,"covered":67,"skipped":0,"pct":46.85},"functions":{"total":3,"covered":2,"skipped":0,"pct":66.66},"statements":{"total":143,"covered":67,"skipped":0,"pct":46.85},"branches":{"total":24,"covered":20,"skipped":0,"pct":83.33}}
,"/home/runner/work/OODS-Forge/OODS-Forge/src/core/trait-definition.ts": {"lines":{"total":38,"covered":20,"skipped":0,"pct":52.63},"functions":{"total":4,"covered":2,"skipped":0,"pct":50},"statements":{"total":38,"covered":20,"skipped":0,"pct":52.63},"branches":{"total":6,"covered":2,"skipped":0,"pct":33.33}}
,"/home/runner/work/OODS-Forge/OODS-Forge/src/core/merge-strategies/actions-merger.ts": {"lines":{"total":50,"covered":19,"skipped":0,"pct":38},"functions":{"total":2,"covered":1,"skipped":0,"pct":50},"statements":{"total":50,"covered":19,"skipped":0,"pct":38},"branches":{"total":3,"covered":2,"skipped":0,"pct":66.66}}
,"/home/runner/work/OODS-Forge/OODS-Forge/src/core/merge-strategies/index.ts": {"lines":{"total":5,"covered":5,"skipped":0,"pct":100},"functions":{"total":0,"covered":0,"skipped":0,"pct":100},"statements":{"total":5,"covered":5,"skipped":0,"pct":100},"branches":{"total":0,"covered":0,"skipped":0,"pct":100}}
,"/home/runner/work/OODS-Forge/OODS-Forge/src/core/merge-strategies/schema-merger.ts": {"lines":{"total":82,"covered":44,"skipped":0,"pct":53.65},"functions":{"total":2,"covered":1,"skipped":0,"pct":50},"statements":{"total":82,"covered":44,"skipped":0,"pct":53.65},"branches":{"total":8,"covered":7,"skipped":0,"pct":87.5}}
,"/home/runner/work/OODS-Forge/OODS-Forge/src/core/merge-strategies/semantics-merger.ts": {"lines":{"total":69,"covered":18,"skipped":0,"pct":26.08},"functions":{"total":3,"covered":1,"skipped":0,"pct":33.33},"statements":{"total":69,"covered":18,"skipped":0,"pct":26.08},"branches":{"total":3,"covered":2,"skipped":0,"pct":66.66}}
,"/home/runner/work/OODS-Forge/OODS-Forge/src/core/merge-strategies/tokens-merger.ts": {"lines":{"total":108,"covered":31,"skipped":0,"pct":28.7},"functions":{"total":4,"covered":2,"skipped":0,"pct":50},"statements":{"total":108,"covered":31,"skipped":0,"pct":28.7},"branches":{"total":5,"covered":3,"skipped":0,"pct":60}}
,"/home/runner/work/OODS-Forge/OODS-Forge/src/core/merge-strategies/view-extensions-merger.ts": {"lines":{"total":89,"covered":55,"skipped":0,"pct":61.79},"functions":{"total":3,"covered":2,"skipped":0,"pct":66.66},"statements":{"total":89,"covered":55,"skipped":0,"pct":61.79},"branches":{"total":19,"covered":14,"skipped":0,"pct":73.68}}
,"/home/runner/work/OODS-Forge/OODS-Forge/src/dashboard/index.ts": {"lines":{"total":2,"covered":0,"skipped":0,"pct":0},"functions":{"total":1,"covered":1,"skipped":0,"pct":100},"statements":{"total":2,"covered":0,"skipped":0,"pct":0},"branches":{"total":1,"covered":1,"skipped":0,"pct":100}}
,"/home/runner/work/OODS-Forge/OODS-Forge/src/dashboard/cross-filter/network-handlers.ts": {"lines":{"total":256,"covered":250,"skipped":0,"pct":97.65},"functions":{"total":18,"covered":18,"skipped":0,"pct":100},"statements":{"total":256,"covered":250,"skipped":0,"pct":97.65},"branches":{"total":74,"covered":70,"skipped":0,"pct":94.59}}
,"/home/runner/work/OODS-Forge/OODS-Forge/src/dashboard/widgets/network-widgets.tsx": {"lines":{"total":170,"covered":160,"skipped":0,"pct":94.11},"functions":{"total":8,"covered":7,"skipped":0,"pct":87.5},"statements":{"total":170,"covered":160,"skipped":0,"pct":94.11},"branches":{"total":32,"covered":32,"skipped":0,"pct":100}}
,"/home/runner/work/OODS-Forge/OODS-Forge/src/data/authz/sample-entitlements.ts": {"lines":{"total":180,"covered":180,"skipped":0,"pct":100},"functions":{"total":1,"covered":1,"skipped":0,"pct":100},"statements":{"total":180,"covered":180,"skipped":0,"pct":100},"branches":{"total":1,"covered":1,"skipped":0,"pct":100}}
,"/home/runner/work/OODS-Forge/OODS-Forge/src/data/authz/types.ts": {"lines":{"total":0,"covered":0,"skipped":0,"pct":0},"functions":{"total":1,"covered":1,"skipped":0,"pct":0},"statements":{"total":0,"covered":0,"skipped":0,"pct":0},"branches":{"total":1,"covered":1,"skipped":0,"pct":0}}
,"/home/runner/work/OODS-Forge/OODS-Forge/src/data/communication/sample-data.ts": {"lines":{"total":147,"covered":147,"skipped":0,"pct":100},"functions":{"total":0,"covered":0,"skipped":0,"pct":100},"statements":{"total":147,"covered":147,"skipped":0,"pct":100},"branches":{"total":0,"covered":0,"skipped":0,"pct":100}}
,"/home/runner/work/OODS-Forge/OODS-Forge/src/data/communication/seed-channels.ts": {"lines":{"total":29,"covered":24,"skipped":0,"pct":82.75},"functions":{"total":1,"covered":1,"skipped":0,"pct":100},"statements":{"total":29,"covered":24,"skipped":0,"pct":82.75},"branches":{"total":5,"covered":2,"skipped":0,"pct":40}}
,"/home/runner/work/OODS-Forge/OODS-Forge/src/data/communication/seed-policies.ts": {"lines":{"total":28,"covered":23,"skipped":0,"pct":82.14},"functions":{"total":1,"covered":1,"skipped":0,"pct":100},"statements":{"total":28,"covered":23,"skipped":0,"pct":82.14},"branches":{"total":5,"covered":2,"skipped":0,"pct":40}}
,"/home/runner/work/OODS-Forge/OODS-Forge/src/data/communication/seed-templates.ts": {"lines":{"total":30,"covered":25,"skipped":0,"pct":83.33},"functions":{"total":1,"covered":1,"skipped":0,"pct":100},"statements":{"total":30,"covered":25,"skipped":0,"pct":83.33},"branches":{"total":5,"covered":2,"skipped":0,"pct":40}}
,"/home/runner/work/OODS-Forge/OODS-Forge/src/data/communication/seed-utils.ts": {"lines":{"total":51,"covered":7,"skipped":0,"pct":13.72},"functions":{"total":3,"covered":1,"skipped":0,"pct":33.33},"statements":{"total":51,"covered":7,"skipped":0,"pct":13.72},"branches":{"total":2,"covered":1,"skipped":0,"pct":50}}
,"/home/runner/work/OODS-Forge/OODS-Forge/src/diagnostics/communication-diagnostics.ts": {"lines":{"total":39,"covered":0,"skipped":0,"pct":0},"functions":{"total":1,"covered":0,"skipped":0,"pct":0},"statements":{"total":39,"covered":0,"skipped":0,"pct":0},"branches":{"total":1,"covered":0,"skipped":0,"pct":0}}
,"/home/runner/work/OODS-Forge/OODS-Forge/src/domain/accounts/core.ts": {"lines":{"total":9,"covered":9,"skipped":0,"pct":100},"functions":{"total":3,"covered":3,"skipped":0,"pct":100},"statements":{"total":9,"covered":9,"skipped":0,"pct":100},"branches":{"total":3,"covered":3,"skipped":0,"pct":100}}
,"/home/runner/work/OODS-Forge/OODS-Forge/src/domain/accounts/index.ts": {"lines":{"total":2,"covered":2,"skipped":0,"pct":100},"functions":{"total":0,"covered":0,"skipped":0,"pct":100},"statements":{"total":2,"covered":2,"skipped":0,"pct":100},"branches":{"total":0,"covered":0,"skipped":0,"pct":100}}
,"/home/runner/work/OODS-Forge/OODS-Forge/src/domain/accounts/metadata-policy.ts": {"lines":{"total":172,"covered":169,"skipped":0,"pct":98.25},"functions":{"total":8,"covered":8,"skipped":0,"pct":100},"statements":{"total":172,"covered":169,"skipped":0,"pct":98.25},"branches":{"total":36,"covered":33,"skipped":0,"pct":91.66}}
,"/home/runner/work/OODS-Forge/OODS-Forge/src/domain/billing/core.ts": {"lines":{"total":23,"covered":0,"skipped":0,"pct":0},"functions":{"total":1,"covered":1,"skipped":0,"pct":100},"statements":{"total":23,"covered":0,"skipped":0,"pct":0},"branches":{"total":1,"covered":1,"skipped":0,"pct":100}}
,"/home/runner/work/OODS-Forge/OODS-Forge/src/domain/billing/events.ts": {"lines":{"total":121,"covered":97,"skipped":0,"pct":80.16},"functions":{"total":13,"covered":10,"skipped":0,"pct":76.92},"statements":{"total":121,"covered":97,"skipped":0,"pct":80.16},"branches":{"total":30,"covered":19,"skipped":0,"pct":63.33}}
,"/home/runner/work/OODS-Forge/OODS-Forge/src/domain/billing/states.ts": {"lines":{"total":326,"covered":286,"skipped":0,"pct":87.73},"functions":{"total":15,"covered":12,"skipped":0,"pct":80},"statements":{"total":326,"covered":286,"skipped":0,"pct":87.73},"branches":{"total":49,"covered":43,"skipped":0,"pct":87.75}}
,"/home/runner/work/OODS-Forge/OODS-Forge/src/domain/billing/usage.ts": {"lines":{"total":82,"covered":77,"skipped":0,"pct":93.9},"functions":{"total":6,"covered":5,"skipped":0,"pct":83.33},"statements":{"total":82,"covered":77,"skipped":0,"pct":93.9},"branches":{"total":14,"covered":13,"skipped":0,"pct":92.85}}
,"/home/runner/work/OODS-Forge/OODS-Forge/src/domain/compliance/audit.ts": {"lines":{"total":72,"covered":58,"skipped":0,"pct":80.55},"functions":{"total":6,"covered":4,"skipped":0,"pct":66.66},"statements":{"total":72,"covered":58,"skipped":0,"pct":80.55},"branches":{"total":14,"covered":11,"skipped":0,"pct":78.57}}
,"/home/runner/work/OODS-Forge/OODS-Forge/src/domain/compliance/rbac.ts": {"lines":{"total":48,"covered":44,"skipped":0,"pct":91.66},"functions":{"total":3,"covered":1,"skipped":0,"pct":33.33},"statements":{"total":48,"covered":44,"skipped":0,"pct":91.66},"branches":{"total":1,"covered":1,"skipped":0,"pct":100}}
,"/home/runner/work/OODS-Forge/OODS-Forge/src/domain/tenancy/index.ts": {"lines":{"total":1,"covered":0,"skipped":0,"pct":0},"functions":{"total":1,"covered":1,"skipped":0,"pct":100},"statements":{"total":1,"covered":0,"skipped":0,"pct":0},"branches":{"total":1,"covered":1,"skipped":0,"pct":100}}
,"/home/runner/work/OODS-Forge/OODS-Forge/src/domain/tenancy/tenant.ts": {"lines":{"total":25,"covered":0,"skipped":0,"pct":0},"functions":{"total":1,"covered":1,"skipped":0,"pct":100},"statements":{"total":25,"covered":0,"skipped":0,"pct":0},"branches":{"total":1,"covered":1,"skipped":0,"pct":100}}
,"/home/runner/work/OODS-Forge/OODS-Forge/src/engine/contributions/index.ts": {"lines":{"total":120,"covered":108,"skipped":0,"pct":90},"functions":{"total":9,"covered":8,"skipped":0,"pct":88.88},"statements":{"total":120,"covered":108,"skipped":0,"pct":90},"branches":{"total":41,"covered":36,"skipped":0,"pct":87.8}}
,"/home/runner/work/OODS-Forge/OODS-Forge/src/engine/render/ViewContainer.tsx": {"lines":{"total":46,"covered":46,"skipped":0,"pct":100},"functions":{"total":3,"covered":3,"skipped":0,"pct":100},"statements":{"total":46,"covered":46,"skipped":0,"pct":100},"branches":{"total":16,"covered":16,"skipped":0,"pct":100}}
,"/home/runner/work/OODS-Forge/OODS-Forge/src/hooks/useCategoryTree.ts": {"lines":{"total":569,"covered":431,"skipped":0,"pct":75.74},"functions":{"total":15,"covered":15,"skipped":0,"pct":100},"statements":{"total":569,"covered":431,"skipped":0,"pct":75.74},"branches":{"total":167,"covered":103,"skipped":0,"pct":61.67}}
,"/home/runner/work/OODS-Forge/OODS-Forge/src/hooks/useConversations.ts": {"lines":{"total":124,"covered":85,"skipped":0,"pct":68.54},"functions":{"total":3,"covered":2,"skipped":0,"pct":66.66},"statements":{"total":124,"covered":85,"skipped":0,"pct":68.54},"branches":{"total":22,"covered":14,"skipped":0,"pct":63.63}}
,"/home/runner/work/OODS-Forge/OODS-Forge/src/hooks/useDeliveryStatus.ts": {"lines":{"total":99,"covered":79,"skipped":0,"pct":79.79},"functions":{"total":2,"covered":2,"skipped":0,"pct":100},"statements":{"total":99,"covered":79,"skipped":0,"pct":79.79},"branches":{"total":15,"covered":8,"skipped":0,"pct":53.33}}
,"/home/runner/work/OODS-Forge/OODS-Forge/src/hooks/useMemberships.ts": {"lines":{"total":144,"covered":0,"skipped":0,"pct":0},"functions":{"total":1,"covered":0,"skipped":0,"pct":0},"statements":{"total":144,"covered":0,"skipped":0,"pct":0},"branches":{"total":1,"covered":0,"skipped":0,"pct":0}}
,"/home/runner/work/OODS-Forge/OODS-Forge/src/hooks/useMessages.ts": {"lines":{"total":99,"covered":83,"skipped":0,"pct":83.83},"functions":{"total":2,"covered":2,"skipped":0,"pct":100},"statements":{"total":99,"covered":83,"skipped":0,"pct":83.83},"branches":{"total":18,"covered":13,"skipped":0,"pct":72.22}}
,"/home/runner/work/OODS-Forge/OODS-Forge/src/hooks/usePreferenceForm.ts": {"lines":{"total":119,"covered":0,"skipped":0,"pct":0},"functions":{"total":1,"covered":0,"skipped":0,"pct":0},"statements":{"total":119,"covered":0,"skipped":0,"pct":0},"branches":{"total":1,"covered":0,"skipped":0,"pct":0}}
,"/home/runner/work/OODS-Forge/OODS-Forge/src/hooks/useRolePermissions.ts": {"lines":{"total":231,"covered":0,"skipped":0,"pct":0},"functions":{"total":1,"covered":0,"skipped":0,"pct":0},"statements":{"total":231,"covered":0,"skipped":0,"pct":0},"branches":{"total":1,"covered":0,"skipped":0,"pct":0}}
,"/home/runner/work/OODS-Forge/OODS-Forge/src/hooks/useTagAutocomplete.ts": {"lines":{"total":164,"covered":128,"skipped":0,"pct":78.04},"functions":{"total":7,"covered":6,"skipped":0,"pct":85.71},"statements":{"total":164,"covered":128,"skipped":0,"pct":78.04},"branches":{"total":44,"covered":34,"skipped":0,"pct":77.27}}
,"/home/runner/work/OODS-Forge/OODS-Forge/src/hooks/useTagSuggestions.ts": {"lines":{"total":76,"covered":3,"skipped":0,"pct":3.94},"functions":{"total":2,"covered":0,"skipped":0,"pct":0},"statements":{"total":76,"covered":3,"skipped":0,"pct":3.94},"branches":{"total":0,"covered":0,"skipped":0,"pct":100}}
,"/home/runner/work/OODS-Forge/OODS-Forge/src/integrations/billing/adapter.ts": {"lines":{"total":68,"covered":35,"skipped":0,"pct":51.47},"functions":{"total":6,"covered":3,"skipped":0,"pct":50},"statements":{"total":68,"covered":35,"skipped":0,"pct":51.47},"branches":{"total":12,"covered":8,"skipped":0,"pct":66.66}}
,"/home/runner/work/OODS-Forge/OODS-Forge/src/integrations/billing/chargebee-adapter.ts": {"lines":{"total":240,"covered":214,"skipped":0,"pct":89.16},"functions":{"total":4,"covered":4,"skipped":0,"pct":100},"statements":{"total":240,"covered":214,"skipped":0,"pct":89.16},"branches":{"total":22,"covered":8,"skipped":0,"pct":36.36}}
,"/home/runner/work/OODS-Forge/OODS-Forge/src/integrations/billing/index.ts": {"lines":{"total":4,"covered":4,"skipped":0,"pct":100},"functions":{"total":0,"covered":0,"skipped":0,"pct":100},"statements":{"total":4,"covered":4,"skipped":0,"pct":100},"branches":{"total":0,"covered":0,"skipped":0,"pct":100}}
,"/home/runner/work/OODS-Forge/OODS-Forge/src/integrations/billing/stripe-adapter.ts": {"lines":{"total":302,"covered":272,"skipped":0,"pct":90.06},"functions":{"total":5,"covered":5,"skipped":0,"pct":100},"statements":{"total":302,"covered":272,"skipped":0,"pct":90.06},"branches":{"total":37,"covered":22,"skipped":0,"pct":59.45}}
,"/home/runner/work/OODS-Forge/OODS-Forge/src/integrations/billing/zuora-adapter.ts": {"lines":{"total":231,"covered":210,"skipped":0,"pct":90.9},"functions":{"total":4,"covered":4,"skipped":0,"pct":100},"statements":{"total":231,"covered":210,"skipped":0,"pct":90.9},"branches":{"total":22,"covered":10,"skipped":0,"pct":45.45}}
,"/home/runner/work/OODS-Forge/OODS-Forge/src/integrations/billing/samples/chargebee.ts": {"lines":{"total":46,"covered":0,"skipped":0,"pct":0},"functions":{"total":1,"covered":1,"skipped":0,"pct":100},"statements":{"total":46,"covered":0,"skipped":0,"pct":0},"branches":{"total":1,"covered":1,"skipped":0,"pct":100}}
,"/home/runner/work/OODS-Forge/OODS-Forge/src/integrations/billing/samples/index.ts": {"lines":{"total":3,"covered":0,"skipped":0,"pct":0},"functions":{"total":1,"covered":0,"skipped":0,"pct":0},"statements":{"total":3,"covered":0,"skipped":0,"pct":0},"branches":{"total":1,"covered":0,"skipped":0,"pct":0}}
,"/home/runner/work/OODS-Forge/OODS-Forge/src/integrations/billing/samples/stripe.ts": {"lines":{"total":49,"covered":0,"skipped":0,"pct":0},"functions":{"total":1,"covered":1,"skipped":0,"pct":100},"statements":{"total":49,"covered":0,"skipped":0,"pct":0},"branches":{"total":1,"covered":1,"skipped":0,"pct":100}}
,"/home/runner/work/OODS-Forge/OODS-Forge/src/integrations/billing/samples/zuora.ts": {"lines":{"total":52,"covered":0,"skipped":0,"pct":0},"functions":{"total":1,"covered":1,"skipped":0,"pct":100},"statements":{"total":52,"covered":0,"skipped":0,"pct":0},"branches":{"total":1,"covered":1,"skipped":0,"pct":100}}
,"/home/runner/work/OODS-Forge/OODS-Forge/src/modifiers/withStatusBadge.modifier.ts": {"lines":{"total":85,"covered":83,"skipped":0,"pct":97.64},"functions":{"total":2,"covered":2,"skipped":0,"pct":100},"statements":{"total":85,"covered":83,"skipped":0,"pct":97.64},"branches":{"total":11,"covered":10,"skipped":0,"pct":90.9}}
,"/home/runner/work/OODS-Forge/OODS-Forge/src/objects/index.ts": {"lines":{"total":3,"covered":0,"skipped":0,"pct":0},"functions":{"total":1,"covered":0,"skipped":0,"pct":0},"statements":{"total":3,"covered":0,"skipped":0,"pct":0},"branches":{"total":1,"covered":0,"skipped":0,"pct":0}}
,"/home/runner/work/OODS-Forge/OODS-Forge/src/objects/invoice/object.ts": {"lines":{"total":50,"covered":0,"skipped":0,"pct":0},"functions":{"total":1,"covered":1,"skipped":0,"pct":100},"statements":{"total":50,"covered":0,"skipped":0,"pct":0},"branches":{"total":1,"covered":1,"skipped":0,"pct":100}}
,"/home/runner/work/OODS-Forge/OODS-Forge/src/objects/invoice/types.ts": {"lines":{"total":0,"covered":0,"skipped":0,"pct":0},"functions":{"total":1,"covered":1,"skipped":0,"pct":0},"statements":{"total":0,"covered":0,"skipped":0,"pct":0},"branches":{"total":1,"covered":1,"skipped":0,"pct":0}}
,"/home/runner/work/OODS-Forge/OODS-Forge/src/objects/subscription/object.ts": {"lines":{"total":44,"covered":44,"skipped":0,"pct":100},"functions":{"total":1,"covered":1,"skipped":0,"pct":100},"statements":{"total":44,"covered":44,"skipped":0,"pct":100},"branches":{"total":1,"covered":1,"skipped":0,"pct":100}}
,"/home/runner/work/OODS-Forge/OODS-Forge/src/objects/subscription/types.ts": {"lines":{"total":0,"covered":0,"skipped":0,"pct":0},"functions":{"total":1,"covered":1,"skipped":0,"pct":0},"statements":{"total":0,"covered":0,"skipped":0,"pct":0},"branches":{"total":1,"covered":1,"skipped":0,"pct":0}}
,"/home/runner/work/OODS-Forge/OODS-Forge/src/objects/user/object.ts": {"lines":{"total":29,"covered":29,"skipped":0,"pct":100},"functions":{"total":1,"covered":1,"skipped":0,"pct":100},"statements":{"total":29,"covered":29,"skipped":0,"pct":100},"branches":{"total":2,"covered":2,"skipped":0,"pct":100}}
,"/home/runner/work/OODS-Forge/OODS-Forge/src/objects/user/types.ts": {"lines":{"total":0,"covered":0,"skipped":0,"pct":0},"functions":{"total":1,"covered":1,"skipped":0,"pct":0},"statements":{"total":0,"covered":0,"skipped":0,"pct":0},"branches":{"total":1,"covered":1,"skipped":0,"pct":0}}
,"/home/runner/work/OODS-Forge/OODS-Forge/src/overlays/manager/OverlayRoot.tsx": {"lines":{"total":7,"covered":7,"skipped":0,"pct":100},"functions":{"total":1,"covered":1,"skipped":0,"pct":100},"statements":{"total":7,"covered":7,"skipped":0,"pct":100},"branches":{"total":4,"covered":4,"skipped":0,"pct":100}}
,"/home/runner/work/OODS-Forge/OODS-Forge/src/overlays/manager/focus.ts": {"lines":{"total":43,"covered":42,"skipped":0,"pct":97.67},"functions":{"total":5,"covered":5,"skipped":0,"pct":100},"statements":{"total":43,"covered":42,"skipped":0,"pct":97.67},"branches":{"total":14,"covered":9,"skipped":0,"pct":64.28}}
,"/home/runner/work/OODS-Forge/OODS-Forge/src/overlays/manager/hooks.tsx": {"lines":{"total":93,"covered":89,"skipped":0,"pct":95.69},"functions":{"total":9,"covered":8,"skipped":0,"pct":88.88},"statements":{"total":93,"covered":89,"skipped":0,"pct":95.69},"branches":{"total":44,"covered":41,"skipped":0,"pct":93.18}}
,"/home/runner/work/OODS-Forge/OODS-Forge/src/overlays/manager/index.ts": {"lines":{"total":4,"covered":4,"skipped":0,"pct":100},"functions":{"total":0,"covered":0,"skipped":0,"pct":100},"statements":{"total":4,"covered":4,"skipped":0,"pct":100},"branches":{"total":0,"covered":0,"skipped":0,"pct":100}}
,"/home/runner/work/OODS-Forge/OODS-Forge/src/overlays/manager/withOverlay.tsx": {"lines":{"total":9,"covered":2,"skipped":0,"pct":22.22},"functions":{"total":1,"covered":0,"skipped":0,"pct":0},"statements":{"total":9,"covered":2,"skipped":0,"pct":22.22},"branches":{"total":0,"covered":0,"skipped":0,"pct":100}}
,"/home/runner/work/OODS-Forge/OODS-Forge/src/pages/UserProfileSettings.tsx": {"lines":{"total":127,"covered":0,"skipped":0,"pct":0},"functions":{"total":1,"covered":0,"skipped":0,"pct":0},"statements":{"total":127,"covered":0,"skipped":0,"pct":0},"branches":{"total":1,"covered":0,"skipped":0,"pct":0}}
,"/home/runner/work/OODS-Forge/OODS-Forge/src/pages/index.ts": {"lines":{"total":1,"covered":0,"skipped":0,"pct":0},"functions":{"total":1,"covered":0,"skipped":0,"pct":0},"statements":{"total":1,"covered":0,"skipped":0,"pct":0},"branches":{"total":1,"covered":0,"skipped":0,"pct":0}}
,"/home/runner/work/OODS-Forge/OODS-Forge/src/parsers/index.ts": {"lines":{"total":103,"covered":72,"skipped":0,"pct":69.9},"functions":{"total":6,"covered":5,"skipped":0,"pct":83.33},"statements":{"total":103,"covered":72,"skipped":0,"pct":69.9},"branches":{"total":19,"covered":17,"skipped":0,"pct":89.47}}
,"/home/runner/work/OODS-Forge/OODS-Forge/src/parsers/object-parser.ts": {"lines":{"total":813,"covered":725,"skipped":0,"pct":89.17},"functions":{"total":27,"covered":27,"skipped":0,"pct":100},"statements":{"total":813,"covered":725,"skipped":0,"pct":89.17},"branches":{"total":336,"covered":285,"skipped":0,"pct":84.82}}
,"/home/runner/work/OODS-Forge/OODS-Forge/src/parsers/ts-parser.ts": {"lines":{"total":244,"covered":136,"skipped":0,"pct":55.73},"functions":{"total":4,"covered":4,"skipped":0,"pct":100},"statements":{"total":244,"covered":136,"skipped":0,"pct":55.73},"branches":{"total":36,"covered":21,"skipped":0,"pct":58.33}}
,"/home/runner/work/OODS-Forge/OODS-Forge/src/parsers/yaml-parser.ts": {"lines":{"total":250,"covered":159,"skipped":0,"pct":63.6},"functions":{"total":6,"covered":5,"skipped":0,"pct":83.33},"statements":{"total":250,"covered":159,"skipped":0,"pct":63.6},"branches":{"total":44,"covered":32,"skipped":0,"pct":72.72}}
,"/home/runner/work/OODS-Forge/OODS-Forge/src/perf/instrumentation/index.ts": {"lines":{"total":2,"covered":0,"skipped":0,"pct":0},"functions":{"total":1,"covered":0,"skipped":0,"pct":0},"statements":{"total":2,"covered":0,"skipped":0,"pct":0},"branches":{"total":1,"covered":0,"skipped":0,"pct":0}}
,"/home/runner/work/OODS-Forge/OODS-Forge/src/perf/instrumentation/profiler.tsx": {"lines":{"total":47,"covered":0,"skipped":0,"pct":0},"functions":{"total":1,"covered":0,"skipped":0,"pct":0},"statements":{"total":47,"covered":0,"skipped":0,"pct":0},"branches":{"total":1,"covered":0,"skipped":0,"pct":0}}
,"/home/runner/work/OODS-Forge/OODS-Forge/src/perf/instrumentation/userTiming.ts": {"lines":{"total":69,"covered":0,"skipped":0,"pct":0},"functions":{"total":1,"covered":1,"skipped":0,"pct":100},"statements":{"total":69,"covered":0,"skipped":0,"pct":0},"branches":{"total":1,"covered":1,"skipped":0,"pct":100}}
,"/home/runner/work/OODS-Forge/OODS-Forge/src/registry/conflict-applier.ts": {"lines":{"total":59,"covered":36,"skipped":0,"pct":61.01},"functions":{"total":2,"covered":2,"skipped":0,"pct":100},"statements":{"total":59,"covered":36,"skipped":0,"pct":61.01},"branches":{"total":9,"covered":5,"skipped":0,"pct":55.55}}
,"/home/runner/work/OODS-Forge/OODS-Forge/src/registry/indexer.ts": {"lines":{"total":217,"covered":171,"skipped":0,"pct":78.8},"functions":{"total":24,"covered":20,"skipped":0,"pct":83.33},"statements":{"total":217,"covered":171,"skipped":0,"pct":78.8},"branches":{"total":63,"covered":53,"skipped":0,"pct":84.12}}
,"/home/runner/work/OODS-Forge/OODS-Forge/src/registry/loader.ts": {"lines":{"total":134,"covered":88,"skipped":0,"pct":65.67},"functions":{"total":5,"covered":3,"skipped":0,"pct":60},"statements":{"total":134,"covered":88,"skipped":0,"pct":65.67},"branches":{"total":27,"covered":16,"skipped":0,"pct":59.25}}
,"/home/runner/work/OODS-Forge/OODS-Forge/src/registry/object-composer.ts": {"lines":{"total":152,"covered":136,"skipped":0,"pct":89.47},"functions":{"total":8,"covered":8,"skipped":0,"pct":100},"statements":{"total":152,"covered":136,"skipped":0,"pct":89.47},"branches":{"total":31,"covered":23,"skipped":0,"pct":74.19}}
,"/home/runner/work/OODS-Forge/OODS-Forge/src/registry/object-definition.ts": {"lines":{"total":33,"covered":17,"skipped":0,"pct":51.51},"functions":{"total":3,"covered":2,"skipped":0,"pct":66.66},"statements":{"total":33,"covered":17,"skipped":0,"pct":51.51},"branches":{"total":2,"covered":2,"skipped":0,"pct":100}}
,"/home/runner/work/OODS-Forge/OODS-Forge/src/registry/parameter-applier.ts": {"lines":{"total":131,"covered":127,"skipped":0,"pct":96.94},"functions":{"total":6,"covered":6,"skipped":0,"pct":100},"statements":{"total":131,"covered":127,"skipped":0,"pct":96.94},"branches":{"total":59,"covered":55,"skipped":0,"pct":93.22}}
,"/home/runner/work/OODS-Forge/OODS-Forge/src/registry/registry.ts": {"lines":{"total":384,"covered":296,"skipped":0,"pct":77.08},"functions":{"total":29,"covered":24,"skipped":0,"pct":82.75},"statements":{"total":384,"covered":296,"skipped":0,"pct":77.08},"branches":{"total":86,"covered":65,"skipped":0,"pct":75.58}}
,"/home/runner/work/OODS-Forge/OODS-Forge/src/registry/resolver.ts": {"lines":{"total":134,"covered":122,"skipped":0,"pct":91.04},"functions":{"total":10,"covered":10,"skipped":0,"pct":100},"statements":{"total":134,"covered":122,"skipped":0,"pct":91.04},"branches":{"total":28,"covered":22,"skipped":0,"pct":78.57}}
,"/home/runner/work/OODS-Forge/OODS-Forge/src/registry/trait-loader.ts": {"lines":{"total":128,"covered":113,"skipped":0,"pct":88.28},"functions":{"total":12,"covered":10,"skipped":0,"pct":83.33},"statements":{"total":128,"covered":113,"skipped":0,"pct":88.28},"branches":{"total":31,"covered":26,"skipped":0,"pct":83.87}}
,"/home/runner/work/OODS-Forge/OODS-Forge/src/schemas/address-metadata.ts": {"lines":{"total":56,"covered":56,"skipped":0,"pct":100},"functions":{"total":1,"covered":1,"skipped":0,"pct":100},"statements":{"total":56,"covered":56,"skipped":0,"pct":100},"branches":{"total":4,"covered":4,"skipped":0,"pct":100}}
,"/home/runner/work/OODS-Forge/OODS-Forge/src/schemas/address.ts": {"lines":{"total":82,"covered":82,"skipped":0,"pct":100},"functions":{"total":3,"covered":3,"skipped":0,"pct":100},"statements":{"total":82,"covered":82,"skipped":0,"pct":100},"branches":{"total":4,"covered":4,"skipped":0,"pct":100}}
,"/home/runner/work/OODS-Forge/OODS-Forge/src/schemas/validation-verdict.ts": {"lines":{"total":47,"covered":47,"skipped":0,"pct":100},"functions":{"total":0,"covered":0,"skipped":0,"pct":100},"statements":{"total":47,"covered":47,"skipped":0,"pct":100},"branches":{"total":0,"covered":0,"skipped":0,"pct":100}}
,"/home/runner/work/OODS-Forge/OODS-Forge/src/schemas/authz/membership.schema.ts": {"lines":{"total":45,"covered":37,"skipped":0,"pct":82.22},"functions":{"total":1,"covered":1,"skipped":0,"pct":100},"statements":{"total":45,"covered":37,"skipped":0,"pct":82.22},"branches":{"total":9,"covered":7,"skipped":0,"pct":77.77}}
,"/home/runner/work/OODS-Forge/OODS-Forge/src/schemas/authz/permission.schema.ts": {"lines":{"total":44,"covered":43,"skipped":0,"pct":97.72},"functions":{"total":1,"covered":1,"skipped":0,"pct":100},"statements":{"total":44,"covered":43,"skipped":0,"pct":97.72},"branches":{"total":6,"covered":4,"skipped":0,"pct":66.66}}
,"/home/runner/work/OODS-Forge/OODS-Forge/src/schemas/authz/role-hierarchy.schema.ts": {"lines":{"total":27,"covered":27,"skipped":0,"pct":100},"functions":{"total":1,"covered":1,"skipped":0,"pct":100},"statements":{"total":27,"covered":27,"skipped":0,"pct":100},"branches":{"total":3,"covered":3,"skipped":0,"pct":100}}
[...]
,"/home/runner/work/OODS-Forge/OODS-Forge/src/validation/schema-loader.ts": {"lines":{"total":87,"covered":63,"skipped":0,"pct":72.41},"functions":{"total":9,"covered":7,"skipped":0,"pct":77.77},"statements":{"total":87,"covered":63,"skipped":0,"pct":72.41},"branches":{"total":14,"covered":9,"skipped":0,"pct":64.28}}
,"/home/runner/work/OODS-Forge/OODS-Forge/src/validation/types.ts": {"lines":{"total":25,"covered":25,"skipped":0,"pct":100},"functions":{"total":0,"covered":0,"skipped":0,"pct":100},"statements":{"total":25,"covered":25,"skipped":0,"pct":100},"branches":{"total":1,"covered":1,"skipped":0,"pct":100}}
,"/home/runner/work/OODS-Forge/OODS-Forge/src/validation/zod-transformer.ts": {"lines":{"total":97,"covered":86,"skipped":0,"pct":88.65},"functions":{"total":6,"covered":6,"skipped":0,"pct":100},"statements":{"total":97,"covered":86,"skipped":0,"pct":88.65},"branches":{"total":34,"covered":29,"skipped":0,"pct":85.29}}
,"/home/runner/work/OODS-Forge/OODS-Forge/src/validation/reporters/github.ts": {"lines":{"total":72,"covered":63,"skipped":0,"pct":87.5},"functions":{"total":5,"covered":5,"skipped":0,"pct":100},"statements":{"total":72,"covered":63,"skipped":0,"pct":87.5},"branches":{"total":18,"covered":8,"skipped":0,"pct":44.44}}
,"/home/runner/work/OODS-Forge/OODS-Forge/src/validation/reporters/index.ts": {"lines":{"total":3,"covered":3,"skipped":0,"pct":100},"functions":{"total":0,"covered":0,"skipped":0,"pct":100},"statements":{"total":3,"covered":3,"skipped":0,"pct":100},"branches":{"total":0,"covered":0,"skipped":0,"pct":100}}
,"/home/runner/work/OODS-Forge/OODS-Forge/src/validation/reporters/json.ts": {"lines":{"total":11,"covered":11,"skipped":0,"pct":100},"functions":{"total":2,"covered":2,"skipped":0,"pct":100},"statements":{"total":11,"covered":11,"skipped":0,"pct":100},"branches":{"total":3,"covered":2,"skipped":0,"pct":66.66}}
,"/home/runner/work/OODS-Forge/OODS-Forge/src/validation/reporters/text.ts": {"lines":{"total":115,"covered":90,"skipped":0,"pct":78.26},"functions":{"total":5,"covered":4,"skipped":0,"pct":80},"statements":{"total":115,"covered":90,"skipped":0,"pct":78.26},"branches":{"total":28,"covered":8,"skipped":0,"pct":28.57}}
,"/home/runner/work/OODS-Forge/OODS-Forge/src/validation/rules/collisions.ts": {"lines":{"total":42,"covered":40,"skipped":0,"pct":95.23},"functions":{"total":2,"covered":2,"skipped":0,"pct":100},"statements":{"total":42,"covered":40,"skipped":0,"pct":95.23},"branches":{"total":25,"covered":17,"skipped":0,"pct":68}}
,"/home/runner/work/OODS-Forge/OODS-Forge/src/validation/rules/dependencies.ts": {"lines":{"total":57,"covered":41,"skipped":0,"pct":71.92},"functions":{"total":2,"covered":2,"skipped":0,"pct":100},"statements":{"total":57,"covered":41,"skipped":0,"pct":71.92},"branches":{"total":15,"covered":12,"skipped":0,"pct":80}}
,"/home/runner/work/OODS-Forge/OODS-Forge/src/validation/rules/index.ts": {"lines":{"total":6,"covered":6,"skipped":0,"pct":100},"functions":{"total":0,"covered":0,"skipped":0,"pct":100},"statements":{"total":6,"covered":6,"skipped":0,"pct":100},"branches":{"total":0,"covered":0,"skipped":0,"pct":100}}
,"/home/runner/work/OODS-Forge/OODS-Forge/src/validation/rules/semantics.ts": {"lines":{"total":76,"covered":60,"skipped":0,"pct":78.94},"functions":{"total":2,"covered":2,"skipped":0,"pct":100},"statements":{"total":76,"covered":60,"skipped":0,"pct":78.94},"branches":{"total":25,"covered":13,"skipped":0,"pct":52}}
,"/home/runner/work/OODS-Forge/OODS-Forge/src/validation/rules/state-machine.ts": {"lines":{"total":96,"covered":55,"skipped":0,"pct":57.29},"functions":{"total":2,"covered":2,"skipped":0,"pct":100},"statements":{"total":96,"covered":55,"skipped":0,"pct":57.29},"branches":{"total":21,"covered":15,"skipped":0,"pct":71.42}}
,"/home/runner/work/OODS-Forge/OODS-Forge/src/validation/rules/tokens.ts": {"lines":{"total":67,"covered":64,"skipped":0,"pct":95.52},"functions":{"total":2,"covered":2,"skipped":0,"pct":100},"statements":{"total":67,"covered":64,"skipped":0,"pct":95.52},"branches":{"total":30,"covered":20,"skipped":0,"pct":66.66}}
,"/home/runner/work/OODS-Forge/OODS-Forge/src/validation/rules/types.ts": {"lines":{"total":0,"covered":0,"skipped":0,"pct":0},"functions":{"total":1,"covered":1,"skipped":0,"pct":0},"statements":{"total":0,"covered":0,"skipped":0,"pct":0},"branches":{"total":1,"covered":1,"skipped":0,"pct":0}}
,"/home/runner/work/OODS-Forge/OODS-Forge/src/validation/rules/view-extensions.ts": {"lines":{"total":79,"covered":75,"skipped":0,"pct":94.93},"functions":{"total":3,"covered":3,"skipped":0,"pct":100},"statements":{"total":79,"covered":75,"skipped":0,"pct":94.93},"branches":{"total":32,"covered":22,"skipped":0,"pct":68.75}}
,"/home/runner/work/OODS-Forge/OODS-Forge/src/view/context.ts": {"lines":{"total":12,"covered":12,"skipped":0,"pct":100},"functions":{"total":1,"covered":1,"skipped":0,"pct":100},"statements":{"total":12,"covered":12,"skipped":0,"pct":100},"branches":{"total":1,"covered":1,"skipped":0,"pct":100}}
,"/home/runner/work/OODS-Forge/OODS-Forge/src/view/extensions.ts": {"lines":{"total":59,"covered":57,"skipped":0,"pct":96.61},"functions":{"total":5,"covered":5,"skipped":0,"pct":100},"statements":{"total":59,"covered":57,"skipped":0,"pct":96.61},"branches":{"total":21,"covered":18,"skipped":0,"pct":85.71}}
,"/home/runner/work/OODS-Forge/OODS-Forge/src/view/compositor/composeDebug.ts": {"lines":{"total":59,"covered":57,"skipped":0,"pct":96.61},"functions":{"total":2,"covered":2,"skipped":0,"pct":100},"statements":{"total":59,"covered":57,"skipped":0,"pct":96.61},"branches":{"total":6,"covered":5,"skipped":0,"pct":83.33}}
,"/home/runner/work/OODS-Forge/OODS-Forge/src/view/compositor/composeExtensions.ts": {"lines":{"total":147,"covered":138,"skipped":0,"pct":93.87},"functions":{"total":5,"covered":5,"skipped":0,"pct":100},"statements":{"total":147,"covered":138,"skipped":0,"pct":93.87},"branches":{"total":32,"covered":27,"skipped":0,"pct":84.37}}
,"/home/runner/work/OODS-Forge/OODS-Forge/src/viz/index.ts": {"lines":{"total":2,"covered":0,"skipped":0,"pct":0},"functions":{"total":1,"covered":1,"skipped":0,"pct":100},"statements":{"total":2,"covered":0,"skipped":0,"pct":0},"branches":{"total":1,"covered":1,"skipped":0,"pct":100}}
,"/home/runner/work/OODS-Forge/OODS-Forge/src/viz/adapters/echarts/graph-adapter.ts": {"lines":{"total":291,"covered":281,"skipped":0,"pct":96.56},"functions":{"total":23,"covered":23,"skipped":0,"pct":100},"statements":{"total":291,"covered":281,"skipped":0,"pct":96.56},"branches":{"total":127,"covered":108,"skipped":0,"pct":85.03}}
,"/home/runner/work/OODS-Forge/OODS-Forge/src/viz/adapters/echarts/hierarchy-utils.ts": {"lines":{"total":102,"covered":89,"skipped":0,"pct":87.25},"functions":{"total":11,"covered":11,"skipped":0,"pct":100},"statements":{"total":102,"covered":89,"skipped":0,"pct":87.25},"branches":{"total":39,"covered":28,"skipped":0,"pct":71.79}}
,"/home/runner/work/OODS-Forge/OODS-Forge/src/viz/adapters/echarts/sankey-adapter.ts": {"lines":{"total":259,"covered":221,"skipped":0,"pct":85.32},"functions":{"total":21,"covered":18,"skipped":0,"pct":85.71},"statements":{"total":259,"covered":221,"skipped":0,"pct":85.32},"branches":{"total":91,"covered":71,"skipped":0,"pct":78.02}}
,"/home/runner/work/OODS-Forge/OODS-Forge/src/viz/adapters/echarts/sunburst-adapter.ts": {"lines":{"total":186,"covered":168,"skipped":0,"pct":90.32},"functions":{"total":13,"covered":13,"skipped":0,"pct":100},"statements":{"total":186,"covered":168,"skipped":0,"pct":90.32},"branches":{"total":41,"covered":21,"skipped":0,"pct":51.21}}
,"/home/runner/work/OODS-Forge/OODS-Forge/src/viz/adapters/echarts/treemap-adapter.ts": {"lines":{"total":206,"covered":188,"skipped":0,"pct":91.26},"functions":{"total":14,"covered":14,"skipped":0,"pct":100},"statements":{"total":206,"covered":188,"skipped":0,"pct":91.26},"branches":{"total":51,"covered":30,"skipped":0,"pct":58.82}}
,"/home/runner/work/OODS-Forge/OODS-Forge/src/viz/adapters/spatial/echarts-bubble-adapter.ts": {"lines":{"total":234,"covered":157,"skipped":0,"pct":67.09},"functions":{"total":12,"covered":10,"skipped":0,"pct":83.33},"statements":{"total":234,"covered":157,"skipped":0,"pct":67.09},"branches":{"total":60,"covered":32,"skipped":0,"pct":53.33}}
,"/home/runner/work/OODS-Forge/OODS-Forge/src/viz/adapters/spatial/echarts-choropleth-adapter.ts": {"lines":{"total":163,"covered":104,"skipped":0,"pct":63.8},"functions":{"total":8,"covered":7,"skipped":0,"pct":87.5},"statements":{"total":163,"covered":104,"skipped":0,"pct":63.8},"branches":{"total":26,"covered":11,"skipped":0,"pct":42.3}}
,"/home/runner/work/OODS-Forge/OODS-Forge/src/viz/adapters/spatial/echarts-geo-registration.ts": {"lines":{"total":53,"covered":34,"skipped":0,"pct":64.15},"functions":{"total":5,"covered":3,"skipped":0,"pct":60},"statements":{"total":53,"covered":34,"skipped":0,"pct":64.15},"branches":{"total":13,"covered":8,"skipped":0,"pct":61.53}}
,"/home/runner/work/OODS-Forge/OODS-Forge/src/viz/adapters/spatial/echarts-spatial-adapter.ts": {"lines":{"total":89,"covered":83,"skipped":0,"pct":93.25},"functions":{"total":4,"covered":4,"skipped":0,"pct":100},"statements":{"total":89,"covered":83,"skipped":0,"pct":93.25},"branches":{"total":35,"covered":27,"skipped":0,"pct":77.14}}
,"/home/runner/work/OODS-Forge/OODS-Forge/src/viz/adapters/spatial/echarts-visualmap-generator.ts": {"lines":{"total":89,"covered":68,"skipped":0,"pct":76.4},"functions":{"total":6,"covered":5,"skipped":0,"pct":83.33},"statements":{"total":89,"covered":68,"skipped":0,"pct":76.4},"branches":{"total":24,"covered":15,"skipped":0,"pct":62.5}}
,"/home/runner/work/OODS-Forge/OODS-Forge/src/viz/adapters/spatial/geo-data-joiner.ts": {"lines":{"total":118,"covered":109,"skipped":0,"pct":92.37},"functions":{"total":4,"covered":4,"skipped":0,"pct":100},"statements":{"total":118,"covered":109,"skipped":0,"pct":92.37},"branches":{"total":38,"covered":30,"skipped":0,"pct":78.94}}
,"/home/runner/work/OODS-Forge/OODS-Forge/src/viz/adapters/spatial/geo-data-resolver.ts": {"lines":{"total":78,"covered":73,"skipped":0,"pct":93.58},"functions":{"total":1,"covered":1,"skipped":0,"pct":100},"statements":{"total":78,"covered":73,"skipped":0,"pct":93.58},"branches":{"total":22,"covered":18,"skipped":0,"pct":81.81}}
,"/home/runner/work/OODS-Forge/OODS-Forge/src/viz/adapters/spatial/geo-fetch.ts": {"lines":{"total":86,"covered":79,"skipped":0,"pct":91.86},"functions":{"total":8,"covered":8,"skipped":0,"pct":100},"statements":{"total":86,"covered":79,"skipped":0,"pct":91.86},"branches":{"total":32,"covered":28,"skipped":0,"pct":87.5}}
,"/home/runner/work/OODS-Forge/OODS-Forge/src/viz/adapters/spatial/geo-format-parser.ts": {"lines":{"total":119,"covered":110,"skipped":0,"pct":92.43},"functions":{"total":4,"covered":4,"skipped":0,"pct":100},"statements":{"total":119,"covered":110,"skipped":0,"pct":92.43},"branches":{"total":56,"covered":53,"skipped":0,"pct":94.64}}
,"/home/runner/work/OODS-Forge/OODS-Forge/src/viz/adapters/spatial/index.ts": {"lines":{"total":14,"covered":0,"skipped":0,"pct":0},"functions":{"total":1,"covered":1,"skipped":0,"pct":100},"statements":{"total":14,"covered":0,"skipped":0,"pct":0},"branches":{"total":1,"covered":1,"skipped":0,"pct":100}}
,"/home/runner/work/OODS-Forge/OODS-Forge/src/viz/adapters/spatial/vega-lite-bubble-adapter.ts": {"lines":{"total":134,"covered":105,"skipped":0,"pct":78.35},"functions":{"total":8,"covered":8,"skipped":0,"pct":100},"statements":{"total":134,"covered":105,"skipped":0,"pct":78.35},"branches":{"total":24,"covered":16,"skipped":0,"pct":66.66}}
,"/home/runner/work/OODS-Forge/OODS-Forge/src/viz/adapters/spatial/vega-lite-choropleth-adapter.ts": {"lines":{"total":77,"covered":69,"skipped":0,"pct":89.61},"functions":{"total":6,"covered":6,"skipped":0,"pct":100},"statements":{"total":77,"covered":69,"skipped":0,"pct":89.61},"branches":{"total":17,"covered":15,"skipped":0,"pct":88.23}}
,"/home/runner/work/OODS-Forge/OODS-Forge/src/viz/adapters/spatial/vega-lite-projection-map.ts": {"lines":{"total":25,"covered":25,"skipped":0,"pct":100},"functions":{"total":3,"covered":3,"skipped":0,"pct":100},"statements":{"total":25,"covered":25,"skipped":0,"pct":100},"branches":{"total":5,"covered":4,"skipped":0,"pct":80}}
,"/home/runner/work/OODS-Forge/OODS-Forge/src/viz/adapters/spatial/vega-lite-scale-map.ts": {"lines":{"total":30,"covered":28,"skipped":0,"pct":93.33},"functions":{"total":3,"covered":3,"skipped":0,"pct":100},"statements":{"total":30,"covered":28,"skipped":0,"pct":93.33},"branches":{"total":10,"covered":8,"skipped":0,"pct":80}}
,"/home/runner/work/OODS-Forge/OODS-Forge/src/viz/adapters/spatial/vega-lite-spatial-adapter.ts": {"lines":{"total":142,"covered":131,"skipped":0,"pct":92.25},"functions":{"total":9,"covered":9,"skipped":0,"pct":100},"statements":{"total":142,"covered":131,"skipped":0,"pct":92.25},"branches":{"total":57,"covered":47,"skipped":0,"pct":82.45}}
,"/home/runner/work/OODS-Forge/OODS-Forge/src/viz/contexts/dashboard-spatial-context.tsx": {"lines":{"total":55,"covered":45,"skipped":0,"pct":81.81},"functions":{"total":4,"covered":3,"skipped":0,"pct":75},"statements":{"total":55,"covered":45,"skipped":0,"pct":81.81},"branches":{"total":10,"covered":10,"skipped":0,"pct":100}}
,"/home/runner/work/OODS-Forge/OODS-Forge/src/viz/hooks/index.ts": {"lines":{"total":5,"covered":0,"skipped":0,"pct":0},"functions":{"total":1,"covered":0,"skipped":0,"pct":0},"statements":{"total":5,"covered":0,"skipped":0,"pct":0},"branches":{"total":1,"covered":0,"skipped":0,"pct":0}}
,"/home/runner/work/OODS-Forge/OODS-Forge/src/viz/hooks/useBrush.ts": {"lines":{"total":41,"covered":39,"skipped":0,"pct":95.12},"functions":{"total":2,"covered":2,"skipped":0,"pct":100},"statements":{"total":41,"covered":39,"skipped":0,"pct":95.12},"branches":{"total":7,"covered":6,"skipped":0,"pct":85.71}}
,"/home/runner/work/OODS-Forge/OODS-Forge/src/viz/hooks/useFilter.ts": {"lines":{"total":41,"covered":39,"skipped":0,"pct":95.12},"functions":{"total":2,"covered":2,"skipped":0,"pct":100},"statements":{"total":41,"covered":39,"skipped":0,"pct":95.12},"branches":{"total":6,"covered":4,"skipped":0,"pct":66.66}}
,"/home/runner/work/OODS-Forge/OODS-Forge/src/viz/hooks/useHighlight.ts": {"lines":{"total":35,"covered":33,"skipped":0,"pct":94.28},"functions":{"total":1,"covered":1,"skipped":0,"pct":100},"statements":{"total":35,"covered":33,"skipped":0,"pct":94.28},"branches":{"total":5,"covered":4,"skipped":0,"pct":80}}
,"/home/runner/work/OODS-Forge/OODS-Forge/src/viz/hooks/useSpatialProjection.ts": {"lines":{"total":59,"covered":54,"skipped":0,"pct":91.52},"functions":{"total":1,"covered":1,"skipped":0,"pct":100},"statements":{"total":59,"covered":54,"skipped":0,"pct":91.52},"branches":{"total":18,"covered":17,"skipped":0,"pct":94.44}}
,"/home/runner/work/OODS-Forge/OODS-Forge/src/viz/hooks/useSpatialSpec.ts": {"lines":{"total":136,"covered":117,"skipped":0,"pct":86.02},"functions":{"total":8,"covered":8,"skipped":0,"pct":100},"statements":{"total":136,"covered":117,"skipped":0,"pct":86.02},"branches":{"total":45,"covered":33,"skipped":0,"pct":73.33}}
,"/home/runner/work/OODS-Forge/OODS-Forge/src/viz/hooks/useTooltip.ts": {"lines":{"total":27,"covered":25,"skipped":0,"pct":92.59},"functions":{"total":1,"covered":1,"skipped":0,"pct":100},"statements":{"total":27,"covered":25,"skipped":0,"pct":92.59},"branches":{"total":5,"covered":4,"skipped":0,"pct":80}}
,"/home/runner/work/OODS-Forge/OODS-Forge/src/viz/hooks/useZoom.ts": {"lines":{"total":42,"covered":40,"skipped":0,"pct":95.23},"functions":{"total":2,"covered":2,"skipped":0,"pct":100},"statements":{"total":42,"covered":40,"skipped":0,"pct":95.23},"branches":{"total":6,"covered":4,"skipped":0,"pct":66.66}}
,"/home/runner/work/OODS-Forge/OODS-Forge/src/viz/interactions/spatial-filter-actions.ts": {"lines":{"total":164,"covered":137,"skipped":0,"pct":83.53},"functions":{"total":10,"covered":10,"skipped":0,"pct":100},"statements":{"total":164,"covered":137,"skipped":0,"pct":83.53},"branches":{"total":36,"covered":17,"skipped":0,"pct":47.22}}
,"/home/runner/work/OODS-Forge/OODS-Forge/src/viz/interactions/spatial-filter-reducer.ts": {"lines":{"total":10,"covered":0,"skipped":0,"pct":0},"functions":{"total":1,"covered":0,"skipped":0,"pct":0},"statements":{"total":10,"covered":0,"skipped":0,"pct":0},"branches":{"total":1,"covered":0,"skipped":0,"pct":0}}
,"/home/runner/work/OODS-Forge/OODS-Forge/src/viz/layout/keyboard-nav.ts": {"lines":{"total":53,"covered":38,"skipped":0,"pct":71.69},"functions":{"total":1,"covered":1,"skipped":0,"pct":100},"statements":{"total":53,"covered":38,"skipped":0,"pct":71.69},"branches":{"total":19,"covered":11,"skipped":0,"pct":57.89}}
,"/home/runner/work/OODS-Forge/OODS-Forge/src/viz/patterns/network-scaffold.ts": {"lines":{"total":133,"covered":132,"skipped":0,"pct":99.24},"functions":{"total":6,"covered":6,"skipped":0,"pct":100},"statements":{"total":133,"covered":132,"skipped":0,"pct":99.24},"branches":{"total":36,"covered":35,"skipped":0,"pct":97.22}}
,"/home/runner/work/OODS-Forge/OODS-Forge/src/viz/patterns/scaffold-generator.ts": {"lines":{"total":469,"covered":340,"skipped":0,"pct":72.49},"functions":{"total":15,"covered":15,"skipped":0,"pct":100},"statements":{"total":469,"covered":340,"skipped":0,"pct":72.49},"branches":{"total":87,"covered":44,"skipped":0,"pct":50.57}}
,"/home/runner/work/OODS-Forge/OODS-Forge/src/viz/patterns/spatial-detection.ts": {"lines":{"total":152,"covered":140,"skipped":0,"pct":92.1},"functions":{"total":12,"covered":11,"skipped":0,"pct":91.66},"statements":{"total":152,"covered":140,"skipped":0,"pct":92.1},"branches":{"total":68,"covered":59,"skipped":0,"pct":86.76}}
,"/home/runner/work/OODS-Forge/OODS-Forge/src/viz/patterns/spatial-scaffold.ts": {"lines":{"total":43,"covered":43,"skipped":0,"pct":100},"functions":{"total":3,"covered":3,"skipped":0,"pct":100},"statements":{"total":43,"covered":43,"skipped":0,"pct":100},"branches":{"total":12,"covered":4,"skipped":0,"pct":33.33}}
,"/home/runner/work/OODS-Forge/OODS-Forge/src/viz/patterns/suggest-chart-cli.ts": {"lines":{"total":390,"covered":0,"skipped":0,"pct":0},"functions":{"total":1,"covered":0,"skipped":0,"pct":0},"statements":{"total":390,"covered":0,"skipped":0,"pct":0},"branches":{"total":1,"covered":0,"skipped":0,"pct":0}}
,"/home/runner/work/OODS-Forge/OODS-Forge/src/viz/perf/viz-benchmarks.ts": {"lines":{"total":682,"covered":0,"skipped":0,"pct":0},"functions":{"total":1,"covered":0,"skipped":0,"pct":0},"statements":{"total":682,"covered":0,"skipped":0,"pct":0},"branches":{"total":1,"covered":0,"skipped":0,"pct":0}}
,"/home/runner/work/OODS-Forge/OODS-Forge/src/viz/resolver/network-flow-resolver.ts": {"lines":{"total":30,"covered":30,"skipped":0,"pct":100},"functions":{"total":2,"covered":2,"skipped":0,"pct":100},"statements":{"total":30,"covered":30,"skipped":0,"pct":100},"branches":{"total":5,"covered":5,"skipped":0,"pct":100}}
,"/home/runner/work/OODS-Forge/OODS-Forge/src/viz/runtime/vega-embed-loader.ts": {"lines":{"total":25,"covered":17,"skipped":0,"pct":68},"functions":{"total":3,"covered":2,"skipped":0,"pct":66.66},"statements":{"total":25,"covered":17,"skipped":0,"pct":68},"branches":{"total":5,"covered":3,"skipped":0,"pct":60}}
,"/home/runner/work/OODS-Forge/OODS-Forge/src/viz/tooltip/spatial-tooltip-config.ts": {"lines":{"total":121,"covered":52,"skipped":0,"pct":42.97},"functions":{"total":9,"covered":5,"skipped":0,"pct":55.55},"statements":{"total":121,"covered":52,"skipped":0,"pct":42.97},"branches":{"total":12,"covered":10,"skipped":0,"pct":83.33}}
,"/home/runner/work/OODS-Forge/OODS-Forge/src/viz/validation/network-flow-validators.ts": {"lines":{"total":147,"covered":131,"skipped":0,"pct":89.11},"functions":{"total":7,"covered":7,"skipped":0,"pct":100},"statements":{"total":147,"covered":131,"skipped":0,"pct":89.11},"branches":{"total":51,"covered":42,"skipped":0,"pct":82.35}}
}
