{"numTotalTestSuites":12,"numPassedTestSuites":12,"numFailedTestSuites":0,"numPendingTestSuites":0,"numTotalTests":114,"numPassedTests":114,"numFailedTests":0,"numPendingTests":0,"numTodoTests":0,"snapshot":{"added":0,"failure":false,"filesAdded":0,"filesRemoved":0,"filesRemovedList":[],"filesUnmatched":0,"filesUpdated":0,"matched":0,"total":0,"unchecked":0,"uncheckedKeysByFile":[],"unmatched":0,"updated":0,"didUpdate":false},"startTime":1789313858592,"success":true,"testResults":[{"assertionResults":[{"ancestorTitles":["Sprint196 release proof keeps containing archive and measured release distinct"],"fullName":"Sprint196 release proof keeps containing archive and measured release distinct independently verifies all42 original bundle cells, retained requests/responses and exact tarball bytes","status":"passed","title":"independently verifies all42 original bundle cells, retained requests/responses and exact tarball bytes","duration":163.873834,"failureMessages":[],"meta":{}},{"ancestorTitles":["Sprint196 release proof keeps containing archive and measured release distinct"],"fullName":"Sprint196 release proof keeps containing archive and measured release distinct both checks reject missing-cell despite a green top-level summary","status":"passed","title":"both checks reject missing-cell despite a green top-level summary","duration":26.409458000000086,"failureMessages":[],"meta":{}},{"ancestorTitles":["Sprint196 release proof keeps containing archive and measured release distinct"],"fullName":"Sprint196 release proof keeps containing archive and measured release distinct both checks reject wrong-archive despite a green top-level summary","status":"passed","title":"both checks reject wrong-archive despite a green top-level summary","duration":2.577666000000022,"failureMessages":[],"meta":{}},{"ancestorTitles":["Sprint196 release proof keeps containing archive and measured release distinct"],"fullName":"Sprint196 release proof keeps containing archive and measured release distinct both checks reject false-parity despite a green top-level summary","status":"passed","title":"both checks reject false-parity despite a green top-level summary","duration":3.810542000000055,"failureMessages":[],"meta":{}},{"ancestorTitles":["Sprint196 release proof keeps containing archive and measured release distinct"],"fullName":"Sprint196 release proof keeps containing archive and measured release distinct both checks reject gate-promotion despite a green top-level summary","status":"passed","title":"both checks reject gate-promotion despite a green top-level summary","duration":4.614791999999966,"failureMessages":[],"meta":{}},{"ancestorTitles":["Sprint196 release proof keeps containing archive and measured release distinct"],"fullName":"Sprint196 release proof keeps containing archive and measured release distinct both checks reject report-tamper despite a green top-level summary","status":"passed","title":"both checks reject report-tamper despite a green top-level summary","duration":8.086957999999981,"failureMessages":[],"meta":{}},{"ancestorTitles":["Sprint196 release proof keeps containing archive and measured release distinct"],"fullName":"Sprint196 release proof keeps containing archive and measured release distinct both checks reject request-tamper despite a green top-level summary","status":"passed","title":"both checks reject request-tamper despite a green top-level summary","duration":14.808125000000018,"failureMessages":[],"meta":{}},{"ancestorTitles":["Sprint196 release proof keeps containing archive and measured release distinct"],"fullName":"Sprint196 release proof keeps containing archive and measured release distinct both checks reject host-tamper despite a green top-level summary","status":"passed","title":"both checks reject host-tamper despite a green top-level summary","duration":7.633874999999989,"failureMessages":[],"meta":{}},{"ancestorTitles":["Sprint196 release proof keeps containing archive and measured release distinct"],"fullName":"Sprint196 release proof keeps containing archive and measured release distinct both checks reject tarball-tamper despite a green top-level summary","status":"passed","title":"both checks reject tarball-tamper despite a green top-level summary","duration":2.723500000000058,"failureMessages":[],"meta":{}},{"ancestorTitles":["Sprint196 release proof keeps containing archive and measured release distinct"],"fullName":"Sprint196 release proof keeps containing archive and measured release distinct accepts the actual Node20 E2E while preserving the earlier served release identity","status":"passed","title":"accepts the actual Node20 E2E while preserving the earlier served release identity","duration":86.304709,"failureMessages":[],"meta":{}},{"ancestorTitles":["Sprint196 release proof keeps containing archive and measured release distinct"],"fullName":"Sprint196 release proof keeps containing archive and measured release distinct accepts the actual Node24 E2E while preserving the earlier served release identity","status":"passed","title":"accepts the actual Node24 E2E while preserving the earlier served release identity","duration":74.85187499999995,"failureMessages":[],"meta":{}},{"ancestorTitles":["Sprint196 release proof keeps containing archive and measured release distinct"],"fullName":"Sprint196 release proof keeps containing archive and measured release distinct refuses relabeled-release in portable execution","status":"passed","title":"refuses relabeled-release in portable execution","duration":61.31904199999997,"failureMessages":[],"meta":{}},{"ancestorTitles":["Sprint196 release proof keeps containing archive and measured release distinct"],"fullName":"Sprint196 release proof keeps containing archive and measured release distinct refuses erased-native-code in portable execution","status":"passed","title":"refuses erased-native-code in portable execution","duration":64.84825000000001,"failureMessages":[],"meta":{}},{"ancestorTitles":["Sprint196 release proof keeps containing archive and measured release distinct"],"fullName":"Sprint196 release proof keeps containing archive and measured release distinct refuses process-leak in portable execution","status":"passed","title":"refuses process-leak in portable execution","duration":62.75741700000003,"failureMessages":[],"meta":{}},{"ancestorTitles":["Sprint196 release proof keeps containing archive and measured release distinct"],"fullName":"Sprint196 release proof keeps containing archive and measured release distinct refuses wrong-node-floor in portable execution","status":"passed","title":"refuses wrong-node-floor in portable execution","duration":63.55737499999998,"failureMessages":[],"meta":{}},{"ancestorTitles":["Sprint196 release proof keeps containing archive and measured release distinct"],"fullName":"Sprint196 release proof keeps containing archive and measured release distinct refuses bridge-mismatch in portable execution","status":"passed","title":"refuses bridge-mismatch in portable execution","duration":74.19358399999999,"failureMessages":[],"meta":{}},{"ancestorTitles":["Sprint196 post-measurement changes cannot hide product changes"],"fullName":"Sprint196 post-measurement changes cannot hide product changes admits only hash-bound generated ledger successors and the named roadmap update","status":"passed","title":"admits only hash-bound generated ledger successors and the named roadmap update","duration":0.8524580000000697,"failureMessages":[],"meta":{}},{"ancestorTitles":["Sprint196 post-measurement changes cannot hide product changes"],"fullName":"Sprint196 post-measurement changes cannot hide product changes rejects source-change independently","status":"passed","title":"rejects source-change independently","duration":12.414708999999903,"failureMessages":[],"meta":{}},{"ancestorTitles":["Sprint196 post-measurement changes cannot hide product changes"],"fullName":"Sprint196 post-measurement changes cannot hide product changes rejects expanded-exception independently","status":"passed","title":"rejects expanded-exception independently","duration":0.4820839999999862,"failureMessages":[],"meta":{}},{"ancestorTitles":["Sprint196 post-measurement changes cannot hide product changes"],"fullName":"Sprint196 post-measurement changes cannot hide product changes rejects relabeled-ledger independently","status":"passed","title":"rejects relabeled-ledger independently","duration":0.3344579999998132,"failureMessages":[],"meta":{}},{"ancestorTitles":["Sprint196 post-measurement changes cannot hide product changes"],"fullName":"Sprint196 post-measurement changes cannot hide product changes rejects capture-relabel independently","status":"passed","title":"rejects capture-relabel independently","duration":0.22500000000013642,"failureMessages":[],"meta":{}},{"ancestorTitles":["Sprint196 post-measurement changes cannot hide product changes"],"fullName":"Sprint196 post-measurement changes cannot hide product changes rejects false-path-list independently","status":"passed","title":"rejects false-path-list independently","duration":0.24108400000000074,"failureMessages":[],"meta":{}},{"ancestorTitles":["Sprint196 post-measurement changes cannot hide product changes"],"fullName":"Sprint196 post-measurement changes cannot hide product changes rejects snapshot-divergence independently","status":"passed","title":"rejects snapshot-divergence independently","duration":0.3123750000002019,"failureMessages":[],"meta":{}},{"ancestorTitles":["Sprint196 post-measurement changes cannot hide product changes"],"fullName":"Sprint196 post-measurement changes cannot hide product changes both independent Git scopes preserve Unicode/tab paths and include generated docs and Gate2","status":"passed","title":"both independent Git scopes preserve Unicode/tab paths and include generated docs and Gate2","duration":698.1320410000001,"failureMessages":[],"meta":{}},{"ancestorTitles":["Sprint196 literal claims and prepared reconnect"],"fullName":"Sprint196 literal claims and prepared reconnect requires the locked sprint base instead of accepting a narrower mission range","status":"passed","title":"requires the locked sprint base instead of accepting a narrower mission range","duration":18.903458,"failureMessages":[],"meta":{}},{"ancestorTitles":["Sprint196 literal claims and prepared reconnect"],"fullName":"Sprint196 literal claims and prepared reconnect audits all26 literal criteria without relying on future m07 outputs","status":"passed","title":"audits all26 literal criteria without relying on future m07 outputs","duration":0.7677499999999782,"failureMessages":[],"meta":{}},{"ancestorTitles":["Sprint196 literal claims and prepared reconnect"],"fullName":"Sprint196 literal claims and prepared reconnect rejects omitted claim evidence","status":"passed","title":"rejects omitted claim evidence","duration":0.3605000000000018,"failureMessages":[],"meta":{}},{"ancestorTitles":["Sprint196 literal claims and prepared reconnect"],"fullName":"Sprint196 literal claims and prepared reconnect rejects reworded claim evidence","status":"passed","title":"rejects reworded claim evidence","duration":0.24941700000022138,"failureMessages":[],"meta":{}},{"ancestorTitles":["Sprint196 literal claims and prepared reconnect"],"fullName":"Sprint196 literal claims and prepared reconnect rejects missing-execution claim evidence","status":"passed","title":"rejects missing-execution claim evidence","duration":1.4647079999999733,"failureMessages":[],"meta":{}},{"ancestorTitles":["Sprint196 literal claims and prepared reconnect"],"fullName":"Sprint196 literal claims and prepared reconnect prepares three hash-bound notices naming new portable behavior while keeping delivery unsent","status":"passed","title":"prepares three hash-bound notices naming new portable behavior while keeping delivery unsent","duration":23.724249999999984,"failureMessages":[],"meta":{}},{"ancestorTitles":["Sprint196 retained readiness and exact review-pending roadmap"],"fullName":"Sprint196 retained readiness and exact review-pending roadmap binds both109 readiness rows to actual historical source and shipped declaration hashes","status":"passed","title":"binds both109 readiness rows to actual historical source and shipped declaration hashes","duration":1260.064708,"failureMessages":[],"meta":{}},{"ancestorTitles":["Sprint196 retained readiness and exact review-pending roadmap"],"fullName":"Sprint196 retained readiness and exact review-pending roadmap requires the precise current heading and a real packet link","status":"passed","title":"requires the precise current heading and a real packet link","duration":0.5317500000001019,"failureMessages":[],"meta":{}},{"ancestorTitles":["Sprint196 retained readiness and exact review-pending roadmap"],"fullName":"Sprint196 retained readiness and exact review-pending roadmap rejects old-labels without treating old review labels as current proof","status":"passed","title":"rejects old-labels without treating old review labels as current proof","duration":1.5020000000004075,"failureMessages":[],"meta":{}},{"ancestorTitles":["Sprint196 retained readiness and exact review-pending roadmap"],"fullName":"Sprint196 retained readiness and exact review-pending roadmap rejects packet-link-missing without treating old review labels as current proof","status":"passed","title":"rejects packet-link-missing without treating old review labels as current proof","duration":1.428625000000011,"failureMessages":[],"meta":{}},{"ancestorTitles":[],"fullName":"Sprint196 advertises both endpoints of real Git renames while preserving Sprint195 behavior","status":"passed","title":"Sprint196 advertises both endpoints of real Git renames while preserving Sprint195 behavior","duration":375.4067909999999,"failureMessages":[],"meta":{}}],"startTime":1789313861173,"endTime":1789313864295.4067,"status":"passed","message":"","name":"/Users/systemsystems/.codex/worktrees/s197/OODS-Forge/packages/mcp-server/test/product-reality/closeout.s196.spec.ts"},{"assertionResults":[{"ancestorTitles":["s197 producer rejects evidence that could inflate the palette proof"],"fullName":"s197 producer rejects evidence that could inflate the palette proof verifies actual 240-cell receipts, package bytes and 24 chart theme screenshots","status":"passed","title":"verifies actual 240-cell receipts, package bytes and 24 chart theme screenshots","duration":242.01145900000003,"failureMessages":[],"meta":{}},{"ancestorTitles":["s197 producer rejects evidence that could inflate the palette proof"],"fullName":"s197 producer rejects evidence that could inflate the palette proof rejects missing even when the headline stays 240/240","status":"passed","title":"rejects missing even when the headline stays 240/240","duration":19.774208999999985,"failureMessages":[],"meta":{}},{"ancestorTitles":["s197 producer rejects evidence that could inflate the palette proof"],"fullName":"s197 producer rejects evidence that could inflate the palette proof rejects duplicate even when the headline stays 240/240","status":"passed","title":"rejects duplicate even when the headline stays 240/240","duration":8.583292000000029,"failureMessages":[],"meta":{}},{"ancestorTitles":["s197 producer rejects evidence that could inflate the palette proof"],"fullName":"s197 producer rejects evidence that could inflate the palette proof rejects wrong-head even when the headline stays 240/240","status":"passed","title":"rejects wrong-head even when the headline stays 240/240","duration":11.441665999999998,"failureMessages":[],"meta":{}},{"ancestorTitles":["s197 producer rejects evidence that could inflate the palette proof"],"fullName":"s197 producer rejects evidence that could inflate the palette proof rejects mixed-run even when the headline stays 240/240","status":"passed","title":"rejects mixed-run even when the headline stays 240/240","duration":8.561207999999965,"failureMessages":[],"meta":{}},{"ancestorTitles":["s197 producer rejects evidence that could inflate the palette proof"],"fullName":"s197 producer rejects evidence that could inflate the palette proof rejects missing-install even when the headline stays 240/240","status":"passed","title":"rejects missing-install even when the headline stays 240/240","duration":9.037040999999988,"failureMessages":[],"meta":{}},{"ancestorTitles":["s197 producer rejects evidence that could inflate the palette proof"],"fullName":"s197 producer rejects evidence that could inflate the palette proof rejects missing-workflow-state even when the headline stays 240/240","status":"passed","title":"rejects missing-workflow-state even when the headline stays 240/240","duration":11.929874999999981,"failureMessages":[],"meta":{}},{"ancestorTitles":["s197 producer rejects evidence that could inflate the palette proof"],"fullName":"s197 producer rejects evidence that could inflate the palette proof rejects changed browser bytes independently of aggregate success","status":"passed","title":"rejects changed browser bytes independently of aggregate success","duration":7.625833,"failureMessages":[],"meta":{}},{"ancestorTitles":["s197 producer rejects evidence that could inflate the palette proof"],"fullName":"s197 producer rejects evidence that could inflate the palette proof rejects changed tarball bytes independently of aggregate success","status":"passed","title":"rejects changed tarball bytes independently of aggregate success","duration":12.953624999999988,"failureMessages":[],"meta":{}},{"ancestorTitles":["s197 producer rejects evidence that could inflate the palette proof"],"fullName":"s197 producer rejects evidence that could inflate the palette proof rejects changed screenshot bytes independently of aggregate success","status":"passed","title":"rejects changed screenshot bytes independently of aggregate success","duration":8.936207999999965,"failureMessages":[],"meta":{}},{"ancestorTitles":["s197 producer rejects evidence that could inflate the palette proof"],"fullName":"s197 producer rejects evidence that could inflate the palette proof rejects changed restore bytes independently of aggregate success","status":"passed","title":"rejects changed restore bytes independently of aggregate success","duration":79.29499999999996,"failureMessages":[],"meta":{}},{"ancestorTitles":["s197 independent auditor rejects evidence that could inflate the palette proof"],"fullName":"s197 independent auditor rejects evidence that could inflate the palette proof verifies actual 240-cell receipts, package bytes and 24 chart theme screenshots","status":"passed","title":"verifies actual 240-cell receipts, package bytes and 24 chart theme screenshots","duration":62.76958300000001,"failureMessages":[],"meta":{}},{"ancestorTitles":["s197 independent auditor rejects evidence that could inflate the palette proof"],"fullName":"s197 independent auditor rejects evidence that could inflate the palette proof rejects missing even when the headline stays 240/240","status":"passed","title":"rejects missing even when the headline stays 240/240","duration":18.30200000000002,"failureMessages":[],"meta":{}},{"ancestorTitles":["s197 independent auditor rejects evidence that could inflate the palette proof"],"fullName":"s197 independent auditor rejects evidence that could inflate the palette proof rejects duplicate even when the headline stays 240/240","status":"passed","title":"rejects duplicate even when the headline stays 240/240","duration":8.950749999999971,"failureMessages":[],"meta":{}},{"ancestorTitles":["s197 independent auditor rejects evidence that could inflate the palette proof"],"fullName":"s197 independent auditor rejects evidence that could inflate the palette proof rejects wrong-head even when the headline stays 240/240","status":"passed","title":"rejects wrong-head even when the headline stays 240/240","duration":7.746167000000014,"failureMessages":[],"meta":{}},{"ancestorTitles":["s197 independent auditor rejects evidence that could inflate the palette proof"],"fullName":"s197 independent auditor rejects evidence that could inflate the palette proof rejects mixed-run even when the headline stays 240/240","status":"passed","title":"rejects mixed-run even when the headline stays 240/240","duration":8.446583999999916,"failureMessages":[],"meta":{}},{"ancestorTitles":["s197 independent auditor rejects evidence that could inflate the palette proof"],"fullName":"s197 independent auditor rejects evidence that could inflate the palette proof rejects missing-install even when the headline stays 240/240","status":"passed","title":"rejects missing-install even when the headline stays 240/240","duration":8.319041999999968,"failureMessages":[],"meta":{}},{"ancestorTitles":["s197 independent auditor rejects evidence that could inflate the palette proof"],"fullName":"s197 independent auditor rejects evidence that could inflate the palette proof rejects missing-workflow-state even when the headline stays 240/240","status":"passed","title":"rejects missing-workflow-state even when the headline stays 240/240","duration":11.716707999999926,"failureMessages":[],"meta":{}},{"ancestorTitles":["s197 independent auditor rejects evidence that could inflate the palette proof"],"fullName":"s197 independent auditor rejects evidence that could inflate the palette proof rejects changed browser bytes independently of aggregate success","status":"passed","title":"rejects changed browser bytes independently of aggregate success","duration":8.375584000000003,"failureMessages":[],"meta":{}},{"ancestorTitles":["s197 independent auditor rejects evidence that could inflate the palette proof"],"fullName":"s197 independent auditor rejects evidence that could inflate the palette proof rejects changed tarball bytes independently of aggregate success","status":"passed","title":"rejects changed tarball bytes independently of aggregate success","duration":8.357416999999941,"failureMessages":[],"meta":{}},{"ancestorTitles":["s197 independent auditor rejects evidence that could inflate the palette proof"],"fullName":"s197 independent auditor rejects evidence that could inflate the palette proof rejects changed screenshot bytes independently of aggregate success","status":"passed","title":"rejects changed screenshot bytes independently of aggregate success","duration":13.274499999999989,"failureMessages":[],"meta":{}},{"ancestorTitles":["s197 independent auditor rejects evidence that could inflate the palette proof"],"fullName":"s197 independent auditor rejects evidence that could inflate the palette proof rejects changed restore bytes independently of aggregate success","status":"passed","title":"rejects changed restore bytes independently of aggregate success","duration":62.50533400000006,"failureMessages":[],"meta":{}},{"ancestorTitles":[],"fullName":"protects retained history while allowing the measured current roadmap row","status":"passed","title":"protects retained history while allowing the measured current roadmap row","duration":2.715958999999998,"failureMessages":[],"meta":{}},{"ancestorTitles":[],"fullName":"independently inventories token, golden, spec and documentation changes from one Git range","status":"passed","title":"independently inventories token, golden, spec and documentation changes from one Git range","duration":421.1011249999999,"failureMessages":[],"meta":{}},{"ancestorTitles":[],"fullName":"the diagnostic dependency exception cannot conceal runtime or lock drift after measurement","status":"passed","title":"the diagnostic dependency exception cannot conceal runtime or lock drift after measurement","duration":39.959125000000085,"failureMessages":[],"meta":{}},{"ancestorTitles":["s197 accounting binds decision 2008"],"fullName":"s197 accounting binds decision 2008 accepts only the approved four-field correction with the two original failed capture trees","status":"passed","title":"accepts only the approved four-field correction with the two original failed capture trees","duration":981.0447499999998,"failureMessages":[],"meta":{}},{"ancestorTitles":["s197 accounting binds decision 2008"],"fullName":"s197 accounting binds decision 2008 rejects decision drift without silently accepting unrelated work","status":"passed","title":"rejects decision drift without silently accepting unrelated work","duration":70.72816600000033,"failureMessages":[],"meta":{}},{"ancestorTitles":["s197 accounting binds decision 2008"],"fullName":"s197 accounting binds decision 2008 rejects facts drift without silently accepting unrelated work","status":"passed","title":"rejects facts drift without silently accepting unrelated work","duration":87.30591700000014,"failureMessages":[],"meta":{}},{"ancestorTitles":["s197 accounting binds decision 2008"],"fullName":"s197 accounting binds decision 2008 rejects packet drift without silently accepting unrelated work","status":"passed","title":"rejects packet drift without silently accepting unrelated work","duration":155.0740420000002,"failureMessages":[],"meta":{}},{"ancestorTitles":["s197 accounting binds decision 2008"],"fullName":"s197 accounting binds decision 2008 rejects generator drift without silently accepting unrelated work","status":"passed","title":"rejects generator drift without silently accepting unrelated work","duration":323.47950000000037,"failureMessages":[],"meta":{}},{"ancestorTitles":["s197 accounting binds decision 2008"],"fullName":"s197 accounting binds decision 2008 rejects readiness-source drift without silently accepting unrelated work","status":"passed","title":"rejects readiness-source drift without silently accepting unrelated work","duration":376.4954170000001,"failureMessages":[],"meta":{}},{"ancestorTitles":["s197 accounting binds decision 2008"],"fullName":"s197 accounting binds decision 2008 rejects support drift without silently accepting unrelated work","status":"passed","title":"rejects support drift without silently accepting unrelated work","duration":178.23141700000042,"failureMessages":[],"meta":{}},{"ancestorTitles":["s197 accounting binds decision 2008"],"fullName":"s197 accounting binds decision 2008 rejects extra-path drift without silently accepting unrelated work","status":"passed","title":"rejects extra-path drift without silently accepting unrelated work","duration":136.07566600000018,"failureMessages":[],"meta":{}},{"ancestorTitles":["s197 accounting binds decision 2008"],"fullName":"s197 accounting binds decision 2008 rejects missing-failure drift without silently accepting unrelated work","status":"passed","title":"rejects missing-failure drift without silently accepting unrelated work","duration":914.9900830000001,"failureMessages":[],"meta":{}},{"ancestorTitles":["s197 accounting binds decision 2008"],"fullName":"s197 accounting binds decision 2008 rejects other-failure drift without silently accepting unrelated work","status":"passed","title":"rejects other-failure drift without silently accepting unrelated work","duration":1017.7898750000004,"failureMessages":[],"meta":{}},{"ancestorTitles":["s197 accounting binds decision 2008"],"fullName":"s197 accounting binds decision 2008 rejects missing-project drift without silently accepting unrelated work","status":"passed","title":"rejects missing-project drift without silently accepting unrelated work","duration":1254.712834,"failureMessages":[],"meta":{}},{"ancestorTitles":["s197 accounting binds decision 2008"],"fullName":"s197 accounting binds decision 2008 rejects scoped-head drift without silently accepting unrelated work","status":"passed","title":"rejects scoped-head drift without silently accepting unrelated work","duration":1521.465333,"failureMessages":[],"meta":{}},{"ancestorTitles":["s197 accounting binds decision 2008"],"fullName":"s197 accounting binds decision 2008 rejects skip drift without silently accepting unrelated work","status":"passed","title":"rejects skip drift without silently accepting unrelated work","duration":1043.4860419999986,"failureMessages":[],"meta":{}},{"ancestorTitles":["s197 accounting binds decision 2008"],"fullName":"s197 accounting binds decision 2008 rejects missing-closeout drift without silently accepting unrelated work","status":"passed","title":"rejects missing-closeout drift without silently accepting unrelated work","duration":862.123791,"failureMessages":[],"meta":{}},{"ancestorTitles":["s197 accounting binds decision 2008"],"fullName":"s197 accounting binds decision 2008 rejects capture drift without silently accepting unrelated work","status":"passed","title":"rejects capture drift without silently accepting unrelated work","duration":585.3210419999996,"failureMessages":[],"meta":{}},{"ancestorTitles":["s197 accounting binds decision 2008"],"fullName":"s197 accounting binds decision 2008 rejects docs-head drift without silently accepting unrelated work","status":"passed","title":"rejects docs-head drift without silently accepting unrelated work","duration":808.4588750000003,"failureMessages":[],"meta":{}},{"ancestorTitles":["s197 independent auditor binds decision 2008"],"fullName":"s197 independent auditor binds decision 2008 accepts only the approved four-field correction with the two original failed capture trees","status":"passed","title":"accepts only the approved four-field correction with the two original failed capture trees","duration":911.66525,"failureMessages":[],"meta":{}},{"ancestorTitles":["s197 independent auditor binds decision 2008"],"fullName":"s197 independent auditor binds decision 2008 rejects decision drift without silently accepting unrelated work","status":"passed","title":"rejects decision drift without silently accepting unrelated work","duration":59.947958000000654,"failureMessages":[],"meta":{}},{"ancestorTitles":["s197 independent auditor binds decision 2008"],"fullName":"s197 independent auditor binds decision 2008 rejects facts drift without silently accepting unrelated work","status":"passed","title":"rejects facts drift without silently accepting unrelated work","duration":77.0600830000003,"failureMessages":[],"meta":{}},{"ancestorTitles":["s197 independent auditor binds decision 2008"],"fullName":"s197 independent auditor binds decision 2008 rejects packet drift without silently accepting unrelated work","status":"passed","title":"rejects packet drift without silently accepting unrelated work","duration":87.52020900000025,"failureMessages":[],"meta":{}},{"ancestorTitles":["s197 independent auditor binds decision 2008"],"fullName":"s197 independent auditor binds decision 2008 rejects generator drift without silently accepting unrelated work","status":"passed","title":"rejects generator drift without silently accepting unrelated work","duration":103.2060419999998,"failureMessages":[],"meta":{}},{"ancestorTitles":["s197 independent auditor binds decision 2008"],"fullName":"s197 independent auditor binds decision 2008 rejects readiness-source drift without silently accepting unrelated work","status":"passed","title":"rejects readiness-source drift without silently accepting unrelated work","duration":113.55849999999919,"failureMessages":[],"meta":{}},{"ancestorTitles":["s197 independent auditor binds decision 2008"],"fullName":"s197 independent auditor binds decision 2008 rejects support drift without silently accepting unrelated work","status":"passed","title":"rejects support drift without silently accepting unrelated work","duration":117.75112500000068,"failureMessages":[],"meta":{}},{"ancestorTitles":["s197 independent auditor binds decision 2008"],"fullName":"s197 independent auditor binds decision 2008 rejects extra-path drift without silently accepting unrelated work","status":"passed","title":"rejects extra-path drift without silently accepting unrelated work","duration":120.95633400000042,"failureMessages":[],"meta":{}},{"ancestorTitles":["s197 independent auditor binds decision 2008"],"fullName":"s197 independent auditor binds decision 2008 rejects missing-failure drift without silently accepting unrelated work","status":"passed","title":"rejects missing-failure drift without silently accepting unrelated work","duration":768.6366249999992,"failureMessages":[],"meta":{}},{"ancestorTitles":["s197 independent auditor binds decision 2008"],"fullName":"s197 independent auditor binds decision 2008 rejects other-failure drift without silently accepting unrelated work","status":"passed","title":"rejects other-failure drift without silently accepting unrelated work","duration":942.6202919999996,"failureMessages":[],"meta":{}},{"ancestorTitles":["s197 independent auditor binds decision 2008"],"fullName":"s197 independent auditor binds decision 2008 rejects missing-project drift without silently accepting unrelated work","status":"passed","title":"rejects missing-project drift without silently accepting unrelated work","duration":900.3307920000007,"failureMessages":[],"meta":{}},{"ancestorTitles":["s197 independent auditor binds decision 2008"],"fullName":"s197 independent auditor binds decision 2008 rejects scoped-head drift without silently accepting unrelated work","status":"passed","title":"rejects scoped-head drift without silently accepting unrelated work","duration":871.4093329999978,"failureMessages":[],"meta":{}},{"ancestorTitles":["s197 independent auditor binds decision 2008"],"fullName":"s197 independent auditor binds decision 2008 rejects skip drift without silently accepting unrelated work","status":"passed","title":"rejects skip drift without silently accepting unrelated work","duration":908.5323330000028,"failureMessages":[],"meta":{}},{"ancestorTitles":["s197 independent auditor binds decision 2008"],"fullName":"s197 independent auditor binds decision 2008 rejects missing-closeout drift without silently accepting unrelated work","status":"passed","title":"rejects missing-closeout drift without silently accepting unrelated work","duration":909.6560409999984,"failureMessages":[],"meta":{}},{"ancestorTitles":["s197 independent auditor binds decision 2008"],"fullName":"s197 independent auditor binds decision 2008 rejects capture drift without silently accepting unrelated work","status":"passed","title":"rejects capture drift without silently accepting unrelated work","duration":704.3792499999981,"failureMessages":[],"meta":{}},{"ancestorTitles":["s197 independent auditor binds decision 2008"],"fullName":"s197 independent auditor binds decision 2008 rejects docs-head drift without silently accepting unrelated work","status":"passed","title":"rejects docs-head drift without silently accepting unrelated work","duration":918.762999999999,"failureMessages":[],"meta":{}}],"startTime":1789313864525,"endTime":1789313884465.763,"status":"passed","message":"","name":"/Users/systemsystems/.codex/worktrees/s197/OODS-Forge/packages/mcp-server/test/product-reality/closeout.s197.spec.ts"},{"assertionResults":[{"ancestorTitles":["s196 release readiness derives facts without making Gate 2 decisions"],"fullName":"s196 release readiness derives facts without making Gate 2 decisions discovers all 21 workspaces and the separate root, preserving absent publish fields","status":"passed","title":"discovers all 21 workspaces and the separate root, preserving absent publish fields","duration":4.202833999999996,"failureMessages":[],"meta":{}},{"ancestorTitles":["s196 release readiness derives facts without making Gate 2 decisions"],"fullName":"s196 release readiness derives facts without making Gate 2 decisions checks generated JSON and the marked facts block while preserving authored prose","status":"passed","title":"checks generated JSON and the marked facts block while preserving authored prose","duration":132.07225,"failureMessages":[],"meta":{}},{"ancestorTitles":["s196 release readiness derives facts without making Gate 2 decisions"],"fullName":"s196 release readiness derives facts without making Gate 2 decisions detects actual package private movement and regenerates from the isolated root","status":"passed","title":"detects actual package private movement and regenerates from the isolated root","duration":122.07004200000006,"failureMessages":[],"meta":{}},{"ancestorTitles":["s196 release readiness derives facts without making Gate 2 decisions"],"fullName":"s196 release readiness derives facts without making Gate 2 decisions detects actual package license movement and regenerates from the isolated root","status":"passed","title":"detects actual package license movement and regenerates from the isolated root","duration":104.5060410000001,"failureMessages":[],"meta":{}},{"ancestorTitles":["s196 release readiness derives facts without making Gate 2 decisions"],"fullName":"s196 release readiness derives facts without making Gate 2 decisions detects actual package publishConfig movement and regenerates from the isolated root","status":"passed","title":"detects actual package publishConfig movement and regenerates from the isolated root","duration":93.11745799999994,"failureMessages":[],"meta":{}},{"ancestorTitles":["s196 release readiness derives facts without making Gate 2 decisions"],"fullName":"s196 release readiness derives facts without making Gate 2 decisions detects actual package files movement and regenerates from the isolated root","status":"passed","title":"detects actual package files movement and regenerates from the isolated root","duration":95.96249999999998,"failureMessages":[],"meta":{}},{"ancestorTitles":["s196 release readiness derives facts without making Gate 2 decisions"],"fullName":"s196 release readiness derives facts without making Gate 2 decisions detects actual package exports movement and regenerates from the isolated root","status":"passed","title":"detects actual package exports movement and regenerates from the isolated root","duration":90.863833,"failureMessages":[],"meta":{}},{"ancestorTitles":["s196 release readiness derives facts without making Gate 2 decisions"],"fullName":"s196 release readiness derives facts without making Gate 2 decisions detects actual package version movement and regenerates from the isolated root","status":"passed","title":"detects actual package version movement and regenerates from the isolated root","duration":195.3447910000001,"failureMessages":[],"meta":{}},{"ancestorTitles":["s196 release readiness derives facts without making Gate 2 decisions"],"fullName":"s196 release readiness derives facts without making Gate 2 decisions detects added workspace membership and added, removed or changed LICENSE bytes","status":"passed","title":"detects added workspace membership and added, removed or changed LICENSE bytes","duration":102.34587499999998,"failureMessages":[],"meta":{}},{"ancestorTitles":["s196 release readiness derives facts without making Gate 2 decisions"],"fullName":"s196 release readiness derives facts without making Gate 2 decisions detects hand edits to either output and requires unique correctly ordered markers","status":"passed","title":"detects hand edits to either output and requires unique correctly ordered markers","duration":255.6289999999999,"failureMessages":[],"meta":{}},{"ancestorTitles":["s196 release readiness derives facts without making Gate 2 decisions"],"fullName":"s196 release readiness derives facts without making Gate 2 decisions rejects changed raw proof bytes before trusting a retained verification summary","status":"passed","title":"rejects changed raw proof bytes before trusting a retained verification summary","duration":27.437791999999945,"failureMessages":[],"meta":{}},{"ancestorTitles":["s196 release readiness derives facts without making Gate 2 decisions"],"fullName":"s196 release readiness derives facts without making Gate 2 decisions rejects altered typed dependency code even when the isolated receipt hash index is recomputed","status":"passed","title":"rejects altered typed dependency code even when the isolated receipt hash index is recomputed","duration":31.419875000000047,"failureMessages":[],"meta":{}},{"ancestorTitles":["s196 release readiness derives facts without making Gate 2 decisions"],"fullName":"s196 release readiness derives facts without making Gate 2 decisions rejects altered actual success even when the isolated receipt hash index is recomputed","status":"passed","title":"rejects altered actual success even when the isolated receipt hash index is recomputed","duration":45.199292000000014,"failureMessages":[],"meta":{}},{"ancestorTitles":["s196 release readiness derives facts without making Gate 2 decisions"],"fullName":"s196 release readiness derives facts without making Gate 2 decisions rejects altered bridge parity even when the isolated receipt hash index is recomputed","status":"passed","title":"rejects altered bridge parity even when the isolated receipt hash index is recomputed","duration":40.334333000000015,"failureMessages":[],"meta":{}},{"ancestorTitles":["s196 release readiness derives facts without making Gate 2 decisions"],"fullName":"s196 release readiness derives facts without making Gate 2 decisions rejects altered forced lifecycle kill even when the isolated receipt hash index is recomputed","status":"passed","title":"rejects altered forced lifecycle kill even when the isolated receipt hash index is recomputed","duration":39.5631249999999,"failureMessages":[],"meta":{}},{"ancestorTitles":["s196 release readiness derives facts without making Gate 2 decisions"],"fullName":"s196 release readiness derives facts without making Gate 2 decisions rejects altered restored tree even when the isolated receipt hash index is recomputed","status":"passed","title":"rejects altered restored tree even when the isolated receipt hash index is recomputed","duration":33.447790999999825,"failureMessages":[],"meta":{}},{"ancestorTitles":["s196 release readiness derives facts without making Gate 2 decisions"],"fullName":"s196 release readiness derives facts without making Gate 2 decisions rejects altered runtime Node version even when the isolated receipt hash index is recomputed","status":"passed","title":"rejects altered runtime Node version even when the isolated receipt hash index is recomputed","duration":30.53125,"failureMessages":[],"meta":{}},{"ancestorTitles":["s196 release readiness derives facts without making Gate 2 decisions"],"fullName":"s196 release readiness derives facts without making Gate 2 decisions rejects altered executed manifest head even when the isolated receipt hash index is recomputed","status":"passed","title":"rejects altered executed manifest head even when the isolated receipt hash index is recomputed","duration":35.69104100000004,"failureMessages":[],"meta":{}},{"ancestorTitles":["s196 release readiness derives facts without making Gate 2 decisions"],"fullName":"s196 release readiness derives facts without making Gate 2 decisions independently checks archive metadata, attestation seal, and CI job success","status":"passed","title":"independently checks archive metadata, attestation seal, and CI job success","duration":129.87533300000018,"failureMessages":[],"meta":{}},{"ancestorTitles":["s196 release readiness derives facts without making Gate 2 decisions"],"fullName":"s196 release readiness derives facts without making Gate 2 decisions keeps source/merge, portable archive, measured release archive and served earlier ledger distinct","status":"passed","title":"keeps source/merge, portable archive, measured release archive and served earlier ledger distinct","duration":45.816249999999854,"failureMessages":[],"meta":{}},{"ancestorTitles":["s196 release readiness derives facts without making Gate 2 decisions"],"fullName":"s196 release readiness derives facts without making Gate 2 decisions rejects forged release membership or host equality in the actual retained ledger","status":"passed","title":"rejects forged release membership or host equality in the actual retained ledger","duration":103.59279199999992,"failureMessages":[],"meta":{}},{"ancestorTitles":["s196 release readiness derives facts without making Gate 2 decisions"],"fullName":"s196 release readiness derives facts without making Gate 2 decisions rejects missing/unknown CLI arguments and unsupported workspace patterns instead of using the live checkout","status":"passed","title":"rejects missing/unknown CLI arguments and unsupported workspace patterns instead of using the live checkout","duration":32.726541,"failureMessages":[],"meta":{}}],"startTime":1789313858968,"endTime":1789313860760.7266,"status":"passed","message":"","name":"/Users/systemsystems/.codex/worktrees/s197/OODS-Forge/packages/mcp-server/test/product-reality/release-readiness.s196.spec.ts"}]}