{"numTotalTestSuites":12,"numPassedTestSuites":12,"numFailedTestSuites":0,"numPendingTestSuites":0,"numTotalTests":114,"numPassedTests":114,"numFailedTests":0,"numPendingTests":0,"numTodoTests":0,"snapshot":{"added":0,"failure":false,"filesAdded":0,"filesRemoved":0,"filesRemovedList":[],"filesUnmatched":0,"filesUpdated":0,"matched":0,"total":0,"unchecked":0,"uncheckedKeysByFile":[],"unmatched":0,"updated":0,"didUpdate":false},"startTime":1789313904405,"success":true,"testResults":[{"assertionResults":[{"ancestorTitles":["Sprint196 release proof keeps containing archive and measured release distinct"],"fullName":"Sprint196 release proof keeps containing archive and measured release distinct independently verifies all42 original bundle cells, retained requests/responses and exact tarball bytes","status":"passed","title":"independently verifies all42 original bundle cells, retained requests/responses and exact tarball bytes","duration":161.18170899999996,"failureMessages":[],"meta":{}},{"ancestorTitles":["Sprint196 release proof keeps containing archive and measured release distinct"],"fullName":"Sprint196 release proof keeps containing archive and measured release distinct both checks reject missing-cell despite a green top-level summary","status":"passed","title":"both checks reject missing-cell despite a green top-level summary","duration":27.672459000000003,"failureMessages":[],"meta":{}},{"ancestorTitles":["Sprint196 release proof keeps containing archive and measured release distinct"],"fullName":"Sprint196 release proof keeps containing archive and measured release distinct both checks reject wrong-archive despite a green top-level summary","status":"passed","title":"both checks reject wrong-archive despite a green top-level summary","duration":3.787333999999987,"failureMessages":[],"meta":{}},{"ancestorTitles":["Sprint196 release proof keeps containing archive and measured release distinct"],"fullName":"Sprint196 release proof keeps containing archive and measured release distinct both checks reject false-parity despite a green top-level summary","status":"passed","title":"both checks reject false-parity despite a green top-level summary","duration":5.511707999999999,"failureMessages":[],"meta":{}},{"ancestorTitles":["Sprint196 release proof keeps containing archive and measured release distinct"],"fullName":"Sprint196 release proof keeps containing archive and measured release distinct both checks reject gate-promotion despite a green top-level summary","status":"passed","title":"both checks reject gate-promotion despite a green top-level summary","duration":5.018374999999992,"failureMessages":[],"meta":{}},{"ancestorTitles":["Sprint196 release proof keeps containing archive and measured release distinct"],"fullName":"Sprint196 release proof keeps containing archive and measured release distinct both checks reject report-tamper despite a green top-level summary","status":"passed","title":"both checks reject report-tamper despite a green top-level summary","duration":8.715708999999947,"failureMessages":[],"meta":{}},{"ancestorTitles":["Sprint196 release proof keeps containing archive and measured release distinct"],"fullName":"Sprint196 release proof keeps containing archive and measured release distinct both checks reject request-tamper despite a green top-level summary","status":"passed","title":"both checks reject request-tamper despite a green top-level summary","duration":8.126792000000023,"failureMessages":[],"meta":{}},{"ancestorTitles":["Sprint196 release proof keeps containing archive and measured release distinct"],"fullName":"Sprint196 release proof keeps containing archive and measured release distinct both checks reject host-tamper despite a green top-level summary","status":"passed","title":"both checks reject host-tamper despite a green top-level summary","duration":9.517207999999982,"failureMessages":[],"meta":{}},{"ancestorTitles":["Sprint196 release proof keeps containing archive and measured release distinct"],"fullName":"Sprint196 release proof keeps containing archive and measured release distinct both checks reject tarball-tamper despite a green top-level summary","status":"passed","title":"both checks reject tarball-tamper despite a green top-level summary","duration":2.0224589999999125,"failureMessages":[],"meta":{}},{"ancestorTitles":["Sprint196 release proof keeps containing archive and measured release distinct"],"fullName":"Sprint196 release proof keeps containing archive and measured release distinct accepts the actual Node20 E2E while preserving the earlier served release identity","status":"passed","title":"accepts the actual Node20 E2E while preserving the earlier served release identity","duration":65.7584589999999,"failureMessages":[],"meta":{}},{"ancestorTitles":["Sprint196 release proof keeps containing archive and measured release distinct"],"fullName":"Sprint196 release proof keeps containing archive and measured release distinct accepts the actual Node24 E2E while preserving the earlier served release identity","status":"passed","title":"accepts the actual Node24 E2E while preserving the earlier served release identity","duration":60.61129200000005,"failureMessages":[],"meta":{}},{"ancestorTitles":["Sprint196 release proof keeps containing archive and measured release distinct"],"fullName":"Sprint196 release proof keeps containing archive and measured release distinct refuses relabeled-release in portable execution","status":"passed","title":"refuses relabeled-release in portable execution","duration":57.47529099999997,"failureMessages":[],"meta":{}},{"ancestorTitles":["Sprint196 release proof keeps containing archive and measured release distinct"],"fullName":"Sprint196 release proof keeps containing archive and measured release distinct refuses erased-native-code in portable execution","status":"passed","title":"refuses erased-native-code in portable execution","duration":58.121125000000006,"failureMessages":[],"meta":{}},{"ancestorTitles":["Sprint196 release proof keeps containing archive and measured release distinct"],"fullName":"Sprint196 release proof keeps containing archive and measured release distinct refuses process-leak in portable execution","status":"passed","title":"refuses process-leak in portable execution","duration":56.74283300000002,"failureMessages":[],"meta":{}},{"ancestorTitles":["Sprint196 release proof keeps containing archive and measured release distinct"],"fullName":"Sprint196 release proof keeps containing archive and measured release distinct refuses wrong-node-floor in portable execution","status":"passed","title":"refuses wrong-node-floor in portable execution","duration":58.986999999999966,"failureMessages":[],"meta":{}},{"ancestorTitles":["Sprint196 release proof keeps containing archive and measured release distinct"],"fullName":"Sprint196 release proof keeps containing archive and measured release distinct refuses bridge-mismatch in portable execution","status":"passed","title":"refuses bridge-mismatch in portable execution","duration":54.78120899999999,"failureMessages":[],"meta":{}},{"ancestorTitles":["Sprint196 post-measurement changes cannot hide product changes"],"fullName":"Sprint196 post-measurement changes cannot hide product changes admits only hash-bound generated ledger successors and the named roadmap update","status":"passed","title":"admits only hash-bound generated ledger successors and the named roadmap update","duration":0.5421249999999418,"failureMessages":[],"meta":{}},{"ancestorTitles":["Sprint196 post-measurement changes cannot hide product changes"],"fullName":"Sprint196 post-measurement changes cannot hide product changes rejects source-change independently","status":"passed","title":"rejects source-change independently","duration":5.979332999999997,"failureMessages":[],"meta":{}},{"ancestorTitles":["Sprint196 post-measurement changes cannot hide product changes"],"fullName":"Sprint196 post-measurement changes cannot hide product changes rejects expanded-exception independently","status":"passed","title":"rejects expanded-exception independently","duration":0.294667000000004,"failureMessages":[],"meta":{}},{"ancestorTitles":["Sprint196 post-measurement changes cannot hide product changes"],"fullName":"Sprint196 post-measurement changes cannot hide product changes rejects relabeled-ledger independently","status":"passed","title":"rejects relabeled-ledger independently","duration":0.2572499999999991,"failureMessages":[],"meta":{}},{"ancestorTitles":["Sprint196 post-measurement changes cannot hide product changes"],"fullName":"Sprint196 post-measurement changes cannot hide product changes rejects capture-relabel independently","status":"passed","title":"rejects capture-relabel independently","duration":0.21637500000008458,"failureMessages":[],"meta":{}},{"ancestorTitles":["Sprint196 post-measurement changes cannot hide product changes"],"fullName":"Sprint196 post-measurement changes cannot hide product changes rejects false-path-list independently","status":"passed","title":"rejects false-path-list independently","duration":0.21570899999994708,"failureMessages":[],"meta":{}},{"ancestorTitles":["Sprint196 post-measurement changes cannot hide product changes"],"fullName":"Sprint196 post-measurement changes cannot hide product changes rejects snapshot-divergence independently","status":"passed","title":"rejects snapshot-divergence independently","duration":0.28091699999993125,"failureMessages":[],"meta":{}},{"ancestorTitles":["Sprint196 post-measurement changes cannot hide product changes"],"fullName":"Sprint196 post-measurement changes cannot hide product changes both independent Git scopes preserve Unicode/tab paths and include generated docs and Gate2","status":"passed","title":"both independent Git scopes preserve Unicode/tab paths and include generated docs and Gate2","duration":450.7506669999999,"failureMessages":[],"meta":{}},{"ancestorTitles":["Sprint196 literal claims and prepared reconnect"],"fullName":"Sprint196 literal claims and prepared reconnect requires the locked sprint base instead of accepting a narrower mission range","status":"passed","title":"requires the locked sprint base instead of accepting a narrower mission range","duration":20.578625000000102,"failureMessages":[],"meta":{}},{"ancestorTitles":["Sprint196 literal claims and prepared reconnect"],"fullName":"Sprint196 literal claims and prepared reconnect audits all26 literal criteria without relying on future m07 outputs","status":"passed","title":"audits all26 literal criteria without relying on future m07 outputs","duration":0.8198340000001281,"failureMessages":[],"meta":{}},{"ancestorTitles":["Sprint196 literal claims and prepared reconnect"],"fullName":"Sprint196 literal claims and prepared reconnect rejects omitted claim evidence","status":"passed","title":"rejects omitted claim evidence","duration":0.3962500000000091,"failureMessages":[],"meta":{}},{"ancestorTitles":["Sprint196 literal claims and prepared reconnect"],"fullName":"Sprint196 literal claims and prepared reconnect rejects reworded claim evidence","status":"passed","title":"rejects reworded claim evidence","duration":0.23720800000000963,"failureMessages":[],"meta":{}},{"ancestorTitles":["Sprint196 literal claims and prepared reconnect"],"fullName":"Sprint196 literal claims and prepared reconnect rejects missing-execution claim evidence","status":"passed","title":"rejects missing-execution claim evidence","duration":1.4849169999999958,"failureMessages":[],"meta":{}},{"ancestorTitles":["Sprint196 literal claims and prepared reconnect"],"fullName":"Sprint196 literal claims and prepared reconnect prepares three hash-bound notices naming new portable behavior while keeping delivery unsent","status":"passed","title":"prepares three hash-bound notices naming new portable behavior while keeping delivery unsent","duration":19.987125000000106,"failureMessages":[],"meta":{}},{"ancestorTitles":["Sprint196 retained readiness and exact review-pending roadmap"],"fullName":"Sprint196 retained readiness and exact review-pending roadmap binds both109 readiness rows to actual historical source and shipped declaration hashes","status":"passed","title":"binds both109 readiness rows to actual historical source and shipped declaration hashes","duration":1079.399458,"failureMessages":[],"meta":{}},{"ancestorTitles":["Sprint196 retained readiness and exact review-pending roadmap"],"fullName":"Sprint196 retained readiness and exact review-pending roadmap requires the precise current heading and a real packet link","status":"passed","title":"requires the precise current heading and a real packet link","duration":0.44120899999961694,"failureMessages":[],"meta":{}},{"ancestorTitles":["Sprint196 retained readiness and exact review-pending roadmap"],"fullName":"Sprint196 retained readiness and exact review-pending roadmap rejects old-labels without treating old review labels as current proof","status":"passed","title":"rejects old-labels without treating old review labels as current proof","duration":1.9021250000000691,"failureMessages":[],"meta":{}},{"ancestorTitles":["Sprint196 retained readiness and exact review-pending roadmap"],"fullName":"Sprint196 retained readiness and exact review-pending roadmap rejects packet-link-missing without treating old review labels as current proof","status":"passed","title":"rejects packet-link-missing without treating old review labels as current proof","duration":1.9483330000002752,"failureMessages":[],"meta":{}},{"ancestorTitles":[],"fullName":"Sprint196 advertises both endpoints of real Git renames while preserving Sprint195 behavior","status":"passed","title":"Sprint196 advertises both endpoints of real Git renames while preserving Sprint195 behavior","duration":403.05287499999986,"failureMessages":[],"meta":{}}],"startTime":1789313906558,"endTime":1789313909192.053,"status":"passed","message":"","name":"/Users/systemsystems/.codex/worktrees/s197/OODS-Forge/packages/mcp-server/test/product-reality/closeout.s196.spec.ts"},{"assertionResults":[{"ancestorTitles":["s197 producer rejects evidence that could inflate the palette proof"],"fullName":"s197 producer rejects evidence that could inflate the palette proof verifies actual 240-cell receipts, package bytes and 24 chart theme screenshots","status":"passed","title":"verifies actual 240-cell receipts, package bytes and 24 chart theme screenshots","duration":255.37325,"failureMessages":[],"meta":{}},{"ancestorTitles":["s197 producer rejects evidence that could inflate the palette proof"],"fullName":"s197 producer rejects evidence that could inflate the palette proof rejects missing even when the headline stays 240/240","status":"passed","title":"rejects missing even when the headline stays 240/240","duration":20.945791999999983,"failureMessages":[],"meta":{}},{"ancestorTitles":["s197 producer rejects evidence that could inflate the palette proof"],"fullName":"s197 producer rejects evidence that could inflate the palette proof rejects duplicate even when the headline stays 240/240","status":"passed","title":"rejects duplicate even when the headline stays 240/240","duration":9.316583000000037,"failureMessages":[],"meta":{}},{"ancestorTitles":["s197 producer rejects evidence that could inflate the palette proof"],"fullName":"s197 producer rejects evidence that could inflate the palette proof rejects wrong-head even when the headline stays 240/240","status":"passed","title":"rejects wrong-head even when the headline stays 240/240","duration":12.541541999999993,"failureMessages":[],"meta":{}},{"ancestorTitles":["s197 producer rejects evidence that could inflate the palette proof"],"fullName":"s197 producer rejects evidence that could inflate the palette proof rejects mixed-run even when the headline stays 240/240","status":"passed","title":"rejects mixed-run even when the headline stays 240/240","duration":9.131124999999997,"failureMessages":[],"meta":{}},{"ancestorTitles":["s197 producer rejects evidence that could inflate the palette proof"],"fullName":"s197 producer rejects evidence that could inflate the palette proof rejects missing-install even when the headline stays 240/240","status":"passed","title":"rejects missing-install even when the headline stays 240/240","duration":8.566584000000034,"failureMessages":[],"meta":{}},{"ancestorTitles":["s197 producer rejects evidence that could inflate the palette proof"],"fullName":"s197 producer rejects evidence that could inflate the palette proof rejects missing-workflow-state even when the headline stays 240/240","status":"passed","title":"rejects missing-workflow-state even when the headline stays 240/240","duration":12.751374999999996,"failureMessages":[],"meta":{}},{"ancestorTitles":["s197 producer rejects evidence that could inflate the palette proof"],"fullName":"s197 producer rejects evidence that could inflate the palette proof rejects changed browser bytes independently of aggregate success","status":"passed","title":"rejects changed browser bytes independently of aggregate success","duration":7.995375000000024,"failureMessages":[],"meta":{}},{"ancestorTitles":["s197 producer rejects evidence that could inflate the palette proof"],"fullName":"s197 producer rejects evidence that could inflate the palette proof rejects changed tarball bytes independently of aggregate success","status":"passed","title":"rejects changed tarball bytes independently of aggregate success","duration":16.088500000000067,"failureMessages":[],"meta":{}},{"ancestorTitles":["s197 producer rejects evidence that could inflate the palette proof"],"fullName":"s197 producer rejects evidence that could inflate the palette proof rejects changed screenshot bytes independently of aggregate success","status":"passed","title":"rejects changed screenshot bytes independently of aggregate success","duration":8.381416999999942,"failureMessages":[],"meta":{}},{"ancestorTitles":["s197 producer rejects evidence that could inflate the palette proof"],"fullName":"s197 producer rejects evidence that could inflate the palette proof rejects changed restore bytes independently of aggregate success","status":"passed","title":"rejects changed restore bytes independently of aggregate success","duration":69.58208300000001,"failureMessages":[],"meta":{}},{"ancestorTitles":["s197 independent auditor rejects evidence that could inflate the palette proof"],"fullName":"s197 independent auditor rejects evidence that could inflate the palette proof verifies actual 240-cell receipts, package bytes and 24 chart theme screenshots","status":"passed","title":"verifies actual 240-cell receipts, package bytes and 24 chart theme screenshots","duration":59.971041000000014,"failureMessages":[],"meta":{}},{"ancestorTitles":["s197 independent auditor rejects evidence that could inflate the palette proof"],"fullName":"s197 independent auditor rejects evidence that could inflate the palette proof rejects missing even when the headline stays 240/240","status":"passed","title":"rejects missing even when the headline stays 240/240","duration":18.723208999999997,"failureMessages":[],"meta":{}},{"ancestorTitles":["s197 independent auditor rejects evidence that could inflate the palette proof"],"fullName":"s197 independent auditor rejects evidence that could inflate the palette proof rejects duplicate even when the headline stays 240/240","status":"passed","title":"rejects duplicate even when the headline stays 240/240","duration":8.517583000000059,"failureMessages":[],"meta":{}},{"ancestorTitles":["s197 independent auditor rejects evidence that could inflate the palette proof"],"fullName":"s197 independent auditor rejects evidence that could inflate the palette proof rejects wrong-head even when the headline stays 240/240","status":"passed","title":"rejects wrong-head even when the headline stays 240/240","duration":7.762958000000026,"failureMessages":[],"meta":{}},{"ancestorTitles":["s197 independent auditor rejects evidence that could inflate the palette proof"],"fullName":"s197 independent auditor rejects evidence that could inflate the palette proof rejects mixed-run even when the headline stays 240/240","status":"passed","title":"rejects mixed-run even when the headline stays 240/240","duration":8.345042000000035,"failureMessages":[],"meta":{}},{"ancestorTitles":["s197 independent auditor rejects evidence that could inflate the palette proof"],"fullName":"s197 independent auditor rejects evidence that could inflate the palette proof rejects missing-install even when the headline stays 240/240","status":"passed","title":"rejects missing-install even when the headline stays 240/240","duration":8.221457999999984,"failureMessages":[],"meta":{}},{"ancestorTitles":["s197 independent auditor rejects evidence that could inflate the palette proof"],"fullName":"s197 independent auditor rejects evidence that could inflate the palette proof rejects missing-workflow-state even when the headline stays 240/240","status":"passed","title":"rejects missing-workflow-state even when the headline stays 240/240","duration":13.895750000000021,"failureMessages":[],"meta":{}},{"ancestorTitles":["s197 independent auditor rejects evidence that could inflate the palette proof"],"fullName":"s197 independent auditor rejects evidence that could inflate the palette proof rejects changed browser bytes independently of aggregate success","status":"passed","title":"rejects changed browser bytes independently of aggregate success","duration":8.017582999999945,"failureMessages":[],"meta":{}},{"ancestorTitles":["s197 independent auditor rejects evidence that could inflate the palette proof"],"fullName":"s197 independent auditor rejects evidence that could inflate the palette proof rejects changed tarball bytes independently of aggregate success","status":"passed","title":"rejects changed tarball bytes independently of aggregate success","duration":12.400666000000001,"failureMessages":[],"meta":{}},{"ancestorTitles":["s197 independent auditor rejects evidence that could inflate the palette proof"],"fullName":"s197 independent auditor rejects evidence that could inflate the palette proof rejects changed screenshot bytes independently of aggregate success","status":"passed","title":"rejects changed screenshot bytes independently of aggregate success","duration":8.888042000000041,"failureMessages":[],"meta":{}},{"ancestorTitles":["s197 independent auditor rejects evidence that could inflate the palette proof"],"fullName":"s197 independent auditor rejects evidence that could inflate the palette proof rejects changed restore bytes independently of aggregate success","status":"passed","title":"rejects changed restore bytes independently of aggregate success","duration":64.95733299999995,"failureMessages":[],"meta":{}},{"ancestorTitles":[],"fullName":"protects retained history while allowing the measured current roadmap row","status":"passed","title":"protects retained history while allowing the measured current roadmap row","duration":1.9572500000000446,"failureMessages":[],"meta":{}},{"ancestorTitles":[],"fullName":"independently inventories token, golden, spec and documentation changes from one Git range","status":"passed","title":"independently inventories token, golden, spec and documentation changes from one Git range","duration":374.518458,"failureMessages":[],"meta":{}},{"ancestorTitles":[],"fullName":"the diagnostic dependency exception cannot conceal runtime or lock drift after measurement","status":"passed","title":"the diagnostic dependency exception cannot conceal runtime or lock drift after measurement","duration":54.56758300000001,"failureMessages":[],"meta":{}},{"ancestorTitles":["s197 accounting binds decision 2008"],"fullName":"s197 accounting binds decision 2008 accepts only the approved four-field correction with the two original failed capture trees","status":"passed","title":"accepts only the approved four-field correction with the two original failed capture trees","duration":890.959333,"failureMessages":[],"meta":{}},{"ancestorTitles":["s197 accounting binds decision 2008"],"fullName":"s197 accounting binds decision 2008 rejects decision drift without silently accepting unrelated work","status":"passed","title":"rejects decision drift without silently accepting unrelated work","duration":65.60058300000037,"failureMessages":[],"meta":{}},{"ancestorTitles":["s197 accounting binds decision 2008"],"fullName":"s197 accounting binds decision 2008 rejects facts drift without silently accepting unrelated work","status":"passed","title":"rejects facts drift without silently accepting unrelated work","duration":76.21708400000034,"failureMessages":[],"meta":{}},{"ancestorTitles":["s197 accounting binds decision 2008"],"fullName":"s197 accounting binds decision 2008 rejects packet drift without silently accepting unrelated work","status":"passed","title":"rejects packet drift without silently accepting unrelated work","duration":95.15025000000014,"failureMessages":[],"meta":{}},{"ancestorTitles":["s197 accounting binds decision 2008"],"fullName":"s197 accounting binds decision 2008 rejects generator drift without silently accepting unrelated work","status":"passed","title":"rejects generator drift without silently accepting unrelated work","duration":102.21020799999997,"failureMessages":[],"meta":{}},{"ancestorTitles":["s197 accounting binds decision 2008"],"fullName":"s197 accounting binds decision 2008 rejects readiness-source drift without silently accepting unrelated work","status":"passed","title":"rejects readiness-source drift without silently accepting unrelated work","duration":130.20308300000033,"failureMessages":[],"meta":{}},{"ancestorTitles":["s197 accounting binds decision 2008"],"fullName":"s197 accounting binds decision 2008 rejects support drift without silently accepting unrelated work","status":"passed","title":"rejects support drift without silently accepting unrelated work","duration":140.90612499999997,"failureMessages":[],"meta":{}},{"ancestorTitles":["s197 accounting binds decision 2008"],"fullName":"s197 accounting binds decision 2008 rejects extra-path drift without silently accepting unrelated work","status":"passed","title":"rejects extra-path drift without silently accepting unrelated work","duration":136.35229200000003,"failureMessages":[],"meta":{}},{"ancestorTitles":["s197 accounting binds decision 2008"],"fullName":"s197 accounting binds decision 2008 rejects missing-failure drift without silently accepting unrelated work","status":"passed","title":"rejects missing-failure drift without silently accepting unrelated work","duration":831.437042,"failureMessages":[],"meta":{}},{"ancestorTitles":["s197 accounting binds decision 2008"],"fullName":"s197 accounting binds decision 2008 rejects other-failure drift without silently accepting unrelated work","status":"passed","title":"rejects other-failure drift without silently accepting unrelated work","duration":890.5985000000005,"failureMessages":[],"meta":{}},{"ancestorTitles":["s197 accounting binds decision 2008"],"fullName":"s197 accounting binds decision 2008 rejects missing-project drift without silently accepting unrelated work","status":"passed","title":"rejects missing-project drift without silently accepting unrelated work","duration":907.5101249999998,"failureMessages":[],"meta":{}},{"ancestorTitles":["s197 accounting binds decision 2008"],"fullName":"s197 accounting binds decision 2008 rejects scoped-head drift without silently accepting unrelated work","status":"passed","title":"rejects scoped-head drift without silently accepting unrelated work","duration":867.4333749999996,"failureMessages":[],"meta":{}},{"ancestorTitles":["s197 accounting binds decision 2008"],"fullName":"s197 accounting binds decision 2008 rejects skip drift without silently accepting unrelated work","status":"passed","title":"rejects skip drift without silently accepting unrelated work","duration":900.2179999999998,"failureMessages":[],"meta":{}},{"ancestorTitles":["s197 accounting binds decision 2008"],"fullName":"s197 accounting binds decision 2008 rejects missing-closeout drift without silently accepting unrelated work","status":"passed","title":"rejects missing-closeout drift without silently accepting unrelated work","duration":878.9360829999996,"failureMessages":[],"meta":{}},{"ancestorTitles":["s197 accounting binds decision 2008"],"fullName":"s197 accounting binds decision 2008 rejects capture drift without silently accepting unrelated work","status":"passed","title":"rejects capture drift without silently accepting unrelated work","duration":635.7405830000007,"failureMessages":[],"meta":{}},{"ancestorTitles":["s197 accounting binds decision 2008"],"fullName":"s197 accounting binds decision 2008 rejects docs-head drift without silently accepting unrelated work","status":"passed","title":"rejects docs-head drift without silently accepting unrelated work","duration":1027.5307920000014,"failureMessages":[],"meta":{}},{"ancestorTitles":["s197 independent auditor binds decision 2008"],"fullName":"s197 independent auditor binds decision 2008 accepts only the approved four-field correction with the two original failed capture trees","status":"passed","title":"accepts only the approved four-field correction with the two original failed capture trees","duration":986.6317090000011,"failureMessages":[],"meta":{}},{"ancestorTitles":["s197 independent auditor binds decision 2008"],"fullName":"s197 independent auditor binds decision 2008 rejects decision drift without silently accepting unrelated work","status":"passed","title":"rejects decision drift without silently accepting unrelated work","duration":81.52529099999992,"failureMessages":[],"meta":{}},{"ancestorTitles":["s197 independent auditor binds decision 2008"],"fullName":"s197 independent auditor binds decision 2008 rejects facts drift without silently accepting unrelated work","status":"passed","title":"rejects facts drift without silently accepting unrelated work","duration":83.68745899999885,"failureMessages":[],"meta":{}},{"ancestorTitles":["s197 independent auditor binds decision 2008"],"fullName":"s197 independent auditor binds decision 2008 rejects packet drift without silently accepting unrelated work","status":"passed","title":"rejects packet drift without silently accepting unrelated work","duration":102.79183299999931,"failureMessages":[],"meta":{}},{"ancestorTitles":["s197 independent auditor binds decision 2008"],"fullName":"s197 independent auditor binds decision 2008 rejects generator drift without silently accepting unrelated work","status":"passed","title":"rejects generator drift without silently accepting unrelated work","duration":114.7153330000001,"failureMessages":[],"meta":{}},{"ancestorTitles":["s197 independent auditor binds decision 2008"],"fullName":"s197 independent auditor binds decision 2008 rejects readiness-source drift without silently accepting unrelated work","status":"passed","title":"rejects readiness-source drift without silently accepting unrelated work","duration":151.48579099999915,"failureMessages":[],"meta":{}},{"ancestorTitles":["s197 independent auditor binds decision 2008"],"fullName":"s197 independent auditor binds decision 2008 rejects support drift without silently accepting unrelated work","status":"passed","title":"rejects support drift without silently accepting unrelated work","duration":153.71000000000095,"failureMessages":[],"meta":{}},{"ancestorTitles":["s197 independent auditor binds decision 2008"],"fullName":"s197 independent auditor binds decision 2008 rejects extra-path drift without silently accepting unrelated work","status":"passed","title":"rejects extra-path drift without silently accepting unrelated work","duration":158.19937500000015,"failureMessages":[],"meta":{}},{"ancestorTitles":["s197 independent auditor binds decision 2008"],"fullName":"s197 independent auditor binds decision 2008 rejects missing-failure drift without silently accepting unrelated work","status":"passed","title":"rejects missing-failure drift without silently accepting unrelated work","duration":911.7779590000009,"failureMessages":[],"meta":{}},{"ancestorTitles":["s197 independent auditor binds decision 2008"],"fullName":"s197 independent auditor binds decision 2008 rejects other-failure drift without silently accepting unrelated work","status":"passed","title":"rejects other-failure drift without silently accepting unrelated work","duration":908.0622079999994,"failureMessages":[],"meta":{}},{"ancestorTitles":["s197 independent auditor binds decision 2008"],"fullName":"s197 independent auditor binds decision 2008 rejects missing-project drift without silently accepting unrelated work","status":"passed","title":"rejects missing-project drift without silently accepting unrelated work","duration":878.9112910000003,"failureMessages":[],"meta":{}},{"ancestorTitles":["s197 independent auditor binds decision 2008"],"fullName":"s197 independent auditor binds decision 2008 rejects scoped-head drift without silently accepting unrelated work","status":"passed","title":"rejects scoped-head drift without silently accepting unrelated work","duration":899.9510410000003,"failureMessages":[],"meta":{}},{"ancestorTitles":["s197 independent auditor binds decision 2008"],"fullName":"s197 independent auditor binds decision 2008 rejects skip drift without silently accepting unrelated work","status":"passed","title":"rejects skip drift without silently accepting unrelated work","duration":804.6326659999995,"failureMessages":[],"meta":{}},{"ancestorTitles":["s197 independent auditor binds decision 2008"],"fullName":"s197 independent auditor binds decision 2008 rejects missing-closeout drift without silently accepting unrelated work","status":"passed","title":"rejects missing-closeout drift without silently accepting unrelated work","duration":1005.3712909999995,"failureMessages":[],"meta":{}},{"ancestorTitles":["s197 independent auditor binds decision 2008"],"fullName":"s197 independent auditor binds decision 2008 rejects capture drift without silently accepting unrelated work","status":"passed","title":"rejects capture drift without silently accepting unrelated work","duration":682.7422920000026,"failureMessages":[],"meta":{}},{"ancestorTitles":["s197 independent auditor binds decision 2008"],"fullName":"s197 independent auditor binds decision 2008 rejects docs-head drift without silently accepting unrelated work","status":"passed","title":"rejects docs-head drift without silently accepting unrelated work","duration":945.8141660000001,"failureMessages":[],"meta":{}}],"startTime":1789313909398,"endTime":1789313927931.8142,"status":"passed","message":"","name":"/Users/systemsystems/.codex/worktrees/s197/OODS-Forge/packages/mcp-server/test/product-reality/closeout.s197.spec.ts"},{"assertionResults":[{"ancestorTitles":["s196 release readiness derives facts without making Gate 2 decisions"],"fullName":"s196 release readiness derives facts without making Gate 2 decisions discovers all 21 workspaces and the separate root, preserving absent publish fields","status":"passed","title":"discovers all 21 workspaces and the separate root, preserving absent publish fields","duration":3.7399580000000014,"failureMessages":[],"meta":{}},{"ancestorTitles":["s196 release readiness derives facts without making Gate 2 decisions"],"fullName":"s196 release readiness derives facts without making Gate 2 decisions checks generated JSON and the marked facts block while preserving authored prose","status":"passed","title":"checks generated JSON and the marked facts block while preserving authored prose","duration":94.98833300000001,"failureMessages":[],"meta":{}},{"ancestorTitles":["s196 release readiness derives facts without making Gate 2 decisions"],"fullName":"s196 release readiness derives facts without making Gate 2 decisions detects actual package private movement and regenerates from the isolated root","status":"passed","title":"detects actual package private movement and regenerates from the isolated root","duration":97.829542,"failureMessages":[],"meta":{}},{"ancestorTitles":["s196 release readiness derives facts without making Gate 2 decisions"],"fullName":"s196 release readiness derives facts without making Gate 2 decisions detects actual package license movement and regenerates from the isolated root","status":"passed","title":"detects actual package license movement and regenerates from the isolated root","duration":98.05349999999999,"failureMessages":[],"meta":{}},{"ancestorTitles":["s196 release readiness derives facts without making Gate 2 decisions"],"fullName":"s196 release readiness derives facts without making Gate 2 decisions detects actual package publishConfig movement and regenerates from the isolated root","status":"passed","title":"detects actual package publishConfig movement and regenerates from the isolated root","duration":93.97791699999993,"failureMessages":[],"meta":{}},{"ancestorTitles":["s196 release readiness derives facts without making Gate 2 decisions"],"fullName":"s196 release readiness derives facts without making Gate 2 decisions detects actual package files movement and regenerates from the isolated root","status":"passed","title":"detects actual package files movement and regenerates from the isolated root","duration":106.70108299999993,"failureMessages":[],"meta":{}},{"ancestorTitles":["s196 release readiness derives facts without making Gate 2 decisions"],"fullName":"s196 release readiness derives facts without making Gate 2 decisions detects actual package exports movement and regenerates from the isolated root","status":"passed","title":"detects actual package exports movement and regenerates from the isolated root","duration":92.21266700000001,"failureMessages":[],"meta":{}},{"ancestorTitles":["s196 release readiness derives facts without making Gate 2 decisions"],"fullName":"s196 release readiness derives facts without making Gate 2 decisions detects actual package version movement and regenerates from the isolated root","status":"passed","title":"detects actual package version movement and regenerates from the isolated root","duration":92.06987500000002,"failureMessages":[],"meta":{}},{"ancestorTitles":["s196 release readiness derives facts without making Gate 2 decisions"],"fullName":"s196 release readiness derives facts without making Gate 2 decisions detects added workspace membership and added, removed or changed LICENSE bytes","status":"passed","title":"detects added workspace membership and added, removed or changed LICENSE bytes","duration":91.44745799999998,"failureMessages":[],"meta":{}},{"ancestorTitles":["s196 release readiness derives facts without making Gate 2 decisions"],"fullName":"s196 release readiness derives facts without making Gate 2 decisions detects hand edits to either output and requires unique correctly ordered markers","status":"passed","title":"detects hand edits to either output and requires unique correctly ordered markers","duration":202.20837500000005,"failureMessages":[],"meta":{}},{"ancestorTitles":["s196 release readiness derives facts without making Gate 2 decisions"],"fullName":"s196 release readiness derives facts without making Gate 2 decisions rejects changed raw proof bytes before trusting a retained verification summary","status":"passed","title":"rejects changed raw proof bytes before trusting a retained verification summary","duration":27.64304200000015,"failureMessages":[],"meta":{}},{"ancestorTitles":["s196 release readiness derives facts without making Gate 2 decisions"],"fullName":"s196 release readiness derives facts without making Gate 2 decisions rejects altered typed dependency code even when the isolated receipt hash index is recomputed","status":"passed","title":"rejects altered typed dependency code even when the isolated receipt hash index is recomputed","duration":27.632458000000042,"failureMessages":[],"meta":{}},{"ancestorTitles":["s196 release readiness derives facts without making Gate 2 decisions"],"fullName":"s196 release readiness derives facts without making Gate 2 decisions rejects altered actual success even when the isolated receipt hash index is recomputed","status":"passed","title":"rejects altered actual success even when the isolated receipt hash index is recomputed","duration":28.517957999999908,"failureMessages":[],"meta":{}},{"ancestorTitles":["s196 release readiness derives facts without making Gate 2 decisions"],"fullName":"s196 release readiness derives facts without making Gate 2 decisions rejects altered bridge parity even when the isolated receipt hash index is recomputed","status":"passed","title":"rejects altered bridge parity even when the isolated receipt hash index is recomputed","duration":26.538084000000026,"failureMessages":[],"meta":{}},{"ancestorTitles":["s196 release readiness derives facts without making Gate 2 decisions"],"fullName":"s196 release readiness derives facts without making Gate 2 decisions rejects altered forced lifecycle kill even when the isolated receipt hash index is recomputed","status":"passed","title":"rejects altered forced lifecycle kill even when the isolated receipt hash index is recomputed","duration":28.09375,"failureMessages":[],"meta":{}},{"ancestorTitles":["s196 release readiness derives facts without making Gate 2 decisions"],"fullName":"s196 release readiness derives facts without making Gate 2 decisions rejects altered restored tree even when the isolated receipt hash index is recomputed","status":"passed","title":"rejects altered restored tree even when the isolated receipt hash index is recomputed","duration":29.2298330000001,"failureMessages":[],"meta":{}},{"ancestorTitles":["s196 release readiness derives facts without making Gate 2 decisions"],"fullName":"s196 release readiness derives facts without making Gate 2 decisions rejects altered runtime Node version even when the isolated receipt hash index is recomputed","status":"passed","title":"rejects altered runtime Node version even when the isolated receipt hash index is recomputed","duration":29.990082999999913,"failureMessages":[],"meta":{}},{"ancestorTitles":["s196 release readiness derives facts without making Gate 2 decisions"],"fullName":"s196 release readiness derives facts without making Gate 2 decisions rejects altered executed manifest head even when the isolated receipt hash index is recomputed","status":"passed","title":"rejects altered executed manifest head even when the isolated receipt hash index is recomputed","duration":28.6360830000001,"failureMessages":[],"meta":{}},{"ancestorTitles":["s196 release readiness derives facts without making Gate 2 decisions"],"fullName":"s196 release readiness derives facts without making Gate 2 decisions independently checks archive metadata, attestation seal, and CI job success","status":"passed","title":"independently checks archive metadata, attestation seal, and CI job success","duration":95.94962499999997,"failureMessages":[],"meta":{}},{"ancestorTitles":["s196 release readiness derives facts without making Gate 2 decisions"],"fullName":"s196 release readiness derives facts without making Gate 2 decisions keeps source/merge, portable archive, measured release archive and served earlier ledger distinct","status":"passed","title":"keeps source/merge, portable archive, measured release archive and served earlier ledger distinct","duration":39.7986249999999,"failureMessages":[],"meta":{}},{"ancestorTitles":["s196 release readiness derives facts without making Gate 2 decisions"],"fullName":"s196 release readiness derives facts without making Gate 2 decisions rejects forged release membership or host equality in the actual retained ledger","status":"passed","title":"rejects forged release membership or host equality in the actual retained ledger","duration":152.61366700000008,"failureMessages":[],"meta":{}},{"ancestorTitles":["s196 release readiness derives facts without making Gate 2 decisions"],"fullName":"s196 release readiness derives facts without making Gate 2 decisions rejects missing/unknown CLI arguments and unsupported workspace patterns instead of using the live checkout","status":"passed","title":"rejects missing/unknown CLI arguments and unsupported workspace patterns instead of using the live checkout","duration":32.737249999999904,"failureMessages":[],"meta":{}}],"startTime":1789313904657,"endTime":1789313906177.7373,"status":"passed","message":"","name":"/Users/systemsystems/.codex/worktrees/s197/OODS-Forge/packages/mcp-server/test/product-reality/release-readiness.s196.spec.ts"}]}