{"numTotalTestSuites":6,"numPassedTestSuites":6,"numFailedTestSuites":0,"numPendingTestSuites":0,"numTotalTests":32,"numPassedTests":32,"numFailedTests":0,"numPendingTests":0,"numTodoTests":0,"snapshot":{"added":0,"failure":false,"filesAdded":0,"filesRemoved":0,"filesRemovedList":[],"filesUnmatched":0,"filesUpdated":0,"matched":0,"total":0,"unchecked":0,"uncheckedKeysByFile":[],"unmatched":0,"updated":0,"didUpdate":false},"startTime":1788675619725,"success":true,"testResults":[{"assertionResults":[{"ancestorTitles":["Sprint 184 merged target readiness"],"fullName":"Sprint 184 merged target readiness merges the nucleus react manifest with the separate sorted ported manifest","status":"passed","title":"merges the nucleus react manifest with the separate sorted ported manifest","duration":10.222208000000137,"failureMessages":[],"meta":{}},{"ancestorTitles":["Sprint 184 merged target readiness"],"fullName":"Sprint 184 merged target readiness merges the nucleus vue manifest with the separate sorted ported manifest","status":"passed","title":"merges the nucleus vue manifest with the separate sorted ported manifest","duration":4.040916000000379,"failureMessages":[],"meta":{}},{"ancestorTitles":["Sprint 184 merged target readiness"],"fullName":"Sprint 184 merged target readiness fails loud on mismatched targets and duplicate component rows","status":"passed","title":"fails loud on mismatched targets and duplicate component rows","duration":9.278291999999965,"failureMessages":[],"meta":{}},{"ancestorTitles":["Sprint 184 merged target readiness"],"fullName":"Sprint 184 merged target readiness resolves all six physical evidence classes for every ported react row","status":"passed","title":"resolves all six physical evidence classes for every ported react row","duration":15.578875000000153,"failureMessages":[],"meta":{}},{"ancestorTitles":["Sprint 184 merged target readiness"],"fullName":"Sprint 184 merged target readiness resolves all six physical evidence classes for every ported vue row","status":"passed","title":"resolves all six physical evidence classes for every ported vue row","duration":13.804000000000087,"failureMessages":[],"meta":{}},{"ancestorTitles":["Sprint 184 merged target readiness"],"fullName":"Sprint 184 merged target readiness keeps every governed react capability outcome green through the production preflight","status":"passed","title":"keeps every governed react capability outcome green through the production preflight","duration":0.45524999999997817,"failureMessages":[],"meta":{}},{"ancestorTitles":["Sprint 184 merged target readiness"],"fullName":"Sprint 184 merged target readiness keeps every governed vue capability outcome green through the production preflight","status":"passed","title":"keeps every governed vue capability outcome green through the production preflight","duration":0.1362500000000182,"failureMessages":[],"meta":{}},{"ancestorTitles":["Sprint 184 merged target readiness"],"fullName":"Sprint 184 merged target readiness isolates each deleted react export to exactly its one ported readiness cell","status":"passed","title":"isolates each deleted react export to exactly its one ported readiness cell","duration":183.46566600000006,"failureMessages":[],"meta":{}},{"ancestorTitles":["Sprint 184 merged target readiness"],"fullName":"Sprint 184 merged target readiness isolates each deleted vue export to exactly its one ported readiness cell","status":"passed","title":"isolates each deleted vue export to exactly its one ported readiness cell","duration":125.59579200000007,"failureMessages":[],"meta":{}}],"startTime":1788675622517,"endTime":1788675622880.5957,"status":"passed","message":"","name":"/Users/systemsystems/.codex/worktrees/s185/OODS-Forge/packages/mcp-server/src/codegen/ported-target-readiness.s184.test.ts"},{"assertionResults":[{"ancestorTitles":["Sprint 185 m01 — every live nucleus pin derives from NUCLEUS_COMPONENT_IDS (#1725)"],"fullName":"Sprint 185 m01 — every live nucleus pin derives from NUCLEUS_COMPONENT_IDS (#1725) the nucleus itself is a non-empty, unique, code-point-sorted id list","status":"passed","title":"the nucleus itself is a non-empty, unique, code-point-sorted id list","duration":4.251166999999896,"failureMessages":[],"meta":{}},{"ancestorTitles":["Sprint 185 m01 — every live nucleus pin derives from NUCLEUS_COMPONENT_IDS (#1725)"],"fullName":"Sprint 185 m01 — every live nucleus pin derives from NUCLEUS_COMPONENT_IDS (#1725) no retired literal from the pin inventory is present in its file, and every derivation is","status":"passed","title":"no retired literal from the pin inventory is present in its file, and every derivation is","duration":65.75800000000004,"failureMessages":[],"meta":{}},{"ancestorTitles":["Sprint 185 m01 — every live nucleus pin derives from NUCLEUS_COMPONENT_IDS (#1725)"],"fullName":"Sprint 185 m01 — every live nucleus pin derives from NUCLEUS_COMPONENT_IDS (#1725) no live test or script compares nucleus membership to a literal count","status":"passed","title":"no live test or script compares nucleus membership to a literal count","duration":3052.9393329999994,"failureMessages":[],"meta":{}},{"ancestorTitles":["Sprint 185 m01 — every live nucleus pin derives from NUCLEUS_COMPONENT_IDS (#1725)"],"fullName":"Sprint 185 m01 — every live nucleus pin derives from NUCLEUS_COMPONENT_IDS (#1725) includes source and root tests and rejects indexed readiness counts while allowing derived membership","status":"passed","title":"includes source and root tests and rejects indexed readiness counts while allowing derived membership","duration":858.5820000000003,"failureMessages":[],"meta":{}},{"ancestorTitles":["Sprint 185 m01 — every live nucleus pin derives from NUCLEUS_COMPONENT_IDS (#1725)"],"fullName":"Sprint 185 m01 — every live nucleus pin derives from NUCLEUS_COMPONENT_IDS (#1725) the hand-written 14-family list survives only in declared showcase fixtures and history scripts","status":"passed","title":"the hand-written 14-family list survives only in declared showcase fixtures and history scripts","duration":2030.2031659999993,"failureMessages":[],"meta":{}}],"startTime":1788675633928,"endTime":1788675639941.2031,"status":"passed","message":"","name":"/Users/systemsystems/.codex/worktrees/s185/OODS-Forge/packages/mcp-server/test/product-reality/nucleus-pins.s185.spec.ts"},{"assertionResults":[{"ancestorTitles":["Sprint 185 four-suite accounting counts executions and explains population movement"],"fullName":"Sprint 185 four-suite accounting counts executions and explains population movement rederives passes, failures, inherited skips and todos from actual assertion rows","status":"passed","title":"rederives passes, failures, inherited skips and todos from actual assertion rows","duration":47.85779100000002,"failureMessages":[],"meta":{}},{"ancestorTitles":["Sprint 185 four-suite accounting counts executions and explains population movement"],"fullName":"Sprint 185 four-suite accounting counts executions and explains population movement rejects inconsistent headline counts and duplicate file executions","status":"passed","title":"rejects inconsistent headline counts and duplicate file executions","duration":46.40783299999998,"failureMessages":[],"meta":{}},{"ancestorTitles":["Sprint 185 four-suite accounting counts executions and explains population movement"],"fullName":"Sprint 185 four-suite accounting counts executions and explains population movement reports both added and removed files even when their assertion totals cancel","status":"passed","title":"reports both added and removed files even when their assertion totals cancel","duration":1.291708999999969,"failureMessages":[],"meta":{}},{"ancestorTitles":["Sprint 185 four-suite accounting counts executions and explains population movement"],"fullName":"Sprint 185 four-suite accounting counts executions and explains population movement accounts for added and removed assertions inside the same still-executed file","status":"passed","title":"accounts for added and removed assertions inside the same still-executed file","duration":1.2941250000000082,"failureMessages":[],"meta":{}},{"ancestorTitles":["Sprint 185 four-suite accounting counts executions and explains population movement"],"fullName":"Sprint 185 four-suite accounting counts executions and explains population movement keeps outcome movement and prior failure messages separate from assertion membership changes","status":"passed","title":"keeps outcome movement and prior failure messages separate from assertion membership changes","duration":0.8248330000000124,"failureMessages":[],"meta":{}},{"ancestorTitles":["Sprint 185 four-suite accounting counts executions and explains population movement"],"fullName":"Sprint 185 four-suite accounting counts executions and explains population movement rejects a repeated receipt and a copied raw execution relabeled as another run","status":"passed","title":"rejects a repeated receipt and a copied raw execution relabeled as another run","duration":1.6251669999999194,"failureMessages":[],"meta":{}},{"ancestorTitles":["Sprint 185 four-suite accounting counts executions and explains population movement"],"fullName":"Sprint 185 four-suite accounting counts executions and explains population movement requires a matching retained failure and a specific named disposition to validate accounting for an inherited red","status":"passed","title":"requires a matching retained failure and a specific named disposition to validate accounting for an inherited red","duration":2.975749999999948,"failureMessages":[],"meta":{}},{"ancestorTitles":["Sprint 185 four-suite accounting counts executions and explains population movement"],"fullName":"Sprint 185 four-suite accounting counts executions and explains population movement uses one exact raw-log cause only when the original JSON cause is empty or a generic placeholder","status":"passed","title":"uses one exact raw-log cause only when the original JSON cause is empty or a generic placeholder","duration":2.3773749999999154,"failureMessages":[],"meta":{}},{"ancestorTitles":["Sprint 185 four-suite accounting counts executions and explains population movement"],"fullName":"Sprint 185 four-suite accounting counts executions and explains population movement refuses wrong suites, files, captions, repeated sections and duplicate parameterized assertion captions","status":"passed","title":"refuses wrong suites, files, captions, repeated sections and duplicate parameterized assertion captions","duration":4.363124999999968,"failureMessages":[],"meta":{}},{"ancestorTitles":["Sprint 185 four-suite accounting counts executions and explains population movement"],"fullName":"Sprint 185 four-suite accounting counts executions and explains population movement matches declared setup scopes and collection headers without borrowing an assertion failure from the same file","status":"passed","title":"matches declared setup scopes and collection headers without borrowing an assertion failure from the same file","duration":0.33920899999998255,"failureMessages":[],"meta":{}},{"ancestorTitles":["Sprint 185 four-suite accounting counts executions and explains population movement"],"fullName":"Sprint 185 four-suite accounting counts executions and explains population movement handles consecutive exact failure captions sharing a reporter body while retaining the original section","status":"passed","title":"handles consecutive exact failure captions sharing a reporter body while retaining the original section","duration":0.29929200000003675,"failureMessages":[],"meta":{}},{"ancestorTitles":["Sprint 185 four-suite accounting counts executions and explains population movement"],"fullName":"Sprint 185 four-suite accounting counts executions and explains population movement recovers the measured initial Vue timeout from its exact retained section and rejects its generic JSON as a cause","status":"passed","title":"recovers the measured initial Vue timeout from its exact retained section and rejects its generic JSON as a cause","duration":186.26350000000002,"failureMessages":[],"meta":{}},{"ancestorTitles":["Sprint 185 four-suite accounting counts executions and explains population movement"],"fullName":"Sprint 185 four-suite accounting counts executions and explains population movement recovers the historical state-axis setup failure without relabeling its pending assertions as executed","status":"passed","title":"recovers the historical state-axis setup failure without relabeling its pending assertions as executed","duration":125.6585,"failureMessages":[],"meta":{}},{"ancestorTitles":["Sprint 185 four-suite accounting counts executions and explains population movement"],"fullName":"Sprint 185 four-suite accounting counts executions and explains population movement maps the retained initial attempt references explicitly without rewriting them or admitting them after the final execution head","status":"passed","title":"maps the retained initial attempt references explicitly without rewriting them or admitting them after the final execution head","duration":6.090584000000035,"failureMessages":[],"meta":{}},{"ancestorTitles":["Sprint 185 four-suite accounting counts executions and explains population movement"],"fullName":"Sprint 185 four-suite accounting counts executions and explains population movement blocks final unhandled errors independently of assertion dispositions and retains historical sections without hiding their counts","status":"passed","title":"blocks final unhandled errors independently of assertion dispositions and retains historical sections without hiding their counts","duration":13.726625000000013,"failureMessages":[],"meta":{}},{"ancestorTitles":["Sprint 185 four-suite accounting counts executions and explains population movement"],"fullName":"Sprint 185 four-suite accounting counts executions and explains population movement permits only newly captured receipts and named derived outputs after the execution head","status":"passed","title":"permits only newly captured receipts and named derived outputs after the execution head","duration":3.5945419999998194,"failureMessages":[],"meta":{}},{"ancestorTitles":["Sprint 185 four-suite accounting counts executions and explains population movement"],"fullName":"Sprint 185 four-suite accounting counts executions and explains population movement preserves the actual m01-after root-core reds and 38 skips instead of describing that baseline as green","status":"passed","title":"preserves the actual m01-after root-core reds and 38 skips instead of describing that baseline as green","duration":346.9561669999998,"failureMessages":[],"meta":{}},{"ancestorTitles":["Sprint 185 four-suite accounting counts executions and explains population movement"],"fullName":"Sprint 185 four-suite accounting counts executions and explains population movement cannot reuse an old baseline execution as the newly measured closeout run","status":"passed","title":"cannot reuse an old baseline execution as the newly measured closeout run","duration":6739.033875000001,"failureMessages":[],"meta":{}}],"startTime":1788675623837,"endTime":1788675631376.034,"status":"passed","message":"","name":"/Users/systemsystems/.codex/worktrees/s185/OODS-Forge/packages/mcp-server/test/product-reality/suite-accounting.s185.spec.ts"}]}