{"numTotalTestSuites":8,"numPassedTestSuites":8,"numFailedTestSuites":0,"numPendingTestSuites":0,"numTotalTests":83,"numPassedTests":83,"numFailedTests":0,"numPendingTests":0,"numTodoTests":0,"snapshot":{"added":0,"failure":false,"filesAdded":0,"filesRemoved":0,"filesRemovedList":[],"filesUnmatched":0,"filesUpdated":0,"matched":0,"total":0,"unchecked":0,"uncheckedKeysByFile":[],"unmatched":0,"updated":0,"didUpdate":false},"startTime":1788676106263,"success":true,"testResults":[{"assertionResults":[{"ancestorTitles":["E2E object codegen target readiness"],"fullName":"E2E object codegen target readiness keeps Subscription detail blocked only by the remaining unavailable component","status":"passed","title":"keeps Subscription detail blocked only by the remaining unavailable component","duration":307.504042,"failureMessages":[],"meta":{}},{"ancestorTitles":["E2E object codegen target readiness"],"fullName":"E2E object codegen target readiness builds the fully ported Subscription list for both framework targets","status":"passed","title":"builds the fully ported Subscription list for both framework targets","duration":50.50145900000007,"failureMessages":[],"meta":{}},{"ancestorTitles":["E2E object codegen target readiness"],"fullName":"E2E object codegen target readiness keeps User detail composition/rendering and returns exact target unavailability","status":"passed","title":"keeps User detail composition/rendering and returns exact target unavailability","duration":24.381000000000085,"failureMessages":[],"meta":{}},{"ancestorTitles":["E2E object codegen target readiness"],"fullName":"E2E object codegen target readiness keeps objectSchema field metadata even when framework emission is blocked","status":"passed","title":"keeps objectSchema field metadata even when framework emission is blocked","duration":20.889417000000094,"failureMessages":[],"meta":{}},{"ancestorTitles":["E2E object codegen target readiness"],"fullName":"E2E object codegen target readiness builds the unchanged intent-only dashboard through both root component packages","status":"passed","title":"builds the unchanged intent-only dashboard through both root component packages","duration":21.88804099999993,"failureMessages":[],"meta":{}}],"startTime":1788676184080,"endTime":1788676184505.888,"status":"passed","message":"","name":"/Users/systemsystems/.codex/worktrees/s185/OODS-Forge/packages/mcp-server/test/e2e/object-codegen-pipeline.spec.ts"},{"assertionResults":[{"ancestorTitles":["Sprint 185 claim ledger derives from literal frozen sources and real execution bindings"],"fullName":"Sprint 185 claim ledger derives from literal frozen sources and real execution bindings copies exact CMOS text and independently checks every output/input hash and review flag","status":"passed","title":"copies exact CMOS text and independently checks every output/input hash and review flag","duration":29.60333300000002,"failureMessages":[],"meta":{}},{"ancestorTitles":["Sprint 185 claim ledger derives from literal frozen sources and real execution bindings"],"fullName":"Sprint 185 claim ledger derives from literal frozen sources and real execution bindings rejects manifest-supplied claims instead of using it as an oracle","status":"passed","title":"rejects manifest-supplied claims instead of using it as an oracle","duration":11.335000000000036,"failureMessages":[],"meta":{}},{"ancestorTitles":["Sprint 185 claim ledger derives from literal frozen sources and real execution bindings"],"fullName":"Sprint 185 claim ledger derives from literal frozen sources and real execution bindings rejects manifest-supplied criteria instead of using it as an oracle","status":"passed","title":"rejects manifest-supplied criteria instead of using it as an oracle","duration":0.8838749999999891,"failureMessages":[],"meta":{}},{"ancestorTitles":["Sprint 185 claim ledger derives from literal frozen sources and real execution bindings"],"fullName":"Sprint 185 claim ledger derives from literal frozen sources and real execution bindings rejects a binding override of criterion","status":"passed","title":"rejects a binding override of criterion","duration":0.857832999999971,"failureMessages":[],"meta":{}},{"ancestorTitles":["Sprint 185 claim ledger derives from literal frozen sources and real execution bindings"],"fullName":"Sprint 185 claim ledger derives from literal frozen sources and real execution bindings rejects a binding override of status","status":"passed","title":"rejects a binding override of status","duration":3.088458000000003,"failureMessages":[],"meta":{}},{"ancestorTitles":["Sprint 185 claim ledger derives from literal frozen sources and real execution bindings"],"fullName":"Sprint 185 claim ledger derives from literal frozen sources and real execution bindings reads edited literal CMOS bytes only when their input hash is honestly resealed","status":"passed","title":"reads edited literal CMOS bytes only when their input hash is honestly resealed","duration":2.3140000000000214,"failureMessages":[],"meta":{}},{"ancestorTitles":["Sprint 185 claim ledger derives from literal frozen sources and real execution bindings"],"fullName":"Sprint 185 claim ledger derives from literal frozen sources and real execution bindings rejects changed-hash in the evidence graph","status":"passed","title":"rejects changed-hash in the evidence graph","duration":2.0440830000000005,"failureMessages":[],"meta":{}},{"ancestorTitles":["Sprint 185 claim ledger derives from literal frozen sources and real execution bindings"],"fullName":"Sprint 185 claim ledger derives from literal frozen sources and real execution bindings rejects missing-file in the evidence graph","status":"passed","title":"rejects missing-file in the evidence graph","duration":0.7282910000000129,"failureMessages":[],"meta":{}},{"ancestorTitles":["Sprint 185 claim ledger derives from literal frozen sources and real execution bindings"],"fullName":"Sprint 185 claim ledger derives from literal frozen sources and real execution bindings rejects output-input in the evidence graph","status":"passed","title":"rejects output-input in the evidence graph","duration":0.7172919999999863,"failureMessages":[],"meta":{}},{"ancestorTitles":["Sprint 185 claim ledger derives from literal frozen sources and real execution bindings"],"fullName":"Sprint 185 claim ledger derives from literal frozen sources and real execution bindings rejects unknown-execution in the evidence graph","status":"passed","title":"rejects unknown-execution in the evidence graph","duration":0.7196659999999611,"failureMessages":[],"meta":{}},{"ancestorTitles":["Sprint 185 claim ledger derives from literal frozen sources and real execution bindings"],"fullName":"Sprint 185 claim ledger derives from literal frozen sources and real execution bindings rejects duplicate-execution in the evidence graph","status":"passed","title":"rejects duplicate-execution in the evidence graph","duration":3.7557500000000346,"failureMessages":[],"meta":{}},{"ancestorTitles":["Sprint 185 claim ledger derives from literal frozen sources and real execution bindings"],"fullName":"Sprint 185 claim ledger derives from literal frozen sources and real execution bindings rejects empty-binding in the evidence graph","status":"passed","title":"rejects empty-binding in the evidence graph","duration":0.6563750000000255,"failureMessages":[],"meta":{}},{"ancestorTitles":["Sprint 185 claim ledger derives from literal frozen sources and real execution bindings"],"fullName":"Sprint 185 claim ledger derives from literal frozen sources and real execution bindings rejects missing-required-source in the evidence graph","status":"passed","title":"rejects missing-required-source in the evidence graph","duration":0.6062080000000378,"failureMessages":[],"meta":{}},{"ancestorTitles":["Sprint 185 claim ledger derives from literal frozen sources and real execution bindings"],"fullName":"Sprint 185 claim ledger derives from literal frozen sources and real execution bindings rejects duplicate-criterion in the evidence graph","status":"passed","title":"rejects duplicate-criterion in the evidence graph","duration":0.4663749999999709,"failureMessages":[],"meta":{}},{"ancestorTitles":["Sprint 185 claim ledger derives from literal frozen sources and real execution bindings"],"fullName":"Sprint 185 claim ledger derives from literal frozen sources and real execution bindings rejects missing-derivation-rules in the evidence graph","status":"passed","title":"rejects missing-derivation-rules in the evidence graph","duration":0.3072909999999638,"failureMessages":[],"meta":{}},{"ancestorTitles":["Sprint 185 claim ledger derives from literal frozen sources and real execution bindings"],"fullName":"Sprint 185 claim ledger derives from literal frozen sources and real execution bindings rejects relabeled-head in suite accounting","status":"passed","title":"rejects relabeled-head in suite accounting","duration":0.455916000000002,"failureMessages":[],"meta":{}},{"ancestorTitles":["Sprint 185 claim ledger derives from literal frozen sources and real execution bindings"],"fullName":"Sprint 185 claim ledger derives from literal frozen sources and real execution bindings rejects duplicate-suite-raw in suite accounting","status":"passed","title":"rejects duplicate-suite-raw in suite accounting","duration":0.46679200000005494,"failureMessages":[],"meta":{}},{"ancestorTitles":["Sprint 185 claim ledger derives from literal frozen sources and real execution bindings"],"fullName":"Sprint 185 claim ledger derives from literal frozen sources and real execution bindings unknown suite ID cannot prove a four-suite capture","status":"passed","title":"unknown suite ID cannot prove a four-suite capture","duration":1.3894169999999804,"failureMessages":[],"meta":{}},{"ancestorTitles":["Sprint 185 claim ledger derives from literal frozen sources and real execution bindings"],"fullName":"Sprint 185 claim ledger derives from literal frozen sources and real execution bindings duplicate suite ID cannot prove a four-suite capture","status":"passed","title":"duplicate suite ID cannot prove a four-suite capture","duration":0.9822090000000117,"failureMessages":[],"meta":{}},{"ancestorTitles":["Sprint 185 claim ledger derives from literal frozen sources and real execution bindings"],"fullName":"Sprint 185 claim ledger derives from literal frozen sources and real execution bindings baseline denominator remains unproven even with correctly resealed evidence","status":"passed","title":"baseline denominator remains unproven even with correctly resealed evidence","duration":1.278583000000026,"failureMessages":[],"meta":{}},{"ancestorTitles":["Sprint 185 claim ledger derives from literal frozen sources and real execution bindings"],"fullName":"Sprint 185 claim ledger derives from literal frozen sources and real execution bindings runtime census approval remains unproven even with correctly resealed evidence","status":"passed","title":"runtime census approval remains unproven even with correctly resealed evidence","duration":1.219459000000029,"failureMessages":[],"meta":{}},{"ancestorTitles":["Sprint 185 claim ledger derives from literal frozen sources and real execution bindings"],"fullName":"Sprint 185 claim ledger derives from literal frozen sources and real execution bindings mover omission remains unproven even with correctly resealed evidence","status":"passed","title":"mover omission remains unproven even with correctly resealed evidence","duration":4.552915999999982,"failureMessages":[],"meta":{}},{"ancestorTitles":["Sprint 185 claim ledger derives from literal frozen sources and real execution bindings"],"fullName":"Sprint 185 claim ledger derives from literal frozen sources and real execution bindings duplicate delivery remains unproven even with correctly resealed evidence","status":"passed","title":"duplicate delivery remains unproven even with correctly resealed evidence","duration":0.8988749999999754,"failureMessages":[],"meta":{}},{"ancestorTitles":["Sprint 185 claim ledger derives from literal frozen sources and real execution bindings"],"fullName":"Sprint 185 claim ledger derives from literal frozen sources and real execution bindings historical control promoted remains unproven even with correctly resealed evidence","status":"passed","title":"historical control promoted remains unproven even with correctly resealed evidence","duration":0.8923749999999018,"failureMessages":[],"meta":{}},{"ancestorTitles":["Sprint 185 claim ledger derives from literal frozen sources and real execution bindings"],"fullName":"Sprint 185 claim ledger derives from literal frozen sources and real execution bindings maintenance silently absorbed remains unproven even with correctly resealed evidence","status":"passed","title":"maintenance silently absorbed remains unproven even with correctly resealed evidence","duration":0.9535419999999704,"failureMessages":[],"meta":{}},{"ancestorTitles":["Sprint 185 claim ledger derives from literal frozen sources and real execution bindings"],"fullName":"Sprint 185 claim ledger derives from literal frozen sources and real execution bindings served checkout equals build worktree remains unproven even with correctly resealed evidence","status":"passed","title":"served checkout equals build worktree remains unproven even with correctly resealed evidence","duration":1.0824159999999665,"failureMessages":[],"meta":{}},{"ancestorTitles":["Sprint 185 claim ledger derives from literal frozen sources and real execution bindings"],"fullName":"Sprint 185 claim ledger derives from literal frozen sources and real execution bindings self-certified build remains unproven even with correctly resealed evidence","status":"passed","title":"self-certified build remains unproven even with correctly resealed evidence","duration":0.7790410000000065,"failureMessages":[],"meta":{}},{"ancestorTitles":["Sprint 185 claim ledger derives from literal frozen sources and real execution bindings"],"fullName":"Sprint 185 claim ledger derives from literal frozen sources and real execution bindings sprint incorrectly closed remains unproven even with correctly resealed evidence","status":"passed","title":"sprint incorrectly closed remains unproven even with correctly resealed evidence","duration":0.9178329999999733,"failureMessages":[],"meta":{}},{"ancestorTitles":["Sprint 185 claim ledger derives from literal frozen sources and real execution bindings"],"fullName":"Sprint 185 claim ledger derives from literal frozen sources and real execution bindings a failed command cannot be the only execution proving a claim","status":"passed","title":"a failed command cannot be the only execution proving a claim","duration":0.8190829999999778,"failureMessages":[],"meta":{}},{"ancestorTitles":["Sprint 185 claim ledger derives from literal frozen sources and real execution bindings"],"fullName":"Sprint 185 claim ledger derives from literal frozen sources and real execution bindings an unrelated successful command cannot be borrowed to prove a claim","status":"passed","title":"an unrelated successful command cannot be borrowed to prove a claim","duration":0.9600000000000364,"failureMessages":[],"meta":{}},{"ancestorTitles":["Sprint 185 claim ledger derives from literal frozen sources and real execution bindings"],"fullName":"Sprint 185 claim ledger derives from literal frozen sources and real execution bindings a four-suite claim must bind the four actual suite executions","status":"passed","title":"a four-suite claim must bind the four actual suite executions","duration":0.8815419999999676,"failureMessages":[],"meta":{}},{"ancestorTitles":["Sprint 185 claim ledger derives from literal frozen sources and real execution bindings"],"fullName":"Sprint 185 claim ledger derives from literal frozen sources and real execution bindings pre-capture suite selectors resolve to actual future execution IDs without relabeling","status":"passed","title":"pre-capture suite selectors resolve to actual future execution IDs without relabeling","duration":1.5278749999999945,"failureMessages":[],"meta":{}},{"ancestorTitles":["Sprint 185 claim ledger derives from literal frozen sources and real execution bindings"],"fullName":"Sprint 185 claim ledger derives from literal frozen sources and real execution bindings rejects duplicate pre-capture selector","status":"passed","title":"rejects duplicate pre-capture selector","duration":0.8055830000000697,"failureMessages":[],"meta":{}},{"ancestorTitles":["Sprint 185 claim ledger derives from literal frozen sources and real execution bindings"],"fullName":"Sprint 185 claim ledger derives from literal frozen sources and real execution bindings rejects unknown pre-capture selector","status":"passed","title":"rejects unknown pre-capture selector","duration":0.5890000000000555,"failureMessages":[],"meta":{}},{"ancestorTitles":["Independent final-output audit checks actual bytes without the producer checker"],"fullName":"Independent final-output audit checks actual bytes without the producer checker audits all eight exact criteria and keeps audit output outside its own stable input graph","status":"passed","title":"audits all eight exact criteria and keeps audit output outside its own stable input graph","duration":6.733583000000067,"failureMessages":[],"meta":{}},{"ancestorTitles":["Independent final-output audit checks actual bytes without the producer checker"],"fullName":"Independent final-output audit checks actual bytes without the producer checker independently resolves pre-capture selectors against actual suite receipts","status":"passed","title":"independently resolves pre-capture selectors against actual suite receipts","duration":6.077125000000024,"failureMessages":[],"meta":{}},{"ancestorTitles":["Independent final-output audit checks actual bytes without the producer checker"],"fullName":"Independent final-output audit checks actual bytes without the producer checker rejects criterion after output production","status":"passed","title":"rejects criterion after output production","duration":10.237916000000041,"failureMessages":[],"meta":{}},{"ancestorTitles":["Independent final-output audit checks actual bytes without the producer checker"],"fullName":"Independent final-output audit checks actual bytes without the producer checker rejects frozen-hash after output production","status":"passed","title":"rejects frozen-hash after output production","duration":18.62312499999996,"failureMessages":[],"meta":{}},{"ancestorTitles":["Independent final-output audit checks actual bytes without the producer checker"],"fullName":"Independent final-output audit checks actual bytes without the producer checker rejects relabel after output production","status":"passed","title":"rejects relabel after output production","duration":2.166708999999969,"failureMessages":[],"meta":{}},{"ancestorTitles":["Independent final-output audit checks actual bytes without the producer checker"],"fullName":"Independent final-output audit checks actual bytes without the producer checker rejects invented-execution after output production","status":"passed","title":"rejects invented-execution after output production","duration":4.270083999999997,"failureMessages":[],"meta":{}},{"ancestorTitles":["Independent final-output audit checks actual bytes without the producer checker"],"fullName":"Independent final-output audit checks actual bytes without the producer checker rejects missing-dependency after output production","status":"passed","title":"rejects missing-dependency after output production","duration":2.3446669999999585,"failureMessages":[],"meta":{}},{"ancestorTitles":["Independent final-output audit checks actual bytes without the producer checker"],"fullName":"Independent final-output audit checks actual bytes without the producer checker rejects self-certified after output production","status":"passed","title":"rejects self-certified after output production","duration":1.6760839999999462,"failureMessages":[],"meta":{}},{"ancestorTitles":["Independent final-output audit checks actual bytes without the producer checker"],"fullName":"Independent final-output audit checks actual bytes without the producer checker rejects source-change after output production","status":"passed","title":"rejects source-change after output production","duration":1.2577079999999796,"failureMessages":[],"meta":{}},{"ancestorTitles":["Independent final-output audit checks actual bytes without the producer checker"],"fullName":"Independent final-output audit checks actual bytes without the producer checker rejects rewritten-log after output production","status":"passed","title":"rejects rewritten-log after output production","duration":2.0729579999999714,"failureMessages":[],"meta":{}},{"ancestorTitles":["Independent public runtime equality uses actual Git bytes and disclosed test exclusions"],"fullName":"Independent public runtime equality uses actual Git bytes and disclosed test exclusions test-only preserves the reviewed runtime boundary","status":"passed","title":"test-only preserves the reviewed runtime boundary","duration":498.789583,"failureMessages":[],"meta":{}},{"ancestorTitles":["Independent public runtime equality uses actual Git bytes and disclosed test exclusions"],"fullName":"Independent public runtime equality uses actual Git bytes and disclosed test exclusions runtime-change preserves the reviewed runtime boundary","status":"passed","title":"runtime-change preserves the reviewed runtime boundary","duration":347.10358300000007,"failureMessages":[],"meta":{}},{"ancestorTitles":["Independent public runtime equality uses actual Git bytes and disclosed test exclusions"],"fullName":"Independent public runtime equality uses actual Git bytes and disclosed test exclusions runtime-renamed-to-test preserves the reviewed runtime boundary","status":"passed","title":"runtime-renamed-to-test preserves the reviewed runtime boundary","duration":408.960292,"failureMessages":[],"meta":{}}],"startTime":1788676181364,"endTime":1788676182755.9602,"status":"passed","message":"","name":"/Users/systemsystems/.codex/worktrees/s185/OODS-Forge/packages/mcp-server/test/product-reality/closeout-ledger.s185.spec.ts"},{"assertionResults":[{"ancestorTitles":["Sprint 183 M02 typed action protocol"],"fullName":"Sprint 183 M02 typed action protocol closes every binding for 'react'/'inline'/typescript=false","status":"passed","title":"closes every binding for 'react'/'inline'/typescript=false","duration":49.728624999999965,"failureMessages":[],"meta":{}},{"ancestorTitles":["Sprint 183 M02 typed action protocol"],"fullName":"Sprint 183 M02 typed action protocol closes every binding for 'react'/'inline'/typescript=true","status":"passed","title":"closes every binding for 'react'/'inline'/typescript=true","duration":4.771709000000101,"failureMessages":[],"meta":{}},{"ancestorTitles":["Sprint 183 M02 typed action protocol"],"fullName":"Sprint 183 M02 typed action protocol closes every binding for 'react'/'tailwind'/typescript=false","status":"passed","title":"closes every binding for 'react'/'tailwind'/typescript=false","duration":6.233208999999988,"failureMessages":[],"meta":{}},{"ancestorTitles":["Sprint 183 M02 typed action protocol"],"fullName":"Sprint 183 M02 typed action protocol closes every binding for 'react'/'tailwind'/typescript=true","status":"passed","title":"closes every binding for 'react'/'tailwind'/typescript=true","duration":3.474999999999909,"failureMessages":[],"meta":{}},{"ancestorTitles":["Sprint 183 M02 typed action protocol"],"fullName":"Sprint 183 M02 typed action protocol closes every binding for 'react'/'tokens'/typescript=false","status":"passed","title":"closes every binding for 'react'/'tokens'/typescript=false","duration":2.732082999999875,"failureMessages":[],"meta":{}},{"ancestorTitles":["Sprint 183 M02 typed action protocol"],"fullName":"Sprint 183 M02 typed action protocol closes every binding for 'react'/'tokens'/typescript=true","status":"passed","title":"closes every binding for 'react'/'tokens'/typescript=true","duration":3.349875000000111,"failureMessages":[],"meta":{}},{"ancestorTitles":["Sprint 183 M02 typed action protocol"],"fullName":"Sprint 183 M02 typed action protocol closes every binding for 'vue'/'inline'/typescript=false","status":"passed","title":"closes every binding for 'vue'/'inline'/typescript=false","duration":8.100875000000087,"failureMessages":[],"meta":{}},{"ancestorTitles":["Sprint 183 M02 typed action protocol"],"fullName":"Sprint 183 M02 typed action protocol closes every binding for 'vue'/'inline'/typescript=true","status":"passed","title":"closes every binding for 'vue'/'inline'/typescript=true","duration":2.7293750000001182,"failureMessages":[],"meta":{}},{"ancestorTitles":["Sprint 183 M02 typed action protocol"],"fullName":"Sprint 183 M02 typed action protocol closes every binding for 'vue'/'tailwind'/typescript=false","status":"passed","title":"closes every binding for 'vue'/'tailwind'/typescript=false","duration":3.0273749999998927,"failureMessages":[],"meta":{}},{"ancestorTitles":["Sprint 183 M02 typed action protocol"],"fullName":"Sprint 183 M02 typed action protocol closes every binding for 'vue'/'tailwind'/typescript=true","status":"passed","title":"closes every binding for 'vue'/'tailwind'/typescript=true","duration":2.7007079999998496,"failureMessages":[],"meta":{}},{"ancestorTitles":["Sprint 183 M02 typed action protocol"],"fullName":"Sprint 183 M02 typed action protocol closes every binding for 'vue'/'tokens'/typescript=false","status":"passed","title":"closes every binding for 'vue'/'tokens'/typescript=false","duration":5.981667000000016,"failureMessages":[],"meta":{}},{"ancestorTitles":["Sprint 183 M02 typed action protocol"],"fullName":"Sprint 183 M02 typed action protocol closes every binding for 'vue'/'tokens'/typescript=true","status":"passed","title":"closes every binding for 'vue'/'tokens'/typescript=true","duration":2.6705830000000788,"failureMessages":[],"meta":{}},{"ancestorTitles":["Sprint 183 M02 typed action protocol"],"fullName":"Sprint 183 M02 typed action protocol react keeps screen actions typed but off the Stack API","status":"passed","title":"react keeps screen actions typed but off the Stack API","duration":1.8155409999999392,"failureMessages":[],"meta":{}},{"ancestorTitles":["Sprint 183 M02 typed action protocol"],"fullName":"Sprint 183 M02 typed action protocol vue keeps screen actions typed but off the Stack API","status":"passed","title":"vue keeps screen actions typed but off the Stack API","duration":1.1792499999996835,"failureMessages":[],"meta":{}},{"ancestorTitles":["Sprint 183 M02 typed action protocol"],"fullName":"Sprint 183 M02 typed action protocol react rejects an empty local handler after a hash-consistent mutation","status":"passed","title":"react rejects an empty local handler after a hash-consistent mutation","duration":3.201792000000296,"failureMessages":[],"meta":{}},{"ancestorTitles":["Sprint 183 M02 typed action protocol"],"fullName":"Sprint 183 M02 typed action protocol vue rejects an empty local handler after a hash-consistent mutation","status":"passed","title":"vue rejects an empty local handler after a hash-consistent mutation","duration":2.9659169999999904,"failureMessages":[],"meta":{}},{"ancestorTitles":["Sprint 183 M02 typed action protocol"],"fullName":"Sprint 183 M02 typed action protocol react rejects action metadata removed while its binding remains","status":"passed","title":"react rejects action metadata removed while its binding remains","duration":2.796791000000212,"failureMessages":[],"meta":{}},{"ancestorTitles":["Sprint 183 M02 typed action protocol"],"fullName":"Sprint 183 M02 typed action protocol vue rejects action metadata removed while its binding remains","status":"passed","title":"vue rejects action metadata removed while its binding remains","duration":2.399790999999823,"failureMessages":[],"meta":{}},{"ancestorTitles":["Sprint 183 M02 typed action protocol"],"fullName":"Sprint 183 M02 typed action protocol react requires injected actions to be own properties at runtime","status":"passed","title":"react requires injected actions to be own properties at runtime","duration":2.048583000000235,"failureMessages":[],"meta":{}},{"ancestorTitles":["Sprint 183 M02 typed action protocol"],"fullName":"Sprint 183 M02 typed action protocol vue requires injected actions to be own properties at runtime","status":"passed","title":"vue requires injected actions to be own properties at runtime","duration":1.1292920000000777,"failureMessages":[],"meta":{}},{"ancestorTitles":["Sprint 183 M02 typed action protocol"],"fullName":"Sprint 183 M02 typed action protocol Vue preserves the declared onChange timing while controlling local state","status":"passed","title":"Vue preserves the declared onChange timing while controlling local state","duration":1.1742090000002463,"failureMessages":[],"meta":{}},{"ancestorTitles":["Sprint 183 M02 typed action protocol"],"fullName":"Sprint 183 M02 typed action protocol Vue preserves the declared onInput timing while controlling local state","status":"passed","title":"Vue preserves the declared onInput timing while controlling local state","duration":0.7980000000002292,"failureMessages":[],"meta":{}},{"ancestorTitles":["Sprint 183 M02 typed action protocol"],"fullName":"Sprint 183 M02 typed action protocol Vue preserves the declared onUpdate timing while controlling local state","status":"passed","title":"Vue preserves the declared onUpdate timing while controlling local state","duration":0.5348750000002838,"failureMessages":[],"meta":{}},{"ancestorTitles":["Sprint 183 M02 typed action protocol"],"fullName":"Sprint 183 M02 typed action protocol coerces numeric object fields before initializing string-semantic local state","status":"passed","title":"coerces numeric object fields before initializing string-semantic local state","duration":6672.681084,"failureMessages":[],"meta":{}},{"ancestorTitles":["Sprint 183 M02 typed action protocol"],"fullName":"Sprint 183 M02 typed action protocol React typescript=$typescript requires every injected action","status":"passed","title":"React typescript=$typescript requires every injected action","duration":1542.7396669999998,"failureMessages":[],"meta":{}},{"ancestorTitles":["Sprint 183 M02 typed action protocol"],"fullName":"Sprint 183 M02 typed action protocol React typescript=$typescript requires every injected action","status":"passed","title":"React typescript=$typescript requires every injected action","duration":1412.6997499999998,"failureMessages":[],"meta":{}},{"ancestorTitles":["Sprint 183 M02 typed action protocol"],"fullName":"Sprint 183 M02 typed action protocol React TypeScript rejects each individually omitted domain action","status":"passed","title":"React TypeScript rejects each individually omitted domain action","duration":5157.083167000001,"failureMessages":[],"meta":{}},{"ancestorTitles":["Sprint 183 M02 typed action protocol"],"fullName":"Sprint 183 M02 typed action protocol Vue typescript=$typescript requires every injected action","status":"passed","title":"Vue typescript=$typescript requires every injected action","duration":17473.239,"failureMessages":[],"meta":{}},{"ancestorTitles":["Sprint 183 M02 typed action protocol"],"fullName":"Sprint 183 M02 typed action protocol Vue typescript=$typescript requires every injected action","status":"passed","title":"Vue typescript=$typescript requires every injected action","duration":16488.609207999994,"failureMessages":[],"meta":{}},{"ancestorTitles":["Sprint 183 M02 typed action protocol"],"fullName":"Sprint 183 M02 typed action protocol Vue TypeScript rejects each individually omitted domain action","status":"passed","title":"Vue TypeScript rejects each individually omitted domain action","duration":18454.095458999996,"failureMessages":[],"meta":{}},{"ancestorTitles":["Sprint 183 M02 typed action protocol"],"fullName":"Sprint 183 M02 typed action protocol Vue JavaScript rejects each omitted action at runtime","status":"passed","title":"Vue JavaScript rejects each omitted action at runtime","duration":5169.397792000003,"failureMessages":[],"meta":{}}],"startTime":1788676108295,"endTime":1788676180790.3977,"status":"passed","message":"","name":"/Users/systemsystems/.codex/worktrees/s185/OODS-Forge/packages/mcp-server/test/product-reality/typed-action-protocol.s183.spec.ts"}]}