{"numTotalTestSuites":2,"numPassedTestSuites":2,"numFailedTestSuites":0,"numPendingTestSuites":0,"numTotalTests":2,"numPassedTests":2,"numFailedTests":0,"numPendingTests":0,"numTodoTests":0,"snapshot":{"added":0,"failure":false,"filesAdded":0,"filesRemoved":0,"filesRemovedList":[],"filesUnmatched":0,"filesUpdated":0,"matched":0,"total":0,"unchecked":0,"uncheckedKeysByFile":[],"unmatched":0,"updated":0,"didUpdate":false},"startTime":1788675874362,"success":true,"testResults":[{"assertionResults":[{"ancestorTitles":["schemaRef E2E pipeline"],"fullName":"schemaRef E2E pipeline compose → validate → render accepts schemaRef and code.generate preserves target readiness","status":"passed","title":"compose → validate → render accepts schemaRef and code.generate preserves target readiness","duration":364.68174999999974,"failureMessages":[],"meta":{}},{"ancestorTitles":["schemaRef E2E pipeline"],"fullName":"schemaRef E2E pipeline schemaRef payloads are substantially smaller than schema passthrough","status":"passed","title":"schemaRef payloads are substantially smaller than schema passthrough","duration":22.341040999999677,"failureMessages":[],"meta":{}}],"startTime":1788675880101,"endTime":1788675880489.341,"status":"passed","message":"","name":"/Users/systemsystems/.codex/worktrees/s185/OODS-Forge/tests/e2e/schema-ref-pipeline.test.ts"}]}