{"numTotalTestSuites":2,"numPassedTestSuites":0,"numFailedTestSuites":2,"numPendingTestSuites":0,"numTotalTests":3,"numPassedTests":2,"numFailedTests":1,"numPendingTests":0,"numTodoTests":0,"snapshot":{"added":0,"failure":false,"filesAdded":0,"filesRemoved":0,"filesRemovedList":[],"filesUnmatched":0,"filesUpdated":0,"matched":0,"total":0,"unchecked":0,"uncheckedKeysByFile":[],"unmatched":0,"updated":0,"didUpdate":false},"startTime":1789586395105,"success":false,"testResults":[{"assertionResults":[{"ancestorTitles":["one executable visualization registry (s190 m05)"],"fullName":"one executable visualization registry (s190 m05) measures through public contracts only; no private implementation/registry imports","status":"passed","title":"measures through public contracts only; no private implementation/registry imports","duration":4.264290999999503,"failureMessages":[],"meta":{}},{"ancestorTitles":["one executable visualization registry (s190 m05)"],"fullName":"one executable visualization registry (s190 m05) inventories actual chart nodes and preserves the public request without mistaking source metadata for runtime proof","status":"passed","title":"inventories actual chart nodes and preserves the public request without mistaking source metadata for runtime proof","duration":14.956583000000137,"failureMessages":[],"meta":{}},{"ancestorTitles":["one executable visualization registry (s190 m05)"],"fullName":"one executable visualization registry (s190 m05) the exported registry equals every live census cell after canonicalization","status":"failed","title":"the exported registry equals every live census cell after canonicalization","duration":60405.016874999994,"failureMessages":["Error: STACK_TRACE_ERROR\n    at task (file:///Users/systemsystems/.codex/worktrees/s203/OODS-Forge/node_modules/.pnpm/@vitest+runner@3.2.4/node_modules/@vitest/runner/dist/chunk-hooks.js:638:27)\n    at Object.<anonymous> (file:///Users/systemsystems/.codex/worktrees/s203/OODS-Forge/node_modules/.pnpm/@vitest+runner@3.2.4/node_modules/@vitest/runner/dist/chunk-hooks.js:662:16)\n    at Object.<anonymous> (file:///Users/systemsystems/.codex/worktrees/s203/OODS-Forge/node_modules/.pnpm/@vitest+runner@3.2.4/node_modules/@vitest/runner/dist/chunk-hooks.js:458:28)\n    at chain (file:///Users/systemsystems/.codex/worktrees/s203/OODS-Forge/node_modules/.pnpm/@vitest+runner@3.2.4/node_modules/@vitest/runner/dist/chunk-hooks.js:369:14)\n    at /Users/systemsystems/.codex/worktrees/s203/OODS-Forge/packages/mcp-server/test/contracts/viz-recipes.s190.spec.ts:32:3\n    at file:///Users/systemsystems/.codex/worktrees/s203/OODS-Forge/node_modules/.pnpm/@vitest+runner@3.2.4/node_modules/@vitest/runner/dist/chunk-hooks.js:734:40\n    at runWithSuite (file:///Users/systemsystems/.codex/worktrees/s203/OODS-Forge/node_modules/.pnpm/@vitest+runner@3.2.4/node_modules/@vitest/runner/dist/chunk-hooks.js:1849:8)\n    at Object.collect (file:///Users/systemsystems/.codex/worktrees/s203/OODS-Forge/node_modules/.pnpm/@vitest+runner@3.2.4/node_modules/@vitest/runner/dist/chunk-hooks.js:734:10)\n    at Object.collect (file:///Users/systemsystems/.codex/worktrees/s203/OODS-Forge/node_modules/.pnpm/@vitest+runner@3.2.4/node_modules/@vitest/runner/dist/chunk-hooks.js:738:54)\n    at processTicksAndRejections (node:internal/process/task_queues:105:5)\n    at collectTests (file:///Users/systemsystems/.codex/worktrees/s203/OODS-Forge/node_modules/.pnpm/@vitest+runner@3.2.4/node_modules/@vitest/runner/dist/chunk-hooks.js:1179:25)\n    at startTests (file:///Users/systemsystems/.codex/worktrees/s203/OODS-Forge/node_modules/.pnpm/@vitest+runner@3.2.4/node_modules/@vitest/runner/dist/chunk-hooks.js:1817:17)\n    at file:///Users/systemsystems/.codex/worktrees/s203/OODS-Forge/node_modules/.pnpm/vitest@3.2.4_@types+node@20.19.21_@vitest+browser@3.2.4_happy-dom@15.11.7_jiti@1.21.7_jsdom@24.1.3_tsx@4.20.6_yaml@2.8.1/node_modules/vitest/dist/chunks/runBaseTests.9Ij9_de-.js:117:26\n    at withEnv (file:///Users/systemsystems/.codex/worktrees/s203/OODS-Forge/node_modules/.pnpm/vitest@3.2.4_@types+node@20.19.21_@vitest+browser@3.2.4_happy-dom@15.11.7_jiti@1.21.7_jsdom@24.1.3_tsx@4.20.6_yaml@2.8.1/node_modules/vitest/dist/chunks/runBaseTests.9Ij9_de-.js:84:3)\n    at run (file:///Users/systemsystems/.codex/worktrees/s203/OODS-Forge/node_modules/.pnpm/vitest@3.2.4_@types+node@20.19.21_@vitest+browser@3.2.4_happy-dom@15.11.7_jiti@1.21.7_jsdom@24.1.3_tsx@4.20.6_yaml@2.8.1/node_modules/vitest/dist/chunks/runBaseTests.9Ij9_de-.js:109:2)"],"meta":{}}],"startTime":1789586400584,"endTime":1789586461008.0168,"status":"failed","message":"","name":"/Users/systemsystems/.codex/worktrees/s203/OODS-Forge/packages/mcp-server/test/contracts/viz-recipes.s190.spec.ts"}]}