{"numTotalTestSuites":4,"numPassedTestSuites":4,"numFailedTestSuites":0,"numPendingTestSuites":0,"numTotalTests":7,"numPassedTests":7,"numFailedTests":0,"numPendingTests":0,"numTodoTests":0,"snapshot":{"added":0,"failure":false,"filesAdded":0,"filesRemoved":0,"filesRemovedList":[],"filesUnmatched":0,"filesUpdated":0,"matched":0,"total":0,"unchecked":0,"uncheckedKeysByFile":[],"unmatched":0,"updated":0,"didUpdate":false},"startTime":1788889966043,"success":true,"testResults":[{"assertionResults":[{"ancestorTitles":["Sprint-wide accounting includes runtime behavior omitted by per-mission scopes"],"fullName":"Sprint-wide accounting includes runtime behavior omitted by per-mission scopes replays the actual Table omission without pretending the narrow canonical scope catches it","status":"passed","title":"replays the actual Table omission without pretending the narrow canonical scope catches it","duration":361.775209,"failureMessages":[],"meta":{}},{"ancestorTitles":["Sprint-wide accounting includes runtime behavior omitted by per-mission scopes"],"fullName":"Sprint-wide accounting includes runtime behavior omitted by per-mission scopes independently compares the exact canonical command and the public runtime supplement","status":"passed","title":"independently compares the exact canonical command and the public runtime supplement","duration":187.36112500000002,"failureMessages":[],"meta":{}},{"ancestorTitles":["Sprint-wide accounting includes runtime behavior omitted by per-mission scopes"],"fullName":"Sprint-wide accounting includes runtime behavior omitted by per-mission scopes rejects a missing or extra declaration instead of accepting a one-way subset","status":"passed","title":"rejects a missing or extra declaration instead of accepting a one-way subset","duration":0.8551250000000437,"failureMessages":[],"meta":{}},{"ancestorTitles":["Sprint-wide accounting includes runtime behavior omitted by per-mission scopes"],"fullName":"Sprint-wide accounting includes runtime behavior omitted by per-mission scopes turns a reproduced Table omission into a failing completed mover record","status":"passed","title":"turns a reproduced Table omission into a failing completed mover record","duration":1094.329584,"failureMessages":[],"meta":{}},{"ancestorTitles":["Sprint-wide accounting includes runtime behavior omitted by per-mission scopes"],"fullName":"Sprint-wide accounting includes runtime behavior omitted by per-mission scopes uses the locked Sprint 186 range once and rejects omissions without inheriting the old two-sprint ceremony","status":"passed","title":"uses the locked Sprint 186 range once and rejects omissions without inheriting the old two-sprint ceremony","duration":1047.332875,"failureMessages":[],"meta":{}},{"ancestorTitles":["Sprint 187 discovery is part of the advertised public byte range"],"fullName":"Sprint 187 discovery is part of the advertised public byte range includes current scope, refresh exports and composer/lowering without inheriting two-sprint ranges","status":"passed","title":"includes current scope, refresh exports and composer/lowering without inheriting two-sprint ranges","duration":1259.3577500000001,"failureMessages":[],"meta":{}},{"ancestorTitles":["Sprint 188 single advertised workflow range"],"fullName":"Sprint 188 single advertised workflow range uses cd8ee986 and catches omitted workflow, schema and build-revision movers","status":"passed","title":"uses cd8ee986 and catches omitted workflow, schema and build-revision movers","duration":956.1492499999995,"failureMessages":[],"meta":{}}],"startTime":1788889966324,"endTime":1788889971232.1492,"status":"passed","message":"","name":"/Users/systemsystems/.codex/worktrees/s188/OODS-Forge/packages/mcp-server/test/product-reality/sprint-wide-movers.s185.spec.ts"}]}