{"numTotalTestSuites":15,"numPassedTestSuites":15,"numFailedTestSuites":0,"numPendingTestSuites":0,"numTotalTests":124,"numPassedTests":124,"numFailedTests":0,"numPendingTests":0,"numTodoTests":0,"snapshot":{"added":0,"failure":false,"filesAdded":0,"filesRemoved":0,"filesRemovedList":[],"filesUnmatched":0,"filesUpdated":0,"matched":0,"total":0,"unchecked":0,"uncheckedKeysByFile":[],"unmatched":0,"updated":0,"didUpdate":false},"startTime":1788897827873,"success":true,"testResults":[{"assertionResults":[{"ancestorTitles":["Decision 1830 producer exception boundary"],"fullName":"Decision 1830 producer exception boundary accepts the exact retained timeout without changing its raw failed count","status":"passed","title":"accepts the exact retained timeout without changing its raw failed count","duration":97.08275,"failureMessages":[],"meta":{}},{"ancestorTitles":["Decision 1830 producer exception boundary"],"fullName":"Decision 1830 producer exception boundary rejects unapproved so one user exception cannot hide another defect","status":"passed","title":"rejects unapproved so one user exception cannot hide another defect","duration":5.42949999999999,"failureMessages":[],"meta":{}},{"ancestorTitles":["Decision 1830 producer exception boundary"],"fullName":"Decision 1830 producer exception boundary rejects wrong-test so one user exception cannot hide another defect","status":"passed","title":"rejects wrong-test so one user exception cannot hide another defect","duration":1.0049590000000137,"failureMessages":[],"meta":{}},{"ancestorTitles":["Decision 1830 producer exception boundary"],"fullName":"Decision 1830 producer exception boundary rejects second-failure so one user exception cannot hide another defect","status":"passed","title":"rejects second-failure so one user exception cannot hide another defect","duration":0.908582999999993,"failureMessages":[],"meta":{}},{"ancestorTitles":["Decision 1830 producer exception boundary"],"fullName":"Decision 1830 producer exception boundary rejects not-timeout so one user exception cannot hide another defect","status":"passed","title":"rejects not-timeout so one user exception cannot hide another defect","duration":4.699999999999989,"failureMessages":[],"meta":{}},{"ancestorTitles":["Decision 1830 producer exception boundary"],"fullName":"Decision 1830 producer exception boundary rejects retry-failure so one user exception cannot hide another defect","status":"passed","title":"rejects retry-failure so one user exception cannot hide another defect","duration":1.9174579999999821,"failureMessages":[],"meta":{}},{"ancestorTitles":["Decision 1830 producer exception boundary"],"fullName":"Decision 1830 producer exception boundary rejects retry-caption so one user exception cannot hide another defect","status":"passed","title":"rejects retry-caption so one user exception cannot hide another defect","duration":20.90379199999998,"failureMessages":[],"meta":{}},{"ancestorTitles":["Decision 1830 producer exception boundary"],"fullName":"Decision 1830 producer exception boundary rejects ci-red so one user exception cannot hide another defect","status":"passed","title":"rejects ci-red so one user exception cannot hide another defect","duration":1.6675410000000284,"failureMessages":[],"meta":{}},{"ancestorTitles":["Decision 1830 producer exception boundary"],"fullName":"Decision 1830 producer exception boundary rejects changed-spec so one user exception cannot hide another defect","status":"passed","title":"rejects changed-spec so one user exception cannot hide another defect","duration":1.381416999999999,"failureMessages":[],"meta":{}},{"ancestorTitles":["Decision 1830 producer exception boundary"],"fullName":"Decision 1830 producer exception boundary rejects review-follow-up-omitted so one user exception cannot hide another defect","status":"passed","title":"rejects review-follow-up-omitted so one user exception cannot hide another defect","duration":0.7962089999999762,"failureMessages":[],"meta":{}},{"ancestorTitles":["Decision 1830 producer exception boundary"],"fullName":"Decision 1830 producer exception boundary rejects hidden-count so one user exception cannot hide another defect","status":"passed","title":"rejects hidden-count so one user exception cannot hide another defect","duration":1.3743329999999787,"failureMessages":[],"meta":{}},{"ancestorTitles":["Decision 1830 producer exception boundary"],"fullName":"Decision 1830 producer exception boundary rejects tampered-raw-log so one user exception cannot hide another defect","status":"passed","title":"rejects tampered-raw-log so one user exception cannot hide another defect","duration":0.8962500000000091,"failureMessages":[],"meta":{}},{"ancestorTitles":["Decision 1830 producer exception boundary"],"fullName":"Decision 1830 producer exception boundary rejects relabeled-execution so one user exception cannot hide another defect","status":"passed","title":"rejects relabeled-execution so one user exception cannot hide another defect","duration":0.8740840000000389,"failureMessages":[],"meta":{}},{"ancestorTitles":["Decision 1830 independent-auditor exception boundary"],"fullName":"Decision 1830 independent-auditor exception boundary accepts the exact retained timeout without changing its raw failed count","status":"passed","title":"accepts the exact retained timeout without changing its raw failed count","duration":36.45120800000001,"failureMessages":[],"meta":{}},{"ancestorTitles":["Decision 1830 independent-auditor exception boundary"],"fullName":"Decision 1830 independent-auditor exception boundary rejects unapproved so one user exception cannot hide another defect","status":"passed","title":"rejects unapproved so one user exception cannot hide another defect","duration":5.529124999999965,"failureMessages":[],"meta":{}},{"ancestorTitles":["Decision 1830 independent-auditor exception boundary"],"fullName":"Decision 1830 independent-auditor exception boundary rejects wrong-test so one user exception cannot hide another defect","status":"passed","title":"rejects wrong-test so one user exception cannot hide another defect","duration":0.7805839999999762,"failureMessages":[],"meta":{}},{"ancestorTitles":["Decision 1830 independent-auditor exception boundary"],"fullName":"Decision 1830 independent-auditor exception boundary rejects second-failure so one user exception cannot hide another defect","status":"passed","title":"rejects second-failure so one user exception cannot hide another defect","duration":38.76041700000002,"failureMessages":[],"meta":{}},{"ancestorTitles":["Decision 1830 independent-auditor exception boundary"],"fullName":"Decision 1830 independent-auditor exception boundary rejects not-timeout so one user exception cannot hide another defect","status":"passed","title":"rejects not-timeout so one user exception cannot hide another defect","duration":32.716166999999984,"failureMessages":[],"meta":{}},{"ancestorTitles":["Decision 1830 independent-auditor exception boundary"],"fullName":"Decision 1830 independent-auditor exception boundary rejects retry-failure so one user exception cannot hide another defect","status":"passed","title":"rejects retry-failure so one user exception cannot hide another defect","duration":39.037666,"failureMessages":[],"meta":{}},{"ancestorTitles":["Decision 1830 independent-auditor exception boundary"],"fullName":"Decision 1830 independent-auditor exception boundary rejects retry-caption so one user exception cannot hide another defect","status":"passed","title":"rejects retry-caption so one user exception cannot hide another defect","duration":30.557083000000034,"failureMessages":[],"meta":{}},{"ancestorTitles":["Decision 1830 independent-auditor exception boundary"],"fullName":"Decision 1830 independent-auditor exception boundary rejects ci-red so one user exception cannot hide another defect","status":"passed","title":"rejects ci-red so one user exception cannot hide another defect","duration":31.995124999999973,"failureMessages":[],"meta":{}},{"ancestorTitles":["Decision 1830 independent-auditor exception boundary"],"fullName":"Decision 1830 independent-auditor exception boundary rejects changed-spec so one user exception cannot hide another defect","status":"passed","title":"rejects changed-spec so one user exception cannot hide another defect","duration":36.302250000000015,"failureMessages":[],"meta":{}},{"ancestorTitles":["Decision 1830 independent-auditor exception boundary"],"fullName":"Decision 1830 independent-auditor exception boundary rejects review-follow-up-omitted so one user exception cannot hide another defect","status":"passed","title":"rejects review-follow-up-omitted so one user exception cannot hide another defect","duration":1.805582999999956,"failureMessages":[],"meta":{}},{"ancestorTitles":["Decision 1830 independent-auditor exception boundary"],"fullName":"Decision 1830 independent-auditor exception boundary rejects hidden-count so one user exception cannot hide another defect","status":"passed","title":"rejects hidden-count so one user exception cannot hide another defect","duration":25.156167000000096,"failureMessages":[],"meta":{}},{"ancestorTitles":["Decision 1830 independent-auditor exception boundary"],"fullName":"Decision 1830 independent-auditor exception boundary rejects tampered-raw-log so one user exception cannot hide another defect","status":"passed","title":"rejects tampered-raw-log so one user exception cannot hide another defect","duration":64.00999999999999,"failureMessages":[],"meta":{}},{"ancestorTitles":["Decision 1830 independent-auditor exception boundary"],"fullName":"Decision 1830 independent-auditor exception boundary rejects relabeled-execution so one user exception cannot hide another defect","status":"passed","title":"rejects relabeled-execution so one user exception cannot hide another defect","duration":1.0416250000000673,"failureMessages":[],"meta":{}},{"ancestorTitles":["producer post-capture input boundary"],"fullName":"producer post-capture input boundary allows additive approval evidence and the named audit derivation changes","status":"passed","title":"allows additive approval evidence and the named audit derivation changes","duration":0.19470799999999144,"failureMessages":[],"meta":{}},{"ancestorTitles":["producer post-capture input boundary"],"fullName":"producer post-capture input boundary rejects an uncaptured or rewritten input: 'packages/mcp-server/src/codegen/workf…'","status":"passed","title":"rejects an uncaptured or rewritten input: 'packages/mcp-server/src/codegen/workf…'","duration":0.1774159999999938,"failureMessages":[],"meta":{}},{"ancestorTitles":["producer post-capture input boundary"],"fullName":"producer post-capture input boundary rejects an uncaptured or rewritten input: 'packages/mcp-server/test/product-real…'","status":"passed","title":"rejects an uncaptured or rewritten input: 'packages/mcp-server/test/product-real…'","duration":0.11520900000004985,"failureMessages":[],"meta":{}},{"ancestorTitles":["producer post-capture input boundary"],"fullName":"producer post-capture input boundary rejects an uncaptured or rewritten input: 'artifacts/product-reality/sprint-188/…'","status":"passed","title":"rejects an uncaptured or rewritten input: 'artifacts/product-reality/sprint-188/…'","duration":0.10608299999989868,"failureMessages":[],"meta":{}},{"ancestorTitles":["producer post-capture input boundary"],"fullName":"producer post-capture input boundary rejects an uncaptured or rewritten input: 'packages/mcp-server/src/new-runtime.ts'","status":"passed","title":"rejects an uncaptured or rewritten input: 'packages/mcp-server/src/new-runtime.ts'","duration":0.0734580000000733,"failureMessages":[],"meta":{}},{"ancestorTitles":["producer post-capture input boundary"],"fullName":"producer post-capture input boundary rejects an uncaptured or rewritten input: 'scripts/product-reality/s185-closeout…'","status":"passed","title":"rejects an uncaptured or rewritten input: 'scripts/product-reality/s185-closeout…'","duration":0.10895800000002964,"failureMessages":[],"meta":{}},{"ancestorTitles":["independent-auditor post-capture input boundary"],"fullName":"independent-auditor post-capture input boundary allows additive approval evidence and the named audit derivation changes","status":"passed","title":"allows additive approval evidence and the named audit derivation changes","duration":0.07783300000005511,"failureMessages":[],"meta":{}},{"ancestorTitles":["independent-auditor post-capture input boundary"],"fullName":"independent-auditor post-capture input boundary rejects an uncaptured or rewritten input: 'packages/mcp-server/src/codegen/workf…'","status":"passed","title":"rejects an uncaptured or rewritten input: 'packages/mcp-server/src/codegen/workf…'","duration":0.14362500000004275,"failureMessages":[],"meta":{}},{"ancestorTitles":["independent-auditor post-capture input boundary"],"fullName":"independent-auditor post-capture input boundary rejects an uncaptured or rewritten input: 'packages/mcp-server/test/product-real…'","status":"passed","title":"rejects an uncaptured or rewritten input: 'packages/mcp-server/test/product-real…'","duration":0.10524999999995543,"failureMessages":[],"meta":{}},{"ancestorTitles":["independent-auditor post-capture input boundary"],"fullName":"independent-auditor post-capture input boundary rejects an uncaptured or rewritten input: 'artifacts/product-reality/sprint-188/…'","status":"passed","title":"rejects an uncaptured or rewritten input: 'artifacts/product-reality/sprint-188/…'","duration":0.11745900000005349,"failureMessages":[],"meta":{}},{"ancestorTitles":["independent-auditor post-capture input boundary"],"fullName":"independent-auditor post-capture input boundary rejects an uncaptured or rewritten input: 'packages/mcp-server/src/new-runtime.ts'","status":"passed","title":"rejects an uncaptured or rewritten input: 'packages/mcp-server/src/new-runtime.ts'","duration":0.04912500000000364,"failureMessages":[],"meta":{}},{"ancestorTitles":["independent-auditor post-capture input boundary"],"fullName":"independent-auditor post-capture input boundary rejects an uncaptured or rewritten input: 'scripts/product-reality/s185-closeout…'","status":"passed","title":"rejects an uncaptured or rewritten input: 'scripts/product-reality/s185-closeout…'","duration":0.10258300000009513,"failureMessages":[],"meta":{}},{"ancestorTitles":["Original saved User form retains its exact binding failures"],"fullName":"Original saved User form retains its exact binding failures accepts the unchanged five V007 errors in each frozen target","status":"passed","title":"accepts the unchanged five V007 errors in each frozen target","duration":1.7466670000000022,"failureMessages":[],"meta":{}},{"ancestorTitles":["Original saved User form retains its exact binding failures"],"fullName":"Original saved User form retains its exact binding failures rejects missing-error rather than accepting any failing schema","status":"passed","title":"rejects missing-error rather than accepting any failing schema","duration":0.4467499999999518,"failureMessages":[],"meta":{}},{"ancestorTitles":["Original saved User form retains its exact binding failures"],"fullName":"Original saved User form retains its exact binding failures rejects wrong-code rather than accepting any failing schema","status":"passed","title":"rejects wrong-code rather than accepting any failing schema","duration":0.4604579999999032,"failureMessages":[],"meta":{}},{"ancestorTitles":["Original saved User form retains its exact binding failures"],"fullName":"Original saved User form retains its exact binding failures rejects changed-field rather than accepting any failing schema","status":"passed","title":"rejects changed-field rather than accepting any failing schema","duration":0.3649159999999938,"failureMessages":[],"meta":{}},{"ancestorTitles":["Original saved User form retains its exact binding failures"],"fullName":"Original saved User form retains its exact binding failures rejects unexpected-error rather than accepting any failing schema","status":"passed","title":"rejects unexpected-error rather than accepting any failing schema","duration":0.26579099999992195,"failureMessages":[],"meta":{}},{"ancestorTitles":["Original saved User form retains its exact binding failures"],"fullName":"Original saved User form retains its exact binding failures rejects artifact-present rather than accepting any failing schema","status":"passed","title":"rejects artifact-present rather than accepting any failing schema","duration":6.024290999999948,"failureMessages":[],"meta":{}}],"startTime":1788897830634,"endTime":1788897831129.0242,"status":"passed","message":"","name":"/Users/systemsystems/.codex/worktrees/s188/OODS-Forge/packages/mcp-server/test/product-reality/approved-timeout.s188.spec.ts"},{"assertionResults":[{"ancestorTitles":["Sprint 186 uses the existing ledger and independently audits six current claims"],"fullName":"Sprint 186 uses the existing ledger and independently audits six current claims derives six claims from plain CMOS snapshots without inherited review-carry requirements","status":"passed","title":"derives six claims from plain CMOS snapshots without inherited review-carry requirements","duration":19.38383299999998,"failureMessages":[],"meta":{}},{"ancestorTitles":["Sprint 186 uses the existing ledger and independently audits six current claims"],"fullName":"Sprint 186 uses the existing ledger and independently audits six current claims rejects a root alias boolean mismatch even when packed status flags and producer observations remain green","status":"passed","title":"rejects a root alias boolean mismatch even when packed status flags and producer observations remain green","duration":15.83933300000001,"failureMessages":[],"meta":{}},{"ancestorTitles":["Sprint 186 uses the existing ledger and independently audits six current claims"],"fullName":"Sprint 186 uses the existing ledger and independently audits six current claims rejects a root alias markup mismatch even when packed status flags and producer observations remain green","status":"passed","title":"rejects a root alias markup mismatch even when packed status flags and producer observations remain green","duration":7.786665999999997,"failureMessages":[],"meta":{}},{"ancestorTitles":["Sprint 186 uses the existing ledger and independently audits six current claims"],"fullName":"Sprint 186 uses the existing ledger and independently audits six current claims rejects a root alias specifier mismatch even when packed status flags and producer observations remain green","status":"passed","title":"rejects a root alias specifier mismatch even when packed status flags and producer observations remain green","duration":5.174624999999992,"failureMessages":[],"meta":{}},{"ancestorTitles":["Sprint 186 uses the existing ledger and independently audits six current claims"],"fullName":"Sprint 186 uses the existing ledger and independently audits six current claims rejects fabricated census-free baseline identity promotion and actual mover omissions","status":"passed","title":"rejects fabricated census-free baseline identity promotion and actual mover omissions","duration":7.130042000000003,"failureMessages":[],"meta":{}},{"ancestorTitles":["Sprint 186 uses the existing ledger and independently audits six current claims"],"fullName":"Sprint 186 uses the existing ledger and independently audits six current claims independently rejects a missing comparison and changed raw assertion counts","status":"passed","title":"independently rejects a missing comparison and changed raw assertion counts","duration":8.814374999999984,"failureMessages":[],"meta":{}},{"ancestorTitles":["Sprint 185 claim ledger derives from literal frozen sources and real execution bindings"],"fullName":"Sprint 185 claim ledger derives from literal frozen sources and real execution bindings copies exact CMOS text and independently checks every output/input hash and review flag","status":"passed","title":"copies exact CMOS text and independently checks every output/input hash and review flag","duration":3.8460420000000113,"failureMessages":[],"meta":{}},{"ancestorTitles":["Sprint 185 claim ledger derives from literal frozen sources and real execution bindings"],"fullName":"Sprint 185 claim ledger derives from literal frozen sources and real execution bindings rejects manifest-supplied claims instead of using it as an oracle","status":"passed","title":"rejects manifest-supplied claims instead of using it as an oracle","duration":3.0657500000000084,"failureMessages":[],"meta":{}},{"ancestorTitles":["Sprint 185 claim ledger derives from literal frozen sources and real execution bindings"],"fullName":"Sprint 185 claim ledger derives from literal frozen sources and real execution bindings rejects manifest-supplied criteria instead of using it as an oracle","status":"passed","title":"rejects manifest-supplied criteria instead of using it as an oracle","duration":0.27345799999997666,"failureMessages":[],"meta":{}},{"ancestorTitles":["Sprint 185 claim ledger derives from literal frozen sources and real execution bindings"],"fullName":"Sprint 185 claim ledger derives from literal frozen sources and real execution bindings rejects a binding override of criterion","status":"passed","title":"rejects a binding override of criterion","duration":0.6475829999999974,"failureMessages":[],"meta":{}},{"ancestorTitles":["Sprint 185 claim ledger derives from literal frozen sources and real execution bindings"],"fullName":"Sprint 185 claim ledger derives from literal frozen sources and real execution bindings rejects a binding override of status","status":"passed","title":"rejects a binding override of status","duration":0.7108749999999873,"failureMessages":[],"meta":{}},{"ancestorTitles":["Sprint 185 claim ledger derives from literal frozen sources and real execution bindings"],"fullName":"Sprint 185 claim ledger derives from literal frozen sources and real execution bindings reads edited literal CMOS bytes only when their input hash is honestly resealed","status":"passed","title":"reads edited literal CMOS bytes only when their input hash is honestly resealed","duration":0.7012920000000236,"failureMessages":[],"meta":{}},{"ancestorTitles":["Sprint 185 claim ledger derives from literal frozen sources and real execution bindings"],"fullName":"Sprint 185 claim ledger derives from literal frozen sources and real execution bindings rejects changed-hash in the evidence graph","status":"passed","title":"rejects changed-hash in the evidence graph","duration":0.4452919999999949,"failureMessages":[],"meta":{}},{"ancestorTitles":["Sprint 185 claim ledger derives from literal frozen sources and real execution bindings"],"fullName":"Sprint 185 claim ledger derives from literal frozen sources and real execution bindings rejects missing-file in the evidence graph","status":"passed","title":"rejects missing-file in the evidence graph","duration":0.22445799999997007,"failureMessages":[],"meta":{}},{"ancestorTitles":["Sprint 185 claim ledger derives from literal frozen sources and real execution bindings"],"fullName":"Sprint 185 claim ledger derives from literal frozen sources and real execution bindings rejects output-input in the evidence graph","status":"passed","title":"rejects output-input in the evidence graph","duration":0.27658400000001393,"failureMessages":[],"meta":{}},{"ancestorTitles":["Sprint 185 claim ledger derives from literal frozen sources and real execution bindings"],"fullName":"Sprint 185 claim ledger derives from literal frozen sources and real execution bindings rejects unknown-execution in the evidence graph","status":"passed","title":"rejects unknown-execution in the evidence graph","duration":0.495207999999991,"failureMessages":[],"meta":{}},{"ancestorTitles":["Sprint 185 claim ledger derives from literal frozen sources and real execution bindings"],"fullName":"Sprint 185 claim ledger derives from literal frozen sources and real execution bindings rejects duplicate-execution in the evidence graph","status":"passed","title":"rejects duplicate-execution in the evidence graph","duration":0.39549999999997,"failureMessages":[],"meta":{}},{"ancestorTitles":["Sprint 185 claim ledger derives from literal frozen sources and real execution bindings"],"fullName":"Sprint 185 claim ledger derives from literal frozen sources and real execution bindings rejects empty-binding in the evidence graph","status":"passed","title":"rejects empty-binding in the evidence graph","duration":0.4437080000000151,"failureMessages":[],"meta":{}},{"ancestorTitles":["Sprint 185 claim ledger derives from literal frozen sources and real execution bindings"],"fullName":"Sprint 185 claim ledger derives from literal frozen sources and real execution bindings rejects missing-required-source in the evidence graph","status":"passed","title":"rejects missing-required-source in the evidence graph","duration":0.42958300000003646,"failureMessages":[],"meta":{}},{"ancestorTitles":["Sprint 185 claim ledger derives from literal frozen sources and real execution bindings"],"fullName":"Sprint 185 claim ledger derives from literal frozen sources and real execution bindings rejects duplicate-criterion in the evidence graph","status":"passed","title":"rejects duplicate-criterion in the evidence graph","duration":0.2674999999999841,"failureMessages":[],"meta":{}},{"ancestorTitles":["Sprint 185 claim ledger derives from literal frozen sources and real execution bindings"],"fullName":"Sprint 185 claim ledger derives from literal frozen sources and real execution bindings rejects missing-derivation-rules in the evidence graph","status":"passed","title":"rejects missing-derivation-rules in the evidence graph","duration":0.19254100000000562,"failureMessages":[],"meta":{}},{"ancestorTitles":["Sprint 185 claim ledger derives from literal frozen sources and real execution bindings"],"fullName":"Sprint 185 claim ledger derives from literal frozen sources and real execution bindings rejects relabeled-head in suite accounting","status":"passed","title":"rejects relabeled-head in suite accounting","duration":0.28233299999999417,"failureMessages":[],"meta":{}},{"ancestorTitles":["Sprint 185 claim ledger derives from literal frozen sources and real execution bindings"],"fullName":"Sprint 185 claim ledger derives from literal frozen sources and real execution bindings rejects duplicate-suite-raw in suite accounting","status":"passed","title":"rejects duplicate-suite-raw in suite accounting","duration":0.29195800000002237,"failureMessages":[],"meta":{}},{"ancestorTitles":["Sprint 185 claim ledger derives from literal frozen sources and real execution bindings"],"fullName":"Sprint 185 claim ledger derives from literal frozen sources and real execution bindings unknown suite ID cannot prove a four-suite capture","status":"passed","title":"unknown suite ID cannot prove a four-suite capture","duration":0.6071660000000065,"failureMessages":[],"meta":{}},{"ancestorTitles":["Sprint 185 claim ledger derives from literal frozen sources and real execution bindings"],"fullName":"Sprint 185 claim ledger derives from literal frozen sources and real execution bindings duplicate suite ID cannot prove a four-suite capture","status":"passed","title":"duplicate suite ID cannot prove a four-suite capture","duration":0.5946250000000077,"failureMessages":[],"meta":{}},{"ancestorTitles":["Sprint 185 claim ledger derives from literal frozen sources and real execution bindings"],"fullName":"Sprint 185 claim ledger derives from literal frozen sources and real execution bindings baseline denominator remains unproven even with correctly resealed evidence","status":"passed","title":"baseline denominator remains unproven even with correctly resealed evidence","duration":0.6599170000000072,"failureMessages":[],"meta":{}},{"ancestorTitles":["Sprint 185 claim ledger derives from literal frozen sources and real execution bindings"],"fullName":"Sprint 185 claim ledger derives from literal frozen sources and real execution bindings runtime census approval remains unproven even with correctly resealed evidence","status":"passed","title":"runtime census approval remains unproven even with correctly resealed evidence","duration":0.6285000000000309,"failureMessages":[],"meta":{}},{"ancestorTitles":["Sprint 185 claim ledger derives from literal frozen sources and real execution bindings"],"fullName":"Sprint 185 claim ledger derives from literal frozen sources and real execution bindings mover omission remains unproven even with correctly resealed evidence","status":"passed","title":"mover omission remains unproven even with correctly resealed evidence","duration":0.5800830000000019,"failureMessages":[],"meta":{}},{"ancestorTitles":["Sprint 185 claim ledger derives from literal frozen sources and real execution bindings"],"fullName":"Sprint 185 claim ledger derives from literal frozen sources and real execution bindings duplicate delivery remains unproven even with correctly resealed evidence","status":"passed","title":"duplicate delivery remains unproven even with correctly resealed evidence","duration":0.6275830000000155,"failureMessages":[],"meta":{}},{"ancestorTitles":["Sprint 185 claim ledger derives from literal frozen sources and real execution bindings"],"fullName":"Sprint 185 claim ledger derives from literal frozen sources and real execution bindings historical control promoted remains unproven even with correctly resealed evidence","status":"passed","title":"historical control promoted remains unproven even with correctly resealed evidence","duration":0.5776250000000118,"failureMessages":[],"meta":{}},{"ancestorTitles":["Sprint 185 claim ledger derives from literal frozen sources and real execution bindings"],"fullName":"Sprint 185 claim ledger derives from literal frozen sources and real execution bindings maintenance silently absorbed remains unproven even with correctly resealed evidence","status":"passed","title":"maintenance silently absorbed remains unproven even with correctly resealed evidence","duration":0.5841669999999795,"failureMessages":[],"meta":{}},{"ancestorTitles":["Sprint 185 claim ledger derives from literal frozen sources and real execution bindings"],"fullName":"Sprint 185 claim ledger derives from literal frozen sources and real execution bindings served checkout equals build worktree remains unproven even with correctly resealed evidence","status":"passed","title":"served checkout equals build worktree remains unproven even with correctly resealed evidence","duration":0.5970409999999902,"failureMessages":[],"meta":{}},{"ancestorTitles":["Sprint 185 claim ledger derives from literal frozen sources and real execution bindings"],"fullName":"Sprint 185 claim ledger derives from literal frozen sources and real execution bindings self-certified build remains unproven even with correctly resealed evidence","status":"passed","title":"self-certified build remains unproven even with correctly resealed evidence","duration":0.5720830000000205,"failureMessages":[],"meta":{}},{"ancestorTitles":["Sprint 185 claim ledger derives from literal frozen sources and real execution bindings"],"fullName":"Sprint 185 claim ledger derives from literal frozen sources and real execution bindings sprint incorrectly closed remains unproven even with correctly resealed evidence","status":"passed","title":"sprint incorrectly closed remains unproven even with correctly resealed evidence","duration":0.5670829999999683,"failureMessages":[],"meta":{}},{"ancestorTitles":["Sprint 185 claim ledger derives from literal frozen sources and real execution bindings"],"fullName":"Sprint 185 claim ledger derives from literal frozen sources and real execution bindings a failed command cannot be the only execution proving a claim","status":"passed","title":"a failed command cannot be the only execution proving a claim","duration":0.6110419999999976,"failureMessages":[],"meta":{}},{"ancestorTitles":["Sprint 185 claim ledger derives from literal frozen sources and real execution bindings"],"fullName":"Sprint 185 claim ledger derives from literal frozen sources and real execution bindings an unrelated successful command cannot be borrowed to prove a claim","status":"passed","title":"an unrelated successful command cannot be borrowed to prove a claim","duration":0.6004580000000033,"failureMessages":[],"meta":{}},{"ancestorTitles":["Sprint 185 claim ledger derives from literal frozen sources and real execution bindings"],"fullName":"Sprint 185 claim ledger derives from literal frozen sources and real execution bindings a four-suite claim must bind the four actual suite executions","status":"passed","title":"a four-suite claim must bind the four actual suite executions","duration":0.6092080000000237,"failureMessages":[],"meta":{}},{"ancestorTitles":["Sprint 185 claim ledger derives from literal frozen sources and real execution bindings"],"fullName":"Sprint 185 claim ledger derives from literal frozen sources and real execution bindings pre-capture suite selectors resolve to actual future execution IDs without relabeling","status":"passed","title":"pre-capture suite selectors resolve to actual future execution IDs without relabeling","duration":1.782624999999996,"failureMessages":[],"meta":{}},{"ancestorTitles":["Sprint 185 claim ledger derives from literal frozen sources and real execution bindings"],"fullName":"Sprint 185 claim ledger derives from literal frozen sources and real execution bindings rejects duplicate pre-capture selector","status":"passed","title":"rejects duplicate pre-capture selector","duration":0.5823330000000055,"failureMessages":[],"meta":{}},{"ancestorTitles":["Sprint 185 claim ledger derives from literal frozen sources and real execution bindings"],"fullName":"Sprint 185 claim ledger derives from literal frozen sources and real execution bindings rejects unknown pre-capture selector","status":"passed","title":"rejects unknown pre-capture selector","duration":0.5349170000000072,"failureMessages":[],"meta":{}},{"ancestorTitles":["Independent final-output audit checks actual bytes without the producer checker"],"fullName":"Independent final-output audit checks actual bytes without the producer checker audits all eight exact criteria and keeps audit output outside its own stable input graph","status":"passed","title":"audits all eight exact criteria and keeps audit output outside its own stable input graph","duration":1.678042000000005,"failureMessages":[],"meta":{}},{"ancestorTitles":["Independent final-output audit checks actual bytes without the producer checker"],"fullName":"Independent final-output audit checks actual bytes without the producer checker independently resolves pre-capture selectors against actual suite receipts","status":"passed","title":"independently resolves pre-capture selectors against actual suite receipts","duration":1.3155830000000037,"failureMessages":[],"meta":{}},{"ancestorTitles":["Independent final-output audit checks actual bytes without the producer checker"],"fullName":"Independent final-output audit checks actual bytes without the producer checker rejects criterion after output production","status":"passed","title":"rejects criterion after output production","duration":1.6206249999999613,"failureMessages":[],"meta":{}},{"ancestorTitles":["Independent final-output audit checks actual bytes without the producer checker"],"fullName":"Independent final-output audit checks actual bytes without the producer checker rejects frozen-hash after output production","status":"passed","title":"rejects frozen-hash after output production","duration":3.6558339999999703,"failureMessages":[],"meta":{}},{"ancestorTitles":["Independent final-output audit checks actual bytes without the producer checker"],"fullName":"Independent final-output audit checks actual bytes without the producer checker rejects relabel after output production","status":"passed","title":"rejects relabel after output production","duration":1.309582999999975,"failureMessages":[],"meta":{}},{"ancestorTitles":["Independent final-output audit checks actual bytes without the producer checker"],"fullName":"Independent final-output audit checks actual bytes without the producer checker rejects invented-execution after output production","status":"passed","title":"rejects invented-execution after output production","duration":1.4644999999999868,"failureMessages":[],"meta":{}},{"ancestorTitles":["Independent final-output audit checks actual bytes without the producer checker"],"fullName":"Independent final-output audit checks actual bytes without the producer checker rejects missing-dependency after output production","status":"passed","title":"rejects missing-dependency after output production","duration":1.609166000000016,"failureMessages":[],"meta":{}},{"ancestorTitles":["Independent final-output audit checks actual bytes without the producer checker"],"fullName":"Independent final-output audit checks actual bytes without the producer checker rejects self-certified after output production","status":"passed","title":"rejects self-certified after output production","duration":1.3742090000000076,"failureMessages":[],"meta":{}},{"ancestorTitles":["Independent final-output audit checks actual bytes without the producer checker"],"fullName":"Independent final-output audit checks actual bytes without the producer checker rejects source-change after output production","status":"passed","title":"rejects source-change after output production","duration":1.1385409999999752,"failureMessages":[],"meta":{}},{"ancestorTitles":["Independent final-output audit checks actual bytes without the producer checker"],"fullName":"Independent final-output audit checks actual bytes without the producer checker rejects rewritten-log after output production","status":"passed","title":"rejects rewritten-log after output production","duration":2.0272079999999733,"failureMessages":[],"meta":{}},{"ancestorTitles":["Independent public runtime equality uses actual Git bytes and disclosed test exclusions"],"fullName":"Independent public runtime equality uses actual Git bytes and disclosed test exclusions test-only preserves the reviewed runtime boundary","status":"passed","title":"test-only preserves the reviewed runtime boundary","duration":178.84254200000004,"failureMessages":[],"meta":{}},{"ancestorTitles":["Independent public runtime equality uses actual Git bytes and disclosed test exclusions"],"fullName":"Independent public runtime equality uses actual Git bytes and disclosed test exclusions runtime-change preserves the reviewed runtime boundary","status":"passed","title":"runtime-change preserves the reviewed runtime boundary","duration":225.86545800000005,"failureMessages":[],"meta":{}},{"ancestorTitles":["Independent public runtime equality uses actual Git bytes and disclosed test exclusions"],"fullName":"Independent public runtime equality uses actual Git bytes and disclosed test exclusions runtime-renamed-to-test preserves the reviewed runtime boundary","status":"passed","title":"runtime-renamed-to-test preserves the reviewed runtime boundary","duration":280.544209,"failureMessages":[],"meta":{}},{"ancestorTitles":["Sprint 187 proves seven literal criteria without claiming served delivery"],"fullName":"Sprint 187 proves seven literal criteria without claiming served delivery derives and independently audits the complete synthetic graph","status":"passed","title":"derives and independently audits the complete synthetic graph","duration":19.867875000000026,"failureMessages":[],"meta":{}},{"ancestorTitles":["Sprint 187 proves seven literal criteria without claiming served delivery"],"fullName":"Sprint 187 proves seven literal criteria without claiming served delivery rejects a resealed false freshCensus claim at its semantic gate","status":"passed","title":"rejects a resealed false freshCensus claim at its semantic gate","duration":15.928416999999968,"failureMessages":[],"meta":{}},{"ancestorTitles":["Sprint 187 proves seven literal criteria without claiming served delivery"],"fullName":"Sprint 187 proves seven literal criteria without claiming served delivery rejects a resealed false liveConsumers claim at its semantic gate","status":"passed","title":"rejects a resealed false liveConsumers claim at its semantic gate","duration":11.871000000000095,"failureMessages":[],"meta":{}},{"ancestorTitles":["Sprint 187 proves seven literal criteria without claiming served delivery"],"fullName":"Sprint 187 proves seven literal criteria without claiming served delivery rejects a resealed false deliveries claim at its semantic gate","status":"passed","title":"rejects a resealed false deliveries claim at its semantic gate","duration":11.679292000000032,"failureMessages":[],"meta":{}},{"ancestorTitles":["Sprint 187 proves seven literal criteria without claiming served delivery"],"fullName":"Sprint 187 proves seven literal criteria without claiming served delivery rejects a resealed false carries claim at its semantic gate","status":"passed","title":"rejects a resealed false carries claim at its semantic gate","duration":14.79204199999981,"failureMessages":[],"meta":{}},{"ancestorTitles":["Sprint 187 proves seven literal criteria without claiming served delivery"],"fullName":"Sprint 187 proves seven literal criteria without claiming served delivery rejects a passed runtime gate whose command logs were removed and report hashes resealed","status":"passed","title":"rejects a passed runtime gate whose command logs were removed and report hashes resealed","duration":8.645624999999882,"failureMessages":[],"meta":{}},{"ancestorTitles":["Sprint 187 proves seven literal criteria without claiming served delivery"],"fullName":"Sprint 187 proves seven literal criteria without claiming served delivery independent audit checks raw export observations even when a positive headline is forged","status":"passed","title":"independent audit checks raw export observations even when a positive headline is forged","duration":17.19662500000004,"failureMessages":[],"meta":{}}],"startTime":1788897829585,"endTime":1788897830476.1965,"status":"passed","message":"","name":"/Users/systemsystems/.codex/worktrees/s188/OODS-Forge/packages/mcp-server/test/product-reality/closeout-ledger.s185.spec.ts"},{"assertionResults":[{"ancestorTitles":["Sprint 185 four-suite accounting counts executions and explains population movement"],"fullName":"Sprint 185 four-suite accounting counts executions and explains population movement rederives passes, failures, inherited skips and todos from actual assertion rows","status":"passed","title":"rederives passes, failures, inherited skips and todos from actual assertion rows","duration":11.630540999999994,"failureMessages":[],"meta":{}},{"ancestorTitles":["Sprint 185 four-suite accounting counts executions and explains population movement"],"fullName":"Sprint 185 four-suite accounting counts executions and explains population movement rejects inconsistent headline counts and duplicate file executions","status":"passed","title":"rejects inconsistent headline counts and duplicate file executions","duration":7.059042000000005,"failureMessages":[],"meta":{}},{"ancestorTitles":["Sprint 185 four-suite accounting counts executions and explains population movement"],"fullName":"Sprint 185 four-suite accounting counts executions and explains population movement reports both added and removed files even when their assertion totals cancel","status":"passed","title":"reports both added and removed files even when their assertion totals cancel","duration":0.3131659999999954,"failureMessages":[],"meta":{}},{"ancestorTitles":["Sprint 185 four-suite accounting counts executions and explains population movement"],"fullName":"Sprint 185 four-suite accounting counts executions and explains population movement accounts for added and removed assertions inside the same still-executed file","status":"passed","title":"accounts for added and removed assertions inside the same still-executed file","duration":0.4427090000000078,"failureMessages":[],"meta":{}},{"ancestorTitles":["Sprint 185 four-suite accounting counts executions and explains population movement"],"fullName":"Sprint 185 four-suite accounting counts executions and explains population movement keeps outcome movement and prior failure messages separate from assertion membership changes","status":"passed","title":"keeps outcome movement and prior failure messages separate from assertion membership changes","duration":0.18479200000001583,"failureMessages":[],"meta":{}},{"ancestorTitles":["Sprint 185 four-suite accounting counts executions and explains population movement"],"fullName":"Sprint 185 four-suite accounting counts executions and explains population movement rejects a repeated receipt and a copied raw execution relabeled as another run","status":"passed","title":"rejects a repeated receipt and a copied raw execution relabeled as another run","duration":0.4957080000000076,"failureMessages":[],"meta":{}},{"ancestorTitles":["Sprint 185 four-suite accounting counts executions and explains population movement"],"fullName":"Sprint 185 four-suite accounting counts executions and explains population movement requires a matching retained failure and a specific named disposition to validate accounting for an inherited red","status":"passed","title":"requires a matching retained failure and a specific named disposition to validate accounting for an inherited red","duration":0.7318329999999946,"failureMessages":[],"meta":{}},{"ancestorTitles":["Sprint 185 four-suite accounting counts executions and explains population movement"],"fullName":"Sprint 185 four-suite accounting counts executions and explains population movement uses one exact raw-log cause only when the original JSON cause is empty or a generic placeholder","status":"passed","title":"uses one exact raw-log cause only when the original JSON cause is empty or a generic placeholder","duration":0.9000420000000133,"failureMessages":[],"meta":{}},{"ancestorTitles":["Sprint 185 four-suite accounting counts executions and explains population movement"],"fullName":"Sprint 185 four-suite accounting counts executions and explains population movement refuses wrong suites, files, captions, repeated sections and duplicate parameterized assertion captions","status":"passed","title":"refuses wrong suites, files, captions, repeated sections and duplicate parameterized assertion captions","duration":0.2713329999999985,"failureMessages":[],"meta":{}},{"ancestorTitles":["Sprint 185 four-suite accounting counts executions and explains population movement"],"fullName":"Sprint 185 four-suite accounting counts executions and explains population movement matches declared setup scopes and collection headers without borrowing an assertion failure from the same file","status":"passed","title":"matches declared setup scopes and collection headers without borrowing an assertion failure from the same file","duration":0.1475420000000156,"failureMessages":[],"meta":{}},{"ancestorTitles":["Sprint 185 four-suite accounting counts executions and explains population movement"],"fullName":"Sprint 185 four-suite accounting counts executions and explains population movement handles consecutive exact failure captions sharing a reporter body while retaining the original section","status":"passed","title":"handles consecutive exact failure captions sharing a reporter body while retaining the original section","duration":0.14287500000000364,"failureMessages":[],"meta":{}},{"ancestorTitles":["Sprint 185 four-suite accounting counts executions and explains population movement"],"fullName":"Sprint 185 four-suite accounting counts executions and explains population movement recovers the measured initial Vue timeout from its exact retained section and rejects its generic JSON as a cause","status":"passed","title":"recovers the measured initial Vue timeout from its exact retained section and rejects its generic JSON as a cause","duration":33.07491699999997,"failureMessages":[],"meta":{}},{"ancestorTitles":["Sprint 185 four-suite accounting counts executions and explains population movement"],"fullName":"Sprint 185 four-suite accounting counts executions and explains population movement recovers the historical state-axis setup failure without relabeling its pending assertions as executed","status":"passed","title":"recovers the historical state-axis setup failure without relabeling its pending assertions as executed","duration":23.65258300000005,"failureMessages":[],"meta":{}},{"ancestorTitles":["Sprint 185 four-suite accounting counts executions and explains population movement"],"fullName":"Sprint 185 four-suite accounting counts executions and explains population movement maps the retained initial attempt references explicitly without rewriting them or admitting them after the final execution head","status":"passed","title":"maps the retained initial attempt references explicitly without rewriting them or admitting them after the final execution head","duration":0.7545000000000073,"failureMessages":[],"meta":{}},{"ancestorTitles":["Sprint 185 four-suite accounting counts executions and explains population movement"],"fullName":"Sprint 185 four-suite accounting counts executions and explains population movement blocks final unhandled errors independently of assertion dispositions and retains historical sections without hiding their counts","status":"passed","title":"blocks final unhandled errors independently of assertion dispositions and retains historical sections without hiding their counts","duration":1.23516699999999,"failureMessages":[],"meta":{}},{"ancestorTitles":["Sprint 185 four-suite accounting counts executions and explains population movement"],"fullName":"Sprint 185 four-suite accounting counts executions and explains population movement permits only newly captured receipts and named derived outputs after the execution head","status":"passed","title":"permits only newly captured receipts and named derived outputs after the execution head","duration":1.2963750000000118,"failureMessages":[],"meta":{}},{"ancestorTitles":["Sprint 185 four-suite accounting counts executions and explains population movement"],"fullName":"Sprint 185 four-suite accounting counts executions and explains population movement preserves the actual m01-after root-core reds and 38 skips instead of describing that baseline as green","status":"passed","title":"preserves the actual m01-after root-core reds and 38 skips instead of describing that baseline as green","duration":35.82650000000001,"failureMessages":[],"meta":{}},{"ancestorTitles":["Sprint 185 four-suite accounting counts executions and explains population movement"],"fullName":"Sprint 185 four-suite accounting counts executions and explains population movement derives valid accounting across primary baselines, an immutable failed initial attempt and one distinct final four-suite capture","status":"passed","title":"derives valid accounting across primary baselines, an immutable failed initial attempt and one distinct final four-suite capture","duration":544.639416,"failureMessages":[],"meta":{}},{"ancestorTitles":["Sprint 185 four-suite accounting counts executions and explains population movement"],"fullName":"Sprint 185 four-suite accounting counts executions and explains population movement cannot reuse an old baseline execution as the newly measured closeout run","status":"passed","title":"cannot reuse an old baseline execution as the newly measured closeout run","duration":578.2047499999999,"failureMessages":[],"meta":{}},{"ancestorTitles":["Sprint 187 review descendants retain only new closeout evidence"],"fullName":"Sprint 187 review descendants retain only new closeout evidence accepts its own captured receipts and rejects another sprint, changed evidence and executable input","status":"passed","title":"accepts its own captured receipts and rejects another sprint, changed evidence and executable input","duration":0.40762500000005275,"failureMessages":[],"meta":{}}],"startTime":1788897828124,"endTime":1788897829366.4077,"status":"passed","message":"","name":"/Users/systemsystems/.codex/worktrees/s188/OODS-Forge/packages/mcp-server/test/product-reality/suite-accounting.s185.spec.ts"}]}