{"numTotalTestSuites":2,"numPassedTestSuites":2,"numFailedTestSuites":0,"numPendingTestSuites":0,"numTotalTests":2,"numPassedTests":2,"numFailedTests":0,"numPendingTests":0,"numTodoTests":0,"snapshot":{"added":0,"failure":false,"filesAdded":0,"filesRemoved":0,"filesRemovedList":[],"filesUnmatched":0,"filesUpdated":0,"matched":0,"total":0,"unchecked":0,"uncheckedKeysByFile":[],"unmatched":0,"updated":0,"didUpdate":false},"startTime":1788728436462,"success":true,"testResults":[{"assertionResults":[{"ancestorTitles":["Sprint 182 M04 packed generated consumers"],"fullName":"Sprint 182 M04 packed generated consumers B-12 installs and imports every required tarball and root export in isolation","status":"passed","title":"B-12 installs and imports every required tarball and root export in isolation","duration":166645.060167,"failureMessages":[],"meta":{}},{"ancestorTitles":["Sprint 182 M04 packed generated consumers"],"fullName":"Sprint 182 M04 packed generated consumers B-13 resolves declared dependencies and shared CSS in a clean production build","status":"passed","title":"B-13 resolves declared dependencies and shared CSS in a clean production build","duration":316978.39633300004,"failureMessages":[],"meta":{}}],"startTime":1788728442654,"endTime":1788728926279.3962,"status":"passed","message":"","name":"/Users/systemsystems/.codex/worktrees/s186/OODS-Forge/packages/mcp-server/test/product-reality/packed-consumers.s182.spec.ts"}]}