{"numTotalTestSuites":15,"numPassedTestSuites":15,"numFailedTestSuites":0,"numPendingTestSuites":0,"numTotalTests":72,"numPassedTests":72,"numFailedTests":0,"numPendingTests":0,"numTodoTests":0,"snapshot":{"added":0,"failure":false,"filesAdded":0,"filesRemoved":0,"filesRemovedList":[],"filesUnmatched":0,"filesUpdated":0,"matched":1,"total":1,"unchecked":0,"uncheckedKeysByFile":[],"unmatched":0,"updated":0,"didUpdate":false},"startTime":1789568362188,"success":true,"testResults":[{"assertionResults":[{"ancestorTitles":["certified ECharts runtime matrix"],"fullName":"certified ECharts runtime matrix pins exact ECharts and zrender versions to the lockfile and installed graph","status":"passed","title":"pins exact ECharts and zrender versions to the lockfile and installed graph","duration":6.750209000000041,"failureMessages":[],"meta":{}},{"ancestorTitles":["certified ECharts runtime matrix"],"fullName":"certified ECharts runtime matrix pins the renderer/normalizer, token, viewport, and snapshot contracts","status":"passed","title":"pins the renderer/normalizer, token, viewport, and snapshot contracts","duration":3.553875000000062,"failureMessages":[],"meta":{}},{"ancestorTitles":["certified ECharts runtime matrix"],"fullName":"certified ECharts runtime matrix binds every local render axis to the render-hash epoch","status":"passed","title":"binds every local render axis to the render-hash epoch","duration":0.7107079999999542,"failureMessages":[],"meta":{}},{"ancestorTitles":["certified ECharts runtime matrix"],"fullName":"certified ECharts runtime matrix keeps CI-resolved Node, V8, OS, and architecture evidence out of the local record","status":"passed","title":"keeps CI-resolved Node, V8, OS, and architecture evidence out of the local record","duration":0.9812499999999318,"failureMessages":[],"meta":{}}],"startTime":1789568363139,"endTime":1789568363151.9812,"status":"passed","message":"","name":"/Users/systemsystems/.codex/worktrees/s203/OODS-Forge/packages/viz-render/test/certified-runtime-matrix.spec.ts"},{"assertionResults":[{"ancestorTitles":["s179 ECharts normalized-SVG hash matrix"],"fullName":"s179 ECharts normalized-SVG hash matrix covers exactly the shared eight canonical operand families","status":"passed","title":"covers exactly the shared eight canonical operand families","duration":1.932916999999179,"failureMessages":[],"meta":{}},{"ancestorTitles":["s179 ECharts normalized-SVG hash matrix"],"fullName":"s179 ECharts normalized-SVG hash matrix treemap pins a byte-stable normalized SVG hash","status":"passed","title":"treemap pins a byte-stable normalized SVG hash","duration":0.7237079999995331,"failureMessages":[],"meta":{}},{"ancestorTitles":["s179 ECharts normalized-SVG hash matrix"],"fullName":"s179 ECharts normalized-SVG hash matrix sunburst pins a byte-stable normalized SVG hash","status":"passed","title":"sunburst pins a byte-stable normalized SVG hash","duration":0.1250419999996666,"failureMessages":[],"meta":{}},{"ancestorTitles":["s179 ECharts normalized-SVG hash matrix"],"fullName":"s179 ECharts normalized-SVG hash matrix sankey pins a byte-stable normalized SVG hash","status":"passed","title":"sankey pins a byte-stable normalized SVG hash","duration":0.10275000000001455,"failureMessages":[],"meta":{}},{"ancestorTitles":["s179 ECharts normalized-SVG hash matrix"],"fullName":"s179 ECharts normalized-SVG hash matrix chord pins a byte-stable normalized SVG hash","status":"passed","title":"chord pins a byte-stable normalized SVG hash","duration":0.10666700000001583,"failureMessages":[],"meta":{}},{"ancestorTitles":["s179 ECharts normalized-SVG hash matrix"],"fullName":"s179 ECharts normalized-SVG hash matrix force_graph pins a byte-stable normalized SVG hash","status":"passed","title":"force_graph pins a byte-stable normalized SVG hash","duration":0.10700000000088039,"failureMessages":[],"meta":{}},{"ancestorTitles":["s179 ECharts normalized-SVG hash matrix"],"fullName":"s179 ECharts normalized-SVG hash matrix choropleth pins a byte-stable normalized SVG hash","status":"passed","title":"choropleth pins a byte-stable normalized SVG hash","duration":0.12041700000008859,"failureMessages":[],"meta":{}},{"ancestorTitles":["s179 ECharts normalized-SVG hash matrix"],"fullName":"s179 ECharts normalized-SVG hash matrix bubble_map pins a byte-stable normalized SVG hash","status":"passed","title":"bubble_map pins a byte-stable normalized SVG hash","duration":0.135124999999789,"failureMessages":[],"meta":{}},{"ancestorTitles":["s179 ECharts normalized-SVG hash matrix"],"fullName":"s179 ECharts normalized-SVG hash matrix flow_map pins a byte-stable normalized SVG hash","status":"passed","title":"flow_map pins a byte-stable normalized SVG hash","duration":0.08666600000015023,"failureMessages":[],"meta":{}},{"ancestorTitles":["s179 ECharts normalized-SVG hash matrix"],"fullName":"s179 ECharts normalized-SVG hash matrix preserves the ASCII, CJK, combining-mark, emoji, and truncation carriers","status":"passed","title":"preserves the ASCII, CJK, combining-mark, emoji, and truncation carriers","duration":0.2661659999994299,"failureMessages":[],"meta":{}},{"ancestorTitles":["s179 ECharts normalized-SVG hash matrix"],"fullName":"s179 ECharts normalized-SVG hash matrix normalizes actual shadow, gradient, pattern, and clip structural carriers","status":"passed","title":"normalizes actual shadow, gradient, pattern, and clip structural carriers","duration":0.3456669999995938,"failureMessages":[],"meta":{}}],"startTime":1789568367006,"endTime":1789568367009.3457,"status":"passed","message":"","name":"/Users/systemsystems/.codex/worktrees/s203/OODS-Forge/packages/viz-render/test/echarts-normalized-hash-matrix.s179.spec.ts"},{"assertionResults":[{"ancestorTitles":["ECharts render worker contract"],"fullName":"ECharts render worker contract stays completely lazy and publishes only the ratified input boundary","status":"passed","title":"stays completely lazy and publishes only the ratified input boundary","duration":4.177874999999858,"failureMessages":[],"meta":{}},{"ancestorTitles":["ECharts render worker contract"],"fullName":"ECharts render worker contract rejects the exact no-geometry bubble sibling before worker creation and never fetches a map","status":"passed","title":"rejects the exact no-geometry bubble sibling before worker creation and never fetches a map","duration":3.2867920000003323,"failureMessages":[],"meta":{}},{"ancestorTitles":["ECharts render worker contract"],"fullName":"ECharts render worker contract rejects invalid width 0 before worker creation","status":"passed","title":"rejects invalid width 0 before worker creation","duration":1.3044589999999516,"failureMessages":[],"meta":{}},{"ancestorTitles":["ECharts render worker contract"],"fullName":"ECharts render worker contract rejects invalid width -1 before worker creation","status":"passed","title":"rejects invalid width -1 before worker creation","duration":0.5905000000002474,"failureMessages":[],"meta":{}},{"ancestorTitles":["ECharts render worker contract"],"fullName":"ECharts render worker contract rejects invalid width 1.5 before worker creation","status":"passed","title":"rejects invalid width 1.5 before worker creation","duration":0.3830000000002656,"failureMessages":[],"meta":{}},{"ancestorTitles":["ECharts render worker contract"],"fullName":"ECharts render worker contract rejects invalid width NaN before worker creation","status":"passed","title":"rejects invalid width NaN before worker creation","duration":0.418833000000177,"failureMessages":[],"meta":{}},{"ancestorTitles":["ECharts render worker contract"],"fullName":"ECharts render worker contract rejects invalid width Infinity before worker creation","status":"passed","title":"rejects invalid width Infinity before worker creation","duration":0.5016250000003311,"failureMessages":[],"meta":{}},{"ancestorTitles":["ECharts render worker contract"],"fullName":"ECharts render worker contract types malformed, unserializable, empty, and map-mismatched options before dispatch","status":"passed","title":"types malformed, unserializable, empty, and map-mismatched options before dispatch","duration":1.929834000000028,"failureMessages":[],"meta":{}},{"ancestorTitles":["ECharts render worker contract"],"fullName":"ECharts render worker contract samples worker-isolate resources on demand without eagerly loading ECharts","status":"passed","title":"samples worker-isolate resources on demand without eagerly loading ECharts","duration":48.457042,"failureMessages":[],"meta":{}},{"ancestorTitles":["ECharts render worker contract"],"fullName":"ECharts render worker contract closes the zrender timing branch under ambient poison and 101 uncached fonts","status":"passed","title":"closes the zrender timing branch under ambient poison and 101 uncached fonts","duration":739.029708,"failureMessages":[],"meta":{}},{"ancestorTitles":["ECharts render worker contract"],"fullName":"ECharts render worker contract 'treemap' renders the exact s172 operand twice without mutation","status":"passed","title":"'treemap' renders the exact s172 operand twice without mutation","duration":334.6381250000004,"failureMessages":[],"meta":{}},{"ancestorTitles":["ECharts render worker contract"],"fullName":"ECharts render worker contract 'sunburst' renders the exact s172 operand twice without mutation","status":"passed","title":"'sunburst' renders the exact s172 operand twice without mutation","duration":9.145792000000256,"failureMessages":[],"meta":{}},{"ancestorTitles":["ECharts render worker contract"],"fullName":"ECharts render worker contract 'sankey' renders the exact s172 operand twice without mutation","status":"passed","title":"'sankey' renders the exact s172 operand twice without mutation","duration":10.455582999999933,"failureMessages":[],"meta":{}},{"ancestorTitles":["ECharts render worker contract"],"fullName":"ECharts render worker contract 'chord' renders the exact s172 operand twice without mutation","status":"passed","title":"'chord' renders the exact s172 operand twice without mutation","duration":8.206916000000092,"failureMessages":[],"meta":{}},{"ancestorTitles":["ECharts render worker contract"],"fullName":"ECharts render worker contract 'force_graph' renders the exact s172 operand twice without mutation","status":"passed","title":"'force_graph' renders the exact s172 operand twice without mutation","duration":19.654125000000022,"failureMessages":[],"meta":{}},{"ancestorTitles":["ECharts render worker contract"],"fullName":"ECharts render worker contract 'choropleth' renders the exact s172 operand twice without mutation","status":"passed","title":"'choropleth' renders the exact s172 operand twice without mutation","duration":17.373916000000463,"failureMessages":[],"meta":{}},{"ancestorTitles":["ECharts render worker contract"],"fullName":"ECharts render worker contract 'bubble_map' renders the exact s172 operand twice without mutation","status":"passed","title":"'bubble_map' renders the exact s172 operand twice without mutation","duration":13.788707999999133,"failureMessages":[],"meta":{}},{"ancestorTitles":["ECharts render worker contract"],"fullName":"ECharts render worker contract 'flow_map' renders the exact s172 operand twice without mutation","status":"passed","title":"'flow_map' renders the exact s172 operand twice without mutation","duration":7.526207999999315,"failureMessages":[],"meta":{}},{"ancestorTitles":["ECharts render worker contract"],"fullName":"ECharts render worker contract keeps both adversarial sibling exports outside the canonical eight-case array","status":"passed","title":"keeps both adversarial sibling exports outside the canonical eight-case array","duration":10.43945800000074,"failureMessages":[],"meta":{}},{"ancestorTitles":["ECharts render worker contract"],"fullName":"ECharts render worker contract pins converged force geometry and seeds degenerate jobs despite intervening RNG consumption","status":"passed","title":"pins converged force geometry and seeds degenerate jobs despite intervening RNG consumption","duration":26.650541999999405,"failureMessages":[],"meta":{}},{"ancestorTitles":["ECharts render worker contract"],"fullName":"ECharts render worker contract restores the worker RNG immediately after a force render fault","status":"passed","title":"restores the worker RNG immediately after a force render fault","duration":1.0318340000003445,"failureMessages":[],"meta":{}},{"ancestorTitles":["ECharts render worker contract"],"fullName":"ECharts render worker contract admits exactly 250 force nodes and typed-rejects 251 without inventing other ceilings","status":"passed","title":"admits exactly 250 force nodes and typed-rejects 251 without inventing other ceilings","duration":356.6587090000003,"failureMessages":[],"meta":{}},{"ancestorTitles":["ECharts render worker contract"],"fullName":"ECharts render worker contract serializes concurrent force/non-force/fault jobs without touching main-realm guards","status":"passed","title":"serializes concurrent force/non-force/fault jobs without touching main-realm guards","duration":15.231499999999869,"failureMessages":[],"meta":{}},{"ancestorTitles":["ECharts render worker contract"],"fullName":"ECharts render worker contract re-registers conflicting warm geometry while keeping one fixed geo alias","status":"passed","title":"re-registers conflicting warm geometry while keeping one fixed geo alias","duration":17.091207999999824,"failureMessages":[],"meta":{}},{"ancestorTitles":["ECharts render worker contract"],"fullName":"ECharts render worker contract registers each fresh geo family before setOption and types a skipped first registration as no-map","status":"passed","title":"registers each fresh geo family before setOption and types a skipped first registration as no-map","duration":2040.6600830000007,"failureMessages":[],"meta":{}},{"ancestorTitles":["ECharts render worker contract"],"fullName":"ECharts render worker contract keeps the registry bounded across 1,000 unique caller IDs and FeatureCollections","status":"passed","title":"keeps the registry bounded across 1,000 unique caller IDs and FeatureCollections","duration":4123.916167,"failureMessages":[],"meta":{}},{"ancestorTitles":["ECharts render worker contract"],"fullName":"ECharts render worker contract reconstructs malformed registration, unsupported option, and unreadable SVG as typed faults","status":"passed","title":"reconstructs malformed registration, unsupported option, and unreadable SVG as typed faults","duration":6.717083999999886,"failureMessages":[],"meta":{}},{"ancestorTitles":["ECharts render worker contract"],"fullName":"ECharts render worker contract resolves and renders through both built ESM and CJS public entries","status":"passed","title":"resolves and renders through both built ESM and CJS public entries","duration":679.7763750000013,"failureMessages":[],"meta":{}},{"ancestorTitles":["ECharts render worker contract"],"fullName":"ECharts render worker contract keeps the built CJS Vega emitter usable without spawning the ECharts worker","status":"passed","title":"keeps the built CJS Vega emitter usable without spawning the ECharts worker","duration":238.36574999999903,"failureMessages":[],"meta":{}},{"ancestorTitles":["ECharts render worker contract"],"fullName":"ECharts render worker contract keeps exactly one worker/load and disposes every chart after the complete matrix","status":"passed","title":"keeps exactly one worker/load and disposes every chart after the complete matrix","duration":0.16441699999995762,"failureMessages":[],"meta":{}},{"ancestorTitles":["ECharts render worker contract"],"fullName":"ECharts render worker contract keeps the force family in the canonical eight-case matrix","status":"passed","title":"keeps the force family in the canonical eight-case matrix","duration":0.11195799999950395,"failureMessages":[],"meta":{}}],"startTime":1789568366229,"endTime":1789568374970.112,"status":"passed","message":"","name":"/Users/systemsystems/.codex/worktrees/s203/OODS-Forge/packages/viz-render/test/echarts-render-worker.spec.ts"},{"assertionResults":[{"ancestorTitles":["createFirstAppearanceRemap"],"fullName":"createFirstAppearanceRemap assigns one replacement per token in first-appearance order","status":"passed","title":"assigns one replacement per token in first-appearance order","duration":3.9878340000000208,"failureMessages":[],"meta":{}},{"ancestorTitles":["normalizeEChartsSvg"],"fullName":"normalizeEChartsSvg uses one first-appearance map for rich cls/ani/s/g/p/c definitions and references","status":"passed","title":"uses one first-appearance map for rich cls/ani/s/g/p/c definitions and references","duration":5.243000000000052,"failureMessages":[],"meta":{}},{"ancestorTitles":["normalizeEChartsSvg"],"fullName":"normalizeEChartsSvg keeps the cls definition-reference pair linked","status":"passed","title":"keeps the cls definition-reference pair linked","duration":1.4752090000000635,"failureMessages":[],"meta":{}},{"ancestorTitles":["normalizeEChartsSvg"],"fullName":"normalizeEChartsSvg keeps the ani definition-reference pair linked","status":"passed","title":"keeps the ani definition-reference pair linked","duration":0.21137500000008913,"failureMessages":[],"meta":{}},{"ancestorTitles":["normalizeEChartsSvg"],"fullName":"normalizeEChartsSvg keeps the s definition-reference pair linked","status":"passed","title":"keeps the s definition-reference pair linked","duration":0.151958000000036,"failureMessages":[],"meta":{}},{"ancestorTitles":["normalizeEChartsSvg"],"fullName":"normalizeEChartsSvg keeps the g definition-reference pair linked","status":"passed","title":"keeps the g definition-reference pair linked","duration":0.1369999999999436,"failureMessages":[],"meta":{}},{"ancestorTitles":["normalizeEChartsSvg"],"fullName":"normalizeEChartsSvg keeps the p definition-reference pair linked","status":"passed","title":"keeps the p definition-reference pair linked","duration":0.11795900000004167,"failureMessages":[],"meta":{}},{"ancestorTitles":["normalizeEChartsSvg"],"fullName":"normalizeEChartsSvg keeps the c definition-reference pair linked","status":"passed","title":"keeps the c definition-reference pair linked","duration":0.09391700000003311,"failureMessages":[],"meta":{}},{"ancestorTitles":["normalizeEChartsSvg"],"fullName":"normalizeEChartsSvg does not rewrite token lookalikes outside admitted structural contexts","status":"passed","title":"does not rewrite token lookalikes outside admitted structural contexts","duration":0.5233749999999873,"failureMessages":[],"meta":{}},{"ancestorTitles":["normalizeEChartsSvg"],"fullName":"normalizeEChartsSvg is idempotent and preserves an SVG with no structural tokens byte-for-byte","status":"passed","title":"is idempotent and preserves an SVG with no structural tokens byte-for-byte","duration":0.5796660000000884,"failureMessages":[],"meta":{}}],"startTime":1789568363118,"endTime":1789568363130.5796,"status":"passed","message":"","name":"/Users/systemsystems/.codex/worktrees/s203/OODS-Forge/packages/viz-render/test/echarts-svg-normalizer.spec.ts"},{"assertionResults":[{"ancestorTitles":["s180 ECharts worker realm restoration"],"fullName":"s180 ECharts worker realm restoration restores the exact RNG and clock references after an in-process force job","status":"passed","title":"restores the exact RNG and clock references after an in-process force job","duration":1441.0985,"failureMessages":[],"meta":{}}],"startTime":1789568363129,"endTime":1789568364570.0984,"status":"passed","message":"","name":"/Users/systemsystems/.codex/worktrees/s203/OODS-Forge/packages/viz-render/test/echarts-worker-realm-restoration.s180.spec.ts"},{"assertionResults":[{"ancestorTitles":["renderVegaLiteToSvg"],"fullName":"renderVegaLiteToSvg renders a Vega-Lite spec to an SVG string (headless, no DOM)","status":"passed","title":"renders a Vega-Lite spec to an SVG string (headless, no DOM)","duration":791.239083,"failureMessages":[],"meta":{}},{"ancestorTitles":["renderVegaLiteToSvg"],"fullName":"renderVegaLiteToSvg is byte-stable across repeated renders (determinism contract, seam d)","status":"passed","title":"is byte-stable across repeated renders (determinism contract, seam d)","duration":97.5434580000001,"failureMessages":[],"meta":{}},{"ancestorTitles":["renderVegaLiteToSvg"],"fullName":"renderVegaLiteToSvg stays byte-stable even when other renders bump the global id counter in between","status":"passed","title":"stays byte-stable even when other renders bump the global id counter in between","duration":239.3912919999998,"failureMessages":[],"meta":{}},{"ancestorTitles":["renderVegaLiteToSvg"],"fullName":"renderVegaLiteToSvg normalizes Vega auto-generated ids to stable oods-id-* tokens","status":"passed","title":"normalizes Vega auto-generated ids to stable oods-id-* tokens","duration":38.00958300000002,"failureMessages":[],"meta":{}},{"ancestorTitles":["renderVegaLiteToSvg"],"fullName":"renderVegaLiteToSvg preserves accessibility roles emitted by Vega in the SVG","status":"passed","title":"preserves accessibility roles emitted by Vega in the SVG","duration":23.072458000000097,"failureMessages":[],"meta":{}},{"ancestorTitles":["renderVegaLiteToSvg"],"fullName":"renderVegaLiteToSvg applies dark-scope chrome tokens without changing series colors or mutating the spec","status":"passed","title":"applies dark-scope chrome tokens without changing series colors or mutating the spec","duration":297.815959,"failureMessages":[],"meta":{}},{"ancestorTitles":["renderVegaLiteToSvg"],"fullName":"renderVegaLiteToSvg applies supplied typography sizes and rejects non-numeric size tokens","status":"passed","title":"applies supplied typography sizes and rejects non-numeric size tokens","duration":800.5357920000001,"failureMessages":[],"meta":{}},{"ancestorTitles":["renderVegaLiteToSvg"],"fullName":"renderVegaLiteToSvg matches the committed byte-stable SVG golden (fixed spec + dataset)","status":"passed","title":"matches the committed byte-stable SVG golden (fixed spec + dataset)","duration":42.36787499999991,"failureMessages":[],"meta":{}},{"ancestorTitles":["renderVegaLiteToSvg"],"fullName":"renderVegaLiteToSvg s149 F6a: width/height option resizes the SVG to the target box (autosize fit) without mutating the spec","status":"passed","title":"s149 F6a: width/height option resizes the SVG to the target box (autosize fit) without mutating the spec","duration":101.67516600000044,"failureMessages":[],"meta":{}},{"ancestorTitles":["renderVegaLiteToSvg"],"fullName":"renderVegaLiteToSvg s149 F6a: the width/height option is deterministic (byte-stable run-to-run)","status":"passed","title":"s149 F6a: the width/height option is deterministic (byte-stable run-to-run)","duration":105.03683300000012,"failureMessages":[],"meta":{}},{"ancestorTitles":["renderVegaLiteToSvg"],"fullName":"renderVegaLiteToSvg s149 F6a: a single dim override falls back to the spec value for the other axis","status":"passed","title":"s149 F6a: a single dim override falls back to the spec value for the other axis","duration":62.46354100000008,"failureMessages":[],"meta":{}},{"ancestorTitles":["renderVegaLiteToSvg"],"fullName":"renderVegaLiteToSvg rejects a spec that cannot be compiled","status":"passed","title":"rejects a spec that cannot be compiled","duration":3.8987499999998363,"failureMessages":[],"meta":{}}],"startTime":1789568363168,"endTime":1789568365772.8987,"status":"passed","message":"","name":"/Users/systemsystems/.codex/worktrees/s203/OODS-Forge/packages/viz-render/test/emitter.spec.ts"},{"assertionResults":[{"ancestorTitles":["native renderer paint boundaries (s199)"],"fullName":"native renderer paint boundaries (s199) restores only requested quantized symbol legends and retains unrelated gradients","status":"passed","title":"restores only requested quantized symbol legends and retains unrelated gradients","duration":4.19658400000003,"failureMessages":[],"meta":{}},{"ancestorTitles":["native renderer paint boundaries (s199)"],"fullName":"native renderer paint boundaries (s199) quantized colors render discrete symbols instead of the native fallback gradient border","status":"passed","title":"quantized colors render discrete symbols instead of the native fallback gradient border","duration":130.87687500000015,"failureMessages":[],"meta":{}},{"ancestorTitles":["native renderer paint boundaries (s199)"],"fullName":"native renderer paint boundaries (s199) native chord preserves the source ribbon fill and suppresses only its meaningless zero-width stroke","status":"passed","title":"native chord preserves the source ribbon fill and suppresses only its meaningless zero-width stroke","duration":1326.640416,"failureMessages":[],"meta":{}}],"startTime":1789568363845,"endTime":1789568365306.6404,"status":"passed","message":"","name":"/Users/systemsystems/.codex/worktrees/s203/OODS-Forge/packages/viz-render/test/hc-renderer-contract.s199.spec.ts"}],"coverageMap":{"/Users/systemsystems/.codex/worktrees/s203/OODS-Forge/packages/viz-render/src/echarts-renderer.ts":{"path":"/Users/systemsystems/.codex/worktrees/s203/OODS-Forge/packages/viz-render/src/echarts-renderer.ts","all":false,"statementMap":{"0":{"start":{"line":1,"column":0},"end":{"line":1,"column":41}},"1":{"start":{"line":2,"column":0},"end":{"line":2,"column":45}},"2":{"start":{"line":3,"column":0},"end":{"line":3,"column":8}},"24":{"start":{"line":25,"column":0},"end":{"line":25,"column":46}},"25":{"start":{"line":26,"column":0},"end":{"line":26,"column":15}},"26":{"start":{"line":27,"column":0},"end":{"line":27,"column":16}},"27":{"start":{"line":28,"column":0},"end":{"line":28,"column":19}},"28":{"start":{"line":29,"column":0},"end":{"line":29,"column":19}},"29":{"start":{"line":30,"column":0},"end":{"line":30,"column":19}},"30":{"start":{"line":31,"column":0},"end":{"line":31,"column":20}},"31":{"start":{"line":32,"column":0},"end":{"line":32,"column":18}},"32":{"start":{"line":33,"column":0},"end":{"line":33,"column":18}},"33":{"start":{"line":34,"column":0},"end":{"line":34,"column":26}},"34":{"start":{"line":35,"column":0},"end":{"line":35,"column":21}},"35":{"start":{"line":36,"column":0},"end":{"line":36,"column":25}},"36":{"start":{"line":37,"column":0},"end":{"line":37,"column":23}},"37":{"start":{"line":38,"column":0},"end":{"line":38,"column":27}},"38":{"start":{"line":39,"column":0},"end":{"line":39,"column":21}},"39":{"start":{"line":40,"column":0},"end":{"line":40,"column":2}},"41":{"start":{"line":42,"column":0},"end":{"line":42,"column":31}},"42":{"start":{"line":43,"column":0},"end":{"line":43,"column":50}},"43":{"start":{"line":44,"column":0},"end":{"line":44,"column":19}},"44":{"start":{"line":45,"column":0},"end":{"line":45,"column":24}},"45":{"start":{"line":46,"column":0},"end":{"line":46,"column":19}},"46":{"start":{"line":47,"column":0},"end":{"line":47,"column":25}},"47":{"start":{"line":48,"column":0},"end":{"line":48,"column":35}},"48":{"start":{"line":49,"column":0},"end":{"line":49,"column":51}},"49":{"start":{"line":50,"column":0},"end":{"line":50,"column":64}},"50":{"start":{"line":51,"column":0},"end":{"line":51,"column":68}},"59":{"start":{"line":60,"column":0},"end":{"line":60,"column":41}},"60":{"start":{"line":61,"column":0},"end":{"line":61,"column":53}},"61":{"start":{"line":62,"column":0},"end":{"line":62,"column":36}},"62":{"start":{"line":63,"column":0},"end":{"line":63,"column":20}},"63":{"start":{"line":64,"column":0},"end":{"line":64,"column":66}},"64":{"start":{"line":65,"column":0},"end":{"line":65,"column":65}},"65":{"start":{"line":66,"column":0},"end":{"line":66,"column":18}},"67":{"start":{"line":68,"column":0},"end":{"line":68,"column":47}},"68":{"start":{"line":69,"column":0},"end":{"line":69,"column":25}},"69":{"start":{"line":70,"column":0},"end":{"line":70,"column":9}},"70":{"start":{"line":71,"column":0},"end":{"line":71,"column":35}},"71":{"start":{"line":72,"column":0},"end":{"line":72,"column":23}},"72":{"start":{"line":73,"column":0},"end":{"line":73,"column":37}},"73":{"start":{"line":74,"column":0},"end":{"line":74,"column":50}},"74":{"start":{"line":75,"column":0},"end":{"line":75,"column":40}},"75":{"start":{"line":76,"column":0},"end":{"line":76,"column":44}},"76":{"start":{"line":77,"column":0},"end":{"line":77,"column":9}},"77":{"start":{"line":78,"column":0},"end":{"line":78,"column":15}},"78":{"start":{"line":79,"column":0},"end":{"line":79,"column":27}},"79":{"start":{"line":80,"column":0},"end":{"line":80,"column":22}},"80":{"start":{"line":81,"column":0},"end":{"line":81,"column":5}},"81":{"start":{"line":82,"column":0},"end":{"line":82,"column":5}},"82":{"start":{"line":83,"column":0},"end":{"line":83,"column":28}},"83":{"start":{"line":84,"column":0},"end":{"line":84,"column":20}},"84":{"start":{"line":85,"column":0},"end":{"line":85,"column":20}},"85":{"start":{"line":86,"column":0},"end":{"line":86,"column":4}},"86":{"start":{"line":87,"column":0},"end":{"line":87,"column":16}},"87":{"start":{"line":88,"column":0},"end":{"line":88,"column":1}},"94":{"start":{"line":95,"column":0},"end":{"line":95,"column":61}},"96":{"start":{"line":97,"column":0},"end":{"line":97,"column":3}},"97":{"start":{"line":98,"column":0},"end":{"line":98,"column":10}},"98":{"start":{"line":99,"column":0},"end":{"line":99,"column":21}},"99":{"start":{"line":100,"column":0},"end":{"line":100,"column":69}},"100":{"start":{"line":101,"column":0},"end":{"line":101,"column":75}},"101":{"start":{"line":102,"column":0},"end":{"line":102,"column":34}},"102":{"start":{"line":103,"column":0},"end":{"line":103,"column":47}},"103":{"start":{"line":104,"column":0},"end":{"line":104,"column":15}},"104":{"start":{"line":105,"column":0},"end":{"line":105,"column":15}},"105":{"start":{"line":106,"column":0},"end":{"line":106,"column":4}},"106":{"start":{"line":107,"column":0},"end":{"line":107,"column":1}},"113":{"start":{"line":114,"column":0},"end":{"line":114,"column":68}},"115":{"start":{"line":116,"column":0},"end":{"line":116,"column":52}},"116":{"start":{"line":117,"column":0},"end":{"line":117,"column":39}},"117":{"start":{"line":118,"column":0},"end":{"line":118,"column":19}},"118":{"start":{"line":119,"column":0},"end":{"line":119,"column":20}},"119":{"start":{"line":120,"column":0},"end":{"line":120,"column":35}},"120":{"start":{"line":121,"column":0},"end":{"line":121,"column":41}},"121":{"start":{"line":122,"column":0},"end":{"line":122,"column":7}},"122":{"start":{"line":123,"column":0},"end":{"line":123,"column":4}},"123":{"start":{"line":124,"column":0},"end":{"line":124,"column":28}},"124":{"start":{"line":125,"column":0},"end":{"line":125,"column":20}},"125":{"start":{"line":126,"column":0},"end":{"line":126,"column":20}},"126":{"start":{"line":127,"column":0},"end":{"line":127,"column":4}},"127":{"start":{"line":128,"column":0},"end":{"line":128,"column":16}},"128":{"start":{"line":129,"column":0},"end":{"line":129,"column":1}},"130":{"start":{"line":131,"column":0},"end":{"line":131,"column":24}},"131":{"start":{"line":132,"column":0},"end":{"line":132,"column":70}},"132":{"start":{"line":133,"column":0},"end":{"line":133,"column":20}},"133":{"start":{"line":134,"column":0},"end":{"line":134,"column":43}},"134":{"start":{"line":135,"column":0},"end":{"line":135,"column":21}},"136":{"start":{"line":137,"column":0},"end":{"line":137,"column":51}},"137":{"start":{"line":138,"column":0},"end":{"line":138,"column":44}},"138":{"start":{"line":139,"column":0},"end":{"line":139,"column":25}},"139":{"start":{"line":140,"column":0},"end":{"line":140,"column":29}},"140":{"start":{"line":141,"column":0},"end":{"line":141,"column":21}},"141":{"start":{"line":142,"column":0},"end":{"line":142,"column":8}},"142":{"start":{"line":143,"column":0},"end":{"line":143,"column":26}},"143":{"start":{"line":144,"column":0},"end":{"line":144,"column":29}},"144":{"start":{"line":145,"column":0},"end":{"line":145,"column":22}},"145":{"start":{"line":146,"column":0},"end":{"line":146,"column":8}},"146":{"start":{"line":147,"column":0},"end":{"line":147,"column":7}},"147":{"start":{"line":148,"column":0},"end":{"line":148,"column":9}},"148":{"start":{"line":149,"column":0},"end":{"line":149,"column":40}},"149":{"start":{"line":150,"column":0},"end":{"line":150,"column":21}},"150":{"start":{"line":151,"column":0},"end":{"line":151,"column":48}},"151":{"start":{"line":152,"column":0},"end":{"line":152,"column":27}},"152":{"start":{"line":153,"column":0},"end":{"line":153,"column":76}},"153":{"start":{"line":154,"column":0},"end":{"line":154,"column":5}},"154":{"start":{"line":155,"column":0},"end":{"line":155,"column":5}},"155":{"start":{"line":156,"column":0},"end":{"line":156,"column":1}},"157":{"start":{"line":158,"column":0},"end":{"line":158,"column":23}},"158":{"start":{"line":159,"column":0},"end":{"line":159,"column":69}},"159":{"start":{"line":160,"column":0},"end":{"line":160,"column":41}},"160":{"start":{"line":161,"column":0},"end":{"line":161,"column":43}},"161":{"start":{"line":162,"column":0},"end":{"line":162,"column":21}},"162":{"start":{"line":163,"column":0},"end":{"line":163,"column":72}},"163":{"start":{"line":164,"column":0},"end":{"line":164,"column":49}},"164":{"start":{"line":165,"column":0},"end":{"line":165,"column":28}},"165":{"start":{"line":166,"column":0},"end":{"line":166,"column":29}},"166":{"start":{"line":167,"column":0},"end":{"line":167,"column":24}},"167":{"start":{"line":168,"column":0},"end":{"line":168,"column":8}},"168":{"start":{"line":169,"column":0},"end":{"line":169,"column":26}},"169":{"start":{"line":170,"column":0},"end":{"line":170,"column":29}},"170":{"start":{"line":171,"column":0},"end":{"line":171,"column":22}},"171":{"start":{"line":172,"column":0},"end":{"line":172,"column":8}},"172":{"start":{"line":173,"column":0},"end":{"line":173,"column":7}},"173":{"start":{"line":174,"column":0},"end":{"line":174,"column":9}},"174":{"start":{"line":175,"column":0},"end":{"line":175,"column":40}},"175":{"start":{"line":176,"column":0},"end":{"line":176,"column":21}},"176":{"start":{"line":177,"column":0},"end":{"line":177,"column":53}},"177":{"start":{"line":178,"column":0},"end":{"line":178,"column":27}},"178":{"start":{"line":179,"column":0},"end":{"line":179,"column":13}},"179":{"start":{"line":180,"column":0},"end":{"line":180,"column":76}},"180":{"start":{"line":181,"column":0},"end":{"line":181,"column":8}},"181":{"start":{"line":182,"column":0},"end":{"line":182,"column":5}},"182":{"start":{"line":183,"column":0},"end":{"line":183,"column":5}},"183":{"start":{"line":184,"column":0},"end":{"line":184,"column":1}},"185":{"start":{"line":186,"column":0},"end":{"line":186,"column":38}},"186":{"start":{"line":187,"column":0},"end":{"line":187,"column":22}},"187":{"start":{"line":188,"column":0},"end":{"line":188,"column":24}},"188":{"start":{"line":189,"column":0},"end":{"line":189,"column":3}},"189":{"start":{"line":190,"column":0},"end":{"line":190,"column":15}},"190":{"start":{"line":191,"column":0},"end":{"line":191,"column":18}},"191":{"start":{"line":192,"column":0},"end":{"line":192,"column":3}},"193":{"start":{"line":194,"column":0},"end":{"line":194,"column":51}},"194":{"start":{"line":195,"column":0},"end":{"line":195,"column":55}},"195":{"start":{"line":196,"column":0},"end":{"line":196,"column":4}},"201":{"start":{"line":202,"column":0},"end":{"line":202,"column":29}},"202":{"start":{"line":203,"column":0},"end":{"line":203,"column":23}},"203":{"start":{"line":204,"column":0},"end":{"line":204,"column":55}},"204":{"start":{"line":205,"column":0},"end":{"line":205,"column":17}},"205":{"start":{"line":206,"column":0},"end":{"line":206,"column":9}},"206":{"start":{"line":207,"column":0},"end":{"line":207,"column":44}},"207":{"start":{"line":208,"column":0},"end":{"line":208,"column":53}},"208":{"start":{"line":209,"column":0},"end":{"line":209,"column":12}},"209":{"start":{"line":210,"column":0},"end":{"line":210,"column":10}},"210":{"start":{"line":211,"column":0},"end":{"line":211,"column":4}},"211":{"start":{"line":212,"column":0},"end":{"line":212,"column":19}},"212":{"start":{"line":213,"column":0},"end":{"line":213,"column":18}},"213":{"start":{"line":214,"column":0},"end":{"line":214,"column":18}},"214":{"start":{"line":215,"column":0},"end":{"line":215,"column":45}},"215":{"start":{"line":216,"column":0},"end":{"line":216,"column":34}},"216":{"start":{"line":217,"column":0},"end":{"line":217,"column":68}},"217":{"start":{"line":218,"column":0},"end":{"line":218,"column":5}},"218":{"start":{"line":219,"column":0},"end":{"line":219,"column":32}},"219":{"start":{"line":220,"column":0},"end":{"line":220,"column":8}},"220":{"start":{"line":221,"column":0},"end":{"line":221,"column":19}},"221":{"start":{"line":222,"column":0},"end":{"line":222,"column":33}},"222":{"start":{"line":223,"column":0},"end":{"line":223,"column":35}},"223":{"start":{"line":224,"column":0},"end":{"line":224,"column":7}},"224":{"start":{"line":225,"column":0},"end":{"line":225,"column":17}},"225":{"start":{"line":226,"column":0},"end":{"line":226,"column":86}},"226":{"start":{"line":227,"column":0},"end":{"line":227,"column":8}},"227":{"start":{"line":228,"column":0},"end":{"line":228,"column":5}},"228":{"start":{"line":229,"column":0},"end":{"line":229,"column":5}},"229":{"start":{"line":230,"column":0},"end":{"line":230,"column":17}},"230":{"start":{"line":231,"column":0},"end":{"line":231,"column":1}},"232":{"start":{"line":233,"column":0},"end":{"line":233,"column":69}},"233":{"start":{"line":234,"column":0},"end":{"line":234,"column":35}},"234":{"start":{"line":235,"column":0},"end":{"line":235,"column":41}},"235":{"start":{"line":236,"column":0},"end":{"line":236,"column":70}},"236":{"start":{"line":237,"column":0},"end":{"line":237,"column":30}},"237":{"start":{"line":238,"column":0},"end":{"line":238,"column":52}},"238":{"start":{"line":239,"column":0},"end":{"line":239,"column":79}},"239":{"start":{"line":240,"column":0},"end":{"line":240,"column":11}},"240":{"start":{"line":241,"column":0},"end":{"line":241,"column":3}},"241":{"start":{"line":242,"column":0},"end":{"line":242,"column":58}},"242":{"start":{"line":243,"column":0},"end":{"line":243,"column":17}},"243":{"start":{"line":244,"column":0},"end":{"line":244,"column":11}},"244":{"start":{"line":245,"column":0},"end":{"line":245,"column":3}},"245":{"start":{"line":246,"column":0},"end":{"line":246,"column":45}},"246":{"start":{"line":247,"column":0},"end":{"line":247,"column":42}},"247":{"start":{"line":248,"column":0},"end":{"line":248,"column":34}},"248":{"start":{"line":249,"column":0},"end":{"line":249,"column":10}},"249":{"start":{"line":250,"column":0},"end":{"line":250,"column":19}},"250":{"start":{"line":251,"column":0},"end":{"line":251,"column":74}},"251":{"start":{"line":252,"column":0},"end":{"line":252,"column":6}},"252":{"start":{"line":253,"column":0},"end":{"line":253,"column":3}},"253":{"start":{"line":254,"column":0},"end":{"line":254,"column":1}},"255":{"start":{"line":256,"column":0},"end":{"line":256,"column":61}},"256":{"start":{"line":257,"column":0},"end":{"line":257,"column":46}},"257":{"start":{"line":258,"column":0},"end":{"line":258,"column":24}},"258":{"start":{"line":259,"column":0},"end":{"line":259,"column":51}},"259":{"start":{"line":260,"column":0},"end":{"line":260,"column":26}},"260":{"start":{"line":261,"column":0},"end":{"line":261,"column":3}},"261":{"start":{"line":262,"column":0},"end":{"line":262,"column":26}},"262":{"start":{"line":263,"column":0},"end":{"line":263,"column":56}},"263":{"start":{"line":264,"column":0},"end":{"line":264,"column":26}},"264":{"start":{"line":265,"column":0},"end":{"line":265,"column":3}},"265":{"start":{"line":266,"column":0},"end":{"line":266,"column":31}},"266":{"start":{"line":267,"column":0},"end":{"line":267,"column":1}},"268":{"start":{"line":269,"column":0},"end":{"line":269,"column":78}},"269":{"start":{"line":270,"column":0},"end":{"line":270,"column":76}},"270":{"start":{"line":271,"column":0},"end":{"line":271,"column":1}},"272":{"start":{"line":273,"column":0},"end":{"line":273,"column":34}},"273":{"start":{"line":274,"column":0},"end":{"line":274,"column":20}},"274":{"start":{"line":275,"column":0},"end":{"line":275,"column":66}},"275":{"start":{"line":276,"column":0},"end":{"line":276,"column":46}},"276":{"start":{"line":277,"column":0},"end":{"line":277,"column":30}},"277":{"start":{"line":278,"column":0},"end":{"line":278,"column":31}},"278":{"start":{"line":279,"column":0},"end":{"line":279,"column":31}},"279":{"start":{"line":280,"column":0},"end":{"line":280,"column":77}},"280":{"start":{"line":281,"column":0},"end":{"line":281,"column":17}},"281":{"start":{"line":282,"column":0},"end":{"line":282,"column":14}},"282":{"start":{"line":283,"column":0},"end":{"line":283,"column":52}},"283":{"start":{"line":284,"column":0},"end":{"line":284,"column":47}},"284":{"start":{"line":285,"column":0},"end":{"line":285,"column":14}},"285":{"start":{"line":286,"column":0},"end":{"line":286,"column":4}},"286":{"start":{"line":287,"column":0},"end":{"line":287,"column":1}},"288":{"start":{"line":289,"column":0},"end":{"line":289,"column":80}},"291":{"start":{"line":292,"column":0},"end":{"line":292,"column":3}},"292":{"start":{"line":293,"column":0},"end":{"line":293,"column":48}},"293":{"start":{"line":294,"column":0},"end":{"line":294,"column":6}},"294":{"start":{"line":295,"column":0},"end":{"line":295,"column":38}},"295":{"start":{"line":296,"column":0},"end":{"line":296,"column":28}},"296":{"start":{"line":297,"column":0},"end":{"line":297,"column":39}},"297":{"start":{"line":298,"column":0},"end":{"line":298,"column":31}},"298":{"start":{"line":299,"column":0},"end":{"line":299,"column":5}},"299":{"start":{"line":300,"column":0},"end":{"line":300,"column":39}},"300":{"start":{"line":301,"column":0},"end":{"line":301,"column":3}},"302":{"start":{"line":303,"column":0},"end":{"line":303,"column":26}},"303":{"start":{"line":304,"column":0},"end":{"line":304,"column":73}},"304":{"start":{"line":305,"column":0},"end":{"line":305,"column":78}},"305":{"start":{"line":306,"column":0},"end":{"line":306,"column":29}},"306":{"start":{"line":307,"column":0},"end":{"line":307,"column":59}},"307":{"start":{"line":308,"column":0},"end":{"line":308,"column":73}},"308":{"start":{"line":309,"column":0},"end":{"line":309,"column":39}},"309":{"start":{"line":310,"column":0},"end":{"line":310,"column":3}},"311":{"start":{"line":312,"column":0},"end":{"line":312,"column":40}},"312":{"start":{"line":313,"column":0},"end":{"line":313,"column":43}},"313":{"start":{"line":314,"column":0},"end":{"line":314,"column":40}},"314":{"start":{"line":315,"column":0},"end":{"line":315,"column":46}},"315":{"start":{"line":316,"column":0},"end":{"line":316,"column":10}},"316":{"start":{"line":317,"column":0},"end":{"line":317,"column":11}},"317":{"start":{"line":318,"column":0},"end":{"line":318,"column":16}},"318":{"start":{"line":319,"column":0},"end":{"line":319,"column":26}},"319":{"start":{"line":320,"column":0},"end":{"line":320,"column":62}},"320":{"start":{"line":321,"column":0},"end":{"line":321,"column":14}},"321":{"start":{"line":322,"column":0},"end":{"line":322,"column":75}},"322":{"start":{"line":323,"column":0},"end":{"line":323,"column":77}},"323":{"start":{"line":324,"column":0},"end":{"line":324,"column":6}},"324":{"start":{"line":325,"column":0},"end":{"line":325,"column":4}},"325":{"start":{"line":326,"column":0},"end":{"line":326,"column":1}}},"s":{"0":1,"1":1,"2":1,"24":1,"25":1,"26":1,"27":1,"28":1,"29":1,"30":1,"31":1,"32":1,"33":1,"34":1,"35":1,"36":1,"37":1,"38":1,"39":1,"41":1,"42":1,"43":1,"44":1,"45":1,"46":1,"47":1,"48":1,"49":1,"50":1,"59":1062,"60":1062,"61":1062,"62":1062,"63":1062,"64":1062,"65":1062,"67":1062,"68":1049,"69":1049,"70":1049,"71":1049,"72":1049,"73":1049,"74":1049,"75":1049,"76":1049,"77":1049,"78":1049,"79":1049,"80":1049,"81":1062,"82":1062,"83":1062,"84":1062,"85":1062,"86":1062,"87":1062,"94":16,"96":16,"97":16,"98":16,"99":16,"100":16,"101":16,"102":16,"103":16,"104":16,"105":16,"106":16,"113":2,"115":2,"116":2,"117":2,"118":2,"119":2,"120":2,"121":2,"122":2,"123":2,"124":2,"125":2,"126":2,"127":2,"128":2,"130":1049,"131":1049,"132":1049,"133":1049,"134":1049,"136":1049,"137":1049,"138":1049,"139":1046,"140":1046,"141":1046,"142":1049,"143":3,"144":3,"145":3,"146":1049,"147":1049,"148":1049,"149":1049,"150":0,"151":0,"152":0,"153":0,"154":1049,"155":1049,"157":2,"158":2,"159":2,"160":2,"161":2,"162":2,"163":2,"164":2,"165":2,"166":2,"167":2,"168":2,"169":0,"170":0,"171":0,"172":2,"173":2,"174":2,"175":2,"176":0,"177":0,"178":0,"179":0,"180":0,"181":0,"182":2,"183":2,"185":1051,"186":1051,"187":0,"188":0,"189":1051,"190":1048,"191":1048,"193":3,"194":3,"195":3,"201":3,"202":3,"203":3,"204":3,"205":0,"206":0,"207":0,"208":0,"209":0,"210":1051,"211":1051,"212":1051,"213":1051,"214":1051,"215":1051,"216":0,"217":1051,"218":1051,"219":0,"220":0,"221":0,"222":0,"223":0,"224":0,"225":0,"226":0,"227":0,"228":1051,"229":1051,"230":1051,"232":1051,"233":1051,"234":1051,"235":2,"236":2,"237":2,"238":2,"239":2,"240":2,"241":1049,"242":1051,"243":0,"244":0,"245":1049,"246":1051,"247":1046,"248":1051,"249":3,"250":3,"251":3,"252":3,"253":1051,"255":0,"256":0,"257":0,"258":0,"259":0,"260":0,"261":0,"262":0,"263":0,"264":0,"265":0,"266":0,"268":0,"269":0,"270":0,"272":3,"273":3,"274":3,"275":3,"276":3,"277":0,"278":3,"279":3,"280":3,"281":3,"282":3,"283":0,"284":3,"285":3,"286":3,"288":1062,"291":1062,"292":1062,"293":1062,"294":1062,"295":1062,"296":1061,"297":1061,"298":1062,"299":1,"300":1,"302":1061,"303":1061,"304":1061,"305":1061,"306":1061,"307":1062,"308":1058,"309":1058,"311":3,"312":3,"313":3,"314":3,"315":3,"316":3,"317":3,"318":3,"319":2,"320":1,"321":1062,"322":1062,"323":1062,"324":1062,"325":1062},"branchMap":{"0":{"type":"branch","line":60,"loc":{"start":{"line":60,"column":0},"end":{"line":88,"column":1}},"locations":[{"start":{"line":60,"column":0},"end":{"line":88,"column":1}}]},"1":{"type":"branch","line":68,"loc":{"start":{"line":68,"column":34},"end":{"line":82,"column":3}},"locations":[{"start":{"line":68,"column":34},"end":{"line":82,"column":3}}]},"2":{"type":"branch","line":76,"loc":{"start":{"line":76,"column":12},"end":{"line":76,"column":40}},"locations":[{"start":{"line":76,"column":12},"end":{"line":76,"column":40}}]},"3":{"type":"branch","line":76,"loc":{"start":{"line":76,"column":36},"end":{"line":76,"column":44}},"locations":[{"start":{"line":76,"column":36},"end":{"line":76,"column":44}}]},"4":{"type":"branch","line":84,"loc":{"start":{"line":84,"column":4},"end":{"line":84,"column":20}},"locations":[{"start":{"line":84,"column":4},"end":{"line":84,"column":20}}]},"5":{"type":"branch","line":85,"loc":{"start":{"line":85,"column":4},"end":{"line":85,"column":20}},"locations":[{"start":{"line":85,"column":4},"end":{"line":85,"column":20}}]},"6":{"type":"branch","line":95,"loc":{"start":{"line":95,"column":0},"end":{"line":107,"column":1}},"locations":[{"start":{"line":95,"column":0},"end":{"line":107,"column":1}}]},"7":{"type":"branch","line":114,"loc":{"start":{"line":114,"column":0},"end":{"line":129,"column":1}},"locations":[{"start":{"line":114,"column":0},"end":{"line":129,"column":1}}]},"8":{"type":"branch","line":117,"loc":{"start":{"line":117,"column":34},"end":{"line":122,"column":7}},"locations":[{"start":{"line":117,"column":34},"end":{"line":122,"column":7}}]},"9":{"type":"branch","line":125,"loc":{"start":{"line":125,"column":4},"end":{"line":125,"column":20}},"locations":[{"start":{"line":125,"column":4},"end":{"line":125,"column":20}}]},"10":{"type":"branch","line":131,"loc":{"start":{"line":131,"column":0},"end":{"line":156,"column":1}},"locations":[{"start":{"line":131,"column":0},"end":{"line":156,"column":1}}]},"11":{"type":"branch","line":137,"loc":{"start":{"line":137,"column":29},"end":{"line":155,"column":3}},"locations":[{"start":{"line":137,"column":29},"end":{"line":155,"column":3}}]},"12":{"type":"branch","line":150,"loc":{"start":{"line":150,"column":4},"end":{"line":154,"column":5}},"locations":[{"start":{"line":150,"column":4},"end":{"line":154,"column":5}}]},"13":{"type":"branch","line":139,"loc":{"start":{"line":139,"column":15},"end":{"line":142,"column":8}},"locations":[{"start":{"line":139,"column":15},"end":{"line":142,"column":8}}]},"14":{"type":"branch","line":143,"loc":{"start":{"line":143,"column":14},"end":{"line":146,"column":8}},"locations":[{"start":{"line":143,"column":14},"end":{"line":146,"column":8}}]},"15":{"type":"branch","line":158,"loc":{"start":{"line":158,"column":0},"end":{"line":184,"column":1}},"locations":[{"start":{"line":158,"column":0},"end":{"line":184,"column":1}}]},"16":{"type":"branch","line":163,"loc":{"start":{"line":163,"column":50},"end":{"line":183,"column":3}},"locations":[{"start":{"line":163,"column":50},"end":{"line":183,"column":3}}]},"17":{"type":"branch","line":176,"loc":{"start":{"line":176,"column":4},"end":{"line":182,"column":5}},"locations":[{"start":{"line":176,"column":4},"end":{"line":182,"column":5}}]},"18":{"type":"branch","line":165,"loc":{"start":{"line":165,"column":15},"end":{"line":168,"column":8}},"locations":[{"start":{"line":165,"column":15},"end":{"line":168,"column":8}}]},"19":{"type":"branch","line":186,"loc":{"start":{"line":186,"column":0},"end":{"line":231,"column":1}},"locations":[{"start":{"line":186,"column":0},"end":{"line":231,"column":1}}]},"20":{"type":"branch","line":187,"loc":{"start":{"line":187,"column":21},"end":{"line":189,"column":3}},"locations":[{"start":{"line":187,"column":21},"end":{"line":189,"column":3}}]},"21":{"type":"branch","line":190,"loc":{"start":{"line":190,"column":14},"end":{"line":205,"column":17}},"locations":[{"start":{"line":190,"column":14},"end":{"line":205,"column":17}}]},"22":{"type":"branch","line":190,"loc":{"start":{"line":190,"column":14},"end":{"line":192,"column":3}},"locations":[{"start":{"line":190,"column":14},"end":{"line":192,"column":3}}]},"23":{"type":"branch","line":192,"loc":{"start":{"line":192,"column":2},"end":{"line":205,"column":17}},"locations":[{"start":{"line":192,"column":2},"end":{"line":205,"column":17}}]},"24":{"type":"branch","line":205,"loc":{"start":{"line":205,"column":8},"end":{"line":210,"column":10}},"locations":[{"start":{"line":205,"column":8},"end":{"line":210,"column":10}}]},"25":{"type":"branch","line":195,"loc":{"start":{"line":195,"column":4},"end":{"line":195,"column":55}},"locations":[{"start":{"line":195,"column":4},"end":{"line":195,"column":55}}]},"26":{"type":"branch","line":233,"loc":{"start":{"line":233,"column":0},"end":{"line":254,"column":1}},"locations":[{"start":{"line":233,"column":0},"end":{"line":254,"column":1}}]},"27":{"type":"branch","line":235,"loc":{"start":{"line":235,"column":40},"end":{"line":241,"column":3}},"locations":[{"start":{"line":235,"column":40},"end":{"line":241,"column":3}}]},"28":{"type":"branch","line":237,"loc":{"start":{"line":237,"column":23},"end":{"line":237,"column":30}},"locations":[{"start":{"line":237,"column":23},"end":{"line":237,"column":30}}]},"29":{"type":"branch","line":241,"loc":{"start":{"line":241,"column":2},"end":{"line":243,"column":16}},"locations":[{"start":{"line":241,"column":2},"end":{"line":243,"column":16}}]},"30":{"type":"branch","line":243,"loc":{"start":{"line":243,"column":16},"end":{"line":245,"column":3}},"locations":[{"start":{"line":243,"column":16},"end":{"line":245,"column":3}}]},"31":{"type":"branch","line":245,"loc":{"start":{"line":245,"column":2},"end":{"line":247,"column":41}},"locations":[{"start":{"line":245,"column":2},"end":{"line":247,"column":41}}]},"32":{"type":"branch","line":247,"loc":{"start":{"line":247,"column":41},"end":{"line":249,"column":9}},"locations":[{"start":{"line":247,"column":41},"end":{"line":249,"column":9}}]},"33":{"type":"branch","line":249,"loc":{"start":{"line":249,"column":2},"end":{"line":253,"column":3}},"locations":[{"start":{"line":249,"column":2},"end":{"line":253,"column":3}}]},"34":{"type":"branch","line":273,"loc":{"start":{"line":273,"column":0},"end":{"line":287,"column":1}},"locations":[{"start":{"line":273,"column":0},"end":{"line":287,"column":1}}]},"35":{"type":"branch","line":276,"loc":{"start":{"line":276,"column":20},"end":{"line":276,"column":41}},"locations":[{"start":{"line":276,"column":20},"end":{"line":276,"column":41}}]},"36":{"type":"branch","line":277,"loc":{"start":{"line":277,"column":20},"end":{"line":278,"column":31}},"locations":[{"start":{"line":277,"column":20},"end":{"line":278,"column":31}}]},"37":{"type":"branch","line":283,"loc":{"start":{"line":283,"column":50},"end":{"line":284,"column":47}},"locations":[{"start":{"line":283,"column":50},"end":{"line":284,"column":47}}]},"38":{"type":"branch","line":289,"loc":{"start":{"line":289,"column":0},"end":{"line":326,"column":1}},"locations":[{"start":{"line":289,"column":0},"end":{"line":326,"column":1}}]},"39":{"type":"branch","line":296,"loc":{"start":{"line":296,"column":21},"end":{"line":297,"column":39}},"locations":[{"start":{"line":296,"column":21},"end":{"line":297,"column":39}}]},"40":{"type":"branch","line":297,"loc":{"start":{"line":297,"column":28},"end":{"line":298,"column":31}},"locations":[{"start":{"line":297,"column":28},"end":{"line":298,"column":31}}]},"41":{"type":"branch","line":299,"loc":{"start":{"line":299,"column":4},"end":{"line":301,"column":3}},"locations":[{"start":{"line":299,"column":4},"end":{"line":301,"column":3}}]},"42":{"type":"branch","line":301,"loc":{"start":{"line":301,"column":2},"end":{"line":308,"column":27}},"locations":[{"start":{"line":301,"column":2},"end":{"line":308,"column":27}}]},"43":{"type":"branch","line":308,"loc":{"start":{"line":308,"column":7},"end":{"line":308,"column":50}},"locations":[{"start":{"line":308,"column":7},"end":{"line":308,"column":50}}]},"44":{"type":"branch","line":308,"loc":{"start":{"line":308,"column":28},"end":{"line":308,"column":72}},"locations":[{"start":{"line":308,"column":28},"end":{"line":308,"column":72}}]},"45":{"type":"branch","line":308,"loc":{"start":{"line":308,"column":72},"end":{"line":310,"column":3}},"locations":[{"start":{"line":308,"column":72},"end":{"line":310,"column":3}}]},"46":{"type":"branch","line":310,"loc":{"start":{"line":310,"column":2},"end":{"line":320,"column":62}},"locations":[{"start":{"line":310,"column":2},"end":{"line":320,"column":62}}]},"47":{"type":"branch","line":310,"loc":{"start":{"line":310,"column":2},"end":{"line":319,"column":26}},"locations":[{"start":{"line":310,"column":2},"end":{"line":319,"column":26}}]},"48":{"type":"branch","line":319,"loc":{"start":{"line":319,"column":10},"end":{"line":320,"column":62}},"locations":[{"start":{"line":319,"column":10},"end":{"line":320,"column":62}}]},"49":{"type":"branch","line":320,"loc":{"start":{"line":320,"column":61},"end":{"line":321,"column":14}},"locations":[{"start":{"line":320,"column":61},"end":{"line":321,"column":14}}]},"50":{"type":"branch","line":322,"loc":{"start":{"line":322,"column":10},"end":{"line":322,"column":71}},"locations":[{"start":{"line":322,"column":10},"end":{"line":322,"column":71}}]},"51":{"type":"branch","line":322,"loc":{"start":{"line":322,"column":67},"end":{"line":322,"column":75}},"locations":[{"start":{"line":322,"column":67},"end":{"line":322,"column":75}}]},"52":{"type":"branch","line":323,"loc":{"start":{"line":323,"column":10},"end":{"line":323,"column":73}},"locations":[{"start":{"line":323,"column":10},"end":{"line":323,"column":73}}]},"53":{"type":"branch","line":323,"loc":{"start":{"line":323,"column":69},"end":{"line":323,"column":77}},"locations":[{"start":{"line":323,"column":69},"end":{"line":323,"column":77}}]}},"b":{"0":[1062],"1":[1049],"2":[3],"3":[1046],"4":[1046],"5":[3],"6":[16],"7":[2],"8":[2],"9":[2],"10":[1049],"11":[1049],"12":[0],"13":[1046],"14":[3],"15":[2],"16":[2],"17":[0],"18":[2],"19":[1051],"20":[0],"21":[1050],"22":[1048],"23":[3],"24":[0],"25":[12],"26":[1051],"27":[2],"28":[0],"29":[1049],"30":[0],"31":[1049],"32":[1046],"33":[3],"34":[3],"35":[0],"36":[0],"37":[0],"38":[1062],"39":[1061],"40":[1061],"41":[1],"42":[1061],"43":[1059],"44":[1058],"45":[1058],"46":[1044],"47":[3],"48":[2],"49":[1],"50":[1],"51":[2],"52":[0],"53":[3]},"fnMap":{"0":{"name":"renderEChartsToSvg","decl":{"start":{"line":60,"column":0},"end":{"line":88,"column":1}},"loc":{"start":{"line":60,"column":0},"end":{"line":88,"column":1}},"line":60},"1":{"name":"getEChartsRenderWorkerState","decl":{"start":{"line":95,"column":0},"end":{"line":107,"column":1}},"loc":{"start":{"line":95,"column":0},"end":{"line":107,"column":1}},"line":95},"2":{"name":"sampleEChartsRenderWorkerResources","decl":{"start":{"line":114,"column":0},"end":{"line":129,"column":1}},"loc":{"start":{"line":114,"column":0},"end":{"line":129,"column":1}},"line":114},"3":{"name":"dispatchRender","decl":{"start":{"line":131,"column":0},"end":{"line":156,"column":1}},"loc":{"start":{"line":131,"column":0},"end":{"line":156,"column":1}},"line":131},"4":{"name":"resolve","decl":{"start":{"line":139,"column":15},"end":{"line":142,"column":8}},"loc":{"start":{"line":139,"column":15},"end":{"line":142,"column":8}},"line":139},"5":{"name":"reject","decl":{"start":{"line":143,"column":14},"end":{"line":146,"column":8}},"loc":{"start":{"line":143,"column":14},"end":{"line":146,"column":8}},"line":143},"6":{"name":"dispatchState","decl":{"start":{"line":158,"column":0},"end":{"line":184,"column":1}},"loc":{"start":{"line":158,"column":0},"end":{"line":184,"column":1}},"line":158},"7":{"name":"resolve","decl":{"start":{"line":165,"column":15},"end":{"line":168,"column":8}},"loc":{"start":{"line":165,"column":15},"end":{"line":168,"column":8}},"line":165},"8":{"name":"reject","decl":{"start":{"line":169,"column":14},"end":{"line":172,"column":8}},"loc":{"start":{"line":169,"column":14},"end":{"line":172,"column":8}},"line":169},"9":{"name":"getOrCreateWorker","decl":{"start":{"line":186,"column":0},"end":{"line":231,"column":1}},"loc":{"start":{"line":186,"column":0},"end":{"line":231,"column":1}},"line":186},"10":{"name":"handleWorkerMessage","decl":{"start":{"line":233,"column":0},"end":{"line":254,"column":1}},"loc":{"start":{"line":233,"column":0},"end":{"line":254,"column":1}},"line":233},"11":{"name":"failWorker","decl":{"start":{"line":256,"column":0},"end":{"line":267,"column":1}},"loc":{"start":{"line":256,"column":0},"end":{"line":267,"column":1}},"line":256},"12":{"name":"asWorkerFault","decl":{"start":{"line":269,"column":0},"end":{"line":271,"column":1}},"loc":{"start":{"line":269,"column":0},"end":{"line":271,"column":1}},"line":269},"13":{"name":"resolveWorkerUrl","decl":{"start":{"line":273,"column":0},"end":{"line":287,"column":1}},"loc":{"start":{"line":273,"column":0},"end":{"line":287,"column":1}},"line":273},"14":{"name":"extractTestHooks","decl":{"start":{"line":289,"column":0},"end":{"line":326,"column":1}},"loc":{"start":{"line":289,"column":0},"end":{"line":326,"column":1}},"line":289}},"f":{"0":1062,"1":16,"2":2,"3":1049,"4":1046,"5":3,"6":2,"7":2,"8":0,"9":1051,"10":1051,"11":0,"12":0,"13":3,"14":1062}},"/Users/systemsystems/.codex/worktrees/s203/OODS-Forge/packages/viz-render/src/echarts-svg-normalizer.ts":{"path":"/Users/systemsystems/.codex/worktrees/s203/OODS-Forge/packages/viz-render/src/echarts-svg-normalizer.ts","all":false,"statementMap":{"0":{"start":{"line":1,"column":0},"end":{"line":1,"column":73}},"2":{"start":{"line":3,"column":0},"end":{"line":3,"column":79}},"3":{"start":{"line":4,"column":0},"end":{"line":4,"column":72}},"4":{"start":{"line":5,"column":0},"end":{"line":5,"column":49}},"18":{"start":{"line":19,"column":0},"end":{"line":19,"column":48}},"19":{"start":{"line":20,"column":0},"end":{"line":20,"column":14}},"20":{"start":{"line":21,"column":0},"end":{"line":21,"column":22}},"21":{"start":{"line":22,"column":0},"end":{"line":22,"column":57}},"22":{"start":{"line":23,"column":0},"end":{"line":23,"column":10}},"23":{"start":{"line":24,"column":0},"end":{"line":24,"column":34}},"24":{"start":{"line":25,"column":0},"end":{"line":25,"column":44}},"25":{"start":{"line":26,"column":0},"end":{"line":26,"column":31}},"26":{"start":{"line":27,"column":0},"end":{"line":27,"column":13}},"27":{"start":{"line":28,"column":0},"end":{"line":28,"column":4}},"28":{"start":{"line":29,"column":0},"end":{"line":29,"column":1}},"38":{"start":{"line":39,"column":0},"end":{"line":39,"column":58}},"39":{"start":{"line":40,"column":0},"end":{"line":40,"column":57}},"40":{"start":{"line":41,"column":0},"end":{"line":41,"column":50}},"41":{"start":{"line":42,"column":0},"end":{"line":42,"column":42}},"42":{"start":{"line":43,"column":0},"end":{"line":43,"column":34}},"43":{"start":{"line":44,"column":0},"end":{"line":44,"column":4}},"45":{"start":{"line":46,"column":0},"end":{"line":46,"column":33}},"46":{"start":{"line":47,"column":0},"end":{"line":47,"column":15}},"47":{"start":{"line":48,"column":0},"end":{"line":48,"column":3}},"49":{"start":{"line":50,"column":0},"end":{"line":50,"column":17}},"50":{"start":{"line":51,"column":0},"end":{"line":51,"column":22}},"51":{"start":{"line":52,"column":0},"end":{"line":52,"column":41}},"52":{"start":{"line":53,"column":0},"end":{"line":53,"column":54}},"53":{"start":{"line":54,"column":0},"end":{"line":54,"column":73}},"54":{"start":{"line":55,"column":0},"end":{"line":55,"column":28}},"55":{"start":{"line":56,"column":0},"end":{"line":56,"column":3}},"56":{"start":{"line":57,"column":0},"end":{"line":57,"column":40}},"57":{"start":{"line":58,"column":0},"end":{"line":58,"column":1}},"59":{"start":{"line":60,"column":0},"end":{"line":60,"column":39}},"60":{"start":{"line":61,"column":0},"end":{"line":61,"column":14}},"61":{"start":{"line":62,"column":0},"end":{"line":62,"column":31}},"62":{"start":{"line":63,"column":0},"end":{"line":63,"column":44}},"63":{"start":{"line":64,"column":0},"end":{"line":64,"column":64}},"65":{"start":{"line":66,"column":0},"end":{"line":66,"column":45}},"66":{"start":{"line":67,"column":0},"end":{"line":67,"column":30}},"67":{"start":{"line":68,"column":0},"end":{"line":68,"column":43}},"68":{"start":{"line":69,"column":0},"end":{"line":69,"column":38}},"69":{"start":{"line":70,"column":0},"end":{"line":70,"column":63}},"70":{"start":{"line":71,"column":0},"end":{"line":71,"column":52}},"71":{"start":{"line":72,"column":0},"end":{"line":72,"column":66}},"72":{"start":{"line":73,"column":0},"end":{"line":73,"column":5}},"73":{"start":{"line":74,"column":0},"end":{"line":74,"column":3}},"75":{"start":{"line":76,"column":0},"end":{"line":76,"column":47}},"76":{"start":{"line":77,"column":0},"end":{"line":77,"column":1}},"78":{"start":{"line":79,"column":0},"end":{"line":79,"column":31}},"79":{"start":{"line":80,"column":0},"end":{"line":80,"column":14}},"80":{"start":{"line":81,"column":0},"end":{"line":81,"column":19}},"81":{"start":{"line":82,"column":0},"end":{"line":82,"column":33}},"82":{"start":{"line":83,"column":0},"end":{"line":83,"column":9}},"83":{"start":{"line":84,"column":0},"end":{"line":84,"column":65}},"85":{"start":{"line":86,"column":0},"end":{"line":86,"column":48}},"86":{"start":{"line":87,"column":0},"end":{"line":87,"column":40}},"87":{"start":{"line":88,"column":0},"end":{"line":88,"column":45}},"88":{"start":{"line":89,"column":0},"end":{"line":89,"column":53}},"89":{"start":{"line":90,"column":0},"end":{"line":90,"column":22}},"90":{"start":{"line":91,"column":0},"end":{"line":91,"column":66}},"92":{"start":{"line":93,"column":0},"end":{"line":93,"column":24}},"93":{"start":{"line":94,"column":0},"end":{"line":94,"column":52}},"94":{"start":{"line":95,"column":0},"end":{"line":95,"column":34}},"95":{"start":{"line":96,"column":0},"end":{"line":96,"column":67}},"96":{"start":{"line":97,"column":0},"end":{"line":97,"column":44}},"97":{"start":{"line":98,"column":0},"end":{"line":98,"column":55}},"98":{"start":{"line":99,"column":0},"end":{"line":99,"column":67}},"99":{"start":{"line":100,"column":0},"end":{"line":100,"column":61}},"100":{"start":{"line":101,"column":0},"end":{"line":101,"column":34}},"101":{"start":{"line":102,"column":0},"end":{"line":102,"column":62}},"102":{"start":{"line":103,"column":0},"end":{"line":103,"column":5}},"103":{"start":{"line":104,"column":0},"end":{"line":104,"column":3}},"104":{"start":{"line":105,"column":0},"end":{"line":105,"column":1}},"106":{"start":{"line":107,"column":0},"end":{"line":107,"column":28}},"107":{"start":{"line":108,"column":0},"end":{"line":108,"column":23}},"108":{"start":{"line":109,"column":0},"end":{"line":109,"column":23}},"109":{"start":{"line":110,"column":0},"end":{"line":110,"column":33}},"110":{"start":{"line":111,"column":0},"end":{"line":111,"column":9}},"111":{"start":{"line":112,"column":0},"end":{"line":112,"column":44}},"112":{"start":{"line":113,"column":0},"end":{"line":113,"column":71}},"113":{"start":{"line":114,"column":0},"end":{"line":114,"column":44}},"114":{"start":{"line":115,"column":0},"end":{"line":115,"column":11}},"115":{"start":{"line":116,"column":0},"end":{"line":116,"column":3}},"117":{"start":{"line":118,"column":0},"end":{"line":118,"column":58}},"118":{"start":{"line":119,"column":0},"end":{"line":119,"column":46}},"119":{"start":{"line":120,"column":0},"end":{"line":120,"column":52}},"122":{"start":{"line":123,"column":0},"end":{"line":123,"column":44}},"123":{"start":{"line":124,"column":0},"end":{"line":124,"column":61}},"124":{"start":{"line":125,"column":0},"end":{"line":125,"column":29}},"125":{"start":{"line":126,"column":0},"end":{"line":126,"column":55}},"126":{"start":{"line":127,"column":0},"end":{"line":127,"column":37}},"127":{"start":{"line":128,"column":0},"end":{"line":128,"column":66}},"128":{"start":{"line":129,"column":0},"end":{"line":129,"column":10}},"129":{"start":{"line":130,"column":0},"end":{"line":130,"column":6}},"130":{"start":{"line":131,"column":0},"end":{"line":131,"column":63}},"131":{"start":{"line":132,"column":0},"end":{"line":132,"column":34}},"132":{"start":{"line":133,"column":0},"end":{"line":133,"column":27}},"133":{"start":{"line":134,"column":0},"end":{"line":134,"column":70}},"134":{"start":{"line":135,"column":0},"end":{"line":135,"column":70}},"135":{"start":{"line":136,"column":0},"end":{"line":136,"column":5}},"136":{"start":{"line":137,"column":0},"end":{"line":137,"column":3}},"139":{"start":{"line":140,"column":0},"end":{"line":140,"column":31}},"140":{"start":{"line":141,"column":0},"end":{"line":141,"column":82}},"141":{"start":{"line":142,"column":0},"end":{"line":142,"column":9}},"142":{"start":{"line":143,"column":0},"end":{"line":143,"column":4}},"143":{"start":{"line":144,"column":0},"end":{"line":144,"column":55}},"144":{"start":{"line":145,"column":0},"end":{"line":145,"column":27}},"145":{"start":{"line":146,"column":0},"end":{"line":146,"column":75}},"146":{"start":{"line":147,"column":0},"end":{"line":147,"column":64}},"147":{"start":{"line":148,"column":0},"end":{"line":148,"column":3}},"149":{"start":{"line":150,"column":0},"end":{"line":150,"column":61}},"150":{"start":{"line":151,"column":0},"end":{"line":151,"column":1}},"152":{"start":{"line":153,"column":0},"end":{"line":153,"column":33}},"153":{"start":{"line":154,"column":0},"end":{"line":154,"column":14}},"154":{"start":{"line":155,"column":0},"end":{"line":155,"column":19}},"155":{"start":{"line":156,"column":0},"end":{"line":156,"column":33}},"156":{"start":{"line":157,"column":0},"end":{"line":157,"column":9}},"157":{"start":{"line":158,"column":0},"end":{"line":158,"column":21}},"158":{"start":{"line":159,"column":0},"end":{"line":159,"column":112}},"160":{"start":{"line":161,"column":0},"end":{"line":161,"column":50}},"161":{"start":{"line":162,"column":0},"end":{"line":162,"column":78}},"162":{"start":{"line":163,"column":0},"end":{"line":163,"column":27}},"163":{"start":{"line":164,"column":0},"end":{"line":164,"column":22}},"164":{"start":{"line":165,"column":0},"end":{"line":165,"column":66}},"165":{"start":{"line":166,"column":0},"end":{"line":166,"column":41}},"166":{"start":{"line":167,"column":0},"end":{"line":167,"column":55}},"167":{"start":{"line":168,"column":0},"end":{"line":168,"column":12}},"168":{"start":{"line":169,"column":0},"end":{"line":169,"column":61}},"169":{"start":{"line":170,"column":0},"end":{"line":170,"column":5}},"170":{"start":{"line":171,"column":0},"end":{"line":171,"column":3}},"171":{"start":{"line":172,"column":0},"end":{"line":172,"column":1}},"173":{"start":{"line":174,"column":0},"end":{"line":174,"column":23}},"174":{"start":{"line":175,"column":0},"end":{"line":175,"column":16}},"175":{"start":{"line":176,"column":0},"end":{"line":176,"column":21}},"176":{"start":{"line":177,"column":0},"end":{"line":177,"column":33}},"177":{"start":{"line":178,"column":0},"end":{"line":178,"column":9}},"178":{"start":{"line":179,"column":0},"end":{"line":179,"column":42}},"179":{"start":{"line":180,"column":0},"end":{"line":180,"column":50}},"180":{"start":{"line":181,"column":0},"end":{"line":181,"column":3}},"181":{"start":{"line":182,"column":0},"end":{"line":182,"column":1}},"183":{"start":{"line":184,"column":0},"end":{"line":184,"column":38}},"184":{"start":{"line":185,"column":0},"end":{"line":185,"column":16}},"185":{"start":{"line":186,"column":0},"end":{"line":186,"column":21}},"186":{"start":{"line":187,"column":0},"end":{"line":187,"column":33}},"187":{"start":{"line":188,"column":0},"end":{"line":188,"column":9}},"188":{"start":{"line":189,"column":0},"end":{"line":189,"column":47}},"189":{"start":{"line":190,"column":0},"end":{"line":190,"column":47}},"190":{"start":{"line":191,"column":0},"end":{"line":191,"column":76}},"191":{"start":{"line":192,"column":0},"end":{"line":192,"column":5}},"192":{"start":{"line":193,"column":0},"end":{"line":193,"column":3}},"193":{"start":{"line":194,"column":0},"end":{"line":194,"column":1}},"195":{"start":{"line":196,"column":0},"end":{"line":196,"column":26}},"196":{"start":{"line":197,"column":0},"end":{"line":197,"column":16}},"197":{"start":{"line":198,"column":0},"end":{"line":198,"column":21}},"198":{"start":{"line":199,"column":0},"end":{"line":199,"column":33}},"199":{"start":{"line":200,"column":0},"end":{"line":200,"column":9}},"200":{"start":{"line":201,"column":0},"end":{"line":201,"column":31}},"201":{"start":{"line":202,"column":0},"end":{"line":202,"column":83}},"202":{"start":{"line":203,"column":0},"end":{"line":203,"column":8}},"203":{"start":{"line":204,"column":0},"end":{"line":204,"column":4}},"204":{"start":{"line":205,"column":0},"end":{"line":205,"column":50}},"205":{"start":{"line":206,"column":0},"end":{"line":206,"column":27}},"206":{"start":{"line":207,"column":0},"end":{"line":207,"column":71}},"207":{"start":{"line":208,"column":0},"end":{"line":208,"column":66}},"208":{"start":{"line":209,"column":0},"end":{"line":209,"column":3}},"209":{"start":{"line":210,"column":0},"end":{"line":210,"column":1}},"211":{"start":{"line":212,"column":0},"end":{"line":212,"column":32}},"212":{"start":{"line":213,"column":0},"end":{"line":213,"column":16}},"213":{"start":{"line":214,"column":0},"end":{"line":214,"column":21}},"214":{"start":{"line":215,"column":0},"end":{"line":215,"column":33}},"215":{"start":{"line":216,"column":0},"end":{"line":216,"column":9}},"216":{"start":{"line":217,"column":0},"end":{"line":217,"column":31}},"217":{"start":{"line":218,"column":0},"end":{"line":218,"column":77}},"218":{"start":{"line":219,"column":0},"end":{"line":219,"column":8}},"219":{"start":{"line":220,"column":0},"end":{"line":220,"column":4}},"220":{"start":{"line":221,"column":0},"end":{"line":221,"column":50}},"221":{"start":{"line":222,"column":0},"end":{"line":222,"column":74}},"222":{"start":{"line":223,"column":0},"end":{"line":223,"column":3}},"223":{"start":{"line":224,"column":0},"end":{"line":224,"column":1}},"225":{"start":{"line":226,"column":0},"end":{"line":226,"column":23}},"226":{"start":{"line":227,"column":0},"end":{"line":227,"column":16}},"227":{"start":{"line":228,"column":0},"end":{"line":228,"column":16}},"228":{"start":{"line":229,"column":0},"end":{"line":229,"column":33}},"229":{"start":{"line":230,"column":0},"end":{"line":230,"column":9}},"230":{"start":{"line":231,"column":0},"end":{"line":231,"column":64}},"231":{"start":{"line":232,"column":0},"end":{"line":232,"column":1}},"233":{"start":{"line":234,"column":0},"end":{"line":234,"column":34}},"234":{"start":{"line":235,"column":0},"end":{"line":235,"column":42}},"235":{"start":{"line":236,"column":0},"end":{"line":236,"column":31}},"236":{"start":{"line":237,"column":0},"end":{"line":237,"column":53}},"237":{"start":{"line":238,"column":0},"end":{"line":238,"column":41}},"238":{"start":{"line":239,"column":0},"end":{"line":239,"column":46}},"239":{"start":{"line":240,"column":0},"end":{"line":240,"column":3}},"240":{"start":{"line":241,"column":0},"end":{"line":241,"column":79}},"241":{"start":{"line":242,"column":0},"end":{"line":242,"column":1}},"243":{"start":{"line":244,"column":0},"end":{"line":244,"column":57}},"244":{"start":{"line":245,"column":0},"end":{"line":245,"column":31}},"245":{"start":{"line":246,"column":0},"end":{"line":246,"column":16}},"247":{"start":{"line":248,"column":0},"end":{"line":248,"column":30}},"248":{"start":{"line":249,"column":0},"end":{"line":249,"column":38}},"249":{"start":{"line":250,"column":0},"end":{"line":250,"column":47}},"250":{"start":{"line":251,"column":0},"end":{"line":251,"column":51}},"251":{"start":{"line":252,"column":0},"end":{"line":252,"column":61}},"252":{"start":{"line":253,"column":0},"end":{"line":253,"column":29}},"253":{"start":{"line":254,"column":0},"end":{"line":254,"column":7}},"254":{"start":{"line":255,"column":0},"end":{"line":255,"column":20}},"255":{"start":{"line":256,"column":0},"end":{"line":256,"column":15}},"256":{"start":{"line":257,"column":0},"end":{"line":257,"column":5}},"258":{"start":{"line":259,"column":0},"end":{"line":259,"column":29}},"259":{"start":{"line":260,"column":0},"end":{"line":260,"column":41}},"260":{"start":{"line":261,"column":0},"end":{"line":261,"column":29}},"261":{"start":{"line":262,"column":0},"end":{"line":262,"column":35}},"262":{"start":{"line":263,"column":0},"end":{"line":263,"column":35}},"263":{"start":{"line":264,"column":0},"end":{"line":264,"column":22}},"264":{"start":{"line":265,"column":0},"end":{"line":265,"column":43}},"265":{"start":{"line":266,"column":0},"end":{"line":266,"column":22}},"266":{"start":{"line":267,"column":0},"end":{"line":267,"column":16}},"267":{"start":{"line":268,"column":0},"end":{"line":268,"column":16}},"268":{"start":{"line":269,"column":0},"end":{"line":269,"column":22}},"269":{"start":{"line":270,"column":0},"end":{"line":270,"column":9}},"270":{"start":{"line":271,"column":0},"end":{"line":271,"column":7}},"273":{"start":{"line":274,"column":0},"end":{"line":274,"column":51}},"274":{"start":{"line":275,"column":0},"end":{"line":275,"column":23}},"275":{"start":{"line":276,"column":0},"end":{"line":276,"column":17}},"276":{"start":{"line":277,"column":0},"end":{"line":277,"column":7}},"277":{"start":{"line":278,"column":0},"end":{"line":278,"column":77}},"278":{"start":{"line":279,"column":0},"end":{"line":279,"column":34}},"279":{"start":{"line":280,"column":0},"end":{"line":280,"column":7}},"280":{"start":{"line":281,"column":0},"end":{"line":281,"column":21}},"281":{"start":{"line":282,"column":0},"end":{"line":282,"column":15}},"282":{"start":{"line":283,"column":0},"end":{"line":283,"column":5}},"284":{"start":{"line":285,"column":0},"end":{"line":285,"column":15}},"285":{"start":{"line":286,"column":0},"end":{"line":286,"column":3}},"287":{"start":{"line":288,"column":0},"end":{"line":288,"column":25}},"288":{"start":{"line":289,"column":0},"end":{"line":289,"column":1}},"290":{"start":{"line":291,"column":0},"end":{"line":291,"column":54}},"291":{"start":{"line":292,"column":0},"end":{"line":292,"column":10}},"292":{"start":{"line":293,"column":0},"end":{"line":293,"column":22}},"293":{"start":{"line":294,"column":0},"end":{"line":294,"column":24}},"294":{"start":{"line":295,"column":0},"end":{"line":295,"column":24}},"295":{"start":{"line":296,"column":0},"end":{"line":296,"column":24}},"297":{"start":{"line":298,"column":0},"end":{"line":298,"column":1}}},"s":{"0":1,"2":1,"3":1,"4":1,"18":1,"19":1,"20":1,"21":1,"22":1,"23":1,"24":1,"25":1,"26":1,"27":1,"28":1,"38":1,"39":13,"40":13,"41":13,"42":13,"43":13,"45":13,"46":2,"47":2,"49":11,"50":11,"51":13,"52":73,"53":73,"54":73,"55":73,"56":11,"57":11,"59":14,"60":14,"61":14,"62":14,"63":14,"65":14,"66":159,"67":159,"68":159,"69":8,"70":159,"71":96,"72":96,"73":159,"75":14,"76":14,"78":96,"79":96,"80":96,"81":96,"82":96,"83":96,"85":96,"86":147,"87":147,"88":147,"89":147,"90":147,"92":147,"93":35,"94":146,"95":14,"96":112,"97":30,"98":98,"99":0,"100":68,"101":5,"102":5,"103":147,"104":96,"106":8,"107":8,"108":8,"109":8,"110":8,"111":8,"112":8,"113":8,"114":0,"115":0,"117":8,"118":8,"119":8,"122":8,"123":8,"124":30,"125":30,"126":30,"127":30,"128":30,"129":30,"130":30,"131":11,"132":11,"133":11,"134":11,"135":11,"136":30,"139":8,"140":8,"141":8,"142":8,"143":8,"144":5,"145":5,"146":5,"147":5,"149":8,"150":8,"152":13,"153":13,"154":13,"155":13,"156":13,"157":13,"158":13,"160":13,"161":32,"162":32,"163":32,"164":32,"165":32,"166":21,"167":32,"168":11,"169":11,"170":32,"171":13,"173":35,"174":35,"175":35,"176":35,"177":35,"178":35,"179":21,"180":21,"181":35,"183":14,"184":14,"185":14,"186":14,"187":14,"188":14,"189":19,"190":8,"191":8,"192":19,"193":14,"195":51,"196":51,"197":51,"198":51,"199":51,"200":51,"201":51,"202":51,"203":51,"204":51,"205":37,"206":37,"207":37,"208":37,"209":51,"211":11,"212":11,"213":11,"214":11,"215":11,"216":11,"217":11,"218":11,"219":11,"220":11,"221":9,"222":9,"223":11,"225":91,"226":91,"227":91,"228":91,"229":91,"230":91,"231":91,"233":14,"234":14,"235":14,"236":14,"237":14,"238":91,"239":91,"240":14,"241":14,"243":8,"244":8,"245":8,"247":8,"248":1698,"249":5,"250":5,"251":5,"252":190,"253":190,"254":5,"255":5,"256":5,"258":1693,"259":1698,"260":10,"261":10,"262":87,"263":0,"264":87,"265":10,"266":10,"267":87,"268":77,"269":77,"270":87,"273":10,"274":5,"275":5,"276":5,"277":10,"278":45,"279":45,"280":5,"281":5,"282":5,"284":1683,"285":1683,"287":8,"288":8,"290":130,"291":130,"292":130,"293":109,"294":97,"295":86,"297":130},"branchMap":{"0":{"type":"branch","line":19,"loc":{"start":{"line":19,"column":7},"end":{"line":29,"column":1}},"locations":[{"start":{"line":19,"column":7},"end":{"line":29,"column":1}}]},"1":{"type":"branch","line":25,"loc":{"start":{"line":25,"column":22},"end":{"line":25,"column":42}},"locations":[{"start":{"line":25,"column":22},"end":{"line":25,"column":42}}]},"2":{"type":"branch","line":26,"loc":{"start":{"line":26,"column":6},"end":{"line":26,"column":31}},"locations":[{"start":{"line":26,"column":6},"end":{"line":26,"column":31}}]},"3":{"type":"branch","line":39,"loc":{"start":{"line":39,"column":7},"end":{"line":58,"column":1}},"locations":[{"start":{"line":39,"column":7},"end":{"line":58,"column":1}}]},"4":{"type":"branch","line":46,"loc":{"start":{"line":46,"column":32},"end":{"line":48,"column":3}},"locations":[{"start":{"line":46,"column":32},"end":{"line":48,"column":3}}]},"5":{"type":"branch","line":48,"loc":{"start":{"line":48,"column":2},"end":{"line":52,"column":40}},"locations":[{"start":{"line":48,"column":2},"end":{"line":52,"column":40}}]},"6":{"type":"branch","line":52,"loc":{"start":{"line":52,"column":40},"end":{"line":56,"column":3}},"locations":[{"start":{"line":52,"column":40},"end":{"line":56,"column":3}}]},"7":{"type":"branch","line":54,"loc":{"start":{"line":54,"column":51},"end":{"line":54,"column":73}},"locations":[{"start":{"line":54,"column":51},"end":{"line":54,"column":73}}]},"8":{"type":"branch","line":56
[...]
line":134,"column":3}},"locations":[{"start":{"line":93,"column":14},"end":{"line":134,"column":3}}]},"10":{"type":"branch","line":99,"loc":{"start":{"line":99,"column":61},"end":{"line":99,"column":72}},"locations":[{"start":{"line":99,"column":61},"end":{"line":99,"column":72}}]},"11":{"type":"branch","line":108,"loc":{"start":{"line":108,"column":30},"end":{"line":108,"column":57}},"locations":[{"start":{"line":108,"column":30},"end":{"line":108,"column":57}}]},"12":{"type":"branch","line":109,"loc":{"start":{"line":109,"column":28},"end":{"line":109,"column":47}},"locations":[{"start":{"line":109,"column":28},"end":{"line":109,"column":47}}]},"13":{"type":"branch","line":112,"loc":{"start":{"line":112,"column":22},"end":{"line":112,"column":55}},"locations":[{"start":{"line":112,"column":22},"end":{"line":112,"column":55}}]},"14":{"type":"branch","line":112,"loc":{"start":{"line":112,"column":51},"end":{"line":112,"column":59}},"locations":[{"start":{"line":112,"column":51},"end":{"line":112,"column":59}}]},"15":{"type":"branch","line":113,"loc":{"start":{"line":113,"column":19},"end":{"line":113,"column":42}},"locations":[{"start":{"line":113,"column":19},"end":{"line":113,"column":42}}]},"16":{"type":"branch","line":113,"loc":{"start":{"line":113,"column":38},"end":{"line":113,"column":46}},"locations":[{"start":{"line":113,"column":38},"end":{"line":113,"column":46}}]},"17":{"type":"branch","line":114,"loc":{"start":{"line":114,"column":57},"end":{"line":114,"column":65}},"locations":[{"start":{"line":114,"column":57},"end":{"line":114,"column":65}}]},"18":{"type":"branch","line":115,"loc":{"start":{"line":115,"column":21},"end":{"line":115,"column":122}},"locations":[{"start":{"line":115,"column":21},"end":{"line":115,"column":122}}]},"19":{"type":"branch","line":115,"loc":{"start":{"line":115,"column":118},"end":{"line":115,"column":126}},"locations":[{"start":{"line":115,"column":118},"end":{"line":115,"column":126}}]},"20":{"type":"branch","line":118,"loc":{"start":{"line":118,"column":22},"end":{"line":118,"column":60}},"locations":[{"start":{"line":118,"column":22},"end":{"line":118,"column":60}}]},"21":{"type":"branch","line":118,"loc":{"start":{"line":118,"column":56},"end":{"line":118,"column":64}},"locations":[{"start":{"line":118,"column":56},"end":{"line":118,"column":64}}]},"22":{"type":"branch","line":119,"loc":{"start":{"line":119,"column":22},"end":{"line":119,"column":60}},"locations":[{"start":{"line":119,"column":22},"end":{"line":119,"column":60}}]},"23":{"type":"branch","line":119,"loc":{"start":{"line":119,"column":56},"end":{"line":119,"column":64}},"locations":[{"start":{"line":119,"column":56},"end":{"line":119,"column":64}}]},"24":{"type":"branch","line":120,"loc":{"start":{"line":120,"column":19},"end":{"line":120,"column":70}},"locations":[{"start":{"line":120,"column":19},"end":{"line":120,"column":70}}]},"25":{"type":"branch","line":120,"loc":{"start":{"line":120,"column":66},"end":{"line":120,"column":74}},"locations":[{"start":{"line":120,"column":66},"end":{"line":120,"column":74}}]},"26":{"type":"branch","line":121,"loc":{"start":{"line":121,"column":24},"end":{"line":121,"column":76}},"locations":[{"start":{"line":121,"column":24},"end":{"line":121,"column":76}}]},"27":{"type":"branch","line":121,"loc":{"start":{"line":121,"column":72},"end":{"line":121,"column":80}},"locations":[{"start":{"line":121,"column":72},"end":{"line":121,"column":80}}]},"28":{"type":"branch","line":125,"loc":{"start":{"line":125,"column":19},"end":{"line":125,"column":53}},"locations":[{"start":{"line":125,"column":19},"end":{"line":125,"column":53}}]},"29":{"type":"branch","line":125,"loc":{"start":{"line":125,"column":49},"end":{"line":125,"column":57}},"locations":[{"start":{"line":125,"column":49},"end":{"line":125,"column":57}}]},"30":{"type":"branch","line":126,"loc":{"start":{"line":126,"column":21},"end":{"line":126,"column":78}},"locations":[{"start":{"line":126,"column":21},"end":{"line":126,"column":78}}]},"31":{"type":"branch","line":126,"loc":{"start":{"line":126,"column":74},"end":{"line":126,"column":82}},"locations":[{"start":{"line":126,"column":74},"end":{"line":126,"column":82}}]},"32":{"type":"branch","line":131,"loc":{"start":{"line":131,"column":22},"end":{"line":131,"column":55}},"locations":[{"start":{"line":131,"column":22},"end":{"line":131,"column":55}}]},"33":{"type":"branch","line":131,"loc":{"start":{"line":131,"column":51},"end":{"line":131,"column":59}},"locations":[{"start":{"line":131,"column":51},"end":{"line":131,"column":59}}]},"34":{"type":"branch","line":132,"loc":{"start":{"line":132,"column":19},"end":{"line":132,"column":42}},"locations":[{"start":{"line":132,"column":19},"end":{"line":132,"column":42}}]},"35":{"type":"branch","line":132,"loc":{"start":{"line":132,"column":38},"end":{"line":132,"column":46}},"locations":[{"start":{"line":132,"column":38},"end":{"line":132,"column":46}}]},"36":{"type":"branch","line":134,"loc":{"start":{"line":134,"column":2},"end":{"line":138,"column":17}},"locations":[{"start":{"line":134,"column":2},"end":{"line":138,"column":17}}]},"37":{"type":"branch","line":138,"loc":{"start":{"line":138,"column":8},"end":{"line":138,"column":50}},"locations":[{"start":{"line":138,"column":8},"end":{"line":138,"column":50}}]},"38":{"type":"branch","line":138,"loc":{"start":{"line":138,"column":50},"end":{"line":138,"column":116}},"locations":[{"start":{"line":138,"column":50},"end":{"line":138,"column":116}}]},"39":{"type":"branch","line":138,"loc":{"start":{"line":138,"column":112},"end":{"line":138,"column":120}},"locations":[{"start":{"line":138,"column":112},"end":{"line":138,"column":120}}]},"40":{"type":"branch","line":139,"loc":{"start":{"line":139,"column":18},"end":{"line":139,"column":42}},"locations":[{"start":{"line":139,"column":18},"end":{"line":139,"column":42}}]},"41":{"type":"branch","line":139,"loc":{"start":{"line":139,"column":38},"end":{"line":139,"column":46}},"locations":[{"start":{"line":139,"column":38},"end":{"line":139,"column":46}}]},"42":{"type":"branch","line":140,"loc":{"start":{"line":140,"column":19},"end":{"line":140,"column":44}},"locations":[{"start":{"line":140,"column":19},"end":{"line":140,"column":44}}]},"43":{"type":"branch","line":140,"loc":{"start":{"line":140,"column":40},"end":{"line":140,"column":48}},"locations":[{"start":{"line":140,"column":40},"end":{"line":140,"column":48}}]},"44":{"type":"branch","line":141,"loc":{"start":{"line":141,"column":18},"end":{"line":141,"column":54}},"locations":[{"start":{"line":141,"column":18},"end":{"line":141,"column":54}}]},"45":{"type":"branch","line":141,"loc":{"start":{"line":141,"column":42},"end":{"line":141,"column":76}},"locations":[{"start":{"line":141,"column":42},"end":{"line":141,"column":76}}]},"46":{"type":"branch","line":141,"loc":{"start":{"line":141,"column":72},"end":{"line":141,"column":80}},"locations":[{"start":{"line":141,"column":72},"end":{"line":141,"column":80}}]},"47":{"type":"branch","line":103,"loc":{"start":{"line":103,"column":20},"end":{"line":107,"column":6}},"locations":[{"start":{"line":103,"column":20},"end":{"line":107,"column":6}}]},"48":{"type":"branch","line":105,"loc":{"start":{"line":105,"column":33},"end":{"line":105,"column":51}},"locations":[{"start":{"line":105,"column":33},"end":{"line":105,"column":51}}]},"49":{"type":"branch","line":105,"loc":{"start":{"line":105,"column":51},"end":{"line":105,"column":109}},"locations":[{"start":{"line":105,"column":51},"end":{"line":105,"column":109}}]},"50":{"type":"branch","line":105,"loc":{"start":{"line":105,"column":107},"end":{"line":106,"column":20}},"locations":[{"start":{"line":105,"column":107},"end":{"line":106,"column":20}}]},"51":{"type":"branch","line":156,"loc":{"start":{"line":156,"column":0},"end":{"line":171,"column":1}},"locations":[{"start":{"line":156,"column":0},"end":{"line":171,"column":1}}]},"52":{"type":"branch","line":160,"loc":{"start":{"line":160,"column":56},"end":{"line":160,"column":75}},"locations":[{"start":{"line":160,"column":56},"end":{"line":160,"column":75}}]},"53":{"type":"branch","line":161,"loc":{"start":{"line":161,"column":4},"end":{"line":161,"column":34}},"locations":[{"start":{"line":161,"column":4},"end":{"line":161,"column":34}}]},"54":{"type":"branch","line":165,"loc":{"start":{"line":165,"column":23},"end":{"line":169,"column":3}},"locations":[{"start":{"line":165,"column":23},"end":{"line":169,"column":3}}]},"55":{"type":"branch","line":175,"loc":{"start":{"line":175,"column":7},"end":{"line":199,"column":1}},"locations":[{"start":{"line":175,"column":7},"end":{"line":199,"column":1}}]},"56":{"type":"branch","line":187,"loc":{"start":{"line":187,"column":23},"end":{"line":187,"column":30}},"locations":[{"start":{"line":187,"column":23},"end":{"line":187,"column":30}}]},"57":{"type":"branch","line":187,"loc":{"start":{"line":187,"column":23},"end":{"line":199,"column":1}},"locations":[{"start":{"line":187,"column":23},"end":{"line":199,"column":1}}]},"58":{"type":"branch","line":177,"loc":{"start":{"line":177,"column":16},"end":{"line":181,"column":4}},"locations":[{"start":{"line":177,"column":16},"end":{"line":181,"column":4}}]},"59":{"type":"branch","line":178,"loc":{"start":{"line":178,"column":9},"end":{"line":178,"column":45}},"locations":[{"start":{"line":178,"column":9},"end":{"line":178,"column":45}}]},"60":{"type":"branch","line":178,"loc":{"start":{"line":178,"column":45},"end":{"line":178,"column":52}},"locations":[{"start":{"line":178,"column":45},"end":{"line":178,"column":52}}]},"61":{"type":"branch","line":178,"loc":{"start":{"line":178,"column":45},"end":{"line":179,"column":38}},"locations":[{"start":{"line":178,"column":45},"end":{"line":179,"column":38}}]},"62":{"type":"branch","line":179,"loc":{"start":{"line":179,"column":31},"end":{"line":179,"column":68}},"locations":[{"start":{"line":179,"column":31},"end":{"line":179,"column":68}}]},"63":{"type":"branch","line":179,"loc":{"start":{"line":179,"column":66},"end":{"line":180,"column":52}},"locations":[{"start":{"line":179,"column":66},"end":{"line":180,"column":52}}]},"64":{"type":"branch","line":180,"loc":{"start":{"line":180,"column":46},"end":{"line":180,"column":67}},"locations":[{"start":{"line":180,"column":46},"end":{"line":180,"column":67}}]},"65":{"type":"branch","line":180,"loc":{"start":{"line":180,"column":65},"end":{"line":180,"column":67}},"locations":[{"start":{"line":180,"column":65},"end":{"line":180,"column":67}}]},"66":{"type":"branch","line":182,"loc":{"start":{"line":182,"column":16},"end":{"line":186,"column":3}},"locations":[{"start":{"line":182,"column":16},"end":{"line":186,"column":3}}]},"67":{"type":"branch","line":183,"loc":{"start":{"line":183,"column":46},"end":{"line":183,"column":60}},"locations":[{"start":{"line":183,"column":46},"end":{"line":183,"column":60}}]},"68":{"type":"branch","line":183,"loc":{"start":{"line":183,"column":72},"end":{"line":185,"column":5}},"locations":[{"start":{"line":183,"column":72},"end":{"line":185,"column":5}}]},"69":{"type":"branch","line":184,"loc":{"start":{"line":184,"column":19},"end":{"line":184,"column":35}},"locations":[{"start":{"line":184,"column":19},"end":{"line":184,"column":35}}]},"70":{"type":"branch","line":184,"loc":{"start":{"line":184,"column":35},"end":{"line":184,"column":87}},"locations":[{"start":{"line":184,"column":35},"end":{"line":184,"column":87}}]},"71":{"type":"branch","line":184,"loc":{"start":{"line":184,"column":75},"end":{"line":184,"column":122}},"locations":[{"start":{"line":184,"column":75},"end":{"line":184,"column":122}}]},"72":{"type":"branch","line":184,"loc":{"start":{"line":184,"column":122},"end":{"line":184,"column":151}},"locations":[{"start":{"line":184,"column":122},"end":{"line":184,"column":151}}]},"73":{"type":"branch","line":189,"loc":{"start":{"line":189,"column":18},"end":{"line":193,"column":3}},"locations":[{"start":{"line":189,"column":18},"end":{"line":193,"column":3}}]},"74":{"type":"branch","line":190,"loc":{"start":{"line":190,"column":30},"end":{"line":190,"column":44}},"locations":[{"start":{"line":190,"column":30},"end":{"line":190,"column":44}}]},"75":{"type":"branch","line":190,"loc":{"start":{"line":190,"column":44},"end":{"line":192,"column":5}},"locations":[{"start":{"line":190,"column":44},"end":{"line":192,"column":5}}]},"76":{"type":"branch","line":191,"loc":{"start":{"line":191,"column":25},"end":{"line":191,"column":75}},"locations":[{"start":{"line":191,"column":25},"end":{"line":191,"column":75}}]},"77":{"type":"branch","line":191,"loc":{"start":{"line":191,"column":75},"end":{"line":191,"column":98}},"locations":[{"start":{"line":191,"column":75},"end":{"line":191,"column":98}}]},"78":{"type":"branch","line":194,"loc":{"start":{"line":194,"column":18},"end":{"line":198,"column":3}},"locations":[{"start":{"line":194,"column":18},"end":{"line":198,"column":3}}]},"79":{"type":"branch","line":195,"loc":{"start":{"line":195,"column":31},"end":{"line":195,"column":46}},"locations":[{"start":{"line":195,"column":31},"end":{"line":195,"column":46}}]},"80":{"type":"branch","line":195,"loc":{"start":{"line":195,"column":46},"end":{"line":197,"column":5}},"locations":[{"start":{"line":195,"column":46},"end":{"line":197,"column":5}}]},"81":{"type":"branch","line":196,"loc":{"start":{"line":196,"column":32},"end":{"line":196,"column":64}},"locations":[{"start":{"line":196,"column":32},"end":{"line":196,"column":64}}]},"82":{"type":"branch","line":196,"loc":{"start":{"line":196,"column":64},"end":{"line":196,"column":87}},"locations":[{"start":{"line":196,"column":64},"end":{"line":196,"column":87}}]}},"b":{"0":[23],"1":[21],"2":[23],"3":[23],"4":[17],"5":[13],"6":[12],"7":[11],"8":[22],"9":[6],"10":[5],"11":[5],"12":[5],"13":[5],"14":[1],"15":[5],"16":[1],"17":[0],"18":[5],"19":[0],"20":[5],"21":[0],"22":[5],"23":[0],"24":[5],"25":[0],"26":[1],"27":[4],"28":[5],"29":[0],"30":[5],"31":[0],"32":[5],"33":[0],"34":[5],"35":[0],"36":[10],"37":[5],"38":[5],"39":[5],"40":[4],"41":[6],"42":[4],"43":[6],"44":[6],"45":[5],"46":[5],"47":[12],"48":[11],"49":[1],"50":[11],"51":[21],"52":[2],"53":[1],"54":[1],"55":[23],"56":[21],"57":[2],"58":[1059],"59":[918],"60":[711],"61":[348],"62":[302],"63":[348],"64":[1032],"65":[348],"66":[228],"67":[206],"68":[43],"69":[2],"70":[2],"71":[2],"72":[2],"73":[37],"74":[35],"75":[4],"76":[3],"77":[2],"78":[37],"79":[35],"80":[3],"81":[1],"82":[2]},"fnMap":{"0":{"name":"renderVegaLiteToSvg","decl":{"start":{"line":52,"column":0},"end":{"line":74,"column":1}},"loc":{"start":{"line":52,"column":0},"end":{"line":74,"column":1}},"line":52},"1":{"name":"pinDeterministicTextMetrics","decl":{"start":{"line":81,"column":0},"end":{"line":83,"column":1}},"loc":{"start":{"line":81,"column":0},"end":{"line":83,"column":1}},"line":81},"2":{"name":"prepareSpecForBrand","decl":{"start":{"line":86,"column":0},"end":{"line":143,"column":1}},"loc":{"start":{"line":86,"column":0},"end":{"line":143,"column":1}},"line":86},"3":{"name":"numeric","decl":{"start":{"line":103,"column":20},"end":{"line":107,"column":6}},"loc":{"start":{"line":103,"column":20},"end":{"line":107,"column":6}},"line":103},"4":{"name":"normalizeAutoIds","decl":{"start":{"line":156,"column":0},"end":{"line":171,"column":1}},"loc":{"start":{"line":156,"column":0},"end":{"line":171,"column":1}},"line":156},"5":{"name":"preserveQuantizedSymbolLegends","decl":{"start":{"line":175,"column":7},"end":{"line":199,"column":1}},"loc":{"start":{"line":175,"column":7},"end":{"line":199,"column":1}},"line":175},"6":{"name":"visit","decl":{"start":{"line":177,"column":16},"end":{"line":181,"column":4}},"loc":{"start":{"line":177,"column":16},"end":{"line":181,"column":4}},"line":177}},"f":{"0":23,"1":23,"2":23,"3":12,"4":21,"5":23,"6":1059}},"/Users/systemsystems/.codex/worktrees/s203/OODS-Forge/packages/viz-render/src/first-appearance-remap.ts":{"path":"/Users/systemsystems/.codex/worktrees/s203/OODS-Forge/packages/viz-render/src/first-appearance-remap.ts","all":false,"statementMap":{"7":{"start":{"line":8,"column":0},"end":{"line":8,"column":43}},"8":{"start":{"line":9,"column":0},"end":{"line":9,"column":32}},"9":{"start":{"line":10,"column":0},"end":{"line":10,"column":59}},"10":{"start":{"line":11,"column":0},"end":{"line":11,"column":32}},"11":{"start":{"line":12,"column":0},"end":{"line":12,"column":49}},"13":{"start":{"line":14,"column":0},"end":{"line":14,"column":36}},"14":{"start":{"line":15,"column":0},"end":{"line":15,"column":35}},"15":{"start":{"line":16,"column":0},"end":{"line":16,"column":72}},"16":{"start":{"line":17,"column":0},"end":{"line":17,"column":5}},"17":{"start":{"line":18,"column":0},"end":{"line":18,"column":3}},"19":{"start":{"line":20,"column":0},"end":{"line":20,"column":22}},"20":{"start":{"line":21,"column":0},"end":{"line":21,"column":1}}},"s":{"7":1,"8":36,"9":36,"10":36,"11":36,"13":36,"14":97,"15":37,"16":37,"17":97,"19":36,"20":36},"branchMap":{"0":{"type":"branch","line":8,"loc":{"start":{"line":8,"column":7},"end":{"line":21,"column":1}},"locations":[{"start":{"line":8,"column":7},"end":{"line":21,"column":1}}]},"1":{"type":"branch","line":14,"loc":{"start":{"line":14,"column":35},"end":{"line":18,"column":3}},"locations":[{"start":{"line":14,"column":35},"end":{"line":18,"column":3}}]},"2":{"type":"branch","line":15,"loc":{"start":{"line":15,"column":34},"end":{"line":17,"column":5}},"locations":[{"start":{"line":15,"column":34},"end":{"line":17,"column":5}}]}},"b":{"0":[36],"1":[97],"2":[37]},"fnMap":{"0":{"name":"createFirstAppearanceRemap","decl":{"start":{"line":8,"column":7},"end":{"line":21,"column":1}},"loc":{"start":{"line":8,"column":7},"end":{"line":21,"column":1}},"line":8}},"f":{"0":36}},"/Users/systemsystems/.codex/worktrees/s203/OODS-Forge/packages/viz-render/src/index.ts":{"path":"/Users/systemsystems/.codex/worktrees/s203/OODS-Forge/packages/viz-render/src/index.ts","all":false,"statementMap":{"7":{"start":{"line":8,"column":0},"end":{"line":8,"column":43}},"14":{"start":{"line":15,"column":0},"end":{"line":15,"column":42}},"15":{"start":{"line":16,"column":0},"end":{"line":16,"column":21}},"16":{"start":{"line":17,"column":0},"end":{"line":17,"column":39}},"17":{"start":{"line":18,"column":0},"end":{"line":18,"column":20}},"20":{"start":{"line":21,"column":0},"end":{"line":21,"column":52}},"21":{"start":{"line":22,"column":0},"end":{"line":22,"column":52}},"22":{"start":{"line":23,"column":0},"end":{"line":23,"column":1}},"23":{"start":{"line":24,"column":0},"end":{"line":24,"column":8}},"28":{"start":{"line":29,"column":0},"end":{"line":29,"column":8}},"42":{"start":{"line":43,"column":0},"end":{"line":43,"column":8}},"46":{"start":{"line":47,"column":0},"end":{"line":47,"column":73}}},"s":{"7":1,"14":22,"15":22,"16":22,"17":22,"20":22,"21":22,"22":22,"23":1,"28":1,"42":1,"46":1},"branchMap":{"0":{"type":"branch","line":15,"loc":{"start":{"line":15,"column":0},"end":{"line":23,"column":1}},"locations":[{"start":{"line":15,"column":0},"end":{"line":23,"column":1}}]}},"b":{"0":[22]},"fnMap":{"0":{"name":"renderVegaLiteToSvg","decl":{"start":{"line":15,"column":0},"end":{"line":23,"column":1}},"loc":{"start":{"line":15,"column":0},"end":{"line":23,"column":1}},"line":15}},"f":{"0":22}},"/Users/systemsystems/.codex/worktrees/s203/OODS-Forge/packages/viz-render/src/vega-textmetrics.d.ts":{"path":"/Users/systemsystems/.codex/worktrees/s203/OODS-Forge/packages/viz-render/src/vega-textmetrics.d.ts","all":true,"statementMap":{"3":{"start":{"line":4,"column":0},"end":{"line":4,"column":14}}},"s":{"3":0},"branchMap":{"0":{"type":"branch","line":1,"loc":{"start":{"line":1,"column":436},"end":{"line":10,"column":1}},"locations":[{"start":{"line":1,"column":436},"end":{"line":10,"column":1}}]}},"b":{"0":[1]},"fnMap":{"0":{"name":"(empty-report)","decl":{"start":{"line":1,"column":436},"end":{"line":10,"column":1}},"loc":{"start":{"line":1,"column":436},"end":{"line":10,"column":1}},"line":1}},"f":{"0":1}}}}